This is pdfTeX, Version 3.141592653-2.6-1.40.26 (TeX Live 2024) (preloaded format=pdflatex 2024.11.8)  23 JUL 2025 12:50
entering extended mode
 \write18 enabled.
 %&-line parsing enabled.
**proposal_slides.tex
(./proposal_slides.tex
LaTeX2e <2024-11-01>
L3 programming layer <2024-11-02>
(c:/texlive/2024/texmf-dist/tex/latex/beamer/beamer.cls
Document Class: beamer 2024/01/06 v3.71 A class for typesetting presentations
(c:/texlive/2024/texmf-dist/tex/latex/beamer/beamerbasemodes.sty
(c:/texlive/2024/texmf-dist/tex/latex/etoolbox/etoolbox.sty
Package: etoolbox 2020/10/05 v2.5k e-TeX tools for LaTeX (JAW)
\etb@tempcnta=\count196
)
\beamer@tempbox=\box52
\beamer@tempcount=\count197
\c@beamerpauses=\count198

(c:/texlive/2024/texmf-dist/tex/latex/beamer/beamerbasedecode.sty
\beamer@slideinframe=\count199
\beamer@minimum=\count266
\beamer@decode@box=\box53
)
\beamer@commentbox=\box54
\beamer@modecount=\count267
)
(c:/texlive/2024/texmf-dist/tex/generic/iftex/iftex.sty
Package: iftex 2022/02/03 v1.0f TeX engine tests
)
\headdp=\dimen141
\footheight=\dimen142
\sidebarheight=\dimen143
\beamer@tempdim=\dimen144
\beamer@finalheight=\dimen145
\beamer@animht=\dimen146
\beamer@animdp=\dimen147
\beamer@animwd=\dimen148
\beamer@leftmargin=\dimen149
\beamer@rightmargin=\dimen150
\beamer@leftsidebar=\dimen151
\beamer@rightsidebar=\dimen152
\beamer@boxsize=\dimen153
\beamer@vboxoffset=\dimen154
\beamer@descdefault=\dimen155
\beamer@descriptionwidth=\dimen156
\beamer@lastskip=\skip49
\beamer@areabox=\box55
\beamer@animcurrent=\box56
\beamer@animshowbox=\box57
\beamer@sectionbox=\box58
\beamer@logobox=\box59
\beamer@linebox=\box60
\beamer@sectioncount=\count268
\beamer@subsubsectionmax=\count269
\beamer@subsectionmax=\count270
\beamer@sectionmax=\count271
\beamer@totalheads=\count272
\beamer@headcounter=\count273
\beamer@partstartpage=\count274
\beamer@sectionstartpage=\count275
\beamer@subsectionstartpage=\count276
\beamer@animationtempa=\count277
\beamer@animationtempb=\count278
\beamer@xpos=\count279
\beamer@ypos=\count280
\beamer@ypos@offset=\count281
\beamer@showpartnumber=\count282
\beamer@currentsubsection=\count283
\beamer@coveringdepth=\count284
\beamer@sectionadjust=\count285
\beamer@toclastsection=\count286
\beamer@tocsectionnumber=\count287

(c:/texlive/2024/texmf-dist/tex/latex/beamer/beamerbaseoptions.sty
(c:/texlive/2024/texmf-dist/tex/latex/graphics/keyval.sty
Package: keyval 2022/05/29 v1.15 key=value parser (DPC)
\KV@toks@=\toks17
))
\beamer@paperwidth=\skip50
\beamer@paperheight=\skip51

(c:/texlive/2024/texmf-dist/tex/latex/geometry/geometry.sty
Package: geometry 2020/01/02 v5.9 Page Geometry

(c:/texlive/2024/texmf-dist/tex/generic/iftex/ifvtex.sty
Package: ifvtex 2019/10/25 v1.7 ifvtex legacy package. Use iftex instead.
)
\Gm@cnth=\count288
\Gm@cntv=\count289
\c@Gm@tempcnt=\count290
\Gm@bindingoffset=\dimen157
\Gm@wd@mp=\dimen158
\Gm@odd@mp=\dimen159
\Gm@even@mp=\dimen160
\Gm@layoutwidth=\dimen161
\Gm@layoutheight=\dimen162
\Gm@layouthoffset=\dimen163
\Gm@layoutvoffset=\dimen164
\Gm@dimlist=\toks18
)
(c:/texlive/2024/texmf-dist/tex/latex/pgf/math/pgfmath.sty
(c:/texlive/2024/texmf-dist/tex/latex/pgf/utilities/pgfrcs.sty
(c:/texlive/2024/texmf-dist/tex/generic/pgf/utilities/pgfutil-common.tex
\pgfutil@everybye=\toks19
\pgfutil@tempdima=\dimen165
\pgfutil@tempdimb=\dimen166
)
(c:/texlive/2024/texmf-dist/tex/generic/pgf/utilities/pgfutil-latex.def
\pgfutil@abb=\box61
)
(c:/texlive/2024/texmf-dist/tex/generic/pgf/utilities/pgfrcs.code.tex
(c:/texlive/2024/texmf-dist/tex/generic/pgf/pgf.revision.tex)
Package: pgfrcs 2023-01-15 v3.1.10 (3.1.10)
))
(c:/texlive/2024/texmf-dist/tex/latex/pgf/utilities/pgfkeys.sty
(c:/texlive/2024/texmf-dist/tex/generic/pgf/utilities/pgfkeys.code.tex
\pgfkeys@pathtoks=\toks20
\pgfkeys@temptoks=\toks21

(c:/texlive/2024/texmf-dist/tex/generic/pgf/utilities/pgfkeyslibraryfiltered.co
de.tex
\pgfkeys@tmptoks=\toks22
))) (c:/texlive/2024/texmf-dist/tex/generic/pgf/math/pgfmath.code.tex
(c:/texlive/2024/texmf-dist/tex/generic/pgf/math/pgfmathutil.code.tex
\pgf@x=\dimen167
\pgf@xa=\dimen168
\pgf@xb=\dimen169
\pgf@xc=\dimen170
\pgf@y=\dimen171
\pgf@ya=\dimen172
\pgf@yb=\dimen173
\pgf@yc=\dimen174
\c@pgf@counta=\count291
\c@pgf@countb=\count292
\c@pgf@countc=\count293
\c@pgf@countd=\count294
)
(c:/texlive/2024/texmf-dist/tex/generic/pgf/math/pgfmathparser.code.tex
\pgfmath@dimen=\dimen175
\pgfmath@count=\count295
\pgfmath@box=\box62
\pgfmath@toks=\toks23
\pgfmath@stack@operand=\toks24
\pgfmath@stack@operation=\toks25
)
(c:/texlive/2024/texmf-dist/tex/generic/pgf/math/pgfmathfunctions.code.tex)
(c:/texlive/2024/texmf-dist/tex/generic/pgf/math/pgfmathfunctions.basic.code.te
x)
(c:/texlive/2024/texmf-dist/tex/generic/pgf/math/pgfmathfunctions.trigonometric
.code.tex)
(c:/texlive/2024/texmf-dist/tex/generic/pgf/math/pgfmathfunctions.random.code.t
ex)
(c:/texlive/2024/texmf-dist/tex/generic/pgf/math/pgfmathfunctions.comparison.co
de.tex)
(c:/texlive/2024/texmf-dist/tex/generic/pgf/math/pgfmathfunctions.base.code.tex
)
(c:/texlive/2024/texmf-dist/tex/generic/pgf/math/pgfmathfunctions.round.code.te
x)
(c:/texlive/2024/texmf-dist/tex/generic/pgf/math/pgfmathfunctions.misc.code.tex
)
(c:/texlive/2024/texmf-dist/tex/generic/pgf/math/pgfmathfunctions.integerarithm
etics.code.tex)
(c:/texlive/2024/texmf-dist/tex/generic/pgf/math/pgfmathcalc.code.tex)
(c:/texlive/2024/texmf-dist/tex/generic/pgf/math/pgfmathfloat.code.tex
\c@pgfmathroundto@lastzeros=\count296
)))
(c:/texlive/2024/texmf-dist/tex/latex/base/size11.clo
File: size11.clo 2024/06/29 v1.4n Standard LaTeX file (size option)
)
(c:/texlive/2024/texmf-dist/tex/latex/pgf/basiclayer/pgfcore.sty
(c:/texlive/2024/texmf-dist/tex/latex/graphics/graphicx.sty
Package: graphicx 2021/09/16 v1.2d Enhanced LaTeX Graphics (DPC,SPQR)

(c:/texlive/2024/texmf-dist/tex/latex/graphics/graphics.sty
Package: graphics 2024/08/06 v1.4g Standard LaTeX Graphics (DPC,SPQR)

(c:/texlive/2024/texmf-dist/tex/latex/graphics/trig.sty
Package: trig 2023/12/02 v1.11 sin cos tan (DPC)
)
(c:/texlive/2024/texmf-dist/tex/latex/graphics-cfg/graphics.cfg
File: graphics.cfg 2016/06/04 v1.11 sample graphics configuration
)
Package graphics Info: Driver file: pdftex.def on input line 106.

(c:/texlive/2024/texmf-dist/tex/latex/graphics-def/pdftex.def
File: pdftex.def 2024/04/13 v1.2c Graphics/color driver for pdftex
))
\Gin@req@height=\dimen176
\Gin@req@width=\dimen177
)
(c:/texlive/2024/texmf-dist/tex/latex/pgf/systemlayer/pgfsys.sty
(c:/texlive/2024/texmf-dist/tex/generic/pgf/systemlayer/pgfsys.code.tex
Package: pgfsys 2023-01-15 v3.1.10 (3.1.10)
\pgf@x=\dimen178
\pgf@y=\dimen179
\pgf@xa=\dimen180
\pgf@ya=\dimen181
\pgf@xb=\dimen182
\pgf@yb=\dimen183
\pgf@xc=\dimen184
\pgf@yc=\dimen185
\pgf@xd=\dimen186
\pgf@yd=\dimen187
\w@pgf@writea=\write3
\r@pgf@reada=\read2
\c@pgf@counta=\count297
\c@pgf@countb=\count298
\c@pgf@countc=\count299
\c@pgf@countd=\count300
\t@pgf@toka=\toks26
\t@pgf@tokb=\toks27
\t@pgf@tokc=\toks28
\pgf@sys@id@count=\count301

(c:/texlive/2024/texmf-dist/tex/generic/pgf/systemlayer/pgf.cfg
File: pgf.cfg 2023-01-15 v3.1.10 (3.1.10)
)
Driver file for pgf: pgfsys-pdftex.def

(c:/texlive/2024/texmf-dist/tex/generic/pgf/systemlayer/pgfsys-pdftex.def
File: pgfsys-pdftex.def 2023-01-15 v3.1.10 (3.1.10)

(c:/texlive/2024/texmf-dist/tex/generic/pgf/systemlayer/pgfsys-common-pdf.def
File: pgfsys-common-pdf.def 2023-01-15 v3.1.10 (3.1.10)
)))
(c:/texlive/2024/texmf-dist/tex/generic/pgf/systemlayer/pgfsyssoftpath.code.tex
File: pgfsyssoftpath.code.tex 2023-01-15 v3.1.10 (3.1.10)
\pgfsyssoftpath@smallbuffer@items=\count302
\pgfsyssoftpath@bigbuffer@items=\count303
)
(c:/texlive/2024/texmf-dist/tex/generic/pgf/systemlayer/pgfsysprotocol.code.tex
File: pgfsysprotocol.code.tex 2023-01-15 v3.1.10 (3.1.10)
)) (c:/texlive/2024/texmf-dist/tex/latex/xcolor/xcolor.sty
Package: xcolor 2024/09/29 v3.02 LaTeX color extensions (UK)

(c:/texlive/2024/texmf-dist/tex/latex/graphics-cfg/color.cfg
File: color.cfg 2016/01/02 v1.6 sample color configuration
)
Package xcolor Info: Driver file: pdftex.def on input line 274.

(c:/texlive/2024/texmf-dist/tex/latex/graphics/mathcolor.ltx)
Package xcolor Info: Model `cmy' substituted by `cmy0' on input line 1349.
Package xcolor Info: Model `hsb' substituted by `rgb' on input line 1353.
Package xcolor Info: Model `RGB' extended on input line 1365.
Package xcolor Info: Model `HTML' substituted by `rgb' on input line 1367.
Package xcolor Info: Model `Hsb' substituted by `hsb' on input line 1368.
Package xcolor Info: Model `tHsb' substituted by `hsb' on input line 1369.
Package xcolor Info: Model `HSB' substituted by `hsb' on input line 1370.
Package xcolor Info: Model `Gray' substituted by `gray' on input line 1371.
Package xcolor Info: Model `wave' substituted by `hsb' on input line 1372.
)
(c:/texlive/2024/texmf-dist/tex/generic/pgf/basiclayer/pgfcore.code.tex
Package: pgfcore 2023-01-15 v3.1.10 (3.1.10)

(c:/texlive/2024/texmf-dist/tex/generic/pgf/math/pgfint.code.tex)
(c:/texlive/2024/texmf-dist/tex/generic/pgf/basiclayer/pgfcorepoints.code.tex
File: pgfcorepoints.code.tex 2023-01-15 v3.1.10 (3.1.10)
\pgf@picminx=\dimen188
\pgf@picmaxx=\dimen189
\pgf@picminy=\dimen190
\pgf@picmaxy=\dimen191
\pgf@pathminx=\dimen192
\pgf@pathmaxx=\dimen193
\pgf@pathminy=\dimen194
\pgf@pathmaxy=\dimen195
\pgf@xx=\dimen196
\pgf@xy=\dimen197
\pgf@yx=\dimen198
\pgf@yy=\dimen199
\pgf@zx=\dimen256
\pgf@zy=\dimen257
)
(c:/texlive/2024/texmf-dist/tex/generic/pgf/basiclayer/pgfcorepathconstruct.cod
e.tex
File: pgfcorepathconstruct.code.tex 2023-01-15 v3.1.10 (3.1.10)
\pgf@path@lastx=\dimen258
\pgf@path@lasty=\dimen259
)
(c:/texlive/2024/texmf-dist/tex/generic/pgf/basiclayer/pgfcorepathusage.code.te
x
File: pgfcorepathusage.code.tex 2023-01-15 v3.1.10 (3.1.10)
\pgf@shorten@end@additional=\dimen260
\pgf@shorten@start@additional=\dimen261
)
(c:/texlive/2024/texmf-dist/tex/generic/pgf/basiclayer/pgfcorescopes.code.tex
File: pgfcorescopes.code.tex 2023-01-15 v3.1.10 (3.1.10)
\pgfpic=\box63
\pgf@hbox=\box64
\pgf@layerbox@main=\box65
\pgf@picture@serial@count=\count304
)
(c:/texlive/2024/texmf-dist/tex/generic/pgf/basiclayer/pgfcoregraphicstate.code
.tex
File: pgfcoregraphicstate.code.tex 2023-01-15 v3.1.10 (3.1.10)
\pgflinewidth=\dimen262
)
(c:/texlive/2024/texmf-dist/tex/generic/pgf/basiclayer/pgfcoretransformations.c
ode.tex
File: pgfcoretransformations.code.tex 2023-01-15 v3.1.10 (3.1.10)
\pgf@pt@x=\dimen263
\pgf@pt@y=\dimen264
\pgf@pt@temp=\dimen265
)
(c:/texlive/2024/texmf-dist/tex/generic/pgf/basiclayer/pgfcorequick.code.tex
File: pgfcorequick.code.tex 2023-01-15 v3.1.10 (3.1.10)
)
(c:/texlive/2024/texmf-dist/tex/generic/pgf/basiclayer/pgfcoreobjects.code.tex
File: pgfcoreobjects.code.tex 2023-01-15 v3.1.10 (3.1.10)
)
(c:/texlive/2024/texmf-dist/tex/generic/pgf/basiclayer/pgfcorepathprocessing.co
de.tex
File: pgfcorepathprocessing.code.tex 2023-01-15 v3.1.10 (3.1.10)
)
(c:/texlive/2024/texmf-dist/tex/generic/pgf/basiclayer/pgfcorearrows.code.tex
File: pgfcorearrows.code.tex 2023-01-15 v3.1.10 (3.1.10)
\pgfarrowsep=\dimen266
)
(c:/texlive/2024/texmf-dist/tex/generic/pgf/basiclayer/pgfcoreshade.code.tex
File: pgfcoreshade.code.tex 2023-01-15 v3.1.10 (3.1.10)
\pgf@max=\dimen267
\pgf@sys@shading@range@num=\count305
\pgf@shadingcount=\count306
)
(c:/texlive/2024/texmf-dist/tex/generic/pgf/basiclayer/pgfcoreimage.code.tex
File: pgfcoreimage.code.tex 2023-01-15 v3.1.10 (3.1.10)
)
(c:/texlive/2024/texmf-dist/tex/generic/pgf/basiclayer/pgfcoreexternal.code.tex
File: pgfcoreexternal.code.tex 2023-01-15 v3.1.10 (3.1.10)
\pgfexternal@startupbox=\box66
) (c:/texlive/2024/texmf-dist/tex/generic/pgf/basiclayer/pgfcorelayers.code.tex
File: pgfcorelayers.code.tex 2023-01-15 v3.1.10 (3.1.10)
)
(c:/texlive/2024/texmf-dist/tex/generic/pgf/basiclayer/pgfcoretransparency.code
.tex
File: pgfcoretransparency.code.tex 2023-01-15 v3.1.10 (3.1.10)
)
(c:/texlive/2024/texmf-dist/tex/generic/pgf/basiclayer/pgfcorepatterns.code.tex
File: pgfcorepatterns.code.tex 2023-01-15 v3.1.10 (3.1.10)
) (c:/texlive/2024/texmf-dist/tex/generic/pgf/basiclayer/pgfcorerdf.code.tex
File: pgfcorerdf.code.tex 2023-01-15 v3.1.10 (3.1.10)
))) (c:/texlive/2024/texmf-dist/tex/latex/pgf/utilities/xxcolor.sty
Package: xxcolor 2003/10/24 ver 0.1
\XC@nummixins=\count307
\XC@countmixins=\count308
)
(c:/texlive/2024/texmf-dist/tex/latex/base/atbegshi-ltx.sty
Package: atbegshi-ltx 2021/01/10 v1.0c Emulation of the original atbegshi
package with kernel methods
)
(c:/texlive/2024/texmf-dist/tex/latex/hyperref/hyperref.sty
Package: hyperref 2024-11-05 v7.01l Hypertext links for LaTeX

(c:/texlive/2024/texmf-dist/tex/latex/kvsetkeys/kvsetkeys.sty
Package: kvsetkeys 2022-10-05 v1.19 Key value parser (HO)
)
(c:/texlive/2024/texmf-dist/tex/generic/kvdefinekeys/kvdefinekeys.sty
Package: kvdefinekeys 2019-12-19 v1.6 Define keys (HO)
)
(c:/texlive/2024/texmf-dist/tex/generic/pdfescape/pdfescape.sty
Package: pdfescape 2019/12/09 v1.15 Implements pdfTeX's escape features (HO)

(c:/texlive/2024/texmf-dist/tex/generic/ltxcmds/ltxcmds.sty
Package: ltxcmds 2023-12-04 v1.26 LaTeX kernel commands for general use (HO)
)
(c:/texlive/2024/texmf-dist/tex/generic/pdftexcmds/pdftexcmds.sty
Package: pdftexcmds 2020-06-27 v0.33 Utility functions of pdfTeX for LuaTeX (HO
)

(c:/texlive/2024/texmf-dist/tex/generic/infwarerr/infwarerr.sty
Package: infwarerr 2019/12/03 v1.5 Providing info/warning/error messages (HO)
)
Package pdftexcmds Info: \pdf@primitive is available.
Package pdftexcmds Info: \pdf@ifprimitive is available.
Package pdftexcmds Info: \pdfdraftmode found.
))
(c:/texlive/2024/texmf-dist/tex/latex/hycolor/hycolor.sty
Package: hycolor 2020-01-27 v1.10 Color options for hyperref/bookmark (HO)
)
(c:/texlive/2024/texmf-dist/tex/latex/hyperref/nameref.sty
Package: nameref 2023-11-26 v2.56 Cross-referencing by name of section

(c:/texlive/2024/texmf-dist/tex/latex/refcount/refcount.sty
Package: refcount 2019/12/15 v3.6 Data extraction from label references (HO)
)
(c:/texlive/2024/texmf-dist/tex/generic/gettitlestring/gettitlestring.sty
Package: gettitlestring 2019/12/15 v1.6 Cleanup title references (HO)

(c:/texlive/2024/texmf-dist/tex/latex/kvoptions/kvoptions.sty
Package: kvoptions 2022-06-15 v3.15 Key value format for package options (HO)
))
\c@section@level=\count309
)
(c:/texlive/2024/texmf-dist/tex/generic/stringenc/stringenc.sty
Package: stringenc 2019/11/29 v1.12 Convert strings between diff. encodings (HO
)
)
\@linkdim=\dimen268
\Hy@linkcounter=\count310
\Hy@pagecounter=\count311

(c:/texlive/2024/texmf-dist/tex/latex/hyperref/pd1enc.def
File: pd1enc.def 2024-11-05 v7.01l Hyperref: PDFDocEncoding definition (HO)
Now handling font encoding PD1 ...
... no UTF-8 mapping file for font encoding PD1
)
(c:/texlive/2024/texmf-dist/tex/generic/intcalc/intcalc.sty
Package: intcalc 2019/12/15 v1.3 Expandable calculations with integers (HO)
)
\Hy@SavedSpaceFactor=\count312

(c:/texlive/2024/texmf-dist/tex/latex/hyperref/puenc.def
File: puenc.def 2024-11-05 v7.01l Hyperref: PDF Unicode definition (HO)
Now handling font encoding PU ...
... no UTF-8 mapping file for font encoding PU
)
Package hyperref Info: Option `bookmarks' set `true' on input line 4040.
Package hyperref Info: Option `bookmarksopen' set `true' on input line 4040.
Package hyperref Info: Option `implicit' set `false' on input line 4040.
Package hyperref Info: Hyper figures OFF on input line 4157.
Package hyperref Info: Link nesting OFF on input line 4162.
Package hyperref Info: Hyper index ON on input line 4165.
Package hyperref Info: Plain pages OFF on input line 4172.
Package hyperref Info: Backreferencing OFF on input line 4177.
Package hyperref Info: Implicit mode OFF; no redefinition of LaTeX internals.
Package hyperref Info: Bookmarks ON on input line 4424.
\c@Hy@tempcnt=\count313

(c:/texlive/2024/texmf-dist/tex/latex/url/url.sty
\Urlmuskip=\muskip17
Package: url 2013/09/16  ver 3.4  Verb mode for urls, etc.
)
LaTeX Info: Redefining \url on input line 4763.
\XeTeXLinkMargin=\dimen269

(c:/texlive/2024/texmf-dist/tex/generic/bitset/bitset.sty
Package: bitset 2019/12/09 v1.3 Handle bit-vector datatype (HO)

(c:/texlive/2024/texmf-dist/tex/generic/bigintcalc/bigintcalc.sty
Package: bigintcalc 2019/12/15 v1.5 Expandable calculations on big integers (HO
)
))
\Fld@menulength=\count314
\Field@Width=\dimen270
\Fld@charsize=\dimen271
Package hyperref Info: Hyper figures OFF on input line 6042.
Package hyperref Info: Link nesting OFF on input line 6047.
Package hyperref Info: Hyper index ON on input line 6050.
Package hyperref Info: backreferencing OFF on input line 6057.
Package hyperref Info: Link coloring OFF on input line 6062.
Package hyperref Info: Link coloring with OCG OFF on input line 6067.
Package hyperref Info: PDF/A mode OFF on input line 6072.
\Hy@abspage=\count315


Package hyperref Message: Stopped early.

)
Package hyperref Info: Driver (autodetected): hpdftex.
 (c:/texlive/2024/texmf-dist/tex/latex/hyperref/hpdftex.def
File: hpdftex.def 2024-11-05 v7.01l Hyperref driver for pdfTeX

(c:/texlive/2024/texmf-dist/tex/latex/base/atveryend-ltx.sty
Package: atveryend-ltx 2020/08/19 v1.0a Emulation of the original atveryend pac
kage
with kernel methods
)
\Fld@listcount=\count316
\c@bookmark@seq@number=\count317

(c:/texlive/2024/texmf-dist/tex/latex/rerunfilecheck/rerunfilecheck.sty
Package: rerunfilecheck 2022-07-10 v1.10 Rerun checks for auxiliary files (HO)

(c:/texlive/2024/texmf-dist/tex/generic/uniquecounter/uniquecounter.sty
Package: uniquecounter 2019/12/15 v1.4 Provide unlimited unique counter (HO)
)
Package uniquecounter Info: New unique counter `rerunfilecheck' on input line 2
85.
))
(c:/texlive/2024/texmf-dist/tex/latex/beamer/beamerbaserequires.sty
(c:/texlive/2024/texmf-dist/tex/latex/beamer/beamerbasecompatibility.sty)
(c:/texlive/2024/texmf-dist/tex/latex/beamer/beamerbasefont.sty
(c:/texlive/2024/texmf-dist/tex/latex/amsfonts/amssymb.sty
Package: amssymb 2013/01/14 v3.01 AMS font symbols

(c:/texlive/2024/texmf-dist/tex/latex/amsfonts/amsfonts.sty
Package: amsfonts 2013/01/14 v3.01 Basic AMSFonts support
\@emptytoks=\toks29
\symAMSa=\mathgroup4
\symAMSb=\mathgroup5
LaTeX Font Info:    Redeclaring math symbol \hbar on input line 98.
LaTeX Font Info:    Overwriting math alphabet `\mathfrak' in version `bold'
(Font)                  U/euf/m/n --> U/euf/b/n on input line 106.
))
(c:/texlive/2024/texmf-dist/tex/latex/sansmathaccent/sansmathaccent.sty
Package: sansmathaccent 2020/01/31

(c:/texlive/2024/texmf-dist/tex/latex/koma-script/scrlfile.sty
Package: scrlfile 2024/10/24 v3.43 KOMA-Script package (file load hooks)

(c:/texlive/2024/texmf-dist/tex/latex/koma-script/scrlfile-hook.sty
Package: scrlfile-hook 2024/10/24 v3.43 KOMA-Script package (using LaTeX hooks)


(c:/texlive/2024/texmf-dist/tex/latex/koma-script/scrlogo.sty
Package: scrlogo 2024/10/24 v3.43 KOMA-Script package (logo)
)))))
(c:/texlive/2024/texmf-dist/tex/latex/beamer/beamerbasetranslator.sty
(c:/texlive/2024/texmf-dist/tex/latex/translator/translator.sty
Package: translator 2021-05-31 v1.12d Easy translation of strings in LaTeX
))
(c:/texlive/2024/texmf-dist/tex/latex/beamer/beamerbasemisc.sty)
(c:/texlive/2024/texmf-dist/tex/latex/beamer/beamerbasetwoscreens.sty)
(c:/texlive/2024/texmf-dist/tex/latex/beamer/beamerbaseoverlay.sty
\beamer@argscount=\count318
\beamer@lastskipcover=\skip52
\beamer@trivlistdepth=\count319
)
(c:/texlive/2024/texmf-dist/tex/latex/beamer/beamerbasetitle.sty)
(c:/texlive/2024/texmf-dist/tex/latex/beamer/beamerbasesection.sty
\c@lecture=\count320
\c@part=\count321
\c@section=\count322
\c@subsection=\count323
\c@subsubsection=\count324
)
(c:/texlive/2024/texmf-dist/tex/latex/beamer/beamerbaseframe.sty
\beamer@framebox=\box67
\beamer@frametitlebox=\box68
\beamer@zoombox=\box69
\beamer@zoomcount=\count325
\beamer@zoomframecount=\count326
\beamer@frametextheight=\dimen272
\c@subsectionslide=\count327
\beamer@frametopskip=\skip53
\beamer@framebottomskip=\skip54
\beamer@frametopskipautobreak=\skip55
\beamer@framebottomskipautobreak=\skip56
\beamer@envbody=\toks30
\framewidth=\dimen273
\c@framenumber=\count328
)
(c:/texlive/2024/texmf-dist/tex/latex/beamer/beamerbaseverbatim.sty
\beamer@verbatimfileout=\write4
)
(c:/texlive/2024/texmf-dist/tex/latex/beamer/beamerbaseframesize.sty
\beamer@splitbox=\box70
\beamer@autobreakcount=\count329
\beamer@autobreaklastheight=\dimen274
\beamer@frametitletoks=\toks31
\beamer@framesubtitletoks=\toks32
)
(c:/texlive/2024/texmf-dist/tex/latex/beamer/beamerbaseframecomponents.sty
\beamer@footins=\box71
)
(c:/texlive/2024/texmf-dist/tex/latex/beamer/beamerbasecolor.sty)
(c:/texlive/2024/texmf-dist/tex/latex/beamer/beamerbasenotes.sty
\beamer@frameboxcopy=\box72
)
(c:/texlive/2024/texmf-dist/tex/latex/beamer/beamerbasetoc.sty)
(c:/texlive/2024/texmf-dist/tex/latex/beamer/beamerbasetemplates.sty
\beamer@sbttoks=\toks33

(c:/texlive/2024/texmf-dist/tex/latex/beamer/beamerbaseauxtemplates.sty
(c:/texlive/2024/texmf-dist/tex/latex/beamer/beamerbaseboxes.sty
\bmb@box=\box73
\bmb@colorbox=\box74
\bmb@boxwidth=\dimen275
\bmb@boxheight=\dimen276
\bmb@prevheight=\dimen277
\bmb@temp=\dimen278
\bmb@dima=\dimen279
\bmb@dimb=\dimen280
\bmb@prevheight=\dimen281
)
\beamer@blockheadheight=\dimen282
))
(c:/texlive/2024/texmf-dist/tex/latex/beamer/beamerbaselocalstructure.sty
(c:/texlive/2024/texmf-dist/tex/latex/tools/enumerate.sty
Package: enumerate 2023/07/04 v3.00 enumerate extensions (DPC)
\@enLab=\toks34
)
\beamer@bibiconwidth=\skip57
\c@figure=\count330
\c@table=\count331
\abovecaptionskip=\skip58
\belowcaptionskip=\skip59
)
(c:/texlive/2024/texmf-dist/tex/latex/beamer/beamerbasenavigation.sty
(c:/texlive/2024/texmf-dist/tex/latex/beamer/beamerbasenavigationsymbols.tex)
\beamer@section@min@dim=\dimen283
)
(c:/texlive/2024/texmf-dist/tex/latex/beamer/beamerbasetheorems.sty
(c:/texlive/2024/texmf-dist/tex/latex/amsmath/amsmath.sty
Package: amsmath 2024/11/05 v2.17t AMS math features
\@mathmargin=\skip60

For additional information on amsmath, use the `?' option.
(c:/texlive/2024/texmf-dist/tex/latex/amsmath/amstext.sty
Package: amstext 2021/08/26 v2.01 AMS text

(c:/texlive/2024/texmf-dist/tex/latex/amsmath/amsgen.sty
File: amsgen.sty 1999/11/30 v2.0 generic functions
\@emptytoks=\toks35
\ex@=\dimen284
))
(c:/texlive/2024/texmf-dist/tex/latex/amsmath/amsbsy.sty
Package: amsbsy 1999/11/29 v1.2d Bold Symbols
\pmbraise@=\dimen285
)
(c:/texlive/2024/texmf-dist/tex/latex/amsmath/amsopn.sty
Package: amsopn 2022/04/08 v2.04 operator names
)
\inf@bad=\count332
LaTeX Info: Redefining \frac on input line 233.
\uproot@=\count333
\leftroot@=\count334
LaTeX Info: Redefining \overline on input line 398.
LaTeX Info: Redefining \colon on input line 409.
\classnum@=\count335
\DOTSCASE@=\count336
LaTeX Info: Redefining \ldots on input line 495.
LaTeX Info: Redefining \dots on input line 498.
LaTeX Info: Redefining \cdots on input line 619.
\Mathstrutbox@=\box75
\strutbox@=\box76
LaTeX Info: Redefining \big on input line 721.
LaTeX Info: Redefining \Big on input line 722.
LaTeX Info: Redefining \bigg on input line 723.
LaTeX Info: Redefining \Bigg on input line 724.
\big@size=\dimen286
LaTeX Font Info:    Redeclaring font encoding OML on input line 742.
LaTeX Font Info:    Redeclaring font encoding OMS on input line 743.
\macc@depth=\count337
LaTeX Info: Redefining \bmod on input line 904.
LaTeX Info: Redefining \pmod on input line 909.
LaTeX Info: Redefining \smash on input line 939.
LaTeX Info: Redefining \relbar on input line 969.
LaTeX Info: Redefining \Relbar on input line 970.
\c@MaxMatrixCols=\count338
\dotsspace@=\muskip18
\c@parentequation=\count339
\dspbrk@lvl=\count340
\tag@help=\toks36
\row@=\count341
\column@=\count342
\maxfields@=\count343
\andhelp@=\toks37
\eqnshift@=\dimen287
\alignsep@=\dimen288
\tagshift@=\dimen289
\tagwidth@=\dimen290
\totwidth@=\dimen291
\lineht@=\dimen292
\@envbody=\toks38
\multlinegap=\skip61
\multlinetaggap=\skip62
\mathdisplay@stack=\toks39
LaTeX Info: Redefining \[ on input line 2953.
LaTeX Info: Redefining \] on input line 2954.
)
(c:/texlive/2024/texmf-dist/tex/latex/amscls/amsthm.sty
Package: amsthm 2020/05/29 v2.20.6
\thm@style=\toks40
\thm@bodyfont=\toks41
\thm@headfont=\toks42
\thm@notefont=\toks43
\thm@headpunct=\toks44
\thm@preskip=\skip63
\thm@postskip=\skip64
\thm@headsep=\skip65
\dth@everypar=\toks45
)
\c@theorem=\count344
)
(c:/texlive/2024/texmf-dist/tex/latex/beamer/beamerbasethemes.sty))
(c:/texlive/2024/texmf-dist/tex/latex/beamer/beamerthemedefault.sty
(c:/texlive/2024/texmf-dist/tex/latex/beamer/beamerfontthemedefault.sty)
(c:/texlive/2024/texmf-dist/tex/latex/beamer/beamercolorthemedefault.sty)
(c:/texlive/2024/texmf-dist/tex/latex/beamer/beamerinnerthemedefault.sty
\beamer@dima=\dimen293
\beamer@dimb=\dimen294
)
(c:/texlive/2024/texmf-dist/tex/latex/beamer/beamerouterthemedefault.sty)))
(c:/texlive/2024/texmf-dist/tex/latex/beamer/beamerthemeGoettingen.sty
(c:/texlive/2024/texmf-dist/tex/latex/beamer/beamerouterthemesidebar.sty
\beamer@sidebarwidth=\dimen295
\beamer@headheight=\dimen296
))
(c:/texlive/2024/texmf-dist/tex/latex/base/inputenc.sty
Package: inputenc 2024/02/08 v1.3d Input encoding file
\inpenc@prehook=\toks46
\inpenc@posthook=\toks47
)
(c:/texlive/2024/texmf-dist/tex/latex/biblatex/biblatex.sty
Package: biblatex 2024/03/21 v3.20 programmable bibliographies (PK/MW)

(c:/texlive/2024/texmf-dist/tex/latex/logreq/logreq.sty
Package: logreq 2010/08/04 v1.0 xml request logger
\lrq@indent=\count345

(c:/texlive/2024/texmf-dist/tex/latex/logreq/logreq.def
File: logreq.def 2010/08/04 v1.0 logreq spec v1.0
))
(c:/texlive/2024/texmf-dist/tex/latex/base/ifthen.sty
Package: ifthen 2024/03/16 v1.1e Standard LaTeX ifthen package (DPC)
)
\c@tabx@nest=\count346
\c@listtotal=\count347
\c@listcount=\count348
\c@liststart=\count349
\c@liststop=\count350
\c@citecount=\count351
\c@citetotal=\count352
\c@multicitecount=\count353
\c@multicitetotal=\count354
\c@instcount=\count355
\c@maxnames=\count356
\c@minnames=\count357
\c@maxitems=\count358
\c@minitems=\count359
\c@citecounter=\count360
\c@maxcitecounter=\count361
\c@savedcitecounter=\count362
\c@uniquelist=\count363
\c@uniquename=\count364
\c@refsection=\count365
\c@refsegment=\count366
\c@maxextratitle=\count367
\c@maxextratitleyear=\count368
\c@maxextraname=\count369
\c@maxextradate=\count370
\c@maxextraalpha=\count371
\c@abbrvpenalty=\count372
\c@highnamepenalty=\count373
\c@lownamepenalty=\count374
\c@maxparens=\count375
\c@parenlevel=\count376
\blx@tempcnta=\count377
\blx@tempcntb=\count378
\blx@tempcntc=\count379
\c@blx@maxsection=\count380
\blx@maxsegment@0=\count381
\blx@notetype=\count382
\blx@parenlevel@text=\count383
\blx@parenlevel@foot=\count384
\blx@sectionciteorder@0=\count385
\blx@sectionciteorderinternal@0=\count386
\blx@entrysetcounter=\count387
\blx@biblioinstance=\count388
\labelnumberwidth=\skip66
\labelalphawidth=\skip67
\biblabelsep=\skip68
\bibitemsep=\skip69
\bibnamesep=\skip70
\bibinitsep=\skip71
\bibparsep=\skip72
\bibhang=\skip73
\blx@bcfin=\read3
\blx@bcfout=\write5
\blx@langwohyphens=\language89
\c@mincomprange=\count389
\c@maxcomprange=\count390
\c@mincompwidth=\count391
Package biblatex Info: Trying to load biblatex default data model...
Package biblatex Info: ... file 'blx-dm.def' found.

(c:/texlive/2024/texmf-dist/tex/latex/biblatex/blx-dm.def
File: blx-dm.def 2024/03/21 v3.20 biblatex datamodel (PK/MW)
)
Package biblatex Info: Trying to load biblatex style data model...
Package biblatex Info: ... file 'numeric.dbx' not found.
Package biblatex Info: Trying to load biblatex custom data model...
Package biblatex Info: ... file 'biblatex-dm.cfg' not found.
\c@afterword=\count392
\c@savedafterword=\count393
\c@annotator=\count394
\c@savedannotator=\count395
\c@author=\count396
\c@savedauthor=\count397
\c@bookauthor=\count398
\c@savedbookauthor=\count399
\c@commentator=\count400
\c@savedcommentator=\count401
\c@editor=\count402
\c@savededitor=\count403
\c@editora=\count404
\c@savededitora=\count405
\c@editorb=\count406
\c@savededitorb=\count407
\c@editorc=\count408
\c@savededitorc=\count409
\c@foreword=\count410
\c@savedforeword=\count411
\c@holder=\count412
\c@savedholder=\count413
\c@introduction=\count414
\c@savedintroduction=\count415
\c@namea=\count416
\c@savednamea=\count417
\c@nameb=\count418
\c@savednameb=\count419
\c@namec=\count420
\c@savednamec=\count421
\c@translator=\count422
\c@savedtranslator=\count423
\c@shortauthor=\count424
\c@savedshortauthor=\count425
\c@shorteditor=\count426
\c@savedshorteditor=\count427
\c@labelname=\count428
\c@savedlabelname=\count429
\c@institution=\count430
\c@savedinstitution=\count431
\c@lista=\count432
\c@savedlista=\count433
\c@listb=\count434
\c@savedlistb=\count435
\c@listc=\count436
\c@savedlistc=\count437
\c@listd=\count438
\c@savedlistd=\count439
\c@liste=\count440
\c@savedliste=\count441
\c@listf=\count442
\c@savedlistf=\count443
\c@location=\count444
\c@savedlocation=\count445
\c@organization=\count446
\c@savedorganization=\count447
\c@origlocation=\count448
\c@savedoriglocation=\count449
\c@origpublisher=\count450
\c@savedorigpublisher=\count451
\c@publisher=\count452
\c@savedpublisher=\count453
\c@language=\count454
\c@savedlanguage=\count455
\c@origlanguage=\count456
\c@savedoriglanguage=\count457
\c@pageref=\count458
\c@savedpageref=\count459
\shorthandwidth=\skip74
\shortjournalwidth=\skip75
\shortserieswidth=\skip76
\shorttitlewidth=\skip77
\shortauthorwidth=\skip78
\shorteditorwidth=\skip79
\locallabelnumberwidth=\skip80
\locallabelalphawidth=\skip81
\localshorthandwidth=\skip82
\localshortjournalwidth=\skip83
\localshortserieswidth=\skip84
\localshorttitlewidth=\skip85
\localshortauthorwidth=\skip86
\localshorteditorwidth=\skip87
Package biblatex Info: Trying to load compatibility code...
Package biblatex Info: ... file 'blx-compat.def' found.

(c:/texlive/2024/texmf-dist/tex/latex/biblatex/blx-compat.def
File: blx-compat.def 2024/03/21 v3.20 biblatex compatibility (PK/MW)
)
Package biblatex Info: Trying to load BibTeX backend compatibility...
Package biblatex Info: ... file 'blx-bibtex.def' found.

(c:/texlive/2024/texmf-dist/tex/latex/biblatex/blx-bibtex.def
File: blx-bibtex.def 2024/03/21 v3.20 biblatex compatibility (PK/MW)


Package biblatex Warning: Using fall-back bibtex backend:
(biblatex)                functionality may be reduced/unavailable.

)
Package biblatex Info: Trying to load generic definitions...
Package biblatex Info: ... file 'biblatex.def' found.
 (c:/texlive/2024/texmf-dist/tex/latex/biblatex/biblatex.def
File: biblatex.def 2024/03/21 v3.20 biblatex compatibility (PK/MW)
\c@textcitecount=\count460
\c@textcitetotal=\count461
\c@textcitemaxnames=\count462
\c@biburlbigbreakpenalty=\count463
\c@biburlbreakpenalty=\count464
\c@biburlnumpenalty=\count465
\c@biburlucpenalty=\count466
\c@biburllcpenalty=\count467
\biburlbigskip=\muskip19
\biburlnumskip=\muskip20
\biburlucskip=\muskip21
\biburllcskip=\muskip22
\c@smartand=\count468
)
Package biblatex Info: Trying to load bibliography style 'numeric'...
Package biblatex Info: ... file 'numeric.bbx' found.

(c:/texlive/2024/texmf-dist/tex/latex/biblatex/bbx/numeric.bbx
File: numeric.bbx 2024/03/21 v3.20 biblatex bibliography style (PK/MW)
Package biblatex Info: Trying to load bibliography style 'standard'...
Package biblatex Info: ... file 'standard.bbx' found.

(c:/texlive/2024/texmf-dist/tex/latex/biblatex/bbx/standard.bbx
File: standard.bbx 2024/03/21 v3.20 biblatex bibliography style (PK/MW)
\c@bbx:relatedcount=\count469
\c@bbx:relatedtotal=\count470
))
Package biblatex Info: Trying to load citation style 'numeric'...
Package biblatex Info: ... file 'numeric.cbx' found.

(c:/texlive/2024/texmf-dist/tex/latex/biblatex/cbx/numeric.cbx
File: numeric.cbx 2024/03/21 v3.20 biblatex citation style (PK/MW)
Package biblatex Info: Redefining '\cite'.
Package biblatex Info: Redefining '\parencite'.
Package biblatex Info: Redefining '\footcite'.
Package biblatex Info: Redefining '\footcitetext'.
Package biblatex Info: Redefining '\smartcite'.
Package biblatex Info: Redefining '\supercite'.
Package biblatex Info: Redefining '\textcite'.
Package biblatex Info: Redefining '\textcites'.
Package biblatex Info: Redefining '\cites'.
Package biblatex Info: Redefining '\parencites'.
Package biblatex Info: Redefining '\smartcites'.
)
Package biblatex Info: Trying to load configuration file...
Package biblatex Info: ... file 'biblatex.cfg' found.

(c:/texlive/2024/texmf-dist/tex/latex/biblatex/biblatex.cfg
File: biblatex.cfg 
)
Package biblatex Info: Input encoding 'utf8' detected.
Package biblatex Info: Document encoding is UTF8 ....

(c:/texlive/2024/texmf-dist/tex/latex/l3kernel/expl3.sty
Package: expl3 2024-11-02 L3 programming layer (loader) 

(c:/texlive/2024/texmf-dist/tex/latex/l3backend/l3backend-pdftex.def
File: l3backend-pdftex.def 2024-05-08 L3 backend support: PDF output (pdfTeX)
\l__color_backend_stack_int=\count471
\l__pdf_internal_box=\box77
))
Package biblatex Info: ... and expl3
(biblatex)             2024-11-02 L3 programming layer (loader) 
(biblatex)             is new enough (at least 2020/04/06),
(biblatex)             setting 'casechanger=expl3'.

(c:/texlive/2024/texmf-dist/tex/latex/biblatex/blx-case-expl3.sty
(c:/texlive/2024/texmf-dist/tex/latex/l3packages/xparse/xparse.sty
Package: xparse 2024-08-16 L3 Experimental document command parser
)
Package: blx-case-expl3 2024/03/21 v3.20 expl3 case changing code for biblatex
))
\@quotelevel=\count472
\@quotereset=\count473

(./proposal_slides.aux)
\openout1 = `proposal_slides.aux'.

LaTeX Font Info:    Checking defaults for OML/cmm/m/it on input line 49.
LaTeX Font Info:    ... okay on input line 49.
LaTeX Font Info:    Checking defaults for OMS/cmsy/m/n on input line 49.
LaTeX Font Info:    ... okay on input line 49.
LaTeX Font Info:    Checking defaults for OT1/cmr/m/n on input line 49.
LaTeX Font Info:    ... okay on input line 49.
LaTeX Font Info:    Checking defaults for T1/cmr/m/n on input line 49.
LaTeX Font Info:    ... okay on input line 49.
LaTeX Font Info:    Checking defaults for TS1/cmr/m/n on input line 49.
LaTeX Font Info:    ... okay on input line 49.
LaTeX Font Info:    Checking defaults for OMX/cmex/m/n on input line 49.
LaTeX Font Info:    ... okay on input line 49.
LaTeX Font Info:    Checking defaults for U/cmr/m/n on input line 49.
LaTeX Font Info:    ... okay on input line 49.
LaTeX Font Info:    Checking defaults for PD1/pdf/m/n on input line 49.
LaTeX Font Info:    ... okay on input line 49.
LaTeX Font Info:    Checking defaults for PU/pdf/m/n on input line 49.
LaTeX Font Info:    ... okay on input line 49.

*geometry* driver: auto-detecting
*geometry* detected driver: pdftex
*geometry* verbose mode - [ preamble ] result:
* driver: pdftex
* paper: custom
* layout: <same size as paper>
* layoutoffset:(h,v)=(0.0pt,0.0pt)
* modes: includehead includefoot 
* h-part:(L,W,R)=(14.22636pt, 278.83713pt, 71.13187pt)
* v-part:(T,H,B)=(0.0pt, 273.14662pt, 0.0pt)
* \paperwidth=364.19536pt
* \paperheight=273.14662pt
* \textwidth=278.83713pt
* \textheight=244.6939pt
* \oddsidemargin=-58.04362pt
* \evensidemargin=-58.04362pt
* \topmargin=-72.26999pt
* \headheight=14.22636pt
* \headsep=0.0pt
* \topskip=11.0pt
* \footskip=14.22636pt
* \marginparwidth=4.0pt
* \marginparsep=10.0pt
* \columnsep=10.0pt
* \skip\footins=10.0pt plus 4.0pt minus 2.0pt
* \hoffset=0.0pt
* \voffset=0.0pt
* \mag=1000
* \@twocolumnfalse
* \@twosidefalse
* \@mparswitchfalse
* \@reversemarginfalse
* (1in=72.27pt=25.4mm, 1cm=28.453pt)

(c:/texlive/2024/texmf-dist/tex/context/base/mkii/supp-pdf.mkii
[Loading MPS to PDF converter (version 2006.09.02).]
\scratchcounter=\count474
\scratchdimen=\dimen297
\scratchbox=\box78
\nofMPsegments=\count475
\nofMParguments=\count476
\everyMPshowfont=\toks48
\MPscratchCnt=\count477
\MPscratchDim=\dimen298
\MPnumerator=\count478
\makeMPintoPDFobject=\count479
\everyMPtoPDFconversion=\toks49
) (c:/texlive/2024/texmf-dist/tex/latex/epstopdf-pkg/epstopdf-base.sty
Package: epstopdf-base 2020-01-24 v2.11 Base part for package epstopdf
Package epstopdf-base Info: Redefining graphics rule for `.eps' on input line 4
85.

(c:/texlive/2024/texmf-dist/tex/latex/latexconfig/epstopdf-sys.cfg
File: epstopdf-sys.cfg 2010/07/13 v1.3 Configuration of (r)epstopdf for TeX Liv
e
))
Package hyperref Info: Link coloring OFF on input line 49.

(./proposal_slides.out) (./proposal_slides.out)
\@outlinefile=\write6
\openout6 = `proposal_slides.out'.

LaTeX Font Info:    Overwriting symbol font `operators' in version `normal'
(Font)                  OT1/cmr/m/n --> OT1/cmss/m/n on input line 49.
LaTeX Font Info:    Overwriting symbol font `operators' in version `bold'
(Font)                  OT1/cmr/bx/n --> OT1/cmss/b/n on input line 49.
\symnumbers=\mathgroup6
\sympureletters=\mathgroup7
LaTeX Font Info:    Overwriting math alphabet `\mathrm' in version `normal'
(Font)                  OT1/cmss/m/n --> OT1/cmr/m/n on input line 49.
LaTeX Font Info:    Redeclaring math alphabet \mathbf on input line 49.
LaTeX Font Info:    Overwriting math alphabet `\mathbf' in version `normal'
(Font)                  OT1/cmr/bx/n --> OT1/cmss/b/n on input line 49.
LaTeX Font Info:    Overwriting math alphabet `\mathbf' in version `bold'
(Font)                  OT1/cmr/bx/n --> OT1/cmss/b/n on input line 49.
LaTeX Font Info:    Redeclaring math alphabet \mathsf on input line 49.
LaTeX Font Info:    Overwriting math alphabet `\mathsf' in version `normal'
(Font)                  OT1/cmss/m/n --> OT1/cmss/m/n on input line 49.
LaTeX Font Info:    Overwriting math alphabet `\mathsf' in version `bold'
(Font)                  OT1/cmss/bx/n --> OT1/cmss/m/n on input line 49.
LaTeX Font Info:    Redeclaring math alphabet \mathit on input line 49.
LaTeX Font Info:    Overwriting math alphabet `\mathit' in version `normal'
(Font)                  OT1/cmr/m/it --> OT1/cmss/m/it on input line 49.
LaTeX Font Info:    Overwriting math alphabet `\mathit' in version `bold'
(Font)                  OT1/cmr/bx/it --> OT1/cmss/m/it on input line 49.
LaTeX Font Info:    Redeclaring math alphabet \mathtt on input line 49.
LaTeX Font Info:    Overwriting math alphabet `\mathtt' in version `normal'
(Font)                  OT1/cmtt/m/n --> OT1/cmtt/m/n on input line 49.
LaTeX Font Info:    Overwriting math alphabet `\mathtt' in version `bold'
(Font)                  OT1/cmtt/m/n --> OT1/cmtt/m/n on input line 49.
LaTeX Font Info:    Overwriting symbol font `numbers' in version `bold'
(Font)                  OT1/cmss/m/n --> OT1/cmss/b/n on input line 49.
LaTeX Font Info:    Overwriting symbol font `pureletters' in version `bold'
(Font)                  OT1/cmss/m/it --> OT1/cmss/b/it on input line 49.
LaTeX Font Info:    Overwriting math alphabet `\mathrm' in version `bold'
(Font)                  OT1/cmss/b/n --> OT1/cmr/b/n on input line 49.
LaTeX Font Info:    Overwriting math alphabet `\mathbf' in version `bold'
(Font)                  OT1/cmss/b/n --> OT1/cmss/b/n on input line 49.
LaTeX Font Info:    Overwriting math alphabet `\mathsf' in version `bold'
(Font)                  OT1/cmss/m/n --> OT1/cmss/b/n on input line 49.
LaTeX Font Info:    Overwriting math alphabet `\mathit' in version `bold'
(Font)                  OT1/cmss/m/it --> OT1/cmss/b/it on input line 49.
LaTeX Font Info:    Overwriting math alphabet `\mathtt' in version `bold'
(Font)                  OT1/cmtt/m/n --> OT1/cmtt/b/n on input line 49.
LaTeX Font Info:    Redeclaring symbol font `pureletters' on input line 49.
LaTeX Font Info:    Overwriting symbol font `pureletters' in version `normal'
(Font)                  OT1/cmss/m/it --> OT1/mathkerncmss/m/sl on input line 4
9.
LaTeX Font Info:    Overwriting symbol font `pureletters' in version `bold'
(Font)                  OT1/cmss/b/it --> OT1/mathkerncmss/m/sl on input line 4
9.
LaTeX Font Info:    Overwriting symbol font `pureletters' in version `bold'
(Font)                  OT1/mathkerncmss/m/sl --> OT1/mathkerncmss/bx/sl on inp
ut line 49.

(c:/texlive/2024/texmf-dist/tex/latex/translator/translator-basic-dictionary-En
glish.dict
Dictionary: translator-basic-dictionary, Language: English 
)
(c:/texlive/2024/texmf-dist/tex/latex/translator/translator-bibliography-dictio
nary-English.dict
Dictionary: translator-bibliography-dictionary, Language: English 
)
(c:/texlive/2024/texmf-dist/tex/latex/translator/translator-environment-diction
ary-English.dict
Dictionary: translator-environment-dictionary, Language: English 
)
(c:/texlive/2024/texmf-dist/tex/latex/translator/translator-months-dictionary-E
nglish.dict
Dictionary: translator-months-dictionary, Language: English 
)
(c:/texlive/2024/texmf-dist/tex/latex/translator/translator-numbers-dictionary-
English.dict
Dictionary: translator-numbers-dictionary, Language: English 
)
(c:/texlive/2024/texmf-dist/tex/latex/translator/translator-theorem-dictionary-
English.dict
Dictionary: translator-theorem-dictionary, Language: English 
)
Package biblatex Info: Trying to load language 'english'...
Package biblatex Info: ... file 'english.lbx' found.
 (c:/texlive/2024/texmf-dist/tex/latex/biblatex/lbx/english.lbx
File: english.lbx 2024/03/21 v3.20 biblatex localization (PK/MW)
)
Package biblatex Info: Input encoding 'utf8' detected.
Package biblatex Info: Automatic encoding selection.
(biblatex)             Assuming data encoding 'utf8'.
Package biblatex Info: Input encoding 'utf8' detected.
Package biblatex Info: Data encoding 'utf8' specified.
(biblatex)             No need to reencode data.
\openout5 = `proposal_slides-blx.bib'.

Package biblatex Info: Trying to load bibliographic data...
Package biblatex Info: ... file 'proposal_slides.bbl' found.

(./proposal_slides.bbl

Package biblatex Warning: BibTeX reported the following issues
(biblatex)                with 'pg-tensors':
(biblatex)                - Invalid format of field 'month'.

)
Package biblatex Info: Reference section=0 on input line 49.
Package biblatex Info: Reference segment=0 on input line 49.
 (./proposal_slides.nav)

LaTeX Font Info:    Trying to load font information for U+msa on input line 53.

(c:/texlive/2024/texmf-dist/tex/latex/amsfonts/umsa.fd
File: umsa.fd 2013/01/14 v3.01 AMS symbols A
)
LaTeX Font Info:    Trying to load font information for U+msb on input line 53.


(c:/texlive/2024/texmf-dist/tex/latex/amsfonts/umsb.fd
File: umsb.fd 2013/01/14 v3.01 AMS symbols B
)
LaTeX Font Info:    Trying to load font information for OT1+mathkerncmss on inp
ut line 53.

(c:/texlive/2024/texmf-dist/tex/latex/sansmathaccent/ot1mathkerncmss.fd
File: ot1mathkerncmss.fd 2020/01/31 Fontinst v1.933 font definitions for OT1/ma
thkerncmss.
)
[1{c:/texlive/2024/texmf-var/fonts/map/pdftex/updmap/pdftex.map}

]

[2

]

[3

]

[4

]

[5

]

[6

]

[7

]

[8

]

[9

]

[10

]

[11

]

[12

]

[13

]

[14

]
<crystalgraph.pdf, id=518, 408.43378pt x 118.49217pt>
File: crystalgraph.pdf Graphic file (type pdf)
<use crystalgraph.pdf>
Package pdftex.def Info: crystalgraph.pdf  used on input line 138.
(pdftex.def)             Requested size: 285.90169pt x 82.94394pt.

Overfull \hbox (7.06456pt too wide) in paragraph at lines 138--138
 [] 
 []



[15

 <./crystalgraph.pdf>]
File: crystalgraph.pdf Graphic file (type pdf)
<use crystalgraph.pdf>
Package pdftex.def Info: crystalgraph.pdf  used on input line 138.
(pdftex.def)             Requested size: 285.90169pt x 82.94394pt.

Overfull \hbox (7.06456pt too wide) in paragraph at lines 138--138
 [] 
 []



[16

]
File: crystalgraph.pdf Graphic file (type pdf)
<use crystalgraph.pdf>
Package pdftex.def Info: crystalgraph.pdf  used on input line 138.
(pdftex.def)             Requested size: 285.90169pt x 82.94394pt.

Overfull \hbox (7.06456pt too wide) in paragraph at lines 138--138
 [] 
 []



[17

]
<ex_bondcriteria.pdf, id=668, 640.4526pt x 306.6927pt>
File: ex_bondcriteria.pdf Graphic file (type pdf)
<use ex_bondcriteria.pdf>
Package pdftex.def Info: ex_bondcriteria.pdf  used on input line 147.
(pdftex.def)             Requested size: 288.201pt x 138.01044pt.

Overfull \hbox (9.36388pt too wide) in paragraph at lines 147--147
 [] 
 []



[18

 <./ex_bondcriteria.pdf>]
<bond_feat.pdf, id=969, 794.91725pt x 249.77885pt>
File: bond_feat.pdf Graphic file (type pdf)
<use bond_feat.pdf>
Package pdftex.def Info: bond_feat.pdf  used on input line 155.
(pdftex.def)             Requested size: 262.3235pt x 82.42728pt.


[19

 <./bond_feat.pdf>]
<atom_feat.pdf, id=1015, 794.91725pt x 249.77885pt>
File: atom_feat.pdf Graphic file (type pdf)
<use atom_feat.pdf>
Package pdftex.def Info: atom_feat.pdf  used on input line 169.
(pdftex.def)             Requested size: 262.3235pt x 82.42728pt.


[20

 <./atom_feat.pdf>]
File: atom_feat.pdf Graphic file (type pdf)
<use atom_feat.pdf>
Package pdftex.def Info: atom_feat.pdf  used on input line 169.
(pdftex.def)             Requested size: 262.3235pt x 82.42728pt.


[21

]

[22

]

[23

]

[24

]

[25

]

[26

]
<cgcnnarch.pdf, id=1264, 329.74382pt x 483.96796pt>
File: cgcnnarch.pdf Graphic file (type pdf)
<use cgcnnarch.pdf>
Package pdftex.def Info: cgcnnarch.pdf  used on input line 207.
(pdftex.def)             Requested size: 174.76338pt x 256.50179pt.

Overfull \vbox (5.0023pt too high) detected at line 207
 []



[27

 <./cgcnnarch.pdf>]
<crystalgraph_cntex.pdf, id=1429, 366.78296pt x 221.5996pt>
File: crystalgraph_cntex.pdf Graphic file (type pdf)
<use crystalgraph_cntex.pdf>
Package pdftex.def Info: crystalgraph_cntex.pdf  used on input line 220.
(pdftex.def)             Requested size: 256.7463pt x 155.11865pt.


[28

 <./crystalgraph_cntex.pdf>]
File: crystalgraph_cntex.pdf Graphic file (type pdf)
<use crystalgraph_cntex.pdf>
Package pdftex.def Info: crystalgraph_cntex.pdf  used on input line 220.
(pdftex.def)             Requested size: 256.7463pt x 155.11865pt.


[29

]
<motiflevel_ex.pdf, id=1574, 324.05913pt x 117.6202pt>
File: motiflevel_ex.pdf Graphic file (type pdf)
<use motiflevel_ex.pdf>
Package pdftex.def Info: motiflevel_ex.pdf  used on input line 245.
(pdftex.def)             Requested size: 194.43697pt x 70.57265pt.


[30

 <./motiflevel_ex.pdf>]
File: motiflevel_ex.pdf Graphic file (type pdf)
<use motiflevel_ex.pdf>
Package pdftex.def Info: motiflevel_ex.pdf  used on input line 245.
(pdftex.def)             Requested size: 194.43697pt x 70.57265pt.


[31

]
File: motiflevel_ex.pdf Graphic file (type pdf)
<use motiflevel_ex.pdf>
Package pdftex.def Info: motiflevel_ex.pdf  used on input line 245.
(pdftex.def)             Requested size: 194.43697pt x 70.57265pt.


[32

]
File: motiflevel_ex.pdf Graphic file (type pdf)
<use motiflevel_ex.pdf>
Package pdftex.def Info: motiflevel_ex.pdf  used on input line 245.
(pdftex.def)             Requested size: 194.43697pt x 70.57265pt.


[33

]
File: motiflevel_ex.pdf Graphic file (type pdf)
<use motiflevel_ex.pdf>
Package pdftex.def Info: motiflevel_ex.pdf  used on input line 245.
(pdftex.def)             Requested size: 194.43697pt x 70.57265pt.


[34

]
<../chgcnn/chgcnn_revised_3/graph2hgraph_tall_revise2.pdf, id=1760, 710.12286pt
 x 391.6028pt>
File: ../chgcnn/chgcnn_revised_3/graph2hgraph_tall_revise2.pdf Graphic file (ty
pe pdf)
<use ../chgcnn/chgcnn_revised_3/graph2hgraph_tall_revise2.pdf>
Package pdftex.def Info: ../chgcnn/chgcnn_revised_3/graph2hgraph_tall_revise2.p
df  used on input line 266.
(pdftex.def)             Requested size: 241.43857pt x 133.14319pt.


[35

 <../chgcnn/chgcnn_revised_3/graph2hgraph_tall_revise2.pdf>]
File: ../chgcnn/chgcnn_revised_3/graph2hgraph_tall_revise2.pdf Graphic file (ty
pe pdf)
<use ../chgcnn/chgcnn_revised_3/graph2hgraph_tall_revise2.pdf>
Package pdftex.def Info: ../chgcnn/chgcnn_revised_3/graph2hgraph_tall_revise2.p
df  used on input line 266.
(pdftex.def)             Requested size: 241.43857pt x 133.14319pt.


[36

]
File: ../chgcnn/chgcnn_revised_3/graph2hgraph_tall_revise2.pdf Graphic file (ty
pe pdf)
<use ../chgcnn/chgcnn_revised_3/graph2hgraph_tall_revise2.pdf>
Package pdftex.def Info: ../chgcnn/chgcnn_revised_3/graph2hgraph_tall_revise2.p
df  used on input line 266.
(pdftex.def)             Requested size: 241.43857pt x 133.14319pt.


[37

]

[38

]

[39

]

[40

]

[41

]

[42

]

[43

]

[44

]
<arch_horiz.pdf, id=2325, 598.40115pt x 324.52094pt>
File: arch_horiz.pdf Graphic file (type pdf)
<use arch_horiz.pdf>
Package pdftex.def Info: arch_horiz.pdf  used on input line 327.
(pdftex.def)             Requested size: 269.27803pt x 146.03307pt.


[45

 <./arch_horiz.pdf>]

[46

]

[47

]

[48

]

Package hyperref Warning: Token not allowed in a PDF string (Unicode):
(hyperref)                removing `math shift' on input line 355.


Package hyperref Warning: Token not allowed in a PDF string (Unicode):
(hyperref)                removing `math shift' on input line 355.



[49

]

[50

]

[51

]

[52

]

[53

]

[54

]

[55

]

[56

]

[57

]

[58

]

[59

]

[60

]

[61

]

[62

]

[63

]

[64

]

[65

]

[66

]

[67

]

[68

]

[69

]

[70

]

[71

]

[72

]

[73

]

[74

]

[75

]

[76

]

[77

]

[78

]

[79

]

[80

]

[81

]

[82

]

[83

]

[84

]

[85

]

[86

]

[87

]

[88

]
<rank2-ex.pdf, id=3969, 710.92401pt x 135.00996pt>
File: rank2-ex.pdf Graphic file (type pdf)
<use rank2-ex.pdf>
Package pdftex.def Info: rank2-ex.pdf  used on input line 581.
(pdftex.def)             Requested size: 234.60564pt x 44.55342pt.


[89

 <./rank2-ex.pdf>]
File: rank2-ex.pdf Graphic file (type pdf)
<use rank2-ex.pdf>
Package pdftex.def Info: rank2-ex.pdf  used on input line 581.
(pdftex.def)             Requested size: 234.60564pt x 44.55342pt.


[90

]
<tensor_arch.pdf, id=4141, 758.69354pt x 552.90837pt>
File: tensor_arch.pdf Graphic file (type pdf)
<use tensor_arch.pdf>
Package pdftex.def Info: tensor_arch.pdf  used on input line 590.
(pdftex.def)             Requested size: 265.54672pt x 193.52083pt.


[91

 <./tensor_arch.pdf>]
<../spherical-elastic/segnn_default_dielectric_heatmap.pdf, id=4355, 462.52798p
t x 346.89601pt>
File: ../spherical-elastic/segnn_default_dielectric_heatmap.pdf Graphic file (t
ype pdf)
<use ../spherical-elastic/segnn_default_dielectric_heatmap.pdf>
Package pdftex.def Info: ../spherical-elastic/segnn_default_dielectric_heatmap.
pdf  used on input line 602.
(pdftex.def)             Requested size: 167.30397pt x 125.48059pt.


[92

 <../spherical-elastic/segnn_default_dielectric_heatmap.pdf>]
<../spherical-elastic/segnn_default_piezo_heatmap.pdf, id=4406, 462.52798pt x 3
46.89601pt>
File: ../spherical-elastic/segnn_default_piezo_heatmap.pdf Graphic file (type p
df)
<use ../spherical-elastic/segnn_default_piezo_heatmap.pdf>
Package pdftex.def Info: ../spherical-elastic/segnn_default_piezo_heatmap.pdf  
used on input line 608.
(pdftex.def)             Requested size: 223.07054pt x 167.30217pt.


[93

 <../spherical-elastic/segnn_default_piezo_heatmap.pdf>]
<../spherical-elastic/segnn_default_elastic_heatmap.pdf, id=4457, 462.52798pt x
 346.89601pt>
File: ../spherical-elastic/segnn_default_elastic_heatmap.pdf Graphic file (type
 pdf)
<use ../spherical-elastic/segnn_default_elastic_heatmap.pdf>
Package pdftex.def Info: ../spherical-elastic/segnn_default_elastic_heatmap.pdf
  used on input line 612.
(pdftex.def)             Requested size: 250.9517pt x 188.21559pt.


[94

 <../spherical-elastic/segnn_default_elastic_heatmap.pdf>]
Overfull \hbox (3.38425pt too wide) in paragraph at lines 646--646
[][]  
 []



[95

]
Overfull \hbox (3.38425pt too wide) in paragraph at lines 646--646
[][]  
 []



[96

]
Overfull \hbox (3.38425pt too wide) in paragraph at lines 646--646
[][]  
 []



[97

]
Overfull \hbox (3.38425pt too wide) in paragraph at lines 646--646
[][]  
 []



[98

]
Overfull \hbox (3.38425pt too wide) in paragraph at lines 646--646
[][]  
 []



[99

]

<pg_schem.pdf, id=4670, 1468.79932pt x 1279.07758pt>
File: pg_schem.pdf Graphic file (type pdf)
<use pg_schem.pdf>
Package pdftex.def Info: pg_schem.pdf  used on input line 657.
(pdftex.def)             Requested size: 364.19536pt x 317.1533pt.
[100

 <./pg_schem.pdf>]

File: pg_schem.pdf Graphic file (type pdf)
<use pg_schem.pdf>
Package pdftex.def Info: pg_schem.pdf  used on input line 657.
(pdftex.def)             Requested size: 364.19536pt x 317.1533pt.
[101

]

[102

]

[103

]

[104

]

[105

]

[106

]

[107

]

[108

]

[109

]

[110

]

[111

]

[112

]

[113

]

[114

]

[115

]

[116

]
<cg-ex.png, id=5289, 367.3725pt x 108.405pt>
File: cg-ex.png Graphic file (type png)
<use cg-ex.png>
Package pdftex.def Info: cg-ex.png  used on input line 726.
(pdftex.def)             Requested size: 257.15898pt x 75.88297pt.


[117

 <./cg-ex.png>]
File: cg-ex.png Graphic file (type png)
<use cg-ex.png>
Package pdftex.def Info: cg-ex.png  used on input line 726.
(pdftex.def)             Requested size: 257.15898pt x 75.88297pt.


[118

]
File: cg-ex.png Graphic file (type png)
<use cg-ex.png>
Package pdftex.def Info: cg-ex.png  used on input line 726.
(pdftex.def)             Requested size: 257.15898pt x 75.88297pt.


[119

]

[120

]

[121

]

[122

]

[123

]

[124

]

[125

]

[126

]

[127

]

[128

]

[129

]

[130

]

[131

]

[132

]

[133

]

[134

]

[135

]

[136

]

[137

]

[138

]

[139

]

[140

]

[141

]

[142

]

[143

]

[144

]

[145

]

[146

]

[147

]

LaTeX Font Warning: Font shape `OT1/cmss/m/sc' in size <10.95> not available
(Font)              Font shape `OT1/cmr/m/sc' tried instead on input line 872.



[148

]

[149


]

[150


]

[151


]

[152


]

[153


]

[154


]
<../spherical-elastic/youngdiagram-ex.pdf, id=6604, 285.64569pt x 170.92384pt>
File: ../spherical-elastic/youngdiagram-ex.pdf Graphic file (type pdf)
<use ../spherical-elastic/youngdiagram-ex.pdf>
Package pdftex.def Info: ../spherical-elastic/youngdiagram-ex.pdf  used on inpu
t line 890.
(pdftex.def)             Requested size: 171.38872pt x 102.55508pt.


[155

 <../spherical-elastic/youngdiagram-ex.pdf>]
<../spherical-elastic/youngtableaux-ex.pdf, id=6647, 794.62938pt x 307.62732pt>

File: ../spherical-elastic/youngtableaux-ex.pdf Graphic file (type pdf)
<use ../spherical-elastic/youngtableaux-ex.pdf>
Package pdftex.def Info: ../spherical-elastic/youngtableaux-ex.pdf  used on inp
ut line 897.
(pdftex.def)             Requested size: 238.39066pt x 92.2889pt.


[156

 <../spherical-elastic/youngtableaux-ex.pdf>]

[157

]

[158

]

[159

]

[160

]
<../spherical-elastic/piezo_young.pdf, id=6816, 171.1245pt x 94.85292pt>
File: ../spherical-elastic/piezo_young.pdf Graphic file (type pdf)
<use ../spherical-elastic/piezo_young.pdf>
Package pdftex.def Info: ../spherical-elastic/piezo_young.pdf  used on input li
ne 984.
(pdftex.def)             Requested size: 119.78632pt x 66.39658pt.


[161

 <../spherical-elastic/piezo_young.pdf>]
File: ../spherical-elastic/piezo_young.pdf Graphic file (type pdf)
<use ../spherical-elastic/piezo_young.pdf>
Package pdftex.def Info: ../spherical-elastic/piezo_young.pdf  used on input li
ne 1002.
(pdftex.def)             Requested size: 85.56203pt x 47.42633pt.


[162

]

[163

]
<../eqnn/c3triangle.pdf, id=6917, 269.37065pt x 237.99966pt>
File: ../eqnn/c3triangle.pdf Graphic file (type pdf)
<use ../eqnn/c3triangle.pdf>
Package pdftex.def Info: ../eqnn/c3triangle.pdf  used on input line 1054.
(pdftex.def)             Requested size: 53.87317pt x 47.59909pt.


[164

 <../eqnn/c3triangle.pdf>]

[165

]

[166

]

[167

]

[168

]

[169

]

[170

]

[171

]

[172

]
\tf@nav=\write7
\openout7 = `proposal_slides.nav'.

\tf@toc=\write8
\openout8 = `proposal_slides.toc'.

\tf@snm=\write9
\openout9 = `proposal_slides.snm'.

 (./proposal_slides.aux)
 ***********
LaTeX2e <2024-11-01>
L3 programming layer <2024-11-02>
 ***********


LaTeX Warning: There were undefined references.


Package rerunfilecheck Warning: File `proposal_slides.out' has changed.
(rerunfilecheck)                Rerun to get outlines right
(rerunfilecheck)                or use package `bookmark'.

Package rerunfilecheck Info: Checksums for `proposal_slides.out':
(rerunfilecheck)             Before: 2E7B81C5F8953C299EDC7012C78AAE86;857
(rerunfilecheck)             After:  2E3684CB6D932D29BF18E3C9BF9CE8E1;857.

Package biblatex Warning: Please (re)run BibTeX on the file(s):
(biblatex)                proposal_slides
(biblatex)                and rerun LaTeX afterwards.

Package logreq Info: Writing requests to 'proposal_slides.run.xml'.
\openout1 = `proposal_slides.run.xml'.

 ) 
Here is how much of TeX's memory you used:
 29847 strings out of 473362
 581738 string characters out of 5725051
 1163403 words of memory out of 5000000
 52068 multiletter control sequences out of 15000+600000
 574282 words of font info for 94 fonts, out of 8000000 for 9000
 1141 hyphenation exceptions out of 8191
 128i,18n,123p,1861b,1495s stack positions out of 10000i,1000n,20000p,200000b,200000s

pdfTeX warning (dest): name{Navigation173} has been referenced but does not exi
st, replaced by a fixed one


pdfTeX warning (dest): name{Outline0.2.1.80} has been referenced but does not e
xist, replaced by a fixed one

<c:/texlive/2024/texmf-dist/fonts/type1/public/amsfonts/cm/cmcsc10.pfb><c:/texl
ive/2024/texmf-dist/fonts/type1/public/amsfonts/cm/cmex10.pfb><c:/texlive/2024/
texmf-dist/fonts/type1/public/amsfonts/cmextra/cmex7.pfb><c:/texlive/2024/texmf
-dist/fonts/type1/public/amsfonts/cmextra/cmex9.pfb><c:/texlive/2024/texmf-dist
/fonts/type1/public/amsfonts/cm/cmmi10.pfb><c:/texlive/2024/texmf-dist/fonts/ty
pe1/public/amsfonts/cm/cmmi5.pfb><c:/texlive/2024/texmf-dist/fonts/type1/public
/amsfonts/cm/cmmi6.pfb><c:/texlive/2024/texmf-dist/fonts/type1/public/amsfonts/
cm/cmmi7.pfb><c:/texlive/2024/texmf-dist/fonts/type1/public/amsfonts/cm/cmmi8.p
fb><c:/texlive/2024/texmf-dist/fonts/type1/public/amsfonts/cm/cmss10.pfb><c:/te
xlive/2024/texmf-dist/fonts/type1/public/amsfonts/cm/cmss12.pfb><c:/texlive/202
4/texmf-dist/fonts/type1/public/amsfonts/cm/cmss8.pfb><c:/texlive/2024/texmf-di
st/fonts/type1/public/amsfonts/cm/cmss9.pfb><c:/texlive/2024/texmf-dist/fonts/t
ype1/public/amsfonts/cm/cmssbx10.pfb><c:/texlive/2024/texmf-dist/fonts/type1/pu
blic/amsfonts/cm/cmssi10.pfb><c:/texlive/2024/texmf-dist/fonts/type1/public/ams
fonts/cm/cmssi12.pfb><c:/texlive/2024/texmf-dist/fonts/type1/public/amsfonts/cm
/cmssi8.pfb><c:/texlive/2024/texmf-dist/fonts/type1/public/amsfonts/cm/cmssi9.p
fb><c:/texlive/2024/texmf-dist/fonts/type1/public/amsfonts/cm/cmsy10.pfb><c:/te
xlive/2024/texmf-dist/fonts/type1/public/amsfonts/cm/cmsy5.pfb><c:/texlive/2024
/texmf-dist/fonts/type1/public/amsfonts/cm/cmsy6.pfb><c:/texlive/2024/texmf-dis
t/fonts/type1/public/amsfonts/cm/cmsy7.pfb><c:/texlive/2024/texmf-dist/fonts/ty
pe1/public/amsfonts/cm/cmsy8.pfb><c:/texlive/2024/texmf-dist/fonts/type1/public
/amsfonts/cm/cmsy9.pfb><c:/texlive/2024/texmf-dist/fonts/type1/public/amsfonts/
cm/cmtt10.pfb><c:/texlive/2024/texmf-dist/fonts/type1/public/amsfonts/symbols/m
sam10.pfb><c:/texlive/2024/texmf-dist/fonts/type1/public/amsfonts/symbols/msbm1
0.pfb><c:/texlive/2024/texmf-dist/fonts/type1/public/amsfonts/symbols/msbm7.pfb
>
Output written on proposal_slides.pdf (172 pages, 1519292 bytes).
PDF statistics:
 7424 PDF objects out of 8907 (max. 8388607)
 6633 compressed objects within 67 object streams
 374 named destinations out of 1000 (max. 500000)
 197 words of extra memory for PDF output out of 10000 (max. 10000000)

