\BOOKMARK [1][-]{section.1}{\376\377\000I\000n\000t\000r\000o\000d\000u\000c\000t\000i\000o\000n}{}% 1
\BOOKMARK [1][-]{section.2}{\376\377\000R\000o\000t\000a\000t\000i\000o\000n\000a\000l\000l\000y\000\040\000E\000q\000u\000i\000v\000a\000r\000i\000a\000n\000t\000\040\000N\000e\000u\000r\000a\000l\000\040\000N\000e\000t\000w\000o\000r\000k\000s}{}% 2
\BOOKMARK [1][-]{section.3}{\376\377\000S\000p\000h\000e\000r\000i\000c\000a\000l\000\040\000H\000a\000r\000m\000o\000n\000i\000c\000\040\000T\000e\000n\000s\000o\000r\000s\000\040\000a\000n\000d\000\040\000S\000O\000\050\0003\000\051\000\040\000I\000n\000v\000a\000r\000i\000a\000n\000t\000\040\000S\000u\000b\000s\000p\000a\000c\000e\000s}{}% 3
\BOOKMARK [1][-]{section.4}{\376\377\000S\000p\000h\000e\000r\000i\000c\000a\000l\000\040\000H\000a\000r\000m\000o\000n\000i\000c\000\040\000D\000e\000c\000o\000m\000p\000o\000s\000i\000t\000i\000o\000n\000\040\000o\000f\000\040\000C\000o\000m\000m\000o\000n\000\040\000M\000a\000t\000e\000r\000i\000a\000l\000\040\000P\000r\000o\000p\000e\000r\000t\000y\000\040\000T\000e\000n\000s\000o\000r\000s}{}% 4
\BOOKMARK [1][-]{section.5}{\376\377\000M\000e\000t\000h\000o\000d\000s}{}% 5
\BOOKMARK [1][-]{section.6}{\376\377\000R\000e\000s\000u\000l\000t\000s}{}% 6
\BOOKMARK [2][-]{subsection.6.1}{\376\377\000T\000e\000n\000s\000o\000r\000\040\000P\000r\000e\000d\000i\000c\000t\000i\000o\000n}{section.6}% 7
\BOOKMARK [2][-]{subsection.6.2}{\376\377\000S\000c\000a\000l\000a\000r\000\040\000P\000r\000e\000t\000r\000a\000i\000n\000i\000n\000g\000\040\000\046\000\040\000T\000r\000a\000n\000s\000f\000e\000r\000\040\000L\000e\000a\000r\000n\000i\000n\000g\000\040\000A\000p\000p\000l\000i\000c\000a\000t\000i\000o\000n\000s}{section.6}% 8
\BOOKMARK [2][-]{subsection.6.3}{\376\377\000C\000h\000a\000i\000n\000e\000d\000\040\000P\000r\000e\000t\000r\000a\000i\000n\000i\000n\000g\000\040\000f\000o\000r\000\040\000P\000i\000e\000z\000o\000e\000l\000e\000c\000t\000r\000i\000c\000\040\000T\000e\000n\000s\000o\000r\000s}{section.6}% 9
\BOOKMARK [2][-]{subsection.6.4}{\376\377\000S\000c\000a\000l\000a\000r\000\040\000E\000l\000a\000s\000t\000i\000c\000\040\000P\000r\000o\000p\000e\000r\000t\000i\000e\000s}{section.6}% 10
\BOOKMARK [1][-]{section.7}{\376\377\000C\000o\000n\000c\000l\000u\000s\000i\000o\000n}{}% 11
\BOOKMARK [1][-]{appendix.A}{\376\377\000C\000o\000n\000s\000t\000r\000u\000c\000t\000i\000n\000g\000\040\000S\000O\000\050\0003\000\051\000-\000I\000n\000v\000a\000r\000i\000a\000n\000t\000\040\000S\000u\000b\000s\000p\000a\000c\000e\000s\000\040\000o\000f\000\040\000T\000e\000n\000s\000o\000r\000s}{}% 12
\BOOKMARK [2][-]{subsection.A.1}{\376\377\000G\000L\000\040\000D\000e\000c\000o\000m\000p\000o\000s\000i\000t\000i\000o\000n\000s}{appendix.A}% 13
\BOOKMARK [3][-]{subsubsection.A.1.1}{\376\377\000Y\000o\000u\000n\000g\000\040\000D\000i\000a\000g\000r\000a\000m\000s\000,\000\040\000T\000a\000b\000l\000e\000a\000u\000x\000\040\000a\000n\000d\000\040\000S\000y\000m\000m\000e\000t\000r\000i\000z\000e\000r\000s}{subsection.A.1}% 14
\BOOKMARK [2][-]{subsection.A.2}{\376\377\000S\000L\000\040\000D\000e\000c\000o\000m\000p\000o\000s\000i\000t\000i\000o\000n\000s}{appendix.A}% 15
\BOOKMARK [2][-]{subsection.A.3}{\376\377\000O\000\040\000D\000e\000c\000o\000m\000p\000o\000s\000i\000t\000i\000o\000n\000s}{appendix.A}% 16
\BOOKMARK [1][-]{appendix.B}{\376\377\000F\000u\000l\000l\000\040\000D\000e\000c\000o\000m\000p\000o\000s\000i\000t\000i\000o\000n\000s\000\040\000o\000f\000\040\000T\000e\000n\000s\000o\000r\000s}{}% 17
\BOOKMARK [2][-]{subsection.B.1}{\376\377\000D\000i\000e\000l\000e\000c\000t\000r\000i\000c\000\040\000T\000e\000n\000s\000o\000r\000\040\000D\000e\000c\000o\000m\000p\000o\000s\000i\000t\000i\000o\000n}{appendix.B}% 18
\BOOKMARK [2][-]{subsection.B.2}{\376\377\000P\000i\000e\000z\000o\000e\000l\000e\000c\000t\000r\000i\000c\000\040\000T\000e\000n\000s\000o\000r\000\040\000D\000e\000c\000o\000m\000p\000o\000s\000i\000t\000i\000o\000n}{appendix.B}% 19
\BOOKMARK [2][-]{subsection.B.3}{\376\377\000E\000l\000a\000s\000t\000i\000c\000\040\000T\000e\000n\000s\000o\000r\000\040\000D\000e\000c\000o\000m\000p\000o\000s\000i\000t\000i\000o\000n}{appendix.B}% 20
\BOOKMARK [1][-]{appendix.C}{\376\377\000S\000O\000\050\0003\000\051\000\040\000E\000q\000u\000i\000v\000a\000r\000i\000a\000n\000t\000\040\000L\000a\000y\000e\000r\000s}{}% 21
\BOOKMARK [1][-]{appendix.D}{\376\377\000R\000e\000a\000l\000\040\000S\000p\000h\000e\000r\000i\000c\000a\000l\000\040\000H\000a\000r\000m\000o\000n\000i\000c\000s}{}% 22
\BOOKMARK [1][-]{appendix.E}{\376\377\000F\000o\000r\000m\000u\000l\000a\000s\000\040\000f\000o\000r\000\040\000S\000c\000a\000l\000a\000r\000\040\000E\000l\000a\000s\000t\000i\000c\000\040\000P\000r\000o\000p\000e\000r\000t\000i\000e\000s\000\040\000f\000r\000o\000m\000\040\000E\000l\000a\000s\000t\000i\000c\000\040\000T\000e\000n\000s\000o\000r}{}% 23
\BOOKMARK [1][-]{appendix.G}{\376\377\000D\000i\000s\000t\000r\000i\000b\000u\000t\000i\000o\000n\000\040\000o\000f\000\040\000D\000a\000t\000a}{}% 25
\BOOKMARK [1][-]{appendix.H}{\376\377\000S\000y\000m\000m\000e\000t\000r\000y\000\040\000C\000l\000a\000s\000s\000e\000s\000\040\000o\000f\000\040\000T\000e\000n\000s\000o\000r\000s}{}% 26
\BOOKMARK [2][-]{subsection.H.1}{\376\377\000D\000i\000e\000l\000e\000c\000t\000r\000i\000c\000\040\000T\000e\000n\000s\000o\000r\000s}{appendix.H}% 27
\BOOKMARK [2][-]{subsection.H.2}{\376\377\000P\000i\000e\000z\000o\000e\000l\000e\000c\000t\000r\000i\000c\000\040\000T\000e\000n\000s\000o\000r\000s}{appendix.H}% 28
\BOOKMARK [2][-]{subsection.H.3}{\376\377\000E\000l\000a\000s\000t\000i\000c\000\040\000T\000e\000n\000s\000o\000r\000s}{appendix.H}% 29
\BOOKMARK [1][-]{appendix.I}{\376\377\000E\000l\000a\000s\000t\000i\000c\000\040\000T\000e\000n\000s\000o\000r\000\040\000C\000o\000m\000p\000o\000n\000e\000n\000t\000-\000w\000i\000s\000e\000\040\000M\000A\000E}{}% 30
\BOOKMARK [2][-]{subsection.I.1}{\376\377\000E\000l\000a\000s\000t\000i\000c\000\040\000T\000e\000n\000s\000o\000r\000\040\000P\000r\000e\000d\000i\000c\000t\000i\000o\000n\000\040\000f\000r\000o\000m\000\040\000B\000a\000n\000d\000\040\000G\000a\000p}{appendix.I}% 31
\BOOKMARK [2][-]{subsection.I.2}{\376\377\000E\000l\000a\000s\000t\000i\000c\000\040\000T\000e\000n\000s\000o\000r\000\040\000P\000r\000e\000d\000i\000c\000t\000i\000o\000n\000\040\000f\000r\000o\000m\000\040\000F\000o\000r\000m\000a\000t\000i\000o\000n\000\040\000E\000n\000e\000r\000g\000y}{appendix.I}% 32
\BOOKMARK [1][-]{appendix.J}{\376\377\000D\000i\000e\000l\000e\000c\000t\000r\000i\000c\000\040\000T\000e\000n\000s\000o\000r\000\040\000C\000o\000m\000p\000o\000n\000e\000n\000t\000-\000w\000i\000s\000e\000\040\000M\000A\000E}{}% 33
\BOOKMARK [2][-]{subsection.J.1}{\376\377\000D\000i\000e\000l\000e\000c\000t\000r\000i\000c\000\040\000T\000e\000n\000s\000o\000r\000\040\000P\000r\000e\000d\000i\000c\000t\000i\000o\000n\000\040\000f\000r\000o\000m\000\040\000B\000a\000n\000d\000\040\000G\000a\000p}{appendix.J}% 34
\BOOKMARK [2][-]{subsection.J.2}{\376\377\000D\000i\000e\000l\000e\000c\000t\000r\000i\000c\000\040\000T\000e\000n\000s\000o\000r\000\040\000P\000r\000e\000d\000i\000c\000t\000i\000o\000n\000\040\000f\000r\000o\000m\000\040\000F\000o\000r\000m\000a\000t\000i\000o\000n\000\040\000E\000n\000e\000r\000g\000y}{appendix.J}% 35
\BOOKMARK [2][-]{subsection.J.3}{\376\377\000D\000i\000e\000l\000e\000c\000t\000r\000i\000c\000\040\000T\000e\000n\000s\000o\000r\000\040\000P\000r\000e\000d\000i\000c\000t\000i\000o\000n\000\040\000F\000r\000o\000m\000\040\000E\000x\000p\000e\000r\000i\000m\000e\000n\000t\000\040\0001}{appendix.J}% 36
\BOOKMARK [3][-]{subsubsection.J.3.1}{\376\377\000B\000a\000n\000d\000\040\000G\000a\000p\000\040\000a\000s\000\040\000t\000h\000e\000\040\000S\000c\000a\000l\000a\000r\000\040\000P\000r\000e\000t\000r\000a\000i\000n\000i\000n\000g}{subsection.J.3}% 37
\BOOKMARK [3][-]{subsubsection.J.3.2}{\376\377\000F\000o\000r\000m\000a\000t\000i\000o\000n\000\040\000E\000n\000e\000r\000g\000y\000\040\000a\000s\000\040\000t\000h\000e\000\040\000S\000c\000a\000l\000a\000r\000\040\000P\000r\000e\000t\000r\000a\000i\000n\000i\000n\000g}{subsection.J.3}% 38
\BOOKMARK [1][-]{appendix.K}{\376\377\000P\000i\000e\000z\000o\000e\000l\000e\000c\000t\000r\000i\000c\000\040\000T\000e\000n\000s\000o\000r\000\040\000C\000o\000m\000p\000o\000n\000e\000n\000t\000-\000w\000i\000s\000e\000\040\000M\000A\000E}{}% 39
\BOOKMARK [2][-]{subsection.K.1}{\376\377\000P\000i\000e\000z\000o\000e\000l\000e\000c\000t\000r\000i\000c\000\040\000T\000e\000n\000s\000o\000r\000\040\000P\000r\000e\000d\000i\000c\000t\000i\000o\000n\000\040\000f\000r\000o\000m\000\040\000B\000a\000n\000d\000\040\000G\000a\000p}{appendix.K}% 40
\BOOKMARK [2][-]{subsection.K.2}{\376\377\000P\000i\000e\000z\000o\000e\000l\000e\000c\000t\000r\000i\000c\000\040\000T\000e\000n\000s\000o\000r\000\040\000P\000r\000e\000d\000i\000c\000t\000i\000o\000n\000\040\000f\000r\000o\000m\000\040\000F\000o\000r\000m\000a\000t\000i\000o\000n\000\040\000E\000n\000e\000r\000g\000y}{appendix.K}% 41
\BOOKMARK [2][-]{subsection.K.3}{\376\377\000P\000i\000e\000z\000o\000e\000l\000e\000c\000t\000r\000i\000c\000\040\000T\000e\000n\000s\000o\000r\000\040\000P\000r\000e\000d\000i\000c\000t\000i\000o\000n\000\040\000F\000r\000o\000m\000\040\000E\000x\000p\000e\000r\000i\000m\000e\000n\000t\000\040\0001}{appendix.K}% 42
\BOOKMARK [3][-]{subsubsection.K.3.1}{\376\377\000B\000a\000n\000d\000\040\000G\000a\000p\000\040\000a\000s\000\040\000t\000h\000e\000\040\000S\000c\000a\000l\000a\000r\000\040\000P\000r\000e\000t\000r\000a\000i\000n\000i\000n\000g}{subsection.K.3}% 43
\BOOKMARK [3][-]{subsubsection.K.3.2}{\376\377\000F\000o\000r\000m\000a\000t\000i\000o\000n\000\040\000E\000n\000e\000r\000g\000y\000\040\000a\000s\000\040\000t\000h\000e\000\040\000S\000c\000a\000l\000a\000r\000\040\000P\000r\000e\000t\000r\000a\000i\000n\000i\000n\000g}{subsection.K.3}% 44
\BOOKMARK [2][-]{subsection.K.4}{\376\377\000P\000i\000e\000z\000o\000e\000l\000e\000c\000t\000r\000i\000c\000\040\000T\000e\000n\000s\000o\000r\000\040\000P\000r\000e\000d\000i\000c\000t\000i\000o\000n\000\040\000F\000r\000o\000m\000\040\000E\000x\000p\000e\000r\000i\000m\000e\000n\000t\000\040\0002}{appendix.K}% 45
\BOOKMARK [3][-]{subsubsection.K.4.1}{\376\377\000B\000a\000n\000d\000\040\000G\000a\000p\000\040\000a\000s\000\040\000t\000h\000e\000\040\000S\000c\000a\000l\000a\000r\000\040\000P\000r\000e\000t\000r\000a\000i\000n\000i\000n\000g}{subsection.K.4}% 46
\BOOKMARK [3][-]{subsubsection.K.4.2}{\376\377\000F\000o\000r\000m\000a\000t\000i\000o\000n\000\040\000E\000n\000e\000r\000g\000y\000\040\000a\000s\000\040\000t\000h\000e\000\040\000S\000c\000a\000l\000a\000r\000\040\000P\000r\000e\000t\000r\000a\000i\000n\000i\000n\000g}{subsection.K.4}% 47
\BOOKMARK [2][-]{subsection.K.5}{\376\377\000P\000i\000e\000z\000o\000e\000l\000e\000c\000t\000r\000i\000c\000\040\000T\000e\000n\000s\000o\000r\000\040\000P\000r\000e\000d\000i\000c\000t\000i\000o\000n\000\040\000F\000r\000o\000m\000\040\000E\000x\000p\000e\000r\000i\000m\000e\000n\000t\000\040\0003}{appendix.K}% 48
\BOOKMARK [3][-]{subsubsection.K.5.1}{\376\377\000B\000a\000n\000d\000\040\000G\000a\000p\000\040\000a\000s\000\040\000t\000h\000e\000\040\000S\000c\000a\000l\000a\000r\000\040\000P\000r\000e\000t\000r\000a\000i\000n\000i\000n\000g}{subsection.K.5}% 49
\BOOKMARK [3][-]{subsubsection.K.5.2}{\376\377\000F\000o\000r\000m\000a\000t\000i\000o\000n\000\040\000E\000n\000e\000r\000g\000y\000\040\000a\000s\000\040\000t\000h\000e\000\040\000S\000c\000a\000l\000a\000r\000\040\000P\000r\000e\000t\000r\000a\000i\000n\000i\000n\000g}{subsection.K.5}% 50
\BOOKMARK [1][-]{appendix.F}{\376\377\000T\000a\000b\000l\000e\000\040\000o\000f\000\040\000C\000o\000e\000f\000f\000i\000c\000i\000e\000n\000t\000s\000\040\000f\000o\000r\000\040\000J\000z\000y\000m\000\040\000T\000r\000a\000n\000s\000f\000o\000r\000m\000a\000t\000i\000o\000n}{}% 24
