This is pdfTeX, Version 3.141592653-2.6-1.40.26 (TeX Live 2024) (preloaded format=pdflatex 2024.11.8)  12 JUL 2025 22:56
entering extended mode
 \write18 enabled.
 %&-line parsing enabled.
**main.tex
(./main.tex
LaTeX2e <2024-11-01>
L3 programming layer <2024-11-02>
(c:/texlive/2024/texmf-dist/tex/latex/base/article.cls
Document Class: article 2024/06/29 v1.4n Standard LaTeX document class
(c:/texlive/2024/texmf-dist/tex/latex/base/size10.clo
File: size10.clo 2024/06/29 v1.4n Standard LaTeX file (size option)
)
\c@part=\count196
\c@section=\count197
\c@subsection=\count198
\c@subsubsection=\count199
\c@paragraph=\count266
\c@subparagraph=\count267
\c@figure=\count268
\c@table=\count269
\abovecaptionskip=\skip49
\belowcaptionskip=\skip50
\bibindent=\dimen141
)
(c:/texlive/2024/texmf-dist/tex/latex/base/inputenc.sty
Package: inputenc 2024/02/08 v1.3d Input encoding file
\inpenc@prehook=\toks17
\inpenc@posthook=\toks18
)
(c:/texlive/2024/texmf-dist/tex/latex/amsmath/amsmath.sty
Package: amsmath 2024/11/05 v2.17t AMS math features
\@mathmargin=\skip51

For additional information on amsmath, use the `?' option.
(c:/texlive/2024/texmf-dist/tex/latex/amsmath/amstext.sty
Package: amstext 2021/08/26 v2.01 AMS text

(c:/texlive/2024/texmf-dist/tex/latex/amsmath/amsgen.sty
File: amsgen.sty 1999/11/30 v2.0 generic functions
\@emptytoks=\toks19
\ex@=\dimen142
))
(c:/texlive/2024/texmf-dist/tex/latex/amsmath/amsbsy.sty
Package: amsbsy 1999/11/29 v1.2d Bold Symbols
\pmbraise@=\dimen143
)
(c:/texlive/2024/texmf-dist/tex/latex/amsmath/amsopn.sty
Package: amsopn 2022/04/08 v2.04 operator names
)
\inf@bad=\count270
LaTeX Info: Redefining \frac on input line 233.
\uproot@=\count271
\leftroot@=\count272
LaTeX Info: Redefining \overline on input line 398.
LaTeX Info: Redefining \colon on input line 409.
\classnum@=\count273
\DOTSCASE@=\count274
LaTeX Info: Redefining \ldots on input line 495.
LaTeX Info: Redefining \dots on input line 498.
LaTeX Info: Redefining \cdots on input line 619.
\Mathstrutbox@=\box52
\strutbox@=\box53
LaTeX Info: Redefining \big on input line 721.
LaTeX Info: Redefining \Big on input line 722.
LaTeX Info: Redefining \bigg on input line 723.
LaTeX Info: Redefining \Bigg on input line 724.
\big@size=\dimen144
LaTeX Font Info:    Redeclaring font encoding OML on input line 742.
LaTeX Font Info:    Redeclaring font encoding OMS on input line 743.
\macc@depth=\count275
LaTeX Info: Redefining \bmod on input line 904.
LaTeX Info: Redefining \pmod on input line 909.
LaTeX Info: Redefining \smash on input line 939.
LaTeX Info: Redefining \relbar on input line 969.
LaTeX Info: Redefining \Relbar on input line 970.
\c@MaxMatrixCols=\count276
\dotsspace@=\muskip17
\c@parentequation=\count277
\dspbrk@lvl=\count278
\tag@help=\toks20
\row@=\count279
\column@=\count280
\maxfields@=\count281
\andhelp@=\toks21
\eqnshift@=\dimen145
\alignsep@=\dimen146
\tagshift@=\dimen147
\tagwidth@=\dimen148
\totwidth@=\dimen149
\lineht@=\dimen150
\@envbody=\toks22
\multlinegap=\skip52
\multlinetaggap=\skip53
\mathdisplay@stack=\toks23
LaTeX Info: Redefining \[ on input line 2953.
LaTeX Info: Redefining \] on input line 2954.
)
(c:/texlive/2024/texmf-dist/tex/latex/amsfonts/amsfonts.sty
Package: amsfonts 2013/01/14 v3.01 Basic AMSFonts support
\symAMSa=\mathgroup4
\symAMSb=\mathgroup5
LaTeX Font Info:    Redeclaring math symbol \hbar on input line 98.
LaTeX Font Info:    Overwriting math alphabet `\mathfrak' in version `bold'
(Font)                  U/euf/m/n --> U/euf/b/n on input line 106.
)
(c:/texlive/2024/texmf-dist/tex/latex/amsfonts/amssymb.sty
Package: amssymb 2013/01/14 v3.01 AMS font symbols
)
(c:/texlive/2024/texmf-dist/tex/latex/titlesec/titlesec.sty
Package: titlesec 2023/10/27 v2.16 Sectioning titles
\ttl@box=\box54
\beforetitleunit=\skip54
\aftertitleunit=\skip55
\ttl@plus=\dimen151
\ttl@minus=\dimen152
\ttl@toksa=\toks24
\titlewidth=\dimen153
\titlewidthlast=\dimen154
\titlewidthfirst=\dimen155
)
(c:/texlive/2024/texmf-dist/tex/latex/graphics/graphicx.sty
Package: graphicx 2021/09/16 v1.2d Enhanced LaTeX Graphics (DPC,SPQR)

(c:/texlive/2024/texmf-dist/tex/latex/graphics/keyval.sty
Package: keyval 2022/05/29 v1.15 key=value parser (DPC)
\KV@toks@=\toks25
)
(c:/texlive/2024/texmf-dist/tex/latex/graphics/graphics.sty
Package: graphics 2024/08/06 v1.4g Standard LaTeX Graphics (DPC,SPQR)

(c:/texlive/2024/texmf-dist/tex/latex/graphics/trig.sty
Package: trig 2023/12/02 v1.11 sin cos tan (DPC)
)
(c:/texlive/2024/texmf-dist/tex/latex/graphics-cfg/graphics.cfg
File: graphics.cfg 2016/06/04 v1.11 sample graphics configuration
)
Package graphics Info: Driver file: pdftex.def on input line 106.

(c:/texlive/2024/texmf-dist/tex/latex/graphics-def/pdftex.def
File: pdftex.def 2024/04/13 v1.2c Graphics/color driver for pdftex
))
\Gin@req@height=\dimen156
\Gin@req@width=\dimen157
)
(c:/texlive/2024/texmf-dist/tex/latex/preprint/authblk.sty
Package: authblk 2001/02/27 1.3 (PWD)
\affilsep=\skip56
\@affilsep=\skip57
\c@Maxaffil=\count282
\c@authors=\count283
\c@affil=\count284
)
(c:/texlive/2024/texmf-dist/tex/latex/booktabs/booktabs.sty
Package: booktabs 2020/01/12 v1.61803398 Publication quality tables
\heavyrulewidth=\dimen158
\lightrulewidth=\dimen159
\cmidrulewidth=\dimen160
\belowrulesep=\dimen161
\belowbottomsep=\dimen162
\aboverulesep=\dimen163
\abovetopsep=\dimen164
\cmidrulesep=\dimen165
\cmidrulekern=\dimen166
\defaultaddspace=\dimen167
\@cmidla=\count285
\@cmidlb=\count286
\@aboverulesep=\dimen168
\@belowrulesep=\dimen169
\@thisruleclass=\count287
\@lastruleclass=\count288
\@thisrulewidth=\dimen170
)
(c:/texlive/2024/texmf-dist/tex/latex/biblatex/biblatex.sty
Package: biblatex 2024/03/21 v3.20 programmable bibliographies (PK/MW)

(c:/texlive/2024/texmf-dist/tex/generic/pdftexcmds/pdftexcmds.sty
Package: pdftexcmds 2020-06-27 v0.33 Utility functions of pdfTeX for LuaTeX (HO
)

(c:/texlive/2024/texmf-dist/tex/generic/infwarerr/infwarerr.sty
Package: infwarerr 2019/12/03 v1.5 Providing info/warning/error messages (HO)
)
(c:/texlive/2024/texmf-dist/tex/generic/iftex/iftex.sty
Package: iftex 2022/02/03 v1.0f TeX engine tests
)
(c:/texlive/2024/texmf-dist/tex/generic/ltxcmds/ltxcmds.sty
Package: ltxcmds 2023-12-04 v1.26 LaTeX kernel commands for general use (HO)
)
Package pdftexcmds Info: \pdf@primitive is available.
Package pdftexcmds Info: \pdf@ifprimitive is available.
Package pdftexcmds Info: \pdfdraftmode found.
)
(c:/texlive/2024/texmf-dist/tex/latex/etoolbox/etoolbox.sty
Package: etoolbox 2020/10/05 v2.5k e-TeX tools for LaTeX (JAW)
\etb@tempcnta=\count289
)
(c:/texlive/2024/texmf-dist/tex/latex/kvoptions/kvoptions.sty
Package: kvoptions 2022-06-15 v3.15 Key value format for package options (HO)

(c:/texlive/2024/texmf-dist/tex/latex/kvsetkeys/kvsetkeys.sty
Package: kvsetkeys 2022-10-05 v1.19 Key value parser (HO)
))
(c:/texlive/2024/texmf-dist/tex/latex/logreq/logreq.sty
Package: logreq 2010/08/04 v1.0 xml request logger
\lrq@indent=\count290

(c:/texlive/2024/texmf-dist/tex/latex/logreq/logreq.def
File: logreq.def 2010/08/04 v1.0 logreq spec v1.0
))
(c:/texlive/2024/texmf-dist/tex/latex/base/ifthen.sty
Package: ifthen 2024/03/16 v1.1e Standard LaTeX ifthen package (DPC)
)
(c:/texlive/2024/texmf-dist/tex/latex/url/url.sty
\Urlmuskip=\muskip18
Package: url 2013/09/16  ver 3.4  Verb mode for urls, etc.
)
\c@tabx@nest=\count291
\c@listtotal=\count292
\c@listcount=\count293
\c@liststart=\count294
\c@liststop=\count295
\c@citecount=\count296
\c@citetotal=\count297
\c@multicitecount=\count298
\c@multicitetotal=\count299
\c@instcount=\count300
\c@maxnames=\count301
\c@minnames=\count302
\c@maxitems=\count303
\c@minitems=\count304
\c@citecounter=\count305
\c@maxcitecounter=\count306
\c@savedcitecounter=\count307
\c@uniquelist=\count308
\c@uniquename=\count309
\c@refsection=\count310
\c@refsegment=\count311
\c@maxextratitle=\count312
\c@maxextratitleyear=\count313
\c@maxextraname=\count314
\c@maxextradate=\count315
\c@maxextraalpha=\count316
\c@abbrvpenalty=\count317
\c@highnamepenalty=\count318
\c@lownamepenalty=\count319
\c@maxparens=\count320
\c@parenlevel=\count321
\blx@tempcnta=\count322
\blx@tempcntb=\count323
\blx@tempcntc=\count324
\c@blx@maxsection=\count325
\blx@maxsegment@0=\count326
\blx@notetype=\count327
\blx@parenlevel@text=\count328
\blx@parenlevel@foot=\count329
\blx@sectionciteorder@0=\count330
\blx@sectionciteorderinternal@0=\count331
\blx@entrysetcounter=\count332
\blx@biblioinstance=\count333
\labelnumberwidth=\skip58
\labelalphawidth=\skip59
\biblabelsep=\skip60
\bibitemsep=\skip61
\bibnamesep=\skip62
\bibinitsep=\skip63
\bibparsep=\skip64
\bibhang=\skip65
\blx@bcfin=\read2
\blx@bcfout=\write3
\blx@langwohyphens=\language89
\c@mincomprange=\count334
\c@maxcomprange=\count335
\c@mincompwidth=\count336
Package biblatex Info: Trying to load biblatex default data model...
Package biblatex Info: ... file 'blx-dm.def' found.

(c:/texlive/2024/texmf-dist/tex/latex/biblatex/blx-dm.def
File: blx-dm.def 2024/03/21 v3.20 biblatex datamodel (PK/MW)
)
Package biblatex Info: Trying to load biblatex style data model...
Package biblatex Info: ... file 'numeric.dbx' not found.
Package biblatex Info: Trying to load biblatex custom data model...
Package biblatex Info: ... file 'biblatex-dm.cfg' not found.
\c@afterword=\count337
\c@savedafterword=\count338
\c@annotator=\count339
\c@savedannotator=\count340
\c@author=\count341
\c@savedauthor=\count342
\c@bookauthor=\count343
\c@savedbookauthor=\count344
\c@commentator=\count345
\c@savedcommentator=\count346
\c@editor=\count347
\c@savededitor=\count348
\c@editora=\count349
\c@savededitora=\count350
\c@editorb=\count351
\c@savededitorb=\count352
\c@editorc=\count353
\c@savededitorc=\count354
\c@foreword=\count355
\c@savedforeword=\count356
\c@holder=\count357
\c@savedholder=\count358
\c@introduction=\count359
\c@savedintroduction=\count360
\c@namea=\count361
\c@savednamea=\count362
\c@nameb=\count363
\c@savednameb=\count364
\c@namec=\count365
\c@savednamec=\count366
\c@translator=\count367
\c@savedtranslator=\count368
\c@shortauthor=\count369
\c@savedshortauthor=\count370
\c@shorteditor=\count371
\c@savedshorteditor=\count372
\c@labelname=\count373
\c@savedlabelname=\count374
\c@institution=\count375
\c@savedinstitution=\count376
\c@lista=\count377
\c@savedlista=\count378
\c@listb=\count379
\c@savedlistb=\count380
\c@listc=\count381
\c@savedlistc=\count382
\c@listd=\count383
\c@savedlistd=\count384
\c@liste=\count385
\c@savedliste=\count386
\c@listf=\count387
\c@savedlistf=\count388
\c@location=\count389
\c@savedlocation=\count390
\c@organization=\count391
\c@savedorganization=\count392
\c@origlocation=\count393
\c@savedoriglocation=\count394
\c@origpublisher=\count395
\c@savedorigpublisher=\count396
\c@publisher=\count397
\c@savedpublisher=\count398
\c@language=\count399
\c@savedlanguage=\count400
\c@origlanguage=\count401
\c@savedoriglanguage=\count402
\c@pageref=\count403
\c@savedpageref=\count404
\shorthandwidth=\skip66
\shortjournalwidth=\skip67
\shortserieswidth=\skip68
\shorttitlewidth=\skip69
\shortauthorwidth=\skip70
\shorteditorwidth=\skip71
\locallabelnumberwidth=\skip72
\locallabelalphawidth=\skip73
\localshorthandwidth=\skip74
\localshortjournalwidth=\skip75
\localshortserieswidth=\skip76
\localshorttitlewidth=\skip77
\localshortauthorwidth=\skip78
\localshorteditorwidth=\skip79
Package biblatex Info: Trying to load compatibility code...
Package biblatex Info: ... file 'blx-compat.def' found.

(c:/texlive/2024/texmf-dist/tex/latex/biblatex/blx-compat.def
File: blx-compat.def 2024/03/21 v3.20 biblatex compatibility (PK/MW)
)
Package biblatex Info: Trying to load generic definitions...
Package biblatex Info: ... file 'biblatex.def' found.

(c:/texlive/2024/texmf-dist/tex/latex/biblatex/biblatex.def
File: biblatex.def 2024/03/21 v3.20 biblatex compatibility (PK/MW)
\c@textcitecount=\count405
\c@textcitetotal=\count406
\c@textcitemaxnames=\count407
\c@biburlbigbreakpenalty=\count408
\c@biburlbreakpenalty=\count409
\c@biburlnumpenalty=\count410
\c@biburlucpenalty=\count411
\c@biburllcpenalty=\count412
\biburlbigskip=\muskip19
\biburlnumskip=\muskip20
\biburlucskip=\muskip21
\biburllcskip=\muskip22
\c@smartand=\count413
)
Package biblatex Info: Trying to load bibliography style 'numeric'...
Package biblatex Info: ... file 'numeric.bbx' found.

(c:/texlive/2024/texmf-dist/tex/latex/biblatex/bbx/numeric.bbx
File: numeric.bbx 2024/03/21 v3.20 biblatex bibliography style (PK/MW)
Package biblatex Info: Trying to load bibliography style 'standard'...
Package biblatex Info: ... file 'standard.bbx' found.

(c:/texlive/2024/texmf-dist/tex/latex/biblatex/bbx/standard.bbx
File: standard.bbx 2024/03/21 v3.20 biblatex bibliography style (PK/MW)
\c@bbx:relatedcount=\count414
\c@bbx:relatedtotal=\count415
))
Package biblatex Info: Trying to load citation style 'numeric'...
Package biblatex Info: ... file 'numeric.cbx' found.

(c:/texlive/2024/texmf-dist/tex/latex/biblatex/cbx/numeric.cbx
File: numeric.cbx 2024/03/21 v3.20 biblatex citation style (PK/MW)
Package biblatex Info: Redefining '\cite'.
Package biblatex Info: Redefining '\parencite'.
Package biblatex Info: Redefining '\footcite'.
Package biblatex Info: Redefining '\footcitetext'.
Package biblatex Info: Redefining '\smartcite'.
Package biblatex Info: Redefining '\supercite'.
Package biblatex Info: Redefining '\textcite'.
Package biblatex Info: Redefining '\textcites'.
Package biblatex Info: Redefining '\cites'.
Package biblatex Info: Redefining '\parencites'.
Package biblatex Info: Redefining '\smartcites'.
)
Package biblatex Info: Trying to load configuration file...
Package biblatex Info: ... file 'biblatex.cfg' found.

(c:/texlive/2024/texmf-dist/tex/latex/biblatex/biblatex.cfg
File: biblatex.cfg 
)
Package biblatex Info: Input encoding 'utf8' detected.
Package biblatex Info: Document encoding is UTF8 ....

(c:/texlive/2024/texmf-dist/tex/latex/l3kernel/expl3.sty
Package: expl3 2024-11-02 L3 programming layer (loader) 

(c:/texlive/2024/texmf-dist/tex/latex/l3backend/l3backend-pdftex.def
File: l3backend-pdftex.def 2024-05-08 L3 backend support: PDF output (pdfTeX)
\l__color_backend_stack_int=\count416
\l__pdf_internal_box=\box55
))
Package biblatex Info: ... and expl3
(biblatex)             2024-11-02 L3 programming layer (loader) 
(biblatex)             is new enough (at least 2020/04/06),
(biblatex)             setting 'casechanger=expl3'.

(c:/texlive/2024/texmf-dist/tex/latex/biblatex/blx-case-expl3.sty
(c:/texlive/2024/texmf-dist/tex/latex/l3packages/xparse/xparse.sty
Package: xparse 2024-08-16 L3 Experimental document command parser
)
Package: blx-case-expl3 2024/03/21 v3.20 expl3 case changing code for biblatex
))
(c:/texlive/2024/texmf-dist/tex/latex/caption/subcaption.sty
Package: subcaption 2023/07/28 v1.6b Sub-captions (AR)

(c:/texlive/2024/texmf-dist/tex/latex/caption/caption.sty
Package: caption 2023/08/05 v3.6o Customizing captions (AR)

(c:/texlive/2024/texmf-dist/tex/latex/caption/caption3.sty
Package: caption3 2023/07/31 v2.4d caption3 kernel (AR)
\caption@tempdima=\dimen171
\captionmargin=\dimen172
\caption@leftmargin=\dimen173
\caption@rightmargin=\dimen174
\caption@width=\dimen175
\caption@indent=\dimen176
\caption@parindent=\dimen177
\caption@hangindent=\dimen178
Package caption Info: Standard document class detected.
)
\c@caption@flags=\count417
\c@continuedfloat=\count418
)
Package caption Info: New subtype `subfigure' on input line 238.
\c@subfigure=\count419
Package caption Info: New subtype `subtable' on input line 238.
\c@subtable=\count420
)
(c:/texlive/2024/texmf-dist/tex/latex/graphics/rotating.sty
Package: rotating 2016/08/11 v2.16d rotated objects in LaTeX
\c@r@tfl@t=\count421
\rotFPtop=\skip80
\rotFPbot=\skip81
\rot@float@box=\box56
\rot@mess@toks=\toks26
)
(c:/texlive/2024/texmf-dist/tex/latex/hyperref/hyperref.sty
Package: hyperref 2024-11-05 v7.01l Hypertext links for LaTeX

(c:/texlive/2024/texmf-dist/tex/generic/kvdefinekeys/kvdefinekeys.sty
Package: kvdefinekeys 2019-12-19 v1.6 Define keys (HO)
)
(c:/texlive/2024/texmf-dist/tex/generic/pdfescape/pdfescape.sty
Package: pdfescape 2019/12/09 v1.15 Implements pdfTeX's escape features (HO)
)
(c:/texlive/2024/texmf-dist/tex/latex/hycolor/hycolor.sty
Package: hycolor 2020-01-27 v1.10 Color options for hyperref/bookmark (HO)
)
(c:/texlive/2024/texmf-dist/tex/latex/hyperref/nameref.sty
Package: nameref 2023-11-26 v2.56 Cross-referencing by name of section

(c:/texlive/2024/texmf-dist/tex/latex/refcount/refcount.sty
Package: refcount 2019/12/15 v3.6 Data extraction from label references (HO)
)
(c:/texlive/2024/texmf-dist/tex/generic/gettitlestring/gettitlestring.sty
Package: gettitlestring 2019/12/15 v1.6 Cleanup title references (HO)
)
\c@section@level=\count422
)
(c:/texlive/2024/texmf-dist/tex/generic/stringenc/stringenc.sty
Package: stringenc 2019/11/29 v1.12 Convert strings between diff. encodings (HO
)
)
\@linkdim=\dimen179
\Hy@linkcounter=\count423
\Hy@pagecounter=\count424

(c:/texlive/2024/texmf-dist/tex/latex/hyperref/pd1enc.def
File: pd1enc.def 2024-11-05 v7.01l Hyperref: PDFDocEncoding definition (HO)
Now handling font encoding PD1 ...
... no UTF-8 mapping file for font encoding PD1
)
(c:/texlive/2024/texmf-dist/tex/generic/intcalc/intcalc.sty
Package: intcalc 2019/12/15 v1.3 Expandable calculations with integers (HO)
)
\Hy@SavedSpaceFactor=\count425

(c:/texlive/2024/texmf-dist/tex/latex/hyperref/puenc.def
File: puenc.def 2024-11-05 v7.01l Hyperref: PDF Unicode definition (HO)
Now handling font encoding PU ...
... no UTF-8 mapping file for font encoding PU
)
Package hyperref Info: Hyper figures OFF on input line 4157.
Package hyperref Info: Link nesting OFF on input line 4162.
Package hyperref Info: Hyper index ON on input line 4165.
Package hyperref Info: Plain pages OFF on input line 4172.
Package hyperref Info: Backreferencing OFF on input line 4177.
Package hyperref Info: Implicit mode ON; LaTeX internals redefined.
Package hyperref Info: Bookmarks ON on input line 4424.
\c@Hy@tempcnt=\count426
LaTeX Info: Redefining \url on input line 4763.
\XeTeXLinkMargin=\dimen180

(c:/texlive/2024/texmf-dist/tex/generic/bitset/bitset.sty
Package: bitset 2019/12/09 v1.3 Handle bit-vector datatype (HO)

(c:/texlive/2024/texmf-dist/tex/generic/bigintcalc/bigintcalc.sty
Package: bigintcalc 2019/12/15 v1.5 Expandable calculations on big integers (HO
)
))
\Fld@menulength=\count427
\Field@Width=\dimen181
\Fld@charsize=\dimen182
Package hyperref Info: Hyper figures OFF on input line 6042.
Package hyperref Info: Link nesting OFF on input line 6047.
Package hyperref Info: Hyper index ON on input line 6050.
Package hyperref Info: backreferencing OFF on input line 6057.
Package hyperref Info: Link coloring OFF on input line 6062.
Package hyperref Info: Link coloring with OCG OFF on input line 6067.
Package hyperref Info: PDF/A mode OFF on input line 6072.

(c:/texlive/2024/texmf-dist/tex/latex/base/atbegshi-ltx.sty
Package: atbegshi-ltx 2021/01/10 v1.0c Emulation of the original atbegshi
package with kernel methods
)
\Hy@abspage=\count428
\c@Item=\count429
\c@Hfootnote=\count430
)
Package hyperref Info: Driver (autodetected): hpdftex.

(c:/texlive/2024/texmf-dist/tex/latex/hyperref/hpdftex.def
File: hpdftex.def 2024-11-05 v7.01l Hyperref driver for pdfTeX

(c:/texlive/2024/texmf-dist/tex/latex/base/atveryend-ltx.sty
Package: atveryend-ltx 2020/08/19 v1.0a Emulation of the original atveryend pac
kage
with kernel methods
)
\Fld@listcount=\count431
\c@bookmark@seq@number=\count432

(c:/texlive/2024/texmf-dist/tex/latex/rerunfilecheck/rerunfilecheck.sty
Package: rerunfilecheck 2022-07-10 v1.10 Rerun checks for auxiliary files (HO)

(c:/texlive/2024/texmf-dist/tex/generic/uniquecounter/uniquecounter.sty
Package: uniquecounter 2019/12/15 v1.4 Provide unlimited unique counter (HO)
)
Package uniquecounter Info: New unique counter `rerunfilecheck' on input line 2
85.
)
\Hy@SectionHShift=\skip82
)
(c:/texlive/2024/texmf-dist/tex/latex/cleveref/cleveref.sty
Package: cleveref 2018/03/27 v0.21.4 Intelligent cross-referencing
Package cleveref Info: `hyperref' support loaded on input line 2370.
LaTeX Info: Redefining \cref on input line 2370.
LaTeX Info: Redefining \Cref on input line 2370.
LaTeX Info: Redefining \crefrange on input line 2370.
LaTeX Info: Redefining \Crefrange on input line 2370.
LaTeX Info: Redefining \cpageref on input line 2370.
LaTeX Info: Redefining \Cpageref on input line 2370.
LaTeX Info: Redefining \cpagerefrange on input line 2370.
LaTeX Info: Redefining \Cpagerefrange on input line 2370.
LaTeX Info: Redefining \labelcref on input line 2370.
LaTeX Info: Redefining \labelcpageref on input line 2370.
)
\@quotelevel=\count433
\@quotereset=\count434
 (./main.aux)
\openout1 = `main.aux'.

LaTeX Font Info:    Checking defaults for OML/cmm/m/it on input line 51.
LaTeX Font Info:    ... okay on input line 51.
LaTeX Font Info:    Checking defaults for OMS/cmsy/m/n on input line 51.
LaTeX Font Info:    ... okay on input line 51.
LaTeX Font Info:    Checking defaults for OT1/cmr/m/n on input line 51.
LaTeX Font Info:    ... okay on input line 51.
LaTeX Font Info:    Checking defaults for T1/cmr/m/n on input line 51.
LaTeX Font Info:    ... okay on input line 51.
LaTeX Font Info:    Checking defaults for TS1/cmr/m/n on input line 51.
LaTeX Font Info:    ... okay on input line 51.
LaTeX Font Info:    Checking defaults for OMX/cmex/m/n on input line 51.
LaTeX Font Info:    ... okay on input line 51.
LaTeX Font Info:    Checking defaults for U/cmr/m/n on input line 51.
LaTeX Font Info:    ... okay on input line 51.
LaTeX Font Info:    Checking defaults for PD1/pdf/m/n on input line 51.
LaTeX Font Info:    ... okay on input line 51.
LaTeX Font Info:    Checking defaults for PU/pdf/m/n on input line 51.
LaTeX Font Info:    ... okay on input line 51.

(c:/texlive/2024/texmf-dist/tex/context/base/mkii/supp-pdf.mkii
[Loading MPS to PDF converter (version 2006.09.02).]
\scratchcounter=\count435
\scratchdimen=\dimen183
\scratchbox=\box57
\nofMPsegments=\count436
\nofMParguments=\count437
\everyMPshowfont=\toks27
\MPscratchCnt=\count438
\MPscratchDim=\dimen184
\MPnumerator=\count439
\makeMPintoPDFobject=\count440
\everyMPtoPDFconversion=\toks28
) (c:/texlive/2024/texmf-dist/tex/latex/epstopdf-pkg/epstopdf-base.sty
Package: epstopdf-base 2020-01-24 v2.11 Base part for package epstopdf
Package epstopdf-base Info: Redefining graphics rule for `.eps' on input line 4
85.

(c:/texlive/2024/texmf-dist/tex/latex/latexconfig/epstopdf-sys.cfg
File: epstopdf-sys.cfg 2010/07/13 v1.3 Configuration of (r)epstopdf for TeX Liv
e
))
Package biblatex Info: Trying to load language 'english'...
Package biblatex Info: ... file 'english.lbx' found.

(c:/texlive/2024/texmf-dist/tex/latex/biblatex/lbx/english.lbx
File: english.lbx 2024/03/21 v3.20 biblatex localization (PK/MW)
)
Package biblatex Info: Input encoding 'utf8' detected.
Package biblatex Info: Automatic encoding selection.
(biblatex)             Assuming data encoding 'utf8'.
\openout3 = `main.bcf'.

Package biblatex Info: Trying to load bibliographic data...
Package biblatex Info: ... file 'main.bbl' found.
 (./main.bbl)
Package biblatex Info: Reference section=0 on input line 51.
Package biblatex Info: Reference segment=0 on input line 51.
Package caption Info: Begin \AtBeginDocument code.
Package caption Info: hyperref package is loaded.
Package caption Info: rotating package is loaded.
Package caption Info: End \AtBeginDocument code.
Package hyperref Info: Link coloring OFF on input line 51.

(./main.out) (./main.out)
\@outlinefile=\write4
\openout4 = `main.out'.

LaTeX Font Info:    Trying to load font information for U+msa on input line 53.


(c:/texlive/2024/texmf-dist/tex/latex/amsfonts/umsa.fd
File: umsa.fd 2013/01/14 v3.01 AMS symbols A
)
LaTeX Font Info:    Trying to load font information for U+msb on input line 53.


(c:/texlive/2024/texmf-dist/tex/latex/amsfonts/umsb.fd
File: umsb.fd 2013/01/14 v3.01 AMS symbols B
)

Package hyperref Warning: Ignoring empty anchor on input line 55.


LaTeX Warning: Citation 'mlreview1' on page 1 undefined on input line 64.


LaTeX Warning: Citation 'mlreview1.5' on page 1 undefined on input line 64.


LaTeX Warning: Citation 'mlreview2' on page 1 undefined on input line 64.


LaTeX Warning: Citation 'mlreview2.25' on page 1 undefined on input line 64.


LaTeX Warning: Citation 'mlreview2.5' on page 1 undefined on input line 64.


LaTeX Warning: Citation 'mlreview3' on page 1 undefined on input line 64.


LaTeX Warning: Citation 'tensorfieldnetworks' on page 1 undefined on input line
 64.


LaTeX Warning: Citation 'e3nn_paper' on page 1 undefined on input line 64.


LaTeX Warning: Citation 'nequip' on page 1 undefined on input line 64.


LaTeX Warning: Citation 'magnet' on page 1 undefined on input line 64.


LaTeX Warning: Citation 'deeph-e3' on page 1 undefined on input line 64.


LaTeX Warning: Citation 'xpainn' on page 1 undefined on input line 64.


LaTeX Warning: Citation 'tensornet' on page 1 undefined on input line 64.


LaTeX Warning: Citation 'painn' on page 1 undefined on input line 64.


LaTeX Warning: Citation 'etgnn' on page 1 undefined on input line 64.


LaTeX Warning: Citation 'yan2024equivcrystalprediction' on page 1 undefined on 
input line 64.


LaTeX Warning: Citation 'MatTen' on page 1 undefined on input line 64.


LaTeX Warning: Citation 'StrainNet' on page 1 undefined on input line 64.


LaTeX Warning: Citation 'piezo-npj' on page 1 undefined on input line 64.


Overfull \hbox (22.93088pt too wide) in paragraph at lines 64--65
\OT1/cmr/m/n/10 cused on the pre-dic-tion of in-vari-ant, scalar prop-er-ties o
f ma-te-rial systems[[],
 []


Overfull \hbox (10.78012pt too wide) in paragraph at lines 64--65
\OT1/cmr/m/n/10 dependent out-puts in a well-defined man-ner [[], []].
 []



[1

{c:/texlive/2024/texmf-var/fonts/map/pdftex/updmap/pdftex.map}]

LaTeX Warning: Citation 'e3nn_paper' on page 2 undefined on input line 68.


LaTeX Warning: Citation 'tensorfieldnetworks' on page 2 undefined on input line
 68.


LaTeX Warning: Citation 'harmonictensors' on page 2 undefined on input line 68.



Overfull \hbox (13.9746pt too wide) in paragraph at lines 68--69
\OT1/cmr/m/n/10 ducible rep-re-sen-ta-tions of the ro-ta-tion group [[], []],
 []


LaTeX Warning: Citation 'itin-elastic' on page 2 undefined on input line 70.


LaTeX Warning: Citation 'itin-rank3' on page 2 undefined on input line 70.


LaTeX Warning: Citation 'cgcnn' on page 2 undefined on input line 78.


LaTeX Warning: Citation 'alignn' on page 2 undefined on input line 78.


LaTeX Warning: Citation 'amdnet' on page 2 undefined on input line 78.


LaTeX Warning: Citation 'chemgnn' on page 2 undefined on input line 78.


LaTeX Warning: Citation 'geocgcnn' on page 2 undefined on input line 78.


LaTeX Warning: Citation 'icgcnn' on page 2 undefined on input line 78.


LaTeX Warning: Citation 'mpnn' on page 2 undefined on input line 78.


LaTeX Warning: Citation 'e3nn_paper' on page 2 undefined on input line 82.



[2]

LaTeX Warning: Citation 'equivariant_cohen' on page 3 undefined on input line 8
8.


LaTeX Warning: Citation 'equivariant_cohen' on page 3 undefined on input line 8
8.


Overfull \hbox (73.52795pt too wide) in paragraph at lines 87--89
\OT1/cmr/m/n/10 Compositions of equiv-ari-ant func-tions are them-selves equiv-
ari-ant func-tions [[]].
 []


LaTeX Warning: Citation 'tensorfieldnetworks' on page 3 undefined on input line
 95.


LaTeX Warning: Citation 'e3nn' on page 3 undefined on input line 105.


Package hyperref Warning: Token not allowed in a PDF string (Unicode):
(hyperref)                removing `math shift' on input line 109.


Package hyperref Warning: Token not allowed in a PDF string (Unicode):
(hyperref)                removing `math shift' on input line 109.


LaTeX Warning: Citation 'mochizuki1988spherical' on page 3 undefined on input l
ine 110.


LaTeX Warning: Citation 'mochizuki1996spherical' on page 3 undefined on input l
ine 110.


LaTeX Warning: Citation 'edmonds' on page 3 undefined on input line 110.


LaTeX Warning: Citation 'sakurai' on page 3 undefined on input line 127.



[3]
<bigfig.pdf, id=252, 1168.70085pt x 621.45174pt>
File: bigfig.pdf Graphic file (type pdf)
<use bigfig.pdf>
Package pdftex.def Info: bigfig.pdf  used on input line 150.
(pdftex.def)             Requested size: 455.7915pt x 242.3652pt.

Overfull \hbox (110.7915pt too wide) in paragraph at lines 150--151
 [] 
 []



[4]

[5 <./bigfig.pdf>]

LaTeX Warning: Citation 'itin-rank3' on page 6 undefined on input line 200.



[6]

LaTeX Warning: Citation 'landau-elastic' on page 7 undefined on input line 234.



LaTeX Warning: Citation 'itin-elastic' on page 7 undefined on input line 255.


LaTeX Warning: Citation 'backus1970geometrical' on page 7 undefined on input li
ne 262.


Overfull \hbox (43.13318pt too wide) in paragraph at lines 261--264
\OT1/cmr/m/n/10 (this mixed-symmetry sub-space $\OML/cmm/m/it/10 A$ \OT1/cmr/m/
n/10 also cor-re-sponds to Backus' [[]]
 []



[7]

LaTeX Warning: Citation 'brandstetter2021geometric' on page 8 undefined on inpu
t line 280.


LaTeX Warning: Citation 'brandstetter2021geometric' on page 8 undefined on inpu
t line 284.


LaTeX Warning: Citation 'fuchs2020setransformer' on page 8 undefined on input l
ine 284.


LaTeX Warning: Citation 'e3nn_paper' on page 8 undefined on input line 284.


Overfull \hbox (110.9458pt too wide) in paragraph at lines 284--285
\OT1/cmr/m/n/10 and the Steer-able Equiv-ari-ant Non-Linear Con-vo-lu-tional la
yer (SEC-onv) [[]];
 []


Overfull \hbox (42.51793pt too wide) in paragraph at lines 284--285
\OT1/cmr/m/n/10 and the Steer-able Equiv-ari-ant Trans-former (SE-Trans-former)
 [[]].
 []


LaTeX Warning: Citation 'matproj' on page 8 undefined on input line 289.


LaTeX Warning: Citation 'elastic-matproj' on page 8 undefined on input line 289
.


LaTeX Warning: Citation 'di-matproj' on page 8 undefined on input line 289.


LaTeX Warning: Citation 'piezo-matproj' on page 8 undefined on input line 289.



[8]

LaTeX Warning: Citation 'cgcnn' on page 9 undefined on input line 291.


LaTeX Warning: Citation 'pretraining' on page 9 undefined on input line 298.


LaTeX Warning: Citation 'StrainNet' on page 9 undefined on input line 301.


LaTeX Warning: Citation 'StrainNet' on page 9 undefined on input line 303.


LaTeX Warning: Citation 'yan2024equivcrystalprediction' on page 9 undefined on 
input line 305.



[9]
<segnn_default_dielectric_heatmap.pdf, id=949, 462.52798pt x 346.89601pt>
File: segnn_default_dielectric_heatmap.pdf Graphic file (type pdf)
<use segnn_default_dielectric_heatmap.pdf>
Package pdftex.def Info: segnn_default_dielectric_heatmap.pdf  used on input li
ne 310.
(pdftex.def)             Requested size: 169.0519pt x 126.78801pt.
<segnn_default_piezo_heatmap.pdf, id=950, 462.52798pt x 346.89601pt>
File: segnn_default_piezo_heatmap.pdf Graphic file (type pdf)
<use segnn_default_piezo_heatmap.pdf>
Package pdftex.def Info: segnn_default_piezo_heatmap.pdf  used on input line 31
1.
(pdftex.def)             Requested size: 172.5pt x 129.37639pt.
<segnn_default_elastic_heatmap.pdf, id=951, 462.52798pt x 346.89601pt>
File: segnn_default_elastic_heatmap.pdf Graphic file (type pdf)
<use segnn_default_elastic_heatmap.pdf>
Package pdftex.def Info: segnn_default_elastic_heatmap.pdf  used on input line 
312.
(pdftex.def)             Requested size: 207.0021pt x 155.25484pt.


[10 <./segnn_default_dielectric_heatmap.pdf> <./segnn_default_piezo_heatmap.pdf
> <./segnn_default_elastic_heatmap.pdf>]
Overfull \hbox (67.50255pt too wide) in paragraph at lines 350--364
 [][] 
 []



[11]

LaTeX Warning: Citation 'MatTen' on page 12 undefined on input line 399.


LaTeX Warning: Citation 'MatTen' on page 12 undefined on input line 399.



[12]

LaTeX Warning: Citation 'MatTen' on page 13 undefined on input line 423.


Overfull \hbox (8.45581pt too wide) in paragraph at lines 406--426
 [][] 
 []


LaTeX Warning: Citation 'MatTen' on page 13 undefined on input line 426.


LaTeX Warning: Citation 'MatTen' on page 13 undefined on input line 426.


LaTeX Warning: Citation 'yan2024equivcrystalprediction' on page 13 undefined on
 input line 437.


Overfull \hbox (24.44524pt too wide) in paragraph at lines 440--442
[]\OT1/cmr/m/n/10 https://github.com/qmatyanlab/Transfer-Learning-For-Complex-C
rystal-Properties[]. 
 []


LaTeX Warning: Empty bibliography on input line 443.



[13]

[14]
Overfull \hbox (14.0882pt too wide) in paragraph at lines 449--449
|[]\OT1/cmr/bx/n/14.4 Constructing $\OML/cmm/m/it/14.4 SO\OT1/cmr/m/n/14.4 (3)$
\OT1/cmr/bx/n/14.4 -Invariant Sub-spaces of Ten-
 []


Package hyperref Warning: Token not allowed in a PDF string (Unicode):
(hyperref)                removing `math shift' on input line 449.


Package hyperref Warning: Token not allowed in a PDF string (Unicode):
(hyperref)                removing `math shift' on input line 449.


Package hyperref Warning: Token not allowed in a PDF string (Unicode):
(hyperref)                removing `math shift' on input line 462.


Package hyperref Warning: Token not allowed in a PDF string (Unicode):
(hyperref)                removing `math shift' on input line 462.

<youngdiagram-ex.pdf, id=1038, 285.64569pt x 170.92384pt>
File: youngdiagram-ex.pdf Graphic file (type pdf)
<use youngdiagram-ex.pdf>
Package pdftex.def Info: youngdiagram-ex.pdf  used on input line 476.
(pdftex.def)             Requested size: 171.38872pt x 102.55508pt.

LaTeX Warning: `!h' float specifier changed to `!ht'.

<youngtableaux-ex.pdf, id=1039, 794.62938pt x 307.62732pt>
File: youngtableaux-ex.pdf Graphic file (type pdf)
<use youngtableaux-ex.pdf>
Package pdftex.def Info: youngtableaux-ex.pdf  used on input line 482.
(pdftex.def)             Requested size: 397.31372pt x 153.81328pt.

Overfull \hbox (52.31372pt too wide) in paragraph at lines 482--483
 [][] 
 []



[15

]

LaTeX Warning: Citation 'itin-rank3' on page 16 undefined on input line 492.



[16 <./youngdiagram-ex.pdf> <./youngtableaux-ex.pdf

pdfTeX warning: pdflatex.exe (file ./youngtableaux-ex.pdf): PDF inclusion: mult
iple pdfs with page group included in a single page
>]
<hook-ex.pdf, id=1065, 285.64569pt x 170.92384pt>
File: hook-ex.pdf Graphic file (type pdf)
<use hook-ex.pdf>
Package pdftex.def Info: hook-ex.pdf  used on input line 527.
(pdftex.def)             Requested size: 171.38872pt x 102.55508pt.


Package hyperref Warning: Token not allowed in a PDF string (Unicode):
(hyperref)                removing `math shift' on input line 530.


Package hyperref Warning: Token not allowed in a PDF string (Unicode):
(hyperref)                removing `math shift' on input line 530.



[17]

Package hyperref Warning: Token not allowed in a PDF string (Unicode):
(hyperref)                removing `math shift' on input line 549.


Package hyperref Warning: Token not allowed in a PDF string (Unicode):
(hyperref)                removing `math shift' on input line 549.



[18 <./hook-ex.pdf>]
<rank2_young.pdf, id=1121, 145.56825pt x 69.25731pt>
File: rank2_young.pdf Graphic file (type pdf)
<use rank2_young.pdf>
Package pdftex.def Info: rank2_young.pdf  used on input line 603.
(pdftex.def)             Requested size: 101.89706pt x 48.47977pt.


[19]
<dielectric_young.pdf, id=1127, 42.98709pt x 69.25731pt>
File: dielectric_young.pdf Graphic file (type pdf)
<use dielectric_young.pdf>
Package pdftex.def Info: dielectric_young.pdf  used on input line 607.
(pdftex.def)             Requested size: 30.09074pt x 48.47977pt.
<youngdiagrams3.pdf, id=1128, 297.77524pt x 94.85292pt>
File: youngdiagrams3.pdf Graphic file (type pdf)
<use youngdiagrams3.pdf>
Package pdftex.def Info: youngdiagrams3.pdf  used on input line 613.
(pdftex.def)             Requested size: 208.44124pt x 66.39658pt.
<piezo_young.pdf, id=1129, 171.1245pt x 94.85292pt>
File: piezo_young.pdf Graphic file (type pdf)
<use piezo_young.pdf>
Package pdftex.def Info: piezo_young.pdf  used on input line 617.
(pdftex.def)             Requested size: 119.78632pt x 66.39658pt.


[20 <./rank2_young.pdf> <./dielectric_young.pdf

pdfTeX warning: pdflatex.exe (file ./dielectric_young.pdf): PDF inclusion: mult
iple pdfs with page group included in a single page
> <./youngdiagrams3.pdf

pdfTeX warning: pdflatex.exe (file ./youngdiagrams3.pdf): PDF inclusion: multip
le pdfs with page group included in a single page
> <./piezo_young.pdf

pdfTeX warning: pdflatex.exe (file ./piezo_young.pdf): PDF inclusion: multiple 
pdfs with page group included in a single page
>]
<rank4_young.pdf, id=1139, 505.54851pt x 120.88507pt>
File: rank4_young.pdf Graphic file (type pdf)
<use rank4_young.pdf>
Package pdftex.def Info: rank4_young.pdf  used on input line 663.
(pdftex.def)             Requested size: 353.88155pt x 84.61896pt.

Overfull \hbox (8.88155pt too wide) in paragraph at lines 663--664
 [] 
 []



[21]
<elastic_young.pdf, id=1144, 171.13092pt x 120.7863pt>
File: elastic_young.pdf Graphic file (type pdf)
<use elastic_young.pdf>
Package pdftex.def Info: elastic_young.pdf  used on input line 667.
(pdftex.def)             Requested size: 119.7908pt x 84.54982pt.


LaTeX Warning: Citation 'backus1970geometrical' on page 22 undefined on input l
ine 669.


Overfull \hbox (63.911pt too wide) in paragraph at lines 669--670
\OT1/cmr/m/n/10 Note that this mixed-symmetry sub-space $\OML/cmm/m/it/10 A$ \O
T1/cmr/m/n/10 cor-re-sponds to Backus' [[]]
 []


Package hyperref Warning: Token not allowed in a PDF string (Unicode):
(hyperref)                removing `math shift' on input line 690.


Package hyperref Warning: Token not allowed in a PDF string (Unicode):
(hyperref)                removing `math shift' on input line 690.


LaTeX Warning: Citation 'equivariant_cohen' on page 22 undefined on input line 
691.



[22 <./rank4_young.pdf> <./elastic_young.pdf

pdfTeX warning: pdflatex.exe (file ./elastic_young.pdf): PDF inclusion: multipl
e pdfs with page group included in a single page
>]

LaTeX Warning: Citation 'sakurai' on page 23 undefined on input line 699.


LaTeX Warning: Citation 'tensorfieldnetworks' on page 23 undefined on input lin
e 704.



[23]

[24]

Package hyperref Warning: Token not allowed in a PDF string (Unicode):
(hyperref)                removing `math shift' on input line 773.


Package hyperref Warning: Token not allowed in a PDF string (Unicode):
(hyperref)                removing `subscript' on input line 773.


Package hyperref Warning: Token not allowed in a PDF string (Unicode):
(hyperref)                removing `\rightarrow' on input line 773.


Package hyperref Warning: Token not allowed in a PDF string (Unicode):
(hyperref)                removing `subscript' on input line 773.


Package hyperref Warning: Token not allowed in a PDF string (Unicode):
(hyperref)                removing `\ell' on input line 773.


Package hyperref Warning: Token not allowed in a PDF string (Unicode):
(hyperref)                removing `superscript' on input line 773.


Package hyperref Warning: Token not allowed in a PDF string (Unicode):
(hyperref)                removing `math shift' on input line 773.


LaTeX Warning: Citation 'mochizuki1988spherical' on page 25 undefined on input 
line 815.


LaTeX Warning: Citation 'mochizuki1988spherical' on page 25 undefined on input 
line 815.


LaTeX Warning: Float too large for page by 5.54555pt on input line 816.


LaTeX Warning: Citation 'matproj' on page 25 undefined on input line 822.

<sym_heatmaps/dielectric/triclinic.pdf, id=1160, 462.52798pt x 346.89601pt>
File: sym_heatmaps/dielectric/triclinic.pdf Graphic file (type pdf)
<use sym_heatmaps/dielectric/triclinic.pdf>
Package pdftex.def Info: sym_heatmaps/dielectric/triclinic.pdf  used on input l
ine 908.
(pdftex.def)             Requested size: 231.26341pt x 173.44757pt.
<sym_heatmaps/dielectric/monoclinic.pdf, id=1161, 462.52798pt x 346.89601pt>
File: sym_heatmaps/dielectric/monoclinic.pdf Graphic file (type pdf)
<use sym_heatmaps/dielectric/monoclinic.pdf>
Package pdftex.def Info: sym_heatmaps/dielectric/monoclinic.pdf  used on input 
line 909.
(pdftex.def)             Requested size: 231.26341pt x 173.44757pt.

Overfull \hbox (119.74904pt too wide) in paragraph at lines 908--910
[] [] 
 []

<sym_heatmaps/dielectric/orthorhombic.pdf, id=1162, 462.52798pt x 346.89601pt>
File: sym_heatmaps/dielectric/orthorhombic.pdf Graphic file (type pdf)
<use sym_heatmaps/dielectric/orthorhombic.pdf>
Package pdftex.def Info: sym_heatmaps/dielectric/orthorhombic.pdf  used on inpu
t line 911.
(pdftex.def)             Requested size: 231.26341pt x 173.44757pt.
<sym_heatmaps/dielectric/tetragonal.pdf, id=1163, 462.52798pt x 346.89601pt>
File: sym_heatmaps/dielectric/tetragonal.pdf Graphic file (type pdf)
<use sym_heatmaps/dielectric/tetragonal.pdf>
Package pdftex.def Info: sym_heatmaps/dielectric/tetragonal.pdf  used on input 
line 912.
(pdftex.def)             Requested size: 231.26341pt x 173.44757pt.

Overfull \hbox (134.74904pt too wide) in paragraph at lines 911--913
[][] [] 
 []



[25 <./sym_heatmaps/dielectric/triclinic.pdf> <./sym_heatmaps/dielectric/monocl
inic.pdf>]
<sym_heatmaps/dielectric/cubic.pdf, id=1204, 462.52798pt x 346.89601pt>
File: sym_heatmaps/dielectric/cubic.pdf Graphic file (type pdf)
<use sym_heatmaps/dielectric/cubic.pdf>
Package pdftex.def Info: sym_heatmaps/dielectric/cubic.pdf  used on input line 
914.
(pdftex.def)             Requested size: 231.26341pt x 173.44757pt.
<sym_heatmaps/piezo/1.pdf, id=1205, 462.52798pt x 346.89601pt>
File: sym_heatmaps/piezo/1.pdf Graphic file (type pdf)
<use sym_heatmaps/piezo/1.pdf>
Package pdftex.def Info: sym_heatmaps/piezo/1.pdf  used on input line 920.
(pdftex.def)             Requested size: 231.26341pt x 173.44757pt.
<sym_heatmaps/piezo/2.pdf, id=1206, 462.52798pt x 346.89601pt>
File: sym_heatmaps/piezo/2.pdf Graphic file (type pdf)
<use sym_heatmaps/piezo/2.pdf>
Package pdftex.def Info: sym_heatmaps/piezo/2.pdf  used on input line 921.
(pdftex.def)             Requested size: 231.26341pt x 173.44757pt.

Overfull \hbox (119.74904pt too wide) in paragraph at lines 920--922
[] [] 
 []



[26 <./sym_heatmaps/dielectric/orthorhombic.pdf> <./sym_heatmaps/dielectric/tet
ragonal.pdf> <./sym_heatmaps/dielectric/cubic.pdf>]
<sym_heatmaps/piezo/m.pdf, id=1260, 462.52798pt x 346.89601pt>
File: sym_heatmaps/piezo/m.pdf Graphic file (type pdf)
<use sym_heatmaps/piezo/m.pdf>
Package pdftex.def Info: sym_heatmaps/piezo/m.pdf  used on input line 924.
(pdftex.def)             Requested size: 231.26341pt x 173.44757pt.
<sym_heatmaps/piezo/222.pdf, id=1261, 462.52798pt x 346.89601pt>
File: sym_heatmaps/piezo/222.pdf Graphic file (type pdf)
<use sym_heatmaps/piezo/222.pdf>
Package pdftex.def Info: sym_heatmaps/piezo/222.pdf  used on input line 925.
(pdftex.def)             Requested size: 231.26341pt x 173.44757pt.

Overfull \hbox (134.74904pt too wide) in paragraph at lines 924--926
[][] [] 
 []

<sym_heatmaps/piezo/mm2.pdf, id=1262, 462.52798pt x 346.89601pt>
File: sym_heatmaps/piezo/mm2.pdf Graphic file (type pdf)
<use sym_heatmaps/piezo/mm2.pdf>
Package pdftex.def Info: sym_heatmaps/piezo/mm2.pdf  used on input line 928.
(pdftex.def)             Requested size: 231.26341pt x 173.44757pt.
<sym_heatmaps/piezo/3.pdf, id=1263, 462.52798pt x 346.89601pt>
File: sym_heatmaps/piezo/3.pdf Graphic file (type pdf)
<use sym_heatmaps/piezo/3.pdf>
Package pdftex.def Info: sym_heatmaps/piezo/3.pdf  used on input line 929.
(pdftex.def)             Requested size: 231.26341pt x 173.44757pt.

Overfull \hbox (134.74904pt too wide) in paragraph at lines 928--930
[][] [] 
 []

<sym_heatmaps/piezo/32.pdf, id=1264, 462.52798pt x 346.89601pt>
File: sym_heatmaps/piezo/32.pdf Graphic file (type pdf)
<use sym_heatmaps/piezo/32.pdf>
Package pdftex.def Info: sym_heatmaps/piezo/32.pdf  used on input line 931.
(pdftex.def)             Requested size: 231.26341pt x 173.44757pt.
<sym_heatmaps/piezo/3m.pdf, id=1265, 462.52798pt x 346.89601pt>
File: sym_heatmaps/piezo/3m.pdf Graphic file (type pdf)
<use sym_heatmaps/piezo/3m.pdf>
Package pdftex.def Info: sym_heatmaps/piezo/3m.pdf  used on input line 932.
(pdftex.def)             Requested size: 231.26341pt x 173.44757pt.

Overfull \hbox (134.74904pt too wide) in paragraph at lines 931--933
[][] [] 
 []



[27 <./sym_heatmaps/piezo/1.pdf> <./sym_heatmaps/piezo/2.pdf> <./sym_heatmaps/p
iezo/m.pdf> <./sym_heatmaps/piezo/222.pdf> <./sym_heatmaps/piezo/mm2.pdf> <./sy
m_heatmaps/piezo/3.pdf>]
<sym_heatmaps/piezo/6_4.pdf, id=1372, 462.52798pt x 346.89601pt>
File: sym_heatmaps/piezo/6_4.pdf Graphic file (type pdf)
<use sym_heatmaps/piezo/6_4.pdf>
Package pdftex.def Info: sym_heatmaps/piezo/6_4.pdf  used on input line 934.
(pdftex.def)             Requested size: 231.26341pt x 173.44757pt.
<sym_heatmaps/piezo/6mm_4mm.pdf, id=1373, 462.52798pt x 346.89601pt>
File: sym_heatmaps/piezo/6mm_4mm.pdf Graphic file (type pdf)
<use sym_heatmaps/piezo/6mm_4mm.pdf>
Package pdftex.def Info: sym_heatmaps/piezo/6mm_4mm.pdf  used on input line 935
.
(pdftex.def)             Requested size: 231.26341pt x 173.44757pt.

Overfull \hbox (134.74904pt too wide) in paragraph at lines 934--936
[][] [] 
 []

<sym_heatmaps/piezo/6b.pdf, id=1374, 462.52798pt x 346.89601pt>
File: sym_heatmaps/piezo/6b.pdf Graphic file (type pdf)
<use sym_heatmaps/piezo/6b.pdf>
Package pdftex.def Info: sym_heatmaps/piezo/6b.pdf  used on input line 937.
(pdftex.def)             Requested size: 231.26341pt x 173.44757pt.
<sym_heatmaps/piezo/6bm2.pdf, id=1375, 462.52798pt x 346.89601pt>
File: sym_heatmaps/piezo/6bm2.pdf Graphic file (type pdf)
<use sym_heatmaps/piezo/6bm2.pdf>
Package pdftex.def Info: sym_heatmaps/piezo/6bm2.pdf  used on input line 938.
(pdftex.def)             Requested size: 231.26341pt x 173.44757pt.

Overfull \hbox (134.74904pt too wide) in paragraph at lines 937--939
[][] [] 
 []

<sym_heatmaps/piezo/4b.pdf, id=1376, 462.52798pt x 346.89601pt>
File: sym_heatmaps/piezo/4b.pdf Graphic file (type pdf)
<use sym_heatmaps/piezo/4b.pdf>
Package pdftex.def Info: sym_heatmaps/piezo/4b.pdf  used on input line 940.
(pdftex.def)             Requested size: 231.26341pt x 173.44757pt.
<sym_heatmaps/piezo/4b2m.pdf, id=1377, 462.52798pt x 346.89601pt>
File: sym_heatmaps/piezo/4b2m.pdf Graphic file (type pdf)
<use sym_heatmaps/piezo/4b2m.pdf>
Package pdftex.def Info: sym_heatmaps/piezo/4b2m.pdf  used on input line 941.
(pdftex.def)             Requested size: 231.26341pt x 173.44757pt.

Overfull \hbox (134.74904pt too wide) in paragraph at lines 940--942
[][] [] 
 []



[28 <./sym_heatmaps/piezo/32.pdf> <./sym_heatmaps/piezo/3m.pdf> <./sym_heatmaps
/piezo/6_4.pdf> <./sym_heatmaps/piezo/6mm_4mm.pdf> <./sym_heatmaps/piezo/6b.pdf
> <./sym_heatmaps/piezo/6bm2.pdf>]
<sym_heatmaps/piezo/23_4b3m.pdf, id=1480, 462.52798pt x 346.89601pt>
File: sym_heatmaps/piezo/23_4b3m.pdf Graphic file (type pdf)
<use sym_heatmaps/piezo/23_4b3m.pdf>
Package pdftex.def Info: sym_heatmaps/piezo/23_4b3m.pdf  used on input line 943
.
(pdftex.def)             Requested size: 231.26341pt x 173.44757pt.
<sym_heatmaps/elastic/triclinic.pdf, id=1481, 462.52798pt x 346.89601pt>
File: sym_heatmaps/elastic/triclinic.pdf Graphic file (type pdf)
<use sym_heatmaps/elastic/triclinic.pdf>
Package pdftex.def Info: sym_heatmaps/elastic/triclinic.pdf  used on input line
 950.
(pdftex.def)             Requested size: 231.26341pt x 173.44757pt.
<sym_heatmaps/elastic/monoclinic.pdf, id=1482, 462.52798pt x 346.89601pt>
File: sym_heatmaps/elastic/monoclinic.pdf Graphic file (type pdf)
<use sym_heatmaps/elastic/monoclinic.pdf>
Package pdftex.def Info: sym_heatmaps/elastic/monoclinic.pdf  used on input lin
e 951.
(pdftex.def)             Requested size: 231.26341pt x 173.44757pt.

Overfull \hbox (119.74904pt too wide) in paragraph at lines 950--952
[] [] 
 []



[29 <./sym_heatmaps/piezo/4b.pdf> <./sym_heatmaps/piezo/4b2m.pdf> <./sym_heatma
ps/piezo/23_4b3m.pdf>]
<sym_heatmaps/elastic/orthorhombic.pdf, id=1534, 462.52798pt x 346.89601pt>
File: sym_heatmaps/elastic/orthorhombic.pdf Graphic file (type pdf)
<use sym_heatmaps/elastic/orthorhombic.pdf>
Package pdftex.def Info: sym_heatmaps/elastic/orthorhombic.pdf  used on input l
ine 953.
(pdftex.def)             Requested size: 231.26341pt x 173.44757pt.
<sym_heatmaps/elastic/tetragonal.pdf, id=1535, 462.52798pt x 346.89601pt>
File: sym_heatmaps/elastic/tetragonal.pdf Graphic file (type pdf)
<use sym_heatmaps/elastic/tetragonal.pdf>
Package pdftex.def Info: sym_heatmaps/elastic/tetragonal.pdf  used on input lin
e 954.
(pdftex.def)             Requested size: 231.26341pt x 173.44757pt.

Overfull \hbox (134.74904pt too wide) in paragraph at lines 953--955
[][] [] 
 []

<sym_heatmaps/elastic/cubic.pdf, id=1536, 462.52798pt x 346.89601pt>
File: sym_heatmaps/elastic/cubic.pdf Graphic file (type pdf)
<use sym_heatmaps/elastic/cubic.pdf>
Package pdftex.def Info: sym_heatmaps/elastic/cubic.pdf  used on input line 956
.
(pdftex.def)             Requested size: 231.26341pt x 173.44757pt.


[30 <./sym_heatmaps/elastic/triclinic.pdf> <./sym_heatmaps/elastic/monoclinic.p
df> <./sym_heatmaps/elastic/orthorhombic.pdf> <./sym_heatmaps/elastic/tetragona
l.pdf> <./sym_heatmaps/elastic/cubic.pdf>]
<heatmaps/seconv_pretrained_bg_elastic_heatmap.pdf, id=1632, 462.52798pt x 346.
89601pt>
File: heatmaps/seconv_pretrained_bg_elastic_heatmap.pdf Graphic file (type pdf)

<use heatmaps/seconv_pretrained_bg_elastic_heatmap.pdf>
Package pdftex.def Info: heatmaps/seconv_pretrained_bg_elastic_heatmap.pdf  use
d on input line 966.
(pdftex.def)             Requested size: 155.24895pt x 116.43451pt.
<heatmaps/setransformer_pretrained_bg_elastic_heatmap.pdf, id=1633, 462.52798pt
 x 346.89601pt>
File: heatmaps/setransformer_pretrained_bg_elastic_heatmap.pdf Graphic file (ty
pe pdf)
<use heatmaps/setransformer_pretrained_bg_elastic_heatmap.pdf>
Package pdftex.def Info: heatmaps/setransformer_pretrained_bg_elastic_heatmap.p
df  used on input line 970.
(pdftex.def)             Requested size: 155.24895pt x 116.43451pt.

Underfull \hbox (badness 2486) in paragraph at lines 971--971
[]\OT1/cmr/m/n/9 (b) |SE-Trans-former Component-wise
 []

<heatmaps/segnn_pretrained_bg_elastic_heatmap.pdf, id=1634, 462.52798pt x 346.8
9601pt>
File: heatmaps/segnn_pretrained_bg_elastic_heatmap.pdf Graphic file (type pdf)
<use heatmaps/segnn_pretrained_bg_elastic_heatmap.pdf>
Package pdftex.def Info: heatmaps/segnn_pretrained_bg_elastic_heatmap.pdf  used
 on input line 974.
(pdftex.def)             Requested size: 155.24895pt x 116.43451pt.


[31 <./heatmaps/seconv_pretrained_bg_elastic_heatmap.pdf> <./heatmaps/setransfo
rmer_pretrained_bg_elastic_heatmap.pdf> <./heatmaps/segnn_pretrained_bg_elastic
_heatmap.pdf>]
<heatmaps/seconv_pretrained_fe_elastic_heatmap.pdf, id=1695, 462.52798pt x 346.
89601pt>
File: heatmaps/seconv_pretrained_fe_elastic_heatmap.pdf Graphic file (type pdf)

<use heatmaps/seconv_pretrained_fe_elastic_heatmap.pdf>
Package pdftex.def Info: heatmaps/seconv_pretrained_fe_elastic_heatmap.pdf  use
d on input line 986.
(pdftex.def)             Requested size: 155.24895pt x 116.43451pt.
<heatmaps/setransformer_pretrained_fe_elastic_heatmap.pdf, id=1696, 462.52798pt
 x 346.89601pt>
File: heatmaps/setransformer_pretrained_fe_elastic_heatmap.pdf Graphic file (ty
pe pdf)
<use heatmaps/setransformer_pretrained_fe_elastic_heatmap.pdf>
Package pdftex.def Info: heatmaps/setransformer_pretrained_fe_elastic_heatmap.p
df  used on input line 990.
(pdftex.def)             Requested size: 155.24895pt x 116.43451pt.

Underfull \hbox (badness 2486) in paragraph at lines 991--991
[]\OT1/cmr/m/n/9 (b) |SE-Trans-former Component-wise
 []

<heatmaps/segnn_pretrained_fe_elastic_heatmap.pdf, id=1697, 462.52798pt x 346.8
9601pt>
File: heatmaps/segnn_pretrained_fe_elastic_heatmap.pdf Graphic file (type pdf)
<use heatmaps/segnn_pretrained_fe_elastic_heatmap.pdf>
Package pdftex.def Info: heatmaps/segnn_pretrained_fe_elastic_heatmap.pdf  used
 on input line 994.
(pdftex.def)             Requested size: 155.24895pt x 116.43451pt.


[32 <./heatmaps/seconv_pretrained_fe_elastic_heatmap.pdf> <./heatmaps/setransfo
rmer_pretrained_fe_elastic_heatmap.pdf> <./heatmaps/segnn_pretrained_fe_elastic
_heatmap.pdf>]
<heatmaps/seconv_pretrained_bg_dielectric_heatmap.pdf, id=1757, 462.52798pt x 3
46.89601pt>
File: heatmaps/seconv_pretrained_bg_dielectric_heatmap.pdf Graphic file (type p
df)
<use heatmaps/seconv_pretrained_bg_dielectric_heatmap.pdf>
Package pdftex.def Info: heatmaps/seconv_pretrained_bg_dielectric_heatmap.pdf  
used on input line 1008.
(pdftex.def)             Requested size: 155.24895pt x 116.43451pt.
<heatmaps/setransformer_pretrained_bg_dielectric_heatmap.pdf, id=1758, 462.5279
8pt x 346.89601pt>
File: heatmaps/setransformer_pretrained_bg_dielectric_heatmap.pdf Graphic file 
(type pdf)
<use heatmaps/setransformer_pretrained_bg_dielectric_heatmap.pdf>
Package pdftex.def Info: heatmaps/setransformer_pretrained_bg_dielectric_heatma
p.pdf  used on input line 1012.
(pdftex.def)             Requested size: 155.24895pt x 116.43451pt.

Underfull \hbox (badness 2486) in paragraph at lines 1013--1013
[]\OT1/cmr/m/n/9 (b) |SE-Trans-former Component-wise
 []

<heatmaps/segnn_pretrained_bg_dielectric_heatmap.pdf, id=1759, 462.52798pt x 34
6.89601pt>
File: heatmaps/segnn_pretrained_bg_dielectric_heatmap.pdf Graphic file (type pd
f)
<use heatmaps/segnn_pretrained_bg_dielectric_heatmap.pdf>
Package pdftex.def Info: heatmaps/segnn_pretrained_bg_dielectric_heatmap.pdf  u
sed on input line 1016.
(pdftex.def)             Requested size: 155.24895pt x 116.43451pt.


[33 <./heatmaps/seconv_pretrained_bg_dielectric_heatmap.pdf> <./heatmaps/setran
sformer_pretrained_bg_dielectric_heatmap.pdf> <./heatmaps/segnn_pretrained_bg_d
ielectric_heatmap.pdf>]
<heatmaps/seconv_pretrained_fe_dielectric_heatmap.pdf, id=1816, 462.52798pt x 3
46.89601pt>
File: heatmaps/seconv_pretrained_fe_dielectric_heatmap.pdf Graphic file (type p
df)
<use heatmaps/seconv_pretrained_fe_dielectric_heatmap.pdf>
Package pdftex.def Info: heatmaps/seconv_pretrained_fe_dielectric_heatmap.pdf  
used on input line 1028.
(pdftex.def)             Requested size: 155.24895pt x 116.43451pt.
<heatmaps/setransformer_pretrained_fe_dielectric_heatmap.pdf, id=1817, 462.5279
8pt x 346.89601pt>
File: heatmaps/setransformer_pretrained_fe_dielectric_heatmap.pdf Graphic file 
(type pdf)
<use heatmaps/setransformer_pretrained_fe_dielectric_heatmap.pdf>
Package pdftex.def Info: heatmaps/setransformer_pretrained_fe_dielectric_heatma
p.pdf  used on input line 1032.
(pdftex.def)             Requested size: 155.24895pt x 116.43451pt.

Underfull \hbox (badness 2486) in paragraph at lines 1033--1033
[]\OT1/cmr/m/n/9 (b) |SE-Trans-former Component-wise
 []

<heatmaps/segnn_pretrained_fe_dielectric_heatmap.pdf, id=1818, 462.52798pt x 34
6.89601pt>
File: heatmaps/segnn_pretrained_fe_dielectric_heatmap.pdf Graphic file (type pd
f)
<use heatmaps/segnn_pretrained_fe_dielectric_heatmap.pdf>
Package pdftex.def Info: heatmaps/segnn_pretrained_fe_dielectric_heatmap.pdf  u
sed on input line 1036.
(pdftex.def)             Requested size: 155.24895pt x 116.43451pt.


[34 <./heatmaps/seconv_pretrained_fe_dielectric_heatmap.pdf> <./heatmaps/setran
sformer_pretrained_fe_dielectric_heatmap.pdf> <./heatmaps/segnn_pretrained_fe_d
ielectric_heatmap.pdf>]
<heatmaps/seconv_exp_1_dielectric_heatmap.pdf, id=1878, 462.52798pt x 346.89601
pt>
File: heatmaps/seconv_exp_1_dielectric_heatmap.pdf Graphic file (type pdf)
<use heatmaps/seconv_exp_1_dielectric_heatmap.pdf>
Package pdftex.def Info: heatmaps/seconv_exp_1_dielectric_heatmap.pdf  used on 
input line 1049.
(pdftex.def)             Requested size: 155.24895pt x 116.43451pt.
<heatmaps/setransformer_exp_1_dielectric_heatmap.pdf, id=1879, 462.52798pt x 34
6.89601pt>
File: heatmaps/setransformer_exp_1_dielectric_heatmap.pdf Graphic file (type pd
f)
<use heatmaps/setransformer_exp_1_dielectric_heatmap.pdf>
Package pdftex.def Info: heatmaps/setransformer_exp_1_dielectric_heatmap.pdf  u
sed on input line 1053.
(pdftex.def)             Requested size: 155.24895pt x 116.43451pt.

Underfull \hbox (badness 2486) in paragraph at lines 1054--1054
[]\OT1/cmr/m/n/9 (b) |SE-Trans-former Component-wise
 []

<heatmaps/segnn_exp_1_dielectric_heatmap.pdf, id=1880, 462.52798pt x 346.89601p
t>
File: heatmaps/segnn_exp_1_dielectric_heatmap.pdf Graphic file (type pdf)
<use heatmaps/segnn_exp_1_dielectric_heatmap.pdf>
Package pdftex.def Info: heatmaps/segnn_exp_1_dielectric_heatmap.pdf  used on i
nput line 1057.
(pdftex.def)             Requested size: 155.24895pt x 116.43451pt.


[35 <./heatmaps/seconv_exp_1_dielectric_heatmap.pdf> <./heatmaps/setransformer_
exp_1_dielectric_heatmap.pdf> <./heatmaps/segnn_exp_1_dielectric_heatmap.pdf>]
<heatmaps/seconv_exp_1_fe_dielectric_heatmap.pdf, id=1938, 462.52798pt x 346.89
601pt>
File: heatmaps/seconv_exp_1_fe_dielectric_heatmap.pdf Graphic file (type pdf)
<use heatmaps/seconv_exp_1_fe_dielectric_heatmap.pdf>
Package pdftex.def Info: heatmaps/seconv_exp_1_fe_dielectric_heatmap.pdf  used 
on input line 1069.
(pdftex.def)             Requested size: 155.24895pt x 116.43451pt.
<heatmaps/setransformer_exp_1_fe_dielectric_heatmap.pdf, id=1939, 462.52798pt x
 346.89601pt>
File: heatmaps/setransformer_exp_1_fe_dielectric_heatmap.pdf Graphic file (type
 pdf)
<use heatmaps/setransformer_exp_1_fe_dielectric_heatmap.pdf>
Package pdftex.def Info: heatmaps/setransformer_exp_1_fe_dielectric_heatmap.pdf
  used on input line 1073.
(pdftex.def)             Requested size: 155.24895pt x 116.43451pt.

Underfull \hbox (badness 2486) in paragraph at lines 1074--1074
[]\OT1/cmr/m/n/9 (b) |SE-Trans-former Component-wise
 []

<heatmaps/segnn_exp_1_fe_dielectric_heatmap.pdf, id=1940, 462.52798pt x 346.896
01pt>
File: heatmaps/segnn_exp_1_fe_dielectric_heatmap.pdf Graphic file (type pdf)
<use heatmaps/segnn_exp_1_fe_dielectric_heatmap.pdf>
Package pdftex.def Info: heatmaps/segnn_exp_1_fe_dielectric_heatmap.pdf  used o
n input line 1077.
(pdftex.def)             Requested size: 155.24895pt x 116.43451pt.


[36 <./heatmaps/seconv_exp_1_fe_dielectric_heatmap.pdf> <./heatmaps/setransform
er_exp_1_fe_dielectric_heatmap.pdf> <./heatmaps/segnn_exp_1_fe_dielectric_heatm
ap.pdf>]
<heatmaps/seconv_pretrained_bg_piezoelectric_heatmap.pdf, id=1999, 462.52798pt 
x 346.89601pt>
File: heatmaps/seconv_pretrained_bg_piezoelectric_heatmap.pdf Graphic file (typ
e pdf)
<use heatmaps/seconv_pretrained_bg_piezoelectric_heatmap.pdf>
Package pdftex.def Info: heatmaps/seconv_pretrained_bg_piezoelectric_heatmap.pd
f  used on input line 1092.
(pdftex.def)             Requested size: 155.24895pt x 116.43451pt.
<heatmaps/setransformer_pretrained_bg_piezoelectric_heatmap.pdf, id=2000, 462.5
2798pt x 346.89601pt>
File: heatmaps/setransformer_pretrained_bg_piezoelectric_heatmap.pdf Graphic fi
le (type pdf)
<use heatmaps/setransformer_pretrained_bg_piezoelectric_heatmap.pdf>
Package pdftex.def Info: heatmaps/setransformer_pretrained_bg_piezoelectric_hea
tmap.pdf  used on input line 1096.
(pdftex.def)             Requested size: 155.24895pt x 116.43451pt.

Underfull \hbox (badness 2486) in paragraph at lines 1097--1097
[]\OT1/cmr/m/n/9 (b) |SE-Trans-former Component-wise
 []

<heatmaps/segnn_pretrained_bg_piezoelectric_heatmap.pdf, id=2001, 462.52798pt x
 346.89601pt>
File: heatmaps/segnn_pretrained_bg_piezoelectric_heatmap.pdf Graphic file (type
 pdf)
<use heatmaps/segnn_pretrained_bg_piezoelectric_heatmap.pdf>
Package pdftex.def Info: heatmaps/segnn_pretrained_bg_piezoelectric_heatmap.pdf
  used on input line 1100.
(pdftex.def)             Requested size: 155.24895pt x 116.43451pt.


[37 <./heatmaps/seconv_pretrained_bg_piezoelectric_heatmap.pdf> <./heatmaps/set
ransformer_pretrained_bg_piezoelectric_heatmap.pdf> <./heatmaps/segnn_pretraine
d_bg_piezoelectric_heatmap.pdf>]
<heatmaps/seconv_pretrained_fe_piezoelectric_heatmap.pdf, id=2059, 462.52798pt 
x 346.89601pt>
File: heatmaps/seconv_pretrained_fe_piezoelectric_heatmap.pdf Graphic file (typ
e pdf)
<use heatmaps/seconv_pretrained_fe_piezoelectric_heatmap.pdf>
Package pdftex.def Info: heatmaps/seconv_pretrained_fe_piezoelectric_heatmap.pd
f  used on input line 1112.
(pdftex.def)             Requested size: 155.24895pt x 116.43451pt.
<heatmaps/setransformer_pretrained_fe_piezoelectric_heatmap.pdf, id=2060, 462.5
2798pt x 346.89601pt>
File: heatmaps/setransformer_pretrained_fe_piezoelectric_heatmap.pdf Graphic fi
le (type pdf)
<use heatmaps/setransformer_pretrained_fe_piezoelectric_heatmap.pdf>
Package pdftex.def Info: heatmaps/setransformer_pretrained_fe_piezoelectric_hea
tmap.pdf  used on input line 1116.
(pdftex.def)             Requested size: 155.24895pt x 116.43451pt.

Underfull \hbox (badness 2486) in paragraph at lines 1117--1117
[]\OT1/cmr/m/n/9 (b) |SE-Trans-former Component-wise
 []

<heatmaps/segnn_pretrained_fe_piezoelectric_heatmap.pdf, id=2061, 462.52798pt x
 346.89601pt>
File: heatmaps/segnn_pretrained_fe_piezoelectric_heatmap.pdf Graphic file (type
 pdf)
<use heatmaps/segnn_pretrained_fe_piezoelectric_heatmap.pdf>
Package pdftex.def Info: heatmaps/segnn_pretrained_fe_piezoelectric_heatmap.pdf
  used on input line 1120.
(pdftex.def)             Requested size: 155.24895pt x 116.43451pt.


[38 <./heatmaps/seconv_pretrained_fe_piezoelectric_heatmap.pdf> <./heatmaps/set
ransformer_pretrained_fe_piezoelectric_heatmap.pdf> <./heatmaps/segnn_pretraine
d_fe_piezoelectric_heatmap.pdf>]
<heatmaps/seconv_exp_1_piezoelectric_heatmap.pdf, id=2116, 462.52798pt x 346.89
601pt>
File: heatmaps/seconv_exp_1_piezoelectric_heatmap.pdf Graphic file (type pdf)
<use heatmaps/seconv_exp_1_piezoelectric_heatmap.pdf>
Package pdftex.def Info: heatmaps/seconv_exp_1_piezoelectric_heatmap.pdf  used 
on input line 1134.
(pdftex.def)             Requested size: 155.24895pt x 116.43451pt.
<heatmaps/setransformer_exp_1_piezoelectric_heatmap.pdf, id=2117, 462.52798pt x
 346.89601pt>
File: heatmaps/setransformer_exp_1_piezoelectric_heatmap.pdf Graphic file (type
 pdf)
<use heatmaps/setransformer_exp_1_piezoelectric_heatmap.pdf>
Package pdftex.def Info: heatmaps/setransformer_exp_1_piezoelectric_heatmap.pdf
  used on input line 1138.
(pdftex.def)             Requested size: 155.24895pt x 116.43451pt.

Underfull \hbox (badness 2486) in paragraph at lines 1139--1139
[]\OT1/cmr/m/n/9 (b) |SE-Trans-former Component-wise
 []

<heatmaps/segnn_exp_1_piezoelectric_heatmap.pdf, id=2118, 462.52798pt x 346.896
01pt>
File: heatmaps/segnn_exp_1_piezoelectric_heatmap.pdf Graphic file (type pdf)
<use heatmaps/segnn_exp_1_piezoelectric_heatmap.pdf>
Package pdftex.def Info: heatmaps/segnn_exp_1_piezoelectric_heatmap.pdf  used o
n input line 1142.
(pdftex.def)             Requested size: 155.24895pt x 116.43451pt.


[39 <./heatmaps/seconv_exp_1_piezoelectric_heatmap.pdf> <./heatmaps/setransform
er_exp_1_piezoelectric_heatmap.pdf> <./heatmaps/segnn_exp_1_piezoelectric_heatm
ap.pdf>]
<heatmaps/seconv_exp_1_fe_piezoelectric_heatmap.pdf, id=2175, 462.52798pt x 346
.89601pt>
File: heatmaps/seconv_exp_1_fe_piezoelectric_heatmap.pdf Graphic file (type pdf
)
<use heatmaps/seconv_exp_1_fe_piezoelectric_heatmap.pdf>
Package pdftex.def Info: heatmaps/seconv_exp_1_fe_piezoelectric_heatmap.pdf  us
ed on input line 1154.
(pdftex.def)             Requested size: 155.24895pt x 116.43451pt.
<heatmaps/setransformer_exp_1_fe_piezoelectric_heatmap.pdf, id=2176, 462.52798p
t x 346.89601pt>
File: heatmaps/setransformer_exp_1_fe_piezoelectric_heatmap.pdf Graphic file (t
ype pdf)
<use heatmaps/setransformer_exp_1_fe_piezoelectric_heatmap.pdf>
Package pdftex.def Info: heatmaps/setransformer_exp_1_fe_piezoelectric_heatmap.
pdf  used on input line 1158.
(pdftex.def)             Requested size: 155.24895pt x 116.43451pt.

Underfull \hbox (badness 2486) in paragraph at lines 1159--1159
[]\OT1/cmr/m/n/9 (b) |SE-Trans-former Component-wise
 []

<heatmaps/segnn_exp_1_fe_piezoelectric_heatmap.pdf, id=2177, 462.52798pt x 346.
89601pt>
File: heatmaps/segnn_exp_1_fe_piezoelectric_heatmap.pdf Graphic file (type pdf)

<use heatmaps/segnn_exp_1_fe_piezoelectric_heatmap.pdf>
Package pdftex.def Info: heatmaps/segnn_exp_1_fe_piezoelectric_heatmap.pdf  use
d on input line 1162.
(pdftex.def)             Requested size: 155.24895pt x 116.43451pt.


[40 <./heatmaps/seconv_exp_1_fe_piezoelectric_heatmap.pdf> <./heatmaps/setransf
ormer_exp_1_fe_piezoelectric_heatmap.pdf> <./heatmaps/segnn_exp_1_fe_piezoelect
ric_heatmap.pdf>]
<heatmaps/seconv_exp_2_piezoelectric_heatmap.pdf, id=2234, 462.52798pt x 346.89
601pt>
File: heatmaps/seconv_exp_2_piezoelectric_heatmap.pdf Graphic file (type pdf)
<use heatmaps/seconv_exp_2_piezoelectric_heatmap.pdf>
Package pdftex.def Info: heatmaps/seconv_exp_2_piezoelectric_heatmap.pdf  used 
on input line 1176.
(pdftex.def)             Requested size: 155.24895pt x 116.43451pt.
<heatmaps/setransformer_exp_2_piezoelectric_heatmap.pdf, id=2235, 462.52798pt x
 346.89601pt>
File: heatmaps/setransformer_exp_2_piezoelectric_heatmap.pdf Graphic file (type
 pdf)
<use heatmaps/setransformer_exp_2_piezoelectric_heatmap.pdf>
Package pdftex.def Info: heatmaps/setransformer_exp_2_piezoelectric_heatmap.pdf
  used on input line 1180.
(pdftex.def)             Requested size: 155.24895pt x 116.43451pt.

Underfull \hbox (badness 2486) in paragraph at lines 1181--1181
[]\OT1/cmr/m/n/9 (b) |SE-Trans-former Component-wise
 []

<heatmaps/segnn_exp_2_piezoelectric_heatmap.pdf, id=2236, 462.52798pt x 346.896
01pt>
File: heatmaps/segnn_exp_2_piezoelectric_heatmap.pdf Graphic file (type pdf)
<use heatmaps/segnn_exp_2_piezoelectric_heatmap.pdf>
Package pdftex.def Info: heatmaps/segnn_exp_2_piezoelectric_heatmap.pdf  used o
n input line 1184.
(pdftex.def)             Requested size: 155.24895pt x 116.43451pt.


[41 <./heatmaps/seconv_exp_2_piezoelectric_heatmap.pdf> <./heatmaps/setransform
er_exp_2_piezoelectric_heatmap.pdf> <./heatmaps/segnn_exp_2_piezoelectric_heatm
ap.pdf>]
<heatmaps/seconv_exp_2_fe_piezoelectric_heatmap.pdf, id=2292, 462.52798pt x 346
.89601pt>
File: heatmaps/seconv_exp_2_fe_piezoelectric_heatmap.pdf Graphic file (type pdf
)
<use heatmaps/seconv_exp_2_fe_piezoelectric_heatmap.pdf>
Package pdftex.def Info: heatmaps/seconv_exp_2_fe_piezoelectric_heatmap.pdf  us
ed on input line 1196.
(pdftex.def)             Requested size: 155.24895pt x 116.43451pt.
<heatmaps/setransformer_exp_2_fe_piezoelectric_heatmap.pdf, id=2293, 462.52798p
t x 346.89601pt>
File: heatmaps/setransformer_exp_2_fe_piezoelectric_heatmap.pdf Graphic file (t
ype pdf)
<use heatmaps/setransformer_exp_2_fe_piezoelectric_heatmap.pdf>
Package pdftex.def Info: heatmaps/setransformer_exp_2_fe_piezoelectric_heatmap.
pdf  used on input line 1200.
(pdftex.def)             Requested size: 155.24895pt x 116.43451pt.

Underfull \hbox (badness 2486) in paragraph at lines 1201--1201
[]\OT1/cmr/m/n/9 (b) |SE-Trans-former Component-wise
 []

<heatmaps/segnn_exp_2_fe_piezoelectric_heatmap.pdf, id=2294, 462.52798pt x 346.
89601pt>
File: heatmaps/segnn_exp_2_fe_piezoelectric_heatmap.pdf Graphic file (type pdf)

<use heatmaps/segnn_exp_2_fe_piezoelectric_heatmap.pdf>
Package pdftex.def Info: heatmaps/segnn_exp_2_fe_piezoelectric_heatmap.pdf  use
d on input line 1204.
(pdftex.def)             Requested size: 155.24895pt x 116.43451pt.


[42 <./heatmaps/seconv_exp_2_fe_piezoelectric_heatmap.pdf> <./heatmaps/setransf
ormer_exp_2_fe_piezoelectric_heatmap.pdf> <./heatmaps/segnn_exp_2_fe_piezoelect
ric_heatmap.pdf>]
<heatmaps/seconv_exp_3_piezoelectric_heatmap.pdf, id=2351, 462.52798pt x 346.89
601pt>
File: heatmaps/seconv_exp_3_piezoelectric_heatmap.pdf Graphic file (type pdf)
<use heatmaps/seconv_exp_3_piezoelectric_heatmap.pdf>
Package pdftex.def Info: heatmaps/seconv_exp_3_piezoelectric_heatmap.pdf  used 
on input line 1218.
(pdftex.def)             Requested size: 155.24895pt x 116.43451pt.
<heatmaps/setransformer_exp_3_piezoelectric_heatmap.pdf, id=2352, 462.52798pt x
 346.89601pt>
File: heatmaps/setransformer_exp_3_piezoelectric_heatmap.pdf Graphic file (type
 pdf)
<use heatmaps/setransformer_exp_3_piezoelectric_heatmap.pdf>
Package pdftex.def Info: heatmaps/setransformer_exp_3_piezoelectric_heatmap.pdf
  used on input line 1222.
(pdftex.def)             Requested size: 155.24895pt x 116.43451pt.

Underfull \hbox (badness 2486) in paragraph at lines 1223--1223
[]\OT1/cmr/m/n/9 (b) |SE-Trans-former Component-wise
 []

<heatmaps/segnn_exp_3_piezoelectric_heatmap.pdf, id=2353, 462.52798pt x 346.896
01pt>
File: heatmaps/segnn_exp_3_piezoelectric_heatmap.pdf Graphic file (type pdf)
<use heatmaps/segnn_exp_3_piezoelectric_heatmap.pdf>
Package pdftex.def Info: heatmaps/segnn_exp_3_piezoelectric_heatmap.pdf  used o
n input line 1226.
(pdftex.def)             Requested size: 155.24895pt x 116.43451pt.


[43 <./heatmaps/seconv_exp_3_piezoelectric_heatmap.pdf> <./heatmaps/setransform
er_exp_3_piezoelectric_heatmap.pdf> <./heatmaps/segnn_exp_3_piezoelectric_heatm
ap.pdf>]
<heatmaps/seconv_exp_3_fe_piezoelectric_heatmap.pdf, id=2412, 462.52798pt x 346
.89601pt>
File: heatmaps/seconv_exp_3_fe_piezoelectric_heatmap.pdf Graphic file (type pdf
)
<use heatmaps/seconv_exp_3_fe_piezoelectric_heatmap.pdf>
Package pdftex.def Info: heatmaps/seconv_exp_3_fe_piezoelectric_heatmap.pdf  us
ed on input line 1238.
(pdftex.def)             Requested size: 155.24895pt x 116.43451pt.
<heatmaps/setransformer_exp_3_fe_piezoelectric_heatmap.pdf, id=2413, 462.52798p
t x 346.89601pt>
File: heatmaps/setransformer_exp_3_fe_piezoelectric_heatmap.pdf Graphic file (t
ype pdf)
<use heatmaps/setransformer_exp_3_fe_piezoelectric_heatmap.pdf>
Package pdftex.def Info: heatmaps/setransformer_exp_3_fe_piezoelectric_heatmap.
pdf  used on input line 1242.
(pdftex.def)             Requested size: 155.24895pt x 116.43451pt.

Underfull \hbox (badness 2486) in paragraph at lines 1243--1243
[]\OT1/cmr/m/n/9 (b) |SE-Trans-former Component-wise
 []

<heatmaps/segnn_exp_3_fe_piezoelectric_heatmap.pdf, id=2414, 462.52798pt x 346.
89601pt>
File: heatmaps/segnn_exp_3_fe_piezoelectric_heatmap.pdf Graphic file (type pdf)

<use heatmaps/segnn_exp_3_fe_piezoelectric_heatmap.pdf>
Package pdftex.def Info: heatmaps/segnn_exp_3_fe_piezoelectric_heatmap.pdf  use
d on input line 1246.
(pdftex.def)             Requested size: 155.24895pt x 116.43451pt.


[44 <./heatmaps/seconv_exp_3_fe_piezoelectric_heatmap.pdf> <./heatmaps/setransf
ormer_exp_3_fe_piezoelectric_heatmap.pdf> <./heatmaps/segnn_exp_3_fe_piezoelect
ric_heatmap.pdf>]

[45]

[46] (./main.aux)
 ***********
LaTeX2e <2024-11-01>
L3 programming layer <2024-11-02>
 ***********


LaTeX Warning: There were undefined references.

Package rerunfilecheck Info: File `main.out' has not changed.
(rerunfilecheck)             Checksum: 6921A5F0FF20B8C822DED07822D41C2D;11963.

Package biblatex Warning: Please (re)run Biber on the file:
(biblatex)                main
(biblatex)                and rerun LaTeX afterwards.

Package logreq Info: Writing requests to 'main.run.xml'.
\openout1 = `main.run.xml'.

 ) 
Here is how much of TeX's memory you used:
 21429 strings out of 473362
 398207 string characters out of 5725051
 1206106 words of memory out of 5000000
 44212 multiletter control sequences out of 15000+600000
 570415 words of font info for 82 fonts, out of 8000000 for 9000
 1141 hyphenation exceptions out of 8191
 67i,14n,81p,1382b,1517s stack positions out of 10000i,1000n,20000p,200000b,200000s

pdfTeX warning (dest): name{https://github.com/qmatyanlab/Transfer-Learning-For
-Complex-Crystal-Properties} has been referenced but does not exist, replaced b
y a fixed one

<c:/texlive/2024/texmf-dist/fonts/type1/public/amsfonts/cm/cmbx10.pfb><c:/texli
ve/2024/texmf-dist/fonts/type1/public/amsfonts/cm/cmbx12.pfb><c:/texlive/2024/t
exmf-dist/fonts/type1/public/amsfonts/cm/cmbx9.pfb><c:/texlive/2024/texmf-dist/
fonts/type1/public/amsfonts/cm/cmex10.pfb><c:/texlive/2024/texmf-dist/fonts/typ
e1/public/amsfonts/cmextra/cmex8.pfb><c:/texlive/2024/texmf-dist/fonts/type1/pu
blic/amsfonts/cm/cmmi10.pfb><c:/texlive/2024/texmf-dist/fonts/type1/public/amsf
onts/cm/cmmi12.pfb><c:/texlive/2024/texmf-dist/fonts/type1/public/amsfonts/cm/c
mmi5.pfb><c:/texlive/2024/texmf-dist/fonts/type1/public/amsfonts/cm/cmmi6.pfb><
c:/texlive/2024/texmf-dist/fonts/type1/public/amsfonts/cm/cmmi7.pfb><c:/texlive
/2024/texmf-dist/fonts/type1/public/amsfonts/cm/cmmi8.pfb><c:/texlive/2024/texm
f-dist/fonts/type1/public/amsfonts/cm/cmr10.pfb><c:/texlive/2024/texmf-dist/fon
ts/type1/public/amsfonts/cm/cmr12.pfb><c:/texlive/2024/texmf-dist/fonts/type1/p
ublic/amsfonts/cm/cmr17.pfb><c:/texlive/2024/texmf-dist/fonts/type1/public/amsf
onts/cm/cmr5.pfb><c:/texlive/2024/texmf-dist/fonts/type1/public/amsfonts/cm/cmr
6.pfb><c:/texlive/2024/texmf-dist/fonts/type1/public/amsfonts/cm/cmr7.pfb><c:/t
exlive/2024/texmf-dist/fonts/type1/public/amsfonts/cm/cmr8.pfb><c:/texlive/2024
/texmf-dist/fonts/type1/public/amsfonts/cm/cmr9.pfb><c:/texlive/2024/texmf-dist
/fonts/type1/public/amsfonts/cm/cmsy10.pfb><c:/texlive/2024/texmf-dist/fonts/ty
pe1/public/amsfonts/cm/cmsy5.pfb><c:/texlive/2024/texmf-dist/fonts/type1/public
/amsfonts/cm/cmsy6.pfb><c:/texlive/2024/texmf-dist/fonts/type1/public/amsfonts/
cm/cmsy7.pfb><c:/texlive/2024/texmf-dist/fonts/type1/public/amsfonts/cm/cmsy8.p
fb><c:/texlive/2024/texmf-dist/fonts/type1/public/amsfonts/cm/cmti10.pfb><c:/te
xlive/2024/texmf-dist/fonts/type1/public/amsfonts/cm/cmti9.pfb><c:/texlive/2024
/texmf-dist/fonts/type1/public/amsfonts/symbols/msbm10.pfb>
Output written on main.pdf (46 pages, 1466457 bytes).
PDF statistics:
 2624 PDF objects out of 2984 (max. 8388607)
 1419 compressed objects within 15 object streams
 128 named destinations out of 1000 (max. 500000)
 801 words of extra memory for PDF output out of 10000 (max. 10000000)

