This is LuaHBTeX, Version 1.13.0 (MiKTeX 21.1) (format=lualatex 2022.11.17)  2 JUN 2024 16:19
 restricted system commands enabled.
**rewrite_1.tex
(./rewrite_1.tex
LaTeX2e <2020-10-01> patch level 4
Lua module: luaotfload 2021-01-08 3.17 Lua based OpenType font support
Lua module: lualibs 2020-12-30 2.73 ConTeXt Lua standard libraries.
Lua module: lualibs-extended 2020-12-30 2.73 ConTeXt Lua libraries -- extended c
ollection.
luaotfload | conf : Root cache directory is "C:/Users/ajh01/AppData/Local/MiKTeX
/2.9/luatex-cache/generic/names".
luaotfload | init : Loading fontloader "fontloader-2021-01-07.lua" from kpse-res
olved path "C:/Program Files/MiKTeX 2.9/tex/luatex/luaotfload/fontloader-2021-01
-07.lua".
Lua-only attribute luaotfload@noligature = 1
Lua-only attribute luaotfload@syllabe = 2
luaotfload | init : Context OpenType loader version 0x1.8e76c8b439581p+1
Inserting `luaotfload.node_processor' at position 1 in `pre_linebreak_filter'.
Inserting `luaotfload.node_processor' at position 1 in `hpack_filter'.
Inserting `luaotfload.glyph_stream' at position 1 in `glyph_stream_provider'.
Inserting `luaotfload.define_font' at position 1 in `define_font'.
Lua-only attribute luaotfload_color_attribute = 3
luaotfload | conf : Root cache directory is "C:/Users/ajh01/AppData/Local/MiKTeX
/2.9/luatex-cache/generic/names".
Inserting `luaotfload.harf.strip_prefix' at position 1 in `find_opentype_file'.
Inserting `luaotfload.harf.strip_prefix' at position 1 in `find_truetype_file'.
Inserting `luaotfload.harf.finalize_vlist' at position 1 in `post_linebreak_filt
er'.
Inserting `luaotfload.harf.finalize_hlist' at position 2 in `hpack_filter'.
Inserting `luaotfload.cleanup_files' at position 1 in `wrapup_run'.
Inserting `luaotfload.harf.finalize_unicode' at position 1 in `finish_pdffile'.
Inserting `luaotfload.glyphinfo' at position 1 in `glyph_info'.
Inserting `luaotfload.aux.set_sscale_dimens' at position 1 in `luaotfload.patch_
font'.
Inserting `luaotfload.aux.set_font_index' at position 2 in `luaotfload.patch_fon
t'.
Inserting `luaotfload.aux.patch_cambria_domh' at position 3 in `luaotfload.patch
_font'.
Inserting `luaotfload.aux.fixup_fontdata' at position 1 in `luaotfload.patch_fon
t_unsafe'.
Inserting `luaotfload.aux.set_capheight' at position 4 in `luaotfload.patch_font
'.
Inserting `luaotfload.aux.set_xheight' at position 5 in `luaotfload.patch_font'.
Inserting `luaotfload.rewrite_fontname' at position 6 in `luaotfload.patch_font'
. L3 programming layer <2021-02-06> xparse <2020-03-03>
("C:/Program Files/MiKTeX 2.9/tex/latex/base/article.cls"
Document Class: article 2020/04/10 v1.4m Standard LaTeX document class
("C:/Program Files/MiKTeX 2.9/tex/latex/base/size10.clo"
File: size10.clo 2020/04/10 v1.4m Standard LaTeX file (size option)
luaotfload | db : Font names database loaded from C:/Users/ajh01/AppData/Local/M
iKTeX/2.9/luatex-cache/generic/names/luaotfload-names.luc)
\c@part=\count173
\c@section=\count174
\c@subsection=\count175
\c@subsubsection=\count176
\c@paragraph=\count177
\c@subparagraph=\count178
\c@figure=\count179
\c@table=\count180
\abovecaptionskip=\skip47
\belowcaptionskip=\skip48
\bibindent=\dimen138
)
("C:/Program Files/MiKTeX 2.9/tex/latex/base/inputenc.sty"
Package: inputenc 2020/08/01 v1.3d Input encoding file
\inpenc@prehook=\toks15
\inpenc@posthook=\toks16


Package inputenc Warning: inputenc package ignored with utf8 based engines.

) ("C:/Program Files/MiKTeX 2.9/tex/latex/amsmath/amsmath.sty"
Package: amsmath 2020/09/23 v2.17i AMS math features
\@mathmargin=\skip49

For additional information on amsmath, use the `?' option.
("C:/Program Files/MiKTeX 2.9/tex/latex/amsmath/amstext.sty"
Package: amstext 2000/06/29 v2.01 AMS text

("C:/Program Files/MiKTeX 2.9/tex/latex/amsmath/amsgen.sty"
File: amsgen.sty 1999/11/30 v2.0 generic functions
\@emptytoks=\toks17
\ex@=\dimen139
))
("C:/Program Files/MiKTeX 2.9/tex/latex/amsmath/amsbsy.sty"
Package: amsbsy 1999/11/29 v1.2d Bold Symbols
\pmbraise@=\dimen140
)
("C:/Program Files/MiKTeX 2.9/tex/latex/amsmath/amsopn.sty"
Package: amsopn 2016/03/08 v2.02 operator names
)
\inf@bad=\count181
LaTeX Info: Redefining \frac on input line 236.
\uproot@=\count182
\leftroot@=\count183
LaTeX Info: Redefining \overline on input line 399.
\classnum@=\count184
\DOTSCASE@=\count185
LaTeX Info: Redefining \ldots on input line 496.
LaTeX Info: Redefining \dots on input line 499.
LaTeX Info: Redefining \cdots on input line 620.
\Mathstrutbox@=\box47
\strutbox@=\box48
\big@size=\dimen141
LaTeX Font Info:    Redeclaring font encoding OML on input line 743.
LaTeX Font Info:    Redeclaring font encoding OMS on input line 744.
\macc@depth=\count186
\c@MaxMatrixCols=\count187
\dotsspace@=\muskip16
\c@parentequation=\count188
\dspbrk@lvl=\count189
\tag@help=\toks18
\row@=\count190
\column@=\count191
\maxfields@=\count192
\andhelp@=\toks19
\eqnshift@=\dimen142
\alignsep@=\dimen143
\tagshift@=\dimen144
\tagwidth@=\dimen145
\totwidth@=\dimen146
\lineht@=\dimen147
\@envbody=\toks20
\multlinegap=\skip50
\multlinetaggap=\skip51
\mathdisplay@stack=\toks21
LaTeX Info: Redefining \[ on input line 2923.
LaTeX Info: Redefining \] on input line 2924.
)
("C:/Program Files/MiKTeX 2.9/tex/latex/amsfonts/amsfonts.sty"
Package: amsfonts 2013/01/14 v3.01 Basic AMSFonts support
\symAMSa=\mathgroup4
\symAMSb=\mathgroup5
LaTeX Font Info:    Redeclaring math symbol \hbar on input line 98.
LaTeX Font Info:    Overwriting math alphabet `\mathfrak' in version `bold'
(Font)                  U/euf/m/n --> U/euf/b/n on input line 106.
)
("C:/Program Files/MiKTeX 2.9/tex/latex/amsfonts/amssymb.sty"
Package: amssymb 2013/01/14 v3.01 AMS font symbols
)
("C:/Program Files/MiKTeX 2.9/tex/latex/graphics/graphicx.sty"
Package: graphicx 2020/09/09 v1.2b Enhanced LaTeX Graphics (DPC,SPQR)

("C:/Program Files/MiKTeX 2.9/tex/latex/graphics/keyval.sty"
Package: keyval 2014/10/28 v1.15 key=value parser (DPC)
\KV@toks@=\toks22
)
("C:/Program Files/MiKTeX 2.9/tex/latex/graphics/graphics.sty"
Package: graphics 2020/08/30 v1.4c Standard LaTeX Graphics (DPC,SPQR)

("C:/Program Files/MiKTeX 2.9/tex/latex/graphics/trig.sty"
Package: trig 2016/01/03 v1.10 sin cos tan (DPC)
)
("C:/Program Files/MiKTeX 2.9/tex/latex/graphics-cfg/graphics.cfg"
File: graphics.cfg 2016/06/04 v1.11 sample graphics configuration
)
Package graphics Info: Driver file: luatex.def on input line 105.

("C:/Program Files/MiKTeX 2.9/tex/latex/graphics-def/luatex.def"
File: luatex.def 2020/10/05 v1.2a Graphics/color driver for luatex
))
\Gin@req@height=\dimen148
\Gin@req@width=\dimen149
)
("C:/Program Files/MiKTeX 2.9/tex/latex/preprint/fullpage.sty"
Package: fullpage 1999/02/23 1.1 (PWD)
\FP@margin=\skip52
)
("C:/Program Files/MiKTeX 2.9/tex/latex/l3backend/l3backend-luatex.def"
File: l3backend-luatex.def 2021-02-06 L3 backend support: PDF output (LuaTeX)
\l__color_backend_stack_int=\count193
\l__pdf_internal_box=\box49
)
(./rewrite_1.aux)
\openout1 = rewrite_1.aux

LaTeX Font Info:    Checking defaults for OML/cmm/m/it on input line 21.
LaTeX Font Info:    ... okay on input line 21.
LaTeX Font Info:    Checking defaults for OMS/cmsy/m/n on input line 21.
LaTeX Font Info:    ... okay on input line 21.
LaTeX Font Info:    Checking defaults for OT1/cmr/m/n on input line 21.
LaTeX Font Info:    ... okay on input line 21.
LaTeX Font Info:    Checking defaults for T1/cmr/m/n on input line 21.
LaTeX Font Info:    ... okay on input line 21.
LaTeX Font Info:    Checking defaults for TS1/cmr/m/n on input line 21.
LaTeX Font Info:    Trying to load font information for TS1+cmr on input line 2
1.
 ("C:/Program Files/MiKTeX 2.9/tex/latex/base/ts1cmr.fd"
File: ts1cmr.fd 2019/12/16 v2.5j Standard LaTeX font definitions
)
LaTeX Font Info:    ... okay on input line 21.
LaTeX Font Info:    Checking defaults for TU/lmr/m/n on input line 21.
LaTeX Font Info:    ... okay on input line 21.
LaTeX Font Info:    Checking defaults for OMX/cmex/m/n on input line 21.
LaTeX Font Info:    ... okay on input line 21.
LaTeX Font Info:    Checking defaults for U/cmr/m/n on input line 21.
LaTeX Font Info:    ... okay on input line 21.

("C:/Program Files/MiKTeX 2.9/tex/context/base/mkii/supp-pdf.mkii"
[Loading MPS to PDF converter (version 2006.09.02).]
\scratchcounter=\count194
\scratchdimen=\dimen150
\scratchbox=\box50
\nofMPsegments=\count195
\nofMParguments=\count196
\everyMPshowfont=\toks23
\MPscratchCnt=\count197
\MPscratchDim=\dimen151
\MPnumerator=\count198
\makeMPintoPDFobject=\count199
\everyMPtoPDFconversion=\toks24
) ("C:/Program Files/MiKTeX 2.9/tex/latex/epstopdf-pkg/epstopdf-base.sty"
Package: epstopdf-base 2020-01-24 v2.11 Base part for package epstopdf
Package epstopdf-base Info: Redefining graphics rule for `.eps' on input line 4
85.
)
LaTeX Font Info:    Trying to load font information for U+msa on input line 28.


("C:/Program Files/MiKTeX 2.9/tex/latex/amsfonts/umsa.fd"
File: umsa.fd 2013/01/14 v3.01 AMS symbols A
)
LaTeX Font Info:    Trying to load font information for U+msb on input line 28.


("C:/Program Files/MiKTeX 2.9/tex/latex/amsfonts/umsb.fd"
File: umsb.fd 2013/01/14 v3.01 AMS symbols B
)
<invariant.png, id=1, 397.98688pt x 108.90688pt>
File: invariant.png Graphic file (type png)
<use invariant.png>
Package luatex.def Info: invariant.png  used on input line 39.
(luatex.def)             Requested size: 318.38992pt x 87.1256pt.
<equivariant.png, id=2, 487.8225pt x 123.96312pt>
File: equivariant.png Graphic file (type png)
<use equivariant.png>
Package luatex.def Info: equivariant.png  used on input line 47.
(luatex.def)             Requested size: 390.25853pt x 99.17062pt.
 [1

{C:/Users/ajh01/AppData/Local/MiKTeX/2.9/pdftex/config/pdftex.map}<./invariant.p
ng>] [2<./equivariant.png>]
<rank2.png, id=28, 425.08812pt x 74.2775pt>
File: rank2.png Graphic file (type png)
<use rank2.png>
Package luatex.def Info: rank2.png  used on input line 138.
(luatex.def)             Requested size: 467.59837pt x 81.70549pt.

Overfull \hbox (14.63048pt too wide) in paragraph at lines 138--139
 [] 
 []

[3]
Overfull \hbox (8.37903pt too wide) in paragraph at lines 145--145
[]\TU/lmr/bx/n/14.4 Spher-i-cal Har-monic De-com-po-si-tion of Com-mon Ma-te-ria
l Prop-
 []

[4<./rank2.png>] [5]

LaTeX Warning: Citation `segnn' on page 6 undefined on input line 270.


LaTeX Warning: Citation `seconv' on page 6 undefined on input line 270.


LaTeX Warning: Citation `sestranform' on page 6 undefined on input line 270.


LaTeX Warning: Citation `e3nn' on page 6 undefined on input line 270.

[6]

LaTeX Warning: Citation `strainnet' on page 7 undefined on input line 290.

<segnn_default_dielectric_heatmap.pdf, id=43, 462.528pt x 346.896pt>
File: segnn_default_dielectric_heatmap.pdf Graphic file (type pdf)
<use segnn_default_dielectric_heatmap.pdf>
Package luatex.def Info: segnn_default_dielectric_heatmap.pdf  used on input li
ne 294.
(luatex.def)             Requested size: 138.75946pt x 104.0696pt.
<segnn_default_piezo_heatmap.pdf, id=44, 462.528pt x 346.896pt>
File: segnn_default_piezo_heatmap.pdf Graphic file (type pdf)
<use segnn_default_piezo_heatmap.pdf>
Package luatex.def Info: segnn_default_piezo_heatmap.pdf  used on input line 29
5.
(luatex.def)             Requested size: 138.75946pt x 104.0696pt.
<segnn_default_elastic_heatmap.pdf, id=45, 462.528pt x 346.896pt>
File: segnn_default_elastic_heatmap.pdf Graphic file (type pdf)
<use segnn_default_elastic_heatmap.pdf>
Package luatex.def Info: segnn_default_elastic_heatmap.pdf  used on input line 
296.
(luatex.def)             Requested size: 138.75946pt x 104.0696pt.

Overfull \hbox (32.30847pt too wide) in paragraph at lines 330--344
[][] 
 []

[7<./segnn_default_dielectric_heatmap.pdf><./segnn_default_piezo_heatmap.pdf><./
segnn_default_elastic_heatmap.pdf>] (./rewrite_1.bbl [8]) [9]
<rank2_young.pdf, id=120, 145.56825pt x 69.25731pt>
File: rank2_young.pdf Graphic file (type pdf)
<use rank2_young.pdf>
Package luatex.def Info: rank2_young.pdf  used on input line 388.
(luatex.def)             Requested size: 101.89706pt x 48.47977pt.
<dielectric_young.pdf, id=121, 42.98709pt x 69.25731pt>
File: dielectric_young.pdf Graphic file (type pdf)
<use dielectric_young.pdf>
Package luatex.def Info: dielectric_young.pdf  used on input line 392.
(luatex.def)             Requested size: 30.09074pt x 48.47977pt.
<youngdiagrams3.pdf, id=122, 297.77524pt x 94.85292pt>
File: youngdiagrams3.pdf Graphic file (type pdf)
<use youngdiagrams3.pdf>
Package luatex.def Info: youngdiagrams3.pdf  used on input line 398.
(luatex.def)             Requested size: 208.44124pt x 66.39658pt.
<piezo_young.pdf, id=123, 171.1245pt x 94.85292pt>
File: piezo_young.pdf Graphic file (type pdf)
<use piezo_young.pdf>
Package luatex.def Info: piezo_young.pdf  used on input line 402.
(luatex.def)             Requested size: 119.78632pt x 66.39658pt.
 [10<./rank2_young.pdf><./dielectric_young.pdf><./youngdiagrams3.pdf><./piezo_yo
ung.pdf>]
<rank4_young.pdf, id=127, 505.54851pt x 120.88507pt>
File: rank4_young.pdf Graphic file (type pdf)
<use rank4_young.pdf>
Package luatex.def Info: rank4_young.pdf  used on input line 448.
(luatex.def)             Requested size: 353.88155pt x 84.61896pt.
<elastic_young.pdf, id=128, 171.13092pt x 120.7863pt>
File: elastic_young.pdf Graphic file (type pdf)
<use elastic_young.pdf>
Package luatex.def Info: elastic_young.pdf  used on input line 452.
(luatex.def)             Requested size: 119.7908pt x 84.54982pt.

[11<./rank4_young.pdf>] [12<./elastic_young.pdf>] [13] (./rewrite_1.aux)

LaTeX Warning: There were undefined references.

)

Here is how much of LuaTeX's memory you used:
 2676 strings out of 478811
 100000,383344 words of node,token memory allocated
 874 words of node memory still in use:
   7 hlist, 2 vlist, 2 rule, 2 glue, 4 kern, 1 glyph, 100 attribute, 53 glue_spe
c, 100 attribute_list, 1 write nodes
   avail lists: 1:1,2:1237,3:187,4:19,5:544,6:37,7:8379,8:43,9:1190,10:16,11:793

 22206 multiletter control sequences out of 65536+200000
 61 fonts using 5701927 bytes
 68i,12n,71p,637b,286s stack positions out of 5000i,500n,10000p,200000b,50000s
<//?/c:/program files/miktex 2.9/fonts/opentype/public/lm/lmroman10-bold.otf><//
?/c:/program files/miktex 2.9/fonts/opentype/public/lm/lmroman10-italic.otf><//?
/c:/program files/miktex 2.9/fonts/opentype/public/lm/lmroman10-regular.otf><//?
/c:/program files/miktex 2.9/fonts/opentype/public/lm/lmroman12-bold.otf><C:/Pro
gram Files/MiKTeX 2.9/fonts/type1/public/amsfonts/cm/cmbx10.pfb><C:/Program File
s/MiKTeX 2.9/fonts/type1/public/amsfonts/cm/cmex10.pfb><C:/Program Files/MiKTeX 
2.9/fonts/type1/public/amsfonts/cm/cmmi10.pfb><C:/Program Files/MiKTeX 2.9/fonts
/type1/public/amsfonts/cm/cmmi12.pfb><C:/Program Files/MiKTeX 2.9/fonts/type1/pu
blic/amsfonts/cm/cmmi5.pfb><C:/Program Files/MiKTeX 2.9/fonts/type1/public/amsfo
nts/cm/cmmi7.pfb><C:/Program Files/MiKTeX 2.9/fonts/type1/public/amsfonts/cm/cmr
10.pfb><C:/Program Files/MiKTeX 2.9/fonts/type1/public/amsfonts/cm/cmr12.pfb><C:
/Program Files/MiKTeX 2.9/fonts/type1/public/amsfonts/cm/cmr5.pfb><C:/Program Fi
les/MiKTeX 2.9/fonts/type1/public/amsfonts/cm/cmr7.pfb><C:/Program Files/MiKTeX 
2.9/fonts/type1/public/amsfonts/cm/cmsy10.pfb><C:/Program Files/MiKTeX 2.9/fonts
/type1/public/amsfonts/cm/cmsy5.pfb><C:/Program Files/MiKTeX 2.9/fonts/type1/pub
lic/amsfonts/cm/cmsy7.pfb><C:/Program Files/MiKTeX 2.9/fonts/type1/public/amsfon
ts/symbols/msbm10.pfb>
Output written on rewrite_1.pdf (13 pages, 320748 bytes).

PDF statistics: 208 PDF objects out of 1000 (max. 8388607)
 0 named destinations out of 1000 (max. 131072)
 1 words of extra memory for PDF output out of 10000 (max. 100000000)

