This is pdfTeX, Version 3.141592653-2.6-1.40.26 (TeX Live 2024) (preloaded format=pdflatex 2024.11.8)  8 APR 2025 11:14
entering extended mode
 \write18 enabled.
 %&-line parsing enabled.
**rewrite_1.tex
(./rewrite_1.tex
LaTeX2e <2024-11-01>
L3 programming layer <2024-11-02>
(c:/texlive/2024/texmf-dist/tex/latex/base/article.cls
Document Class: article 2024/06/29 v1.4n Standard LaTeX document class
(c:/texlive/2024/texmf-dist/tex/latex/base/size10.clo
File: size10.clo 2024/06/29 v1.4n Standard LaTeX file (size option)
)
\c@part=\count196
\c@section=\count197
\c@subsection=\count198
\c@subsubsection=\count199
\c@paragraph=\count266
\c@subparagraph=\count267
\c@figure=\count268
\c@table=\count269
\abovecaptionskip=\skip49
\belowcaptionskip=\skip50
\bibindent=\dimen141
)
(c:/texlive/2024/texmf-dist/tex/latex/base/inputenc.sty
Package: inputenc 2024/02/08 v1.3d Input encoding file
\inpenc@prehook=\toks17
\inpenc@posthook=\toks18
)
(c:/texlive/2024/texmf-dist/tex/latex/amsmath/amsmath.sty
Package: amsmath 2024/11/05 v2.17t AMS math features
\@mathmargin=\skip51

For additional information on amsmath, use the `?' option.
(c:/texlive/2024/texmf-dist/tex/latex/amsmath/amstext.sty
Package: amstext 2021/08/26 v2.01 AMS text

(c:/texlive/2024/texmf-dist/tex/latex/amsmath/amsgen.sty
File: amsgen.sty 1999/11/30 v2.0 generic functions
\@emptytoks=\toks19
\ex@=\dimen142
))
(c:/texlive/2024/texmf-dist/tex/latex/amsmath/amsbsy.sty
Package: amsbsy 1999/11/29 v1.2d Bold Symbols
\pmbraise@=\dimen143
)
(c:/texlive/2024/texmf-dist/tex/latex/amsmath/amsopn.sty
Package: amsopn 2022/04/08 v2.04 operator names
)
\inf@bad=\count270
LaTeX Info: Redefining \frac on input line 233.
\uproot@=\count271
\leftroot@=\count272
LaTeX Info: Redefining \overline on input line 398.
LaTeX Info: Redefining \colon on input line 409.
\classnum@=\count273
\DOTSCASE@=\count274
LaTeX Info: Redefining \ldots on input line 495.
LaTeX Info: Redefining \dots on input line 498.
LaTeX Info: Redefining \cdots on input line 619.
\Mathstrutbox@=\box52
\strutbox@=\box53
LaTeX Info: Redefining \big on input line 721.
LaTeX Info: Redefining \Big on input line 722.
LaTeX Info: Redefining \bigg on input line 723.
LaTeX Info: Redefining \Bigg on input line 724.
\big@size=\dimen144
LaTeX Font Info:    Redeclaring font encoding OML on input line 742.
LaTeX Font Info:    Redeclaring font encoding OMS on input line 743.
\macc@depth=\count275
LaTeX Info: Redefining \bmod on input line 904.
LaTeX Info: Redefining \pmod on input line 909.
LaTeX Info: Redefining \smash on input line 939.
LaTeX Info: Redefining \relbar on input line 969.
LaTeX Info: Redefining \Relbar on input line 970.
\c@MaxMatrixCols=\count276
\dotsspace@=\muskip17
\c@parentequation=\count277
\dspbrk@lvl=\count278
\tag@help=\toks20
\row@=\count279
\column@=\count280
\maxfields@=\count281
\andhelp@=\toks21
\eqnshift@=\dimen145
\alignsep@=\dimen146
\tagshift@=\dimen147
\tagwidth@=\dimen148
\totwidth@=\dimen149
\lineht@=\dimen150
\@envbody=\toks22
\multlinegap=\skip52
\multlinetaggap=\skip53
\mathdisplay@stack=\toks23
LaTeX Info: Redefining \[ on input line 2953.
LaTeX Info: Redefining \] on input line 2954.
)
(c:/texlive/2024/texmf-dist/tex/latex/amsfonts/amsfonts.sty
Package: amsfonts 2013/01/14 v3.01 Basic AMSFonts support
\symAMSa=\mathgroup4
\symAMSb=\mathgroup5
LaTeX Font Info:    Redeclaring math symbol \hbar on input line 98.
LaTeX Font Info:    Overwriting math alphabet `\mathfrak' in version `bold'
(Font)                  U/euf/m/n --> U/euf/b/n on input line 106.
)
(c:/texlive/2024/texmf-dist/tex/latex/amsfonts/amssymb.sty
Package: amssymb 2013/01/14 v3.01 AMS font symbols
)
(c:/texlive/2024/texmf-dist/tex/latex/graphics/graphicx.sty
Package: graphicx 2021/09/16 v1.2d Enhanced LaTeX Graphics (DPC,SPQR)

(c:/texlive/2024/texmf-dist/tex/latex/graphics/keyval.sty
Package: keyval 2022/05/29 v1.15 key=value parser (DPC)
\KV@toks@=\toks24
)
(c:/texlive/2024/texmf-dist/tex/latex/graphics/graphics.sty
Package: graphics 2024/08/06 v1.4g Standard LaTeX Graphics (DPC,SPQR)

(c:/texlive/2024/texmf-dist/tex/latex/graphics/trig.sty
Package: trig 2023/12/02 v1.11 sin cos tan (DPC)
)
(c:/texlive/2024/texmf-dist/tex/latex/graphics-cfg/graphics.cfg
File: graphics.cfg 2016/06/04 v1.11 sample graphics configuration
)
Package graphics Info: Driver file: pdftex.def on input line 106.

(c:/texlive/2024/texmf-dist/tex/latex/graphics-def/pdftex.def
File: pdftex.def 2024/04/13 v1.2c Graphics/color driver for pdftex
))
\Gin@req@height=\dimen151
\Gin@req@width=\dimen152
)
(c:/texlive/2024/texmf-dist/tex/latex/preprint/fullpage.sty
Package: fullpage 1999/02/23 1.1 (PWD)
\FP@margin=\skip54
)
(c:/texlive/2024/texmf-dist/tex/latex/l3backend/l3backend-pdftex.def
File: l3backend-pdftex.def 2024-05-08 L3 backend support: PDF output (pdfTeX)
\l__color_backend_stack_int=\count282
\l__pdf_internal_box=\box54
)
(./rewrite_1.aux)
\openout1 = `rewrite_1.aux'.

LaTeX Font Info:    Checking defaults for OML/cmm/m/it on input line 21.
LaTeX Font Info:    ... okay on input line 21.
LaTeX Font Info:    Checking defaults for OMS/cmsy/m/n on input line 21.
LaTeX Font Info:    ... okay on input line 21.
LaTeX Font Info:    Checking defaults for OT1/cmr/m/n on input line 21.
LaTeX Font Info:    ... okay on input line 21.
LaTeX Font Info:    Checking defaults for T1/cmr/m/n on input line 21.
LaTeX Font Info:    ... okay on input line 21.
LaTeX Font Info:    Checking defaults for TS1/cmr/m/n on input line 21.
LaTeX Font Info:    ... okay on input line 21.
LaTeX Font Info:    Checking defaults for OMX/cmex/m/n on input line 21.
LaTeX Font Info:    ... okay on input line 21.
LaTeX Font Info:    Checking defaults for U/cmr/m/n on input line 21.
LaTeX Font Info:    ... okay on input line 21.

(c:/texlive/2024/texmf-dist/tex/context/base/mkii/supp-pdf.mkii
[Loading MPS to PDF converter (version 2006.09.02).]
\scratchcounter=\count283
\scratchdimen=\dimen153
\scratchbox=\box55
\nofMPsegments=\count284
\nofMParguments=\count285
\everyMPshowfont=\toks25
\MPscratchCnt=\count286
\MPscratchDim=\dimen154
\MPnumerator=\count287
\makeMPintoPDFobject=\count288
\everyMPtoPDFconversion=\toks26
) (c:/texlive/2024/texmf-dist/tex/latex/epstopdf-pkg/epstopdf-base.sty
Package: epstopdf-base 2020-01-24 v2.11 Base part for package epstopdf
Package epstopdf-base Info: Redefining graphics rule for `.eps' on input line 4
85.

(c:/texlive/2024/texmf-dist/tex/latex/latexconfig/epstopdf-sys.cfg
File: epstopdf-sys.cfg 2010/07/13 v1.3 Configuration of (r)epstopdf for TeX Liv
e
))
LaTeX Font Info:    Trying to load font information for U+msa on input line 28.


(c:/texlive/2024/texmf-dist/tex/latex/amsfonts/umsa.fd
File: umsa.fd 2013/01/14 v3.01 AMS symbols A
)
LaTeX Font Info:    Trying to load font information for U+msb on input line 28.


(c:/texlive/2024/texmf-dist/tex/latex/amsfonts/umsb.fd
File: umsb.fd 2013/01/14 v3.01 AMS symbols B
)
<invariant.png, id=1, 397.98688pt x 108.90688pt>
File: invariant.png Graphic file (type png)
<use invariant.png>
Package pdftex.def Info: invariant.png  used on input line 39.
(pdftex.def)             Requested size: 318.38992pt x 87.1256pt.
<equivariant.png, id=3, 487.8225pt x 123.96312pt>
File: equivariant.png Graphic file (type png)
<use equivariant.png>
Package pdftex.def Info: equivariant.png  used on input line 47.
(pdftex.def)             Requested size: 390.25853pt x 99.17062pt.


[1

{c:/texlive/2024/texmf-var/fonts/map/pdftex/updmap/pdftex.map} <./invariant.png
>]

[2 <./equivariant.png>]
<rank2.png, id=29, 425.08812pt x 74.2775pt>
File: rank2.png Graphic file (type png)
<use rank2.png>
Package pdftex.def Info: rank2.png  used on input line 138.
(pdftex.def)             Requested size: 467.59837pt x 81.70549pt.

Overfull \hbox (14.63048pt too wide) in paragraph at lines 138--139
 [] 
 []



[3]
Overfull \hbox (9.97998pt too wide) in paragraph at lines 145--145
[]\OT1/cmr/bx/n/14.4 Spherical Har-monic De-com-po-si-tion of Com-mon Ma-te-ria
l Prop-
 []



[4 <./rank2.png>]

[5]

LaTeX Warning: Citation `segnn' on page 6 undefined on input line 270.


LaTeX Warning: Citation `seconv' on page 6 undefined on input line 270.


LaTeX Warning: Citation `sestranform' on page 6 undefined on input line 270.


LaTeX Warning: Citation `e3nn' on page 6 undefined on input line 270.



[6]
<segnn_default_dielectric_heatmap.pdf, id=44, 462.52798pt x 346.89601pt>
File: segnn_default_dielectric_heatmap.pdf Graphic file (type pdf)
<use segnn_default_dielectric_heatmap.pdf>
Package pdftex.def Info: segnn_default_dielectric_heatmap.pdf  used on input li
ne 294.
(pdftex.def)             Requested size: 138.75946pt x 104.0696pt.
<segnn_default_piezo_heatmap.pdf, id=45, 462.52798pt x 346.89601pt>
File: segnn_default_piezo_heatmap.pdf Graphic file (type pdf)
<use segnn_default_piezo_heatmap.pdf>
Package pdftex.def Info: segnn_default_piezo_heatmap.pdf  used on input line 29
5.
(pdftex.def)             Requested size: 138.75946pt x 104.0696pt.
<segnn_default_elastic_heatmap.pdf, id=46, 462.52798pt x 346.89601pt>
File: segnn_default_elastic_heatmap.pdf Graphic file (type pdf)
<use segnn_default_elastic_heatmap.pdf>
Package pdftex.def Info: segnn_default_elastic_heatmap.pdf  used on input line 
296.
(pdftex.def)             Requested size: 138.75946pt x 104.0696pt.

Overfull \hbox (34.08781pt too wide) in paragraph at lines 330--344
[][] 
 []



[7 <./segnn_default_dielectric_heatmap.pdf> <./segnn_default_piezo_heatmap.pdf>
 <./segnn_default_elastic_heatmap.pdf>] (./rewrite_1.bbl

[8{c:/texlive/2024/texmf-dist/fonts/enc/dvips/cm-super/cm-super-ts1.enc}])

[9]
<rank2_young.pdf, id=111, 145.56825pt x 69.25731pt>
File: rank2_young.pdf Graphic file (type pdf)
<use rank2_young.pdf>
Package pdftex.def Info: rank2_young.pdf  used on input line 388.
(pdftex.def)             Requested size: 101.89706pt x 48.47977pt.
<dielectric_young.pdf, id=112, 42.98709pt x 69.25731pt>
File: dielectric_young.pdf Graphic file (type pdf)
<use dielectric_young.pdf>
Package pdftex.def Info: dielectric_young.pdf  used on input line 392.
(pdftex.def)             Requested size: 30.09074pt x 48.47977pt.
<youngdiagrams3.pdf, id=113, 297.77524pt x 94.85292pt>
File: youngdiagrams3.pdf Graphic file (type pdf)
<use youngdiagrams3.pdf>
Package pdftex.def Info: youngdiagrams3.pdf  used on input line 398.
(pdftex.def)             Requested size: 208.44124pt x 66.39658pt.
<piezo_young.pdf, id=114, 171.1245pt x 94.85292pt>
File: piezo_young.pdf Graphic file (type pdf)
<use piezo_young.pdf>
Package pdftex.def Info: piezo_young.pdf  used on input line 402.
(pdftex.def)             Requested size: 119.78632pt x 66.39658pt.


[10 <./rank2_young.pdf> <./dielectric_young.pdf

pdfTeX warning: pdflatex.exe (file ./dielectric_young.pdf): PDF inclusion: mult
iple pdfs with page group included in a single page
> <./youngdiagrams3.pdf

pdfTeX warning: pdflatex.exe (file ./youngdiagrams3.pdf): PDF inclusion: multip
le pdfs with page group included in a single page
> <./piezo_young.pdf

pdfTeX warning: pdflatex.exe (file ./piezo_young.pdf): PDF inclusion: multiple 
pdfs with page group included in a single page
>]
<rank4_young.pdf, id=123, 505.54851pt x 120.88507pt>
File: rank4_young.pdf Graphic file (type pdf)
<use rank4_young.pdf>
Package pdftex.def Info: rank4_young.pdf  used on input line 448.
(pdftex.def)             Requested size: 353.88155pt x 84.61896pt.
<elastic_young.pdf, id=124, 171.13092pt x 120.7863pt>
File: elastic_young.pdf Graphic file (type pdf)
<use elastic_young.pdf>
Package pdftex.def Info: elastic_young.pdf  used on input line 452.
(pdftex.def)             Requested size: 119.7908pt x 84.54982pt.


[11 <./rank4_young.pdf>]

[12 <./elastic_young.pdf>]

[13] (./rewrite_1.aux)
 ***********
LaTeX2e <2024-11-01>
L3 programming layer <2024-11-02>
 ***********


LaTeX Warning: There were undefined references.

 ) 
Here is how much of TeX's memory you used:
 2722 strings out of 473362
 40679 string characters out of 5725051
 443979 words of memory out of 5000000
 25822 multiletter control sequences out of 15000+600000
 564531 words of font info for 60 fonts, out of 8000000 for 9000
 1141 hyphenation exceptions out of 8191
 57i,12n,65p,657b,278s stack positions out of 10000i,1000n,20000p,200000b,200000s
<c:/texlive/2024/texmf-dist/fonts/type1/public/amsfonts/cm/cmbx10.pfb><c:/tex
live/2024/texmf-dist/fonts/type1/public/amsfonts/cm/cmbx12.pfb><c:/texlive/2024
/texmf-dist/fonts/type1/public/amsfonts/cm/cmex10.pfb><c:/texlive/2024/texmf-di
st/fonts/type1/public/amsfonts/cm/cmmi10.pfb><c:/texlive/2024/texmf-dist/fonts/
type1/public/amsfonts/cm/cmmi12.pfb><c:/texlive/2024/texmf-dist/fonts/type1/pub
lic/amsfonts/cm/cmmi5.pfb><c:/texlive/2024/texmf-dist/fonts/type1/public/amsfon
ts/cm/cmmi7.pfb><c:/texlive/2024/texmf-dist/fonts/type1/public/amsfonts/cm/cmr1
0.pfb><c:/texlive/2024/texmf-dist/fonts/type1/public/amsfonts/cm/cmr12.pfb><c:/
texlive/2024/texmf-dist/fonts/type1/public/amsfonts/cm/cmr5.pfb><c:/texlive/202
4/texmf-dist/fonts/type1/public/amsfonts/cm/cmr7.pfb><c:/texlive/2024/texmf-dis
t/fonts/type1/public/amsfonts/cm/cmsy10.pfb><c:/texlive/2024/texmf-dist/fonts/t
ype1/public/amsfonts/cm/cmsy5.pfb><c:/texlive/2024/texmf-dist/fonts/type1/publi
c/amsfonts/cm/cmsy7.pfb><c:/texlive/2024/texmf-dist/fonts/type1/public/amsfonts
/cm/cmti10.pfb><c:/texlive/2024/texmf-dist/fonts/type1/public/amsfonts/symbols/
msbm10.pfb><c:/texlive/2024/texmf-dist/fonts/type1/public/cm-super/sfrm1000.pfb
>
Output written on rewrite_1.pdf (13 pages, 339577 bytes).
PDF statistics:
 212 PDF objects out of 1000 (max. 8388607)
 111 compressed objects within 2 object streams
 0 named destinations out of 1000 (max. 500000)
 61 words of extra memory for PDF output out of 10000 (max. 10000000)

