/home/qimin/anaconda3/envs/defect_cgcnn/lib/python3.8/site-packages/pymatgen/io/cif.py:1155: UserWarning: Issues encountered while parsing CIF: Some fractional coordinates rounded to ideal values to avoid issues with finite precision.
  warnings.warn("Issues encountered while parsing CIF: " + "\n".join(self.warnings))
Epoch: [0][0/12]	Time 2.572 (2.572)	Data 2.489 (2.489)	Loss 0.8316 (0.8316)	Accu 0.527 (0.527)	Precision 0.513 (0.513)	Recall 0.648 (0.648)	F1 0.572 (0.572)	AUC 0.535 (0.535)
/home/qimin/anaconda3/envs/defect_cgcnn/lib/python3.8/site-packages/pymatgen/io/cif.py:1155: UserWarning: Issues encountered while parsing CIF: Some fractional coordinates rounded to ideal values to avoid issues with finite precision.
  warnings.warn("Issues encountered while parsing CIF: " + "\n".join(self.warnings))
/home/qimin/anaconda3/envs/defect_cgcnn/lib/python3.8/site-packages/pymatgen/io/cif.py:1155: UserWarning: Issues encountered while parsing CIF: Some fractional coordinates rounded to ideal values to avoid issues with finite precision.
  warnings.warn("Issues encountered while parsing CIF: " + "\n".join(self.warnings))
/home/qimin/anaconda3/envs/defect_cgcnn/lib/python3.8/site-packages/pymatgen/io/cif.py:1155: UserWarning: Issues encountered while parsing CIF: Some fractional coordinates rounded to ideal values to avoid issues with finite precision.
  warnings.warn("Issues encountered while parsing CIF: " + "\n".join(self.warnings))
/home/qimin/anaconda3/envs/defect_cgcnn/lib/python3.8/site-packages/pymatgen/io/cif.py:1155: UserWarning: Issues encountered while parsing CIF: Some fractional coordinates rounded to ideal values to avoid issues with finite precision.
  warnings.warn("Issues encountered while parsing CIF: " + "\n".join(self.warnings))
/home/qimin/anaconda3/envs/defect_cgcnn/lib/python3.8/site-packages/pymatgen/io/cif.py:1155: UserWarning: Issues encountered while parsing CIF: Some fractional coordinates rounded to ideal values to avoid issues with finite precision.
  warnings.warn("Issues encountered while parsing CIF: " + "\n".join(self.warnings))
/home/qimin/anaconda3/envs/defect_cgcnn/lib/python3.8/site-packages/pymatgen/io/cif.py:1155: UserWarning: Issues encountered while parsing CIF: Some fractional coordinates rounded to ideal values to avoid issues with finite precision.
  warnings.warn("Issues encountered while parsing CIF: " + "\n".join(self.warnings))
/home/qimin/anaconda3/envs/defect_cgcnn/lib/python3.8/site-packages/pymatgen/io/cif.py:1155: UserWarning: Issues encountered while parsing CIF: Some fractional coordinates rounded to ideal values to avoid issues with finite precision.
  warnings.warn("Issues encountered while parsing CIF: " + "\n".join(self.warnings))
/home/qimin/anaconda3/envs/defect_cgcnn/lib/python3.8/site-packages/pymatgen/io/cif.py:1155: UserWarning: Issues encountered while parsing CIF: Some fractional coordinates rounded to ideal values to avoid issues with finite precision.
  warnings.warn("Issues encountered while parsing CIF: " + "\n".join(self.warnings))
/home/qimin/anaconda3/envs/defect_cgcnn/lib/python3.8/site-packages/pymatgen/io/cif.py:1155: UserWarning: Issues encountered while parsing CIF: Some fractional coordinates rounded to ideal values to avoid issues with finite precision.
  warnings.warn("Issues encountered while parsing CIF: " + "\n".join(self.warnings))
/home/qimin/anaconda3/envs/defect_cgcnn/lib/python3.8/site-packages/pymatgen/io/cif.py:1155: UserWarning: Issues encountered while parsing CIF: Some fractional coordinates rounded to ideal values to avoid issues with finite precision.
  warnings.warn("Issues encountered while parsing CIF: " + "\n".join(self.warnings))
Epoch: [0][10/12]	Time 2.567 (2.662)	Data 2.489 (2.582)	Loss 0.7249 (0.7985)	Accu 0.500 (0.499)	Precision 0.531 (0.507)	Recall 0.555 (0.512)	F1 0.543 (0.504)	AUC 0.498 (0.490)
/home/qimin/anaconda3/envs/defect_cgcnn/lib/python3.8/site-packages/pymatgen/io/cif.py:1155: UserWarning: Issues encountered while parsing CIF: Some fractional coordinates rounded to ideal values to avoid issues with finite precision.
  warnings.warn("Issues encountered while parsing CIF: " + "\n".join(self.warnings))
/home/qimin/anaconda3/envs/defect_cgcnn/lib/python3.8/site-packages/pymatgen/io/cif.py:1155: UserWarning: Issues encountered while parsing CIF: Some fractional coordinates rounded to ideal values to avoid issues with finite precision.
  warnings.warn("Issues encountered while parsing CIF: " + "\n".join(self.warnings))
Test: [0/2]	Time 2.525 (2.525)	Loss 0.7089 (0.7089)	Accu 0.488 (0.488)	Precision 0.488 (0.488)	Recall 1.000 (1.000)	F1 0.656 (0.656)	AUC 0.623 (0.623)
/home/qimin/anaconda3/envs/defect_cgcnn/lib/python3.8/site-packages/pymatgen/io/cif.py:1155: UserWarning: Issues encountered while parsing CIF: Some fractional coordinates rounded to ideal values to avoid issues with finite precision.
  warnings.warn("Issues encountered while parsing CIF: " + "\n".join(self.warnings))
 * AUC 0.630
Epoch: [1][0/12]	Time 0.094 (0.094)	Data 0.017 (0.017)	Loss 0.7090 (0.7090)	Accu 0.559 (0.559)	Precision 0.556 (0.556)	Recall 0.815 (0.815)	F1 0.661 (0.661)	AUC 0.541 (0.541)
Epoch: [1][10/12]	Time 0.097 (0.098)	Data 0.016 (0.017)	Loss 0.6808 (0.6976)	Accu 0.594 (0.546)	Precision 0.560 (0.557)	Recall 0.653 (0.595)	F1 0.603 (0.568)	AUC 0.600 (0.568)
/home/qimin/anaconda3/envs/defect_cgcnn/lib/python3.8/site-packages/sklearn/metrics/_classification.py:1327: UndefinedMetricWarning: Precision and F-score are ill-defined and being set to 0.0 due to no predicted samples. Use `zero_division` parameter to control this behavior.
  _warn_prf(average, modifier, msg_start, len(result))
Test: [0/2]	Time 0.032 (0.032)	Loss 0.7186 (0.7186)	Accu 0.504 (0.504)	Precision 0.000 (0.000)	Recall 0.000 (0.000)	F1 0.000 (0.000)	AUC 0.660 (0.660)
/home/qimin/anaconda3/envs/defect_cgcnn/lib/python3.8/site-packages/sklearn/metrics/_classification.py:1327: UndefinedMetricWarning: Precision and F-score are ill-defined and being set to 0.0 due to no predicted samples. Use `zero_division` parameter to control this behavior.
  _warn_prf(average, modifier, msg_start, len(result))
 * AUC 0.673
Epoch: [2][0/12]	Time 0.093 (0.093)	Data 0.013 (0.013)	Loss 0.6923 (0.6923)	Accu 0.555 (0.555)	Precision 0.695 (0.695)	Recall 0.390 (0.390)	F1 0.500 (0.500)	AUC 0.622 (0.622)
Epoch: [2][10/12]	Time 0.096 (0.096)	Data 0.014 (0.014)	Loss 0.6615 (0.6601)	Accu 0.617 (0.609)	Precision 0.624 (0.624)	Recall 0.575 (0.608)	F1 0.598 (0.608)	AUC 0.644 (0.653)
/home/qimin/anaconda3/envs/defect_cgcnn/lib/python3.8/site-packages/sklearn/metrics/_classification.py:1327: UndefinedMetricWarning: Precision and F-score are ill-defined and being set to 0.0 due to no predicted samples. Use `zero_division` parameter to control this behavior.
  _warn_prf(average, modifier, msg_start, len(result))
Test: [0/2]	Time 0.032 (0.032)	Loss 0.6932 (0.6932)	Accu 0.523 (0.523)	Precision 0.000 (0.000)	Recall 0.000 (0.000)	F1 0.000 (0.000)	AUC 0.779 (0.779)
/home/qimin/anaconda3/envs/defect_cgcnn/lib/python3.8/site-packages/sklearn/metrics/_classification.py:1327: UndefinedMetricWarning: Precision and F-score are ill-defined and being set to 0.0 due to no predicted samples. Use `zero_division` parameter to control this behavior.
  _warn_prf(average, modifier, msg_start, len(result))
 * AUC 0.767
Epoch: [3][0/12]	Time 0.092 (0.092)	Data 0.013 (0.013)	Loss 0.6456 (0.6456)	Accu 0.609 (0.609)	Precision 0.579 (0.579)	Recall 0.530 (0.530)	F1 0.554 (0.554)	AUC 0.662 (0.662)
Epoch: [3][10/12]	Time 0.097 (0.099)	Data 0.016 (0.017)	Loss 0.5882 (0.6119)	Accu 0.734 (0.656)	Precision 0.875 (0.673)	Recall 0.547 (0.673)	F1 0.673 (0.663)	AUC 0.779 (0.733)
Test: [0/2]	Time 0.034 (0.034)	Loss 0.6179 (0.6179)	Accu 0.586 (0.586)	Precision 0.939 (0.939)	Recall 0.230 (0.230)	F1 0.369 (0.369)	AUC 0.869 (0.869)
 * AUC 0.868
Epoch: [4][0/12]	Time 0.092 (0.092)	Data 0.014 (0.014)	Loss 0.5472 (0.5472)	Accu 0.746 (0.746)	Precision 0.761 (0.761)	Recall 0.706 (0.706)	F1 0.733 (0.733)	AUC 0.807 (0.807)
Epoch: [4][10/12]	Time 0.095 (0.096)	Data 0.014 (0.015)	Loss 0.4726 (0.5042)	Accu 0.770 (0.754)	Precision 0.738 (0.744)	Recall 0.836 (0.798)	F1 0.784 (0.767)	AUC 0.863 (0.848)
Test: [0/2]	Time 0.033 (0.033)	Loss 0.4279 (0.4279)	Accu 0.820 (0.820)	Precision 0.935 (0.935)	Recall 0.685 (0.685)	F1 0.791 (0.791)	AUC 0.912 (0.912)
 * AUC 0.915
Epoch: [5][0/12]	Time 0.093 (0.093)	Data 0.013 (0.013)	Loss 0.4355 (0.4355)	Accu 0.773 (0.773)	Precision 0.869 (0.869)	Recall 0.656 (0.656)	F1 0.748 (0.748)	AUC 0.899 (0.899)
Epoch: [5][10/12]	Time 0.095 (0.095)	Data 0.014 (0.014)	Loss 0.3526 (0.3878)	Accu 0.852 (0.829)	Precision 0.912 (0.860)	Recall 0.762 (0.800)	F1 0.830 (0.823)	AUC 0.927 (0.917)
Test: [0/2]	Time 0.032 (0.032)	Loss 0.3220 (0.3220)	Accu 0.859 (0.859)	Precision 0.886 (0.886)	Recall 0.795 (0.795)	F1 0.838 (0.838)	AUC 0.941 (0.941)
 * AUC 0.949
Epoch: [6][0/12]	Time 0.092 (0.092)	Data 0.013 (0.013)	Loss 0.2788 (0.2788)	Accu 0.898 (0.898)	Precision 0.941 (0.941)	Recall 0.854 (0.854)	F1 0.895 (0.895)	AUC 0.962 (0.962)
Epoch: [6][10/12]	Time 0.095 (0.097)	Data 0.014 (0.014)	Loss 0.2338 (0.2773)	Accu 0.918 (0.897)	Precision 0.904 (0.910)	Recall 0.912 (0.888)	F1 0.908 (0.898)	AUC 0.969 (0.956)
Test: [0/2]	Time 0.032 (0.032)	Loss 0.2439 (0.2439)	Accu 0.906 (0.906)	Precision 0.955 (0.955)	Recall 0.847 (0.847)	F1 0.897 (0.897)	AUC 0.969 (0.969)
 * AUC 0.973
Epoch: [7][0/12]	Time 0.091 (0.091)	Data 0.013 (0.013)	Loss 0.2135 (0.2135)	Accu 0.941 (0.941)	Precision 0.953 (0.953)	Recall 0.931 (0.931)	F1 0.942 (0.942)	AUC 0.974 (0.974)
Epoch: [7][10/12]	Time 0.097 (0.096)	Data 0.014 (0.014)	Loss 0.1999 (0.2146)	Accu 0.930 (0.926)	Precision 0.943 (0.939)	Recall 0.913 (0.913)	F1 0.928 (0.926)	AUC 0.973 (0.972)
Test: [0/2]	Time 0.033 (0.033)	Loss 0.2664 (0.2664)	Accu 0.875 (0.875)	Precision 0.920 (0.920)	Recall 0.819 (0.819)	F1 0.867 (0.867)	AUC 0.967 (0.967)
 * AUC 0.976
Epoch: [8][0/12]	Time 0.096 (0.096)	Data 0.014 (0.014)	Loss 0.1735 (0.1735)	Accu 0.934 (0.934)	Precision 0.976 (0.976)	Recall 0.897 (0.897)	F1 0.935 (0.935)	AUC 0.987 (0.987)
Epoch: [8][10/12]	Time 0.099 (0.099)	Data 0.017 (0.017)	Loss 0.1682 (0.1679)	Accu 0.953 (0.939)	Precision 0.970 (0.957)	Recall 0.942 (0.922)	F1 0.956 (0.939)	AUC 0.980 (0.983)
Test: [0/2]	Time 0.035 (0.035)	Loss 0.1526 (0.1526)	Accu 0.930 (0.930)	Precision 0.968 (0.968)	Recall 0.897 (0.897)	F1 0.931 (0.931)	AUC 0.989 (0.989)
 * AUC 0.986
Epoch: [9][0/12]	Time 0.093 (0.093)	Data 0.014 (0.014)	Loss 0.1378 (0.1378)	Accu 0.957 (0.957)	Precision 0.968 (0.968)	Recall 0.946 (0.946)	F1 0.957 (0.957)	AUC 0.988 (0.988)
Epoch: [9][10/12]	Time 0.096 (0.096)	Data 0.014 (0.014)	Loss 0.1241 (0.1357)	Accu 0.969 (0.952)	Precision 0.958 (0.965)	Recall 0.974 (0.941)	F1 0.966 (0.953)	AUC 0.988 (0.988)
Test: [0/2]	Time 0.032 (0.032)	Loss 0.1895 (0.1895)	Accu 0.945 (0.945)	Precision 0.934 (0.934)	Recall 0.950 (0.950)	F1 0.942 (0.942)	AUC 0.980 (0.980)
 * AUC 0.984
Epoch: [10][0/12]	Time 0.092 (0.092)	Data 0.013 (0.013)	Loss 0.1171 (0.1171)	Accu 0.961 (0.961)	Precision 0.984 (0.984)	Recall 0.941 (0.941)	F1 0.962 (0.962)	AUC 0.992 (0.992)
Epoch: [10][10/12]	Time 0.096 (0.096)	Data 0.014 (0.014)	Loss 0.1201 (0.1124)	Accu 0.941 (0.956)	Precision 0.976 (0.964)	Recall 0.911 (0.950)	F1 0.943 (0.957)	AUC 0.993 (0.993)
Test: [0/2]	Time 0.032 (0.032)	Loss 0.1532 (0.1532)	Accu 0.922 (0.922)	Precision 0.966 (0.966)	Recall 0.877 (0.877)	F1 0.919 (0.919)	AUC 0.990 (0.990)
 * AUC 0.990
Epoch: [11][0/12]	Time 0.092 (0.092)	Data 0.013 (0.013)	Loss 0.0818 (0.0818)	Accu 0.977 (0.977)	Precision 0.985 (0.985)	Recall 0.971 (0.971)	F1 0.978 (0.978)	AUC 0.997 (0.997)
Epoch: [11][10/12]	Time 0.095 (0.096)	Data 0.014 (0.014)	Loss 0.0864 (0.0949)	Accu 0.961 (0.965)	Precision 0.974 (0.964)	Recall 0.941 (0.967)	F1 0.957 (0.966)	AUC 0.998 (0.995)
Test: [0/2]	Time 0.032 (0.032)	Loss 0.1101 (0.1101)	Accu 0.949 (0.949)	Precision 0.975 (0.975)	Recall 0.921 (0.921)	F1 0.947 (0.947)	AUC 0.995 (0.995)
 * AUC 0.995
Epoch: [12][0/12]	Time 0.093 (0.093)	Data 0.014 (0.014)	Loss 0.0738 (0.0738)	Accu 0.969 (0.969)	Precision 0.992 (0.992)	Recall 0.946 (0.946)	F1 0.968 (0.968)	AUC 0.999 (0.999)
Epoch: [12][10/12]	Time 0.096 (0.096)	Data 0.014 (0.014)	Loss 0.1431 (0.0927)	Accu 0.953 (0.966)	Precision 0.960 (0.972)	Recall 0.945 (0.962)	F1 0.953 (0.967)	AUC 0.988 (0.996)
Test: [0/2]	Time 0.032 (0.032)	Loss 0.1213 (0.1213)	Accu 0.945 (0.945)	Precision 0.966 (0.966)	Recall 0.919 (0.919)	F1 0.942 (0.942)	AUC 0.993 (0.993)
 * AUC 0.993
Epoch: [13][0/12]	Time 0.094 (0.094)	Data 0.013 (0.013)	Loss 0.0739 (0.0739)	Accu 0.965 (0.965)	Precision 0.992 (0.992)	Recall 0.942 (0.942)	F1 0.966 (0.966)	AUC 0.998 (0.998)
Epoch: [13][10/12]	Time 0.095 (0.096)	Data 0.013 (0.014)	Loss 0.0967 (0.0830)	Accu 0.977 (0.970)	Precision 0.984 (0.981)	Recall 0.968 (0.960)	F1 0.976 (0.970)	AUC 0.992 (0.996)
Test: [0/2]	Time 0.033 (0.033)	Loss 0.1220 (0.1220)	Accu 0.949 (0.949)	Precision 0.975 (0.975)	Recall 0.920 (0.920)	F1 0.947 (0.947)	AUC 0.992 (0.992)
 * AUC 0.989
Epoch: [14][0/12]	Time 0.092 (0.092)	Data 0.014 (0.014)	Loss 0.0743 (0.0743)	Accu 0.969 (0.969)	Precision 0.962 (0.962)	Recall 0.977 (0.977)	F1 0.969 (0.969)	AUC 0.997 (0.997)
Epoch: [14][10/12]	Time 0.099 (0.098)	Data 0.017 (0.016)	Loss 0.0686 (0.0722)	Accu 0.969 (0.973)	Precision 0.985 (0.975)	Recall 0.957 (0.973)	F1 0.971 (0.974)	AUC 0.998 (0.997)
Test: [0/2]	Time 0.034 (0.034)	Loss 0.1711 (0.1711)	Accu 0.949 (0.949)	Precision 0.965 (0.965)	Recall 0.925 (0.925)	F1 0.945 (0.945)	AUC 0.982 (0.982)
 * AUC 0.983
Epoch: [15][0/12]	Time 0.093 (0.093)	Data 0.014 (0.014)	Loss 0.0670 (0.0670)	Accu 0.984 (0.984)	Precision 0.984 (0.984)	Recall 0.984 (0.984)	F1 0.984 (0.984)	AUC 0.996 (0.996)
Epoch: [15][10/12]	Time 0.097 (0.097)	Data 0.015 (0.015)	Loss 0.0538 (0.0663)	Accu 0.980 (0.977)	Precision 0.992 (0.983)	Recall 0.969 (0.972)	F1 0.980 (0.977)	AUC 0.998 (0.997)
Test: [0/2]	Time 0.033 (0.033)	Loss 0.1188 (0.1188)	Accu 0.945 (0.945)	Precision 0.953 (0.953)	Recall 0.938 (0.938)	F1 0.945 (0.945)	AUC 0.993 (0.993)
 * AUC 0.992
Epoch: [16][0/12]	Time 0.092 (0.092)	Data 0.014 (0.014)	Loss 0.0410 (0.0410)	Accu 0.984 (0.984)	Precision 0.992 (0.992)	Recall 0.978 (0.978)	F1 0.985 (0.985)	AUC 0.999 (0.999)
Epoch: [16][10/12]	Time 0.095 (0.095)	Data 0.013 (0.014)	Loss 0.0355 (0.0522)	Accu 0.996 (0.982)	Precision 0.992 (0.979)	Recall 1.000 (0.985)	F1 0.996 (0.982)	AUC 1.000 (0.998)
Test: [0/2]	Time 0.033 (0.033)	Loss 0.1094 (0.1094)	Accu 0.957 (0.957)	Precision 0.973 (0.973)	Recall 0.932 (0.932)	F1 0.952 (0.952)	AUC 0.994 (0.994)
 * AUC 0.993
Epoch: [17][0/12]	Time 0.093 (0.093)	Data 0.013 (0.013)	Loss 0.0433 (0.0433)	Accu 0.984 (0.984)	Precision 0.992 (0.992)	Recall 0.977 (0.977)	F1 0.985 (0.985)	AUC 0.999 (0.999)
Epoch: [17][10/12]	Time 0.096 (0.095)	Data 0.014 (0.014)	Loss 0.0492 (0.0459)	Accu 0.980 (0.986)	Precision 0.978 (0.985)	Recall 0.985 (0.988)	F1 0.981 (0.986)	AUC 0.999 (0.999)
Test: [0/2]	Time 0.032 (0.032)	Loss 0.1097 (0.1097)	Accu 0.949 (0.949)	Precision 0.959 (0.959)	Recall 0.937 (0.937)	F1 0.948 (0.948)	AUC 0.993 (0.993)
 * AUC 0.994
Epoch: [18][0/12]	Time 0.095 (0.095)	Data 0.013 (0.013)	Loss 0.0531 (0.0531)	Accu 0.969 (0.969)	Precision 0.957 (0.957)	Recall 0.973 (0.973)	F1 0.965 (0.965)	AUC 0.998 (0.998)
Epoch: [18][10/12]	Time 0.095 (0.096)	Data 0.014 (0.014)	Loss 0.0413 (0.0476)	Accu 0.984 (0.981)	Precision 0.985 (0.981)	Recall 0.985 (0.981)	F1 0.985 (0.981)	AUC 0.999 (0.999)
Test: [0/2]	Time 0.032 (0.032)	Loss 0.0729 (0.0729)	Accu 0.969 (0.969)	Precision 0.983 (0.983)	Recall 0.950 (0.950)	F1 0.966 (0.966)	AUC 0.997 (0.997)
 * AUC 0.991
Epoch: [19][0/12]	Time 0.092 (0.092)	Data 0.013 (0.013)	Loss 0.0424 (0.0424)	Accu 0.984 (0.984)	Precision 0.985 (0.985)	Recall 0.985 (0.985)	F1 0.985 (0.985)	AUC 0.999 (0.999)
Epoch: [19][10/12]	Time 0.096 (0.095)	Data 0.014 (0.014)	Loss 0.0389 (0.0486)	Accu 0.980 (0.980)	Precision 0.978 (0.981)	Recall 0.985 (0.980)	F1 0.981 (0.980)	AUC 0.999 (0.999)
Test: [0/2]	Time 0.032 (0.032)	Loss 0.1019 (0.1019)	Accu 0.961 (0.961)	Precision 0.974 (0.974)	Recall 0.942 (0.942)	F1 0.958 (0.958)	AUC 0.994 (0.994)
 * AUC 0.995
Epoch: [20][0/12]	Time 0.092 (0.092)	Data 0.013 (0.013)	Loss 0.0400 (0.0400)	Accu 0.984 (0.984)	Precision 1.000 (1.000)	Recall 0.969 (0.969)	F1 0.984 (0.984)	AUC 0.999 (0.999)
Epoch: [20][10/12]	Time 0.095 (0.096)	Data 0.014 (0.014)	Loss 0.0294 (0.0484)	Accu 0.992 (0.982)	Precision 0.992 (0.988)	Recall 0.992 (0.978)	F1 0.992 (0.983)	AUC 1.000 (0.999)
Test: [0/2]	Time 0.032 (0.032)	Loss 0.1726 (0.1726)	Accu 0.934 (0.934)	Precision 0.950 (0.950)	Recall 0.913 (0.913)	F1 0.931 (0.931)	AUC 0.984 (0.984)
 * AUC 0.987
Epoch: [21][0/12]	Time 0.094 (0.094)	Data 0.013 (0.013)	Loss 0.0455 (0.0455)	Accu 0.984 (0.984)	Precision 0.985 (0.985)	Recall 0.985 (0.985)	F1 0.985 (0.985)	AUC 0.999 (0.999)
Epoch: [21][10/12]	Time 0.098 (0.096)	Data 0.015 (0.014)	Loss 0.0293 (0.0437)	Accu 0.988 (0.984)	Precision 0.986 (0.987)	Recall 0.993 (0.981)	F1 0.989 (0.984)	AUC 1.000 (0.999)
Test: [0/2]	Time 0.033 (0.033)	Loss 0.0786 (0.0786)	Accu 0.969 (0.969)	Precision 0.974 (0.974)	Recall 0.958 (0.958)	F1 0.966 (0.966)	AUC 0.997 (0.997)
 * AUC 0.996
Epoch: [22][0/12]	Time 0.093 (0.093)	Data 0.013 (0.013)	Loss 0.0240 (0.0240)	Accu 0.988 (0.988)	Precision 0.992 (0.992)	Recall 0.984 (0.984)	F1 0.988 (0.988)	AUC 1.000 (1.000)
Epoch: [22][10/12]	Time 0.095 (0.096)	Data 0.013 (0.014)	Loss 0.0282 (0.0409)	Accu 0.992 (0.984)	Precision 1.000 (0.984)	Recall 0.983 (0.984)	F1 0.992 (0.984)	AUC 1.000 (0.999)
Test: [0/2]	Time 0.032 (0.032)	Loss 0.1057 (0.1057)	Accu 0.961 (0.961)	Precision 0.983 (0.983)	Recall 0.934 (0.934)	F1 0.958 (0.958)	AUC 0.995 (0.995)
 * AUC 0.991
Epoch: [23][0/12]	Time 0.095 (0.095)	Data 0.014 (0.014)	Loss 0.0396 (0.0396)	Accu 0.984 (0.984)	Precision 0.984 (0.984)	Recall 0.984 (0.984)	F1 0.984 (0.984)	AUC 0.999 (0.999)
Epoch: [23][10/12]	Time 0.095 (0.096)	Data 0.013 (0.014)	Loss 0.0380 (0.0348)	Accu 0.984 (0.987)	Precision 0.992 (0.991)	Recall 0.976 (0.982)	F1 0.984 (0.987)	AUC 0.999 (0.999)
Test: [0/2]	Time 0.032 (0.032)	Loss 0.1062 (0.1062)	Accu 0.961 (0.961)	Precision 0.983 (0.983)	Recall 0.937 (0.937)	F1 0.959 (0.959)	AUC 0.993 (0.993)
 * AUC 0.993
Epoch: [24][0/12]	Time 0.093 (0.093)	Data 0.014 (0.014)	Loss 0.0301 (0.0301)	Accu 0.992 (0.992)	Precision 0.984 (0.984)	Recall 1.000 (1.000)	F1 0.992 (0.992)	AUC 1.000 (1.000)
Epoch: [24][10/12]	Time 0.096 (0.096)	Data 0.014 (0.014)	Loss 0.0297 (0.0308)	Accu 0.988 (0.990)	Precision 0.985 (0.987)	Recall 0.992 (0.993)	F1 0.989 (0.990)	AUC 1.000 (0.999)
Test: [0/2]	Time 0.033 (0.033)	Loss 0.1609 (0.1609)	Accu 0.949 (0.949)	Precision 0.974 (0.974)	Recall 0.919 (0.919)	F1 0.946 (0.946)	AUC 0.992 (0.992)
 * AUC 0.993
Epoch: [25][0/12]	Time 0.093 (0.093)	Data 0.013 (0.013)	Loss 0.0393 (0.0393)	Accu 0.980 (0.980)	Precision 0.992 (0.992)	Recall 0.969 (0.969)	F1 0.980 (0.980)	AUC 0.999 (0.999)
Epoch: [25][10/12]	Time 0.097 (0.096)	Data 0.014 (0.014)	Loss 0.0286 (0.0283)	Accu 0.988 (0.987)	Precision 0.982 (0.986)	Recall 0.991 (0.987)	F1 0.987 (0.986)	AUC 1.000 (1.000)
Test: [0/2]	Time 0.033 (0.033)	Loss 0.1461 (0.1461)	Accu 0.953 (0.953)	Precision 0.983 (0.983)	Recall 0.920 (0.920)	F1 0.950 (0.950)	AUC 0.992 (0.992)
 * AUC 0.994
Epoch: [26][0/12]	Time 0.094 (0.094)	Data 0.014 (0.014)	Loss 0.0372 (0.0372)	Accu 0.988 (0.988)	Precision 1.000 (1.000)	Recall 0.978 (0.978)	F1 0.989 (0.989)	AUC 0.999 (0.999)
Epoch: [26][10/12]	Time 0.098 (0.098)	Data 0.016 (0.016)	Loss 0.0542 (0.0341)	Accu 0.980 (0.987)	Precision 0.991 (0.990)	Recall 0.965 (0.983)	F1 0.978 (0.986)	AUC 0.999 (0.999)
Test: [0/2]	Time 0.035 (0.035)	Loss 0.1299 (0.1299)	Accu 0.965 (0.965)	Precision 0.977 (0.977)	Recall 0.955 (0.955)	F1 0.966 (0.966)	AUC 0.992 (0.992)
 * AUC 0.994
Epoch: [27][0/12]	Time 0.093 (0.093)	Data 0.014 (0.014)	Loss 0.0180 (0.0180)	Accu 1.000 (1.000)	Precision 1.000 (1.000)	Recall 1.000 (1.000)	F1 1.000 (1.000)	AUC 1.000 (1.000)
Epoch: [27][10/12]	Time 0.097 (0.096)	Data 0.015 (0.015)	Loss 0.0193 (0.0318)	Accu 0.988 (0.989)	Precision 0.992 (0.990)	Recall 0.984 (0.989)	F1 0.988 (0.989)	AUC 1.000 (0.999)
Test: [0/2]	Time 0.032 (0.032)	Loss 0.1375 (0.1375)	Accu 0.949 (0.949)	Precision 0.961 (0.961)	Recall 0.938 (0.938)	F1 0.949 (0.949)	AUC 0.991 (0.991)
 * AUC 0.992
Epoch: [28][0/12]	Time 0.092 (0.092)	Data 0.013 (0.013)	Loss 0.0137 (0.0137)	Accu 0.996 (0.996)	Precision 1.000 (1.000)	Recall 0.993 (0.993)	F1 0.996 (0.996)	AUC 1.000 (1.000)
Epoch: [28][10/12]	Time 0.096 (0.096)	Data 0.014 (0.014)	Loss 0.0358 (0.0260)	Accu 0.992 (0.990)	Precision 1.000 (0.993)	Recall 0.983 (0.988)	F1 0.992 (0.990)	AUC 0.999 (1.000)
Test: [0/2]	Time 0.032 (0.032)	Loss 0.1123 (0.1123)	Accu 0.945 (0.945)	Precision 0.966 (0.966)	Recall 0.919 (0.919)	F1 0.942 (0.942)	AUC 0.995 (0.995)
 * AUC 0.996
Epoch: [29][0/12]	Time 0.093 (0.093)	Data 0.013 (0.013)	Loss 0.0187 (0.0187)	Accu 0.992 (0.992)	Precision 0.992 (0.992)	Recall 0.992 (0.992)	F1 0.992 (0.992)	AUC 1.000 (1.000)
Epoch: [29][10/12]	Time 0.096 (0.095)	Data 0.014 (0.014)	Loss 0.0407 (0.0237)	Accu 0.988 (0.991)	Precision 0.992 (0.993)	Recall 0.984 (0.990)	F1 0.988 (0.991)	AUC 0.999 (1.000)
Test: [0/2]	Time 0.108 (0.108)	Loss 0.0856 (0.0856)	Accu 0.961 (0.961)	Precision 0.977 (0.977)	Recall 0.947 (0.947)	F1 0.962 (0.962)	AUC 0.997 (0.997)
 * AUC 0.997
---------Evaluate Model on Test Set---------------
/home/qimin/anaconda3/envs/defect_cgcnn/lib/python3.8/site-packages/pymatgen/io/cif.py:1155: UserWarning: Issues encountered while parsing CIF: Some fractional coordinates rounded to ideal values to avoid issues with finite precision.
  warnings.warn("Issues encountered while parsing CIF: " + "\n".join(self.warnings))
Test: [0/2]	Time 2.654 (2.654)	Loss 0.0610 (0.0610)	Accu 0.973 (0.973)	Precision 0.973 (0.973)	Recall 0.965 (0.965)	F1 0.969 (0.969)	AUC 0.998 (0.998)
/home/qimin/anaconda3/envs/defect_cgcnn/lib/python3.8/site-packages/pymatgen/io/cif.py:1155: UserWarning: Issues encountered while parsing CIF: Some fractional coordinates rounded to ideal values to avoid issues with finite precision.
  warnings.warn("Issues encountered while parsing CIF: " + "\n".join(self.warnings))
 ** AUC 0.998
