/home/qimin/anaconda3/envs/defect_cgcnn/lib/python3.8/site-packages/pymatgen/io/cif.py:1155: UserWarning: Issues encountered while parsing CIF: Some fractional coordinates rounded to ideal values to avoid issues with finite precision.
  warnings.warn("Issues encountered while parsing CIF: " + "\n".join(self.warnings))
Epoch: [0][0/12]	Time 2.673 (2.673)	Data 2.602 (2.602)	Loss 0.8417 (0.8417)	Accu 0.453 (0.453)	Precision 0.453 (0.453)	Recall 0.713 (0.713)	F1 0.554 (0.554)	AUC 0.505 (0.505)
/home/qimin/anaconda3/envs/defect_cgcnn/lib/python3.8/site-packages/pymatgen/io/cif.py:1155: UserWarning: Issues encountered while parsing CIF: Some fractional coordinates rounded to ideal values to avoid issues with finite precision.
  warnings.warn("Issues encountered while parsing CIF: " + "\n".join(self.warnings))
/home/qimin/anaconda3/envs/defect_cgcnn/lib/python3.8/site-packages/pymatgen/io/cif.py:1155: UserWarning: Issues encountered while parsing CIF: Some fractional coordinates rounded to ideal values to avoid issues with finite precision.
  warnings.warn("Issues encountered while parsing CIF: " + "\n".join(self.warnings))
/home/qimin/anaconda3/envs/defect_cgcnn/lib/python3.8/site-packages/pymatgen/io/cif.py:1155: UserWarning: Issues encountered while parsing CIF: Some fractional coordinates rounded to ideal values to avoid issues with finite precision.
  warnings.warn("Issues encountered while parsing CIF: " + "\n".join(self.warnings))
/home/qimin/anaconda3/envs/defect_cgcnn/lib/python3.8/site-packages/pymatgen/io/cif.py:1155: UserWarning: Issues encountered while parsing CIF: Some fractional coordinates rounded to ideal values to avoid issues with finite precision.
  warnings.warn("Issues encountered while parsing CIF: " + "\n".join(self.warnings))
/home/qimin/anaconda3/envs/defect_cgcnn/lib/python3.8/site-packages/pymatgen/io/cif.py:1155: UserWarning: Issues encountered while parsing CIF: Some fractional coordinates rounded to ideal values to avoid issues with finite precision.
  warnings.warn("Issues encountered while parsing CIF: " + "\n".join(self.warnings))
/home/qimin/anaconda3/envs/defect_cgcnn/lib/python3.8/site-packages/pymatgen/io/cif.py:1155: UserWarning: Issues encountered while parsing CIF: Some fractional coordinates rounded to ideal values to avoid issues with finite precision.
  warnings.warn("Issues encountered while parsing CIF: " + "\n".join(self.warnings))
/home/qimin/anaconda3/envs/defect_cgcnn/lib/python3.8/site-packages/pymatgen/io/cif.py:1155: UserWarning: Issues encountered while parsing CIF: Some fractional coordinates rounded to ideal values to avoid issues with finite precision.
  warnings.warn("Issues encountered while parsing CIF: " + "\n".join(self.warnings))
/home/qimin/anaconda3/envs/defect_cgcnn/lib/python3.8/site-packages/pymatgen/io/cif.py:1155: UserWarning: Issues encountered while parsing CIF: Some fractional coordinates rounded to ideal values to avoid issues with finite precision.
  warnings.warn("Issues encountered while parsing CIF: " + "\n".join(self.warnings))
/home/qimin/anaconda3/envs/defect_cgcnn/lib/python3.8/site-packages/pymatgen/io/cif.py:1155: UserWarning: Issues encountered while parsing CIF: Some fractional coordinates rounded to ideal values to avoid issues with finite precision.
  warnings.warn("Issues encountered while parsing CIF: " + "\n".join(self.warnings))
/home/qimin/anaconda3/envs/defect_cgcnn/lib/python3.8/site-packages/pymatgen/io/cif.py:1155: UserWarning: Issues encountered while parsing CIF: Some fractional coordinates rounded to ideal values to avoid issues with finite precision.
  warnings.warn("Issues encountered while parsing CIF: " + "\n".join(self.warnings))
Epoch: [0][10/12]	Time 2.613 (2.693)	Data 2.557 (2.633)	Loss 0.7465 (0.7705)	Accu 0.457 (0.487)	Precision 0.468 (0.501)	Recall 0.386 (0.513)	F1 0.423 (0.495)	AUC 0.444 (0.497)
/home/qimin/anaconda3/envs/defect_cgcnn/lib/python3.8/site-packages/pymatgen/io/cif.py:1155: UserWarning: Issues encountered while parsing CIF: Some fractional coordinates rounded to ideal values to avoid issues with finite precision.
  warnings.warn("Issues encountered while parsing CIF: " + "\n".join(self.warnings))
/home/qimin/anaconda3/envs/defect_cgcnn/lib/python3.8/site-packages/pymatgen/io/cif.py:1155: UserWarning: Issues encountered while parsing CIF: Some fractional coordinates rounded to ideal values to avoid issues with finite precision.
  warnings.warn("Issues encountered while parsing CIF: " + "\n".join(self.warnings))
/home/qimin/anaconda3/envs/defect_cgcnn/lib/python3.8/site-packages/sklearn/metrics/_classification.py:1327: UndefinedMetricWarning: Precision and F-score are ill-defined and being set to 0.0 due to no predicted samples. Use `zero_division` parameter to control this behavior.
  _warn_prf(average, modifier, msg_start, len(result))
Test: [0/2]	Time 2.584 (2.584)	Loss 0.6935 (0.6935)	Accu 0.523 (0.523)	Precision 0.000 (0.000)	Recall 0.000 (0.000)	F1 0.000 (0.000)	AUC 0.552 (0.552)
/home/qimin/anaconda3/envs/defect_cgcnn/lib/python3.8/site-packages/pymatgen/io/cif.py:1155: UserWarning: Issues encountered while parsing CIF: Some fractional coordinates rounded to ideal values to avoid issues with finite precision.
  warnings.warn("Issues encountered while parsing CIF: " + "\n".join(self.warnings))
/home/qimin/anaconda3/envs/defect_cgcnn/lib/python3.8/site-packages/sklearn/metrics/_classification.py:1327: UndefinedMetricWarning: Precision and F-score are ill-defined and being set to 0.0 due to no predicted samples. Use `zero_division` parameter to control this behavior.
  _warn_prf(average, modifier, msg_start, len(result))
 * AUC 0.574
Epoch: [1][0/12]	Time 0.073 (0.073)	Data 0.016 (0.016)	Loss 0.6731 (0.6731)	Accu 0.566 (0.566)	Precision 0.537 (0.537)	Recall 0.368 (0.368)	F1 0.437 (0.437)	AUC 0.596 (0.596)
Epoch: [1][10/12]	Time 0.075 (0.076)	Data 0.015 (0.017)	Loss 0.7015 (0.7067)	Accu 0.527 (0.506)	Precision 0.565 (0.524)	Recall 0.391 (0.494)	F1 0.462 (0.489)	AUC 0.546 (0.538)
Test: [0/2]	Time 0.030 (0.030)	Loss 0.6948 (0.6948)	Accu 0.496 (0.496)	Precision 0.496 (0.496)	Recall 1.000 (1.000)	F1 0.663 (0.663)	AUC 0.584 (0.584)
 * AUC 0.585
Epoch: [2][0/12]	Time 0.073 (0.073)	Data 0.013 (0.013)	Loss 0.7008 (0.7008)	Accu 0.516 (0.516)	Precision 0.533 (0.533)	Recall 0.659 (0.659)	F1 0.589 (0.589)	AUC 0.513 (0.513)
Epoch: [2][10/12]	Time 0.073 (0.073)	Data 0.013 (0.013)	Loss 0.6999 (0.7017)	Accu 0.531 (0.523)	Precision 0.520 (0.531)	Recall 0.709 (0.564)	F1 0.600 (0.541)	AUC 0.555 (0.530)
Test: [0/2]	Time 0.031 (0.031)	Loss 0.7115 (0.7115)	Accu 0.473 (0.473)	Precision 0.473 (0.473)	Recall 1.000 (1.000)	F1 0.642 (0.642)	AUC 0.571 (0.571)
 * AUC 0.573
Epoch: [3][0/12]	Time 0.071 (0.071)	Data 0.013 (0.013)	Loss 0.6872 (0.6872)	Accu 0.535 (0.535)	Precision 0.531 (0.531)	Recall 0.856 (0.856)	F1 0.655 (0.655)	AUC 0.581 (0.581)
Epoch: [3][10/12]	Time 0.073 (0.074)	Data 0.013 (0.014)	Loss 0.7208 (0.6975)	Accu 0.527 (0.534)	Precision 0.526 (0.546)	Recall 0.902 (0.601)	F1 0.665 (0.531)	AUC 0.523 (0.561)
Test: [0/2]	Time 0.031 (0.031)	Loss 0.7012 (0.7012)	Accu 0.488 (0.488)	Precision 0.484 (0.484)	Recall 1.000 (1.000)	F1 0.653 (0.653)	AUC 0.581 (0.581)
 * AUC 0.579
Epoch: [4][0/12]	Time 0.073 (0.073)	Data 0.012 (0.012)	Loss 0.6707 (0.6707)	Accu 0.586 (0.586)	Precision 0.606 (0.606)	Recall 0.781 (0.781)	F1 0.683 (0.683)	AUC 0.585 (0.585)
Epoch: [4][10/12]	Time 0.075 (0.074)	Data 0.014 (0.014)	Loss 0.6949 (0.6896)	Accu 0.551 (0.557)	Precision 0.529 (0.565)	Recall 0.794 (0.599)	F1 0.635 (0.561)	AUC 0.575 (0.581)
Test: [0/2]	Time 0.031 (0.031)	Loss 0.6790 (0.6790)	Accu 0.582 (0.582)	Precision 0.581 (0.581)	Recall 0.567 (0.567)	F1 0.574 (0.574)	AUC 0.610 (0.610)
 * AUC 0.586
Epoch: [5][0/12]	Time 0.070 (0.070)	Data 0.013 (0.013)	Loss 0.6828 (0.6828)	Accu 0.535 (0.535)	Precision 0.582 (0.582)	Recall 0.467 (0.467)	F1 0.518 (0.518)	AUC 0.579 (0.579)
Epoch: [5][10/12]	Time 0.073 (0.073)	Data 0.013 (0.013)	Loss 0.7126 (0.6866)	Accu 0.527 (0.548)	Precision 0.503 (0.552)	Recall 0.713 (0.614)	F1 0.590 (0.570)	AUC 0.527 (0.582)
Test: [0/2]	Time 0.031 (0.031)	Loss 0.6800 (0.6800)	Accu 0.570 (0.570)	Precision 0.574 (0.574)	Recall 0.435 (0.435)	F1 0.495 (0.495)	AUC 0.589 (0.589)
 * AUC 0.583
Epoch: [6][0/12]	Time 0.071 (0.071)	Data 0.013 (0.013)	Loss 0.6692 (0.6692)	Accu 0.594 (0.594)	Precision 0.651 (0.651)	Recall 0.518 (0.518)	F1 0.577 (0.577)	AUC 0.636 (0.636)
Epoch: [6][10/12]	Time 0.075 (0.074)	Data 0.012 (0.014)	Loss 0.6669 (0.6814)	Accu 0.625 (0.565)	Precision 0.628 (0.575)	Recall 0.492 (0.607)	F1 0.551 (0.583)	AUC 0.632 (0.594)
Test: [0/2]	Time 0.034 (0.034)	Loss 0.6847 (0.6847)	Accu 0.547 (0.547)	Precision 0.511 (0.511)	Recall 0.398 (0.398)	F1 0.448 (0.448)	AUC 0.576 (0.576)
 * AUC 0.594
Epoch: [7][0/12]	Time 0.073 (0.073)	Data 0.015 (0.015)	Loss 0.6599 (0.6599)	Accu 0.609 (0.609)	Precision 0.640 (0.640)	Recall 0.542 (0.542)	F1 0.587 (0.587)	AUC 0.658 (0.658)
Epoch: [7][10/12]	Time 0.075 (0.076)	Data 0.015 (0.016)	Loss 0.6833 (0.6747)	Accu 0.566 (0.578)	Precision 0.578 (0.585)	Recall 0.387 (0.639)	F1 0.464 (0.596)	AUC 0.603 (0.617)
Test: [0/2]	Time 0.031 (0.031)	Loss 0.6868 (0.6868)	Accu 0.547 (0.547)	Precision 0.530 (0.530)	Recall 0.434 (0.434)	F1 0.477 (0.477)	AUC 0.565 (0.565)
 * AUC 0.597
Epoch: [8][0/12]	Time 0.072 (0.072)	Data 0.013 (0.013)	Loss 0.6771 (0.6771)	Accu 0.562 (0.562)	Precision 0.557 (0.557)	Recall 0.512 (0.512)	F1 0.533 (0.533)	AUC 0.608 (0.608)
Epoch: [8][10/12]	Time 0.073 (0.073)	Data 0.014 (0.014)	Loss 0.6785 (0.6745)	Accu 0.609 (0.579)	Precision 0.650 (0.583)	Recall 0.511 (0.638)	F1 0.573 (0.605)	AUC 0.628 (0.610)
Test: [0/2]	Time 0.103 (0.103)	Loss 0.6796 (0.6796)	Accu 0.582 (0.582)	Precision 0.583 (0.583)	Recall 0.455 (0.455)	F1 0.511 (0.511)	AUC 0.605 (0.605)
 * AUC 0.601
Epoch: [9][0/12]	Time 0.072 (0.072)	Data 0.012 (0.012)	Loss 0.6641 (0.6641)	Accu 0.613 (0.613)	Precision 0.564 (0.564)	Recall 0.549 (0.549)	F1 0.556 (0.556)	AUC 0.635 (0.635)
Epoch: [9][10/12]	Time 0.073 (0.073)	Data 0.013 (0.013)	Loss 0.6773 (0.6659)	Accu 0.613 (0.602)	Precision 0.627 (0.611)	Recall 0.696 (0.628)	F1 0.660 (0.613)	AUC 0.610 (0.637)
Test: [0/2]	Time 0.031 (0.031)	Loss 0.6811 (0.6811)	Accu 0.527 (0.527)	Precision 0.517 (0.517)	Recall 0.603 (0.603)	F1 0.557 (0.557)	AUC 0.592 (0.592)
 * AUC 0.615
Epoch: [10][0/12]	Time 0.072 (0.072)	Data 0.013 (0.013)	Loss 0.6545 (0.6545)	Accu 0.621 (0.621)	Precision 0.634 (0.634)	Recall 0.667 (0.667)	F1 0.650 (0.650)	AUC 0.649 (0.649)
Epoch: [10][10/12]	Time 0.073 (0.073)	Data 0.013 (0.014)	Loss 0.6687 (0.6657)	Accu 0.578 (0.594)	Precision 0.620 (0.604)	Recall 0.576 (0.592)	F1 0.597 (0.596)	AUC 0.619 (0.637)
Test: [0/2]	Time 0.032 (0.032)	Loss 0.6856 (0.6856)	Accu 0.570 (0.570)	Precision 0.526 (0.526)	Recall 0.773 (0.773)	F1 0.626 (0.626)	AUC 0.620 (0.620)
 * AUC 0.607
Epoch: [11][0/12]	Time 0.070 (0.070)	Data 0.013 (0.013)	Loss 0.6802 (0.6802)	Accu 0.555 (0.555)	Precision 0.521 (0.521)	Recall 0.719 (0.719)	F1 0.604 (0.604)	AUC 0.637 (0.637)
Epoch: [11][10/12]	Time 0.074 (0.073)	Data 0.014 (0.013)	Loss 0.6915 (0.6686)	Accu 0.594 (0.604)	Precision 0.542 (0.606)	Recall 0.763 (0.675)	F1 0.634 (0.634)	AUC 0.620 (0.639)
Test: [0/2]	Time 0.030 (0.030)	Loss 0.6757 (0.6757)	Accu 0.559 (0.559)	Precision 0.505 (0.505)	Recall 0.465 (0.465)	F1 0.484 (0.484)	AUC 0.603 (0.603)
 * AUC 0.591
Epoch: [12][0/12]	Time 0.072 (0.072)	Data 0.013 (0.013)	Loss 0.6327 (0.6327)	Accu 0.613 (0.613)	Precision 0.588 (0.588)	Recall 0.583 (0.583)	F1 0.586 (0.586)	AUC 0.684 (0.684)
Epoch: [12][10/12]	Time 0.076 (0.074)	Data 0.014 (0.013)	Loss 0.6621 (0.6577)	Accu 0.566 (0.605)	Precision 0.642 (0.621)	Recall 0.587 (0.616)	F1 0.613 (0.607)	AUC 0.619 (0.660)
Test: [0/2]	Time 0.031 (0.031)	Loss 0.6971 (0.6971)	Accu 0.539 (0.539)	Precision 0.523 (0.523)	Recall 0.455 (0.455)	F1 0.487 (0.487)	AUC 0.571 (0.571)
 * AUC 0.592
Epoch: [13][0/12]	Time 0.071 (0.071)	Data 0.013 (0.013)	Loss 0.6540 (0.6540)	Accu 0.625 (0.625)	Precision 0.639 (0.639)	Recall 0.600 (0.600)	F1 0.619 (0.619)	AUC 0.657 (0.657)
Epoch: [13][10/12]	Time 0.073 (0.073)	Data 0.013 (0.014)	Loss 0.6633 (0.6559)	Accu 0.609 (0.616)	Precision 0.683 (0.628)	Recall 0.504 (0.638)	F1 0.580 (0.625)	AUC 0.652 (0.666)
Test: [0/2]	Time 0.031 (0.031)	Loss 0.7022 (0.7022)	Accu 0.559 (0.559)	Precision 0.562 (0.562)	Recall 0.468 (0.468)	F1 0.511 (0.511)	AUC 0.570 (0.570)
 * AUC 0.604
Epoch: [14][0/12]	Time 0.071 (0.071)	Data 0.013 (0.013)	Loss 0.6246 (0.6246)	Accu 0.668 (0.668)	Precision 0.687 (0.687)	Recall 0.617 (0.617)	F1 0.650 (0.650)	AUC 0.715 (0.715)
Epoch: [14][10/12]	Time 0.073 (0.073)	Data 0.013 (0.013)	Loss 0.6360 (0.6534)	Accu 0.629 (0.620)	Precision 0.598 (0.617)	Recall 0.653 (0.695)	F1 0.625 (0.651)	AUC 0.696 (0.663)
Test: [0/2]	Time 0.030 (0.030)	Loss 0.6682 (0.6682)	Accu 0.609 (0.609)	Precision 0.624 (0.624)	Recall 0.472 (0.472)	F1 0.537 (0.537)	AUC 0.647 (0.647)
 * AUC 0.613
Epoch: [15][0/12]	Time 0.070 (0.070)	Data 0.013 (0.013)	Loss 0.6973 (0.6973)	Accu 0.543 (0.543)	Precision 0.667 (0.667)	Recall 0.397 (0.397)	F1 0.498 (0.498)	AUC 0.634 (0.634)
Epoch: [15][10/12]	Time 0.077 (0.075)	Data 0.017 (0.015)	Loss 0.6464 (0.6434)	Accu 0.645 (0.627)	Precision 0.652 (0.643)	Recall 0.656 (0.631)	F1 0.654 (0.628)	AUC 0.684 (0.686)
Test: [0/2]	Time 0.034 (0.034)	Loss 0.6890 (0.6890)	Accu 0.602 (0.602)	Precision 0.603 (0.603)	Recall 0.612 (0.612)	F1 0.608 (0.608)	AUC 0.616 (0.616)
 * AUC 0.617
Epoch: [16][0/12]	Time 0.073 (0.073)	Data 0.014 (0.014)	Loss 0.6440 (0.6440)	Accu 0.625 (0.625)	Precision 0.654 (0.654)	Recall 0.635 (0.635)	F1 0.644 (0.644)	AUC 0.671 (0.671)
Epoch: [16][10/12]	Time 0.075 (0.075)	Data 0.015 (0.015)	Loss 0.6490 (0.6379)	Accu 0.629 (0.637)	Precision 0.604 (0.637)	Recall 0.677 (0.676)	F1 0.639 (0.653)	AUC 0.660 (0.688)
Test: [0/2]	Time 0.029 (0.029)	Loss 0.6944 (0.6944)	Accu 0.609 (0.609)	Precision 0.642 (0.642)	Recall 0.585 (0.585)	F1 0.612 (0.612)	AUC 0.615 (0.615)
 * AUC 0.622
Epoch: [17][0/12]	Time 0.070 (0.070)	Data 0.013 (0.013)	Loss 0.6270 (0.6270)	Accu 0.629 (0.629)	Precision 0.667 (0.667)	Recall 0.633 (0.633)	F1 0.649 (0.649)	AUC 0.701 (0.701)
Epoch: [17][10/12]	Time 0.073 (0.073)	Data 0.013 (0.013)	Loss 0.6320 (0.6424)	Accu 0.645 (0.623)	Precision 0.701 (0.641)	Recall 0.594 (0.625)	F1 0.643 (0.625)	AUC 0.697 (0.685)
Test: [0/2]	Time 0.030 (0.030)	Loss 0.7247 (0.7247)	Accu 0.562 (0.562)	Precision 0.533 (0.533)	Recall 0.715 (0.715)	F1 0.611 (0.611)	AUC 0.589 (0.589)
 * AUC 0.611
Epoch: [18][0/12]	Time 0.072 (0.072)	Data 0.013 (0.013)	Loss 0.6320 (0.6320)	Accu 0.645 (0.645)	Precision 0.630 (0.630)	Recall 0.767 (0.767)	F1 0.692 (0.692)	AUC 0.687 (0.687)
Epoch: [18][10/12]	Time 0.073 (0.073)	Data 0.013 (0.013)	Loss 0.6521 (0.6330)	Accu 0.598 (0.643)	Precision 0.698 (0.645)	Recall 0.510 (0.673)	F1 0.590 (0.654)	AUC 0.695 (0.699)
Test: [0/2]	Time 0.031 (0.031)	Loss 0.6946 (0.6946)	Accu 0.578 (0.578)	Precision 0.556 (0.556)	Recall 0.706 (0.706)	F1 0.622 (0.622)	AUC 0.640 (0.640)
 * AUC 0.647
Epoch: [19][0/12]	Time 0.072 (0.072)	Data 0.013 (0.013)	Loss 0.6263 (0.6263)	Accu 0.637 (0.637)	Precision 0.615 (0.615)	Recall 0.698 (0.698)	F1 0.654 (0.654)	AUC 0.693 (0.693)
Epoch: [19][10/12]	Time 0.073 (0.073)	Data 0.014 (0.014)	Loss 0.6687 (0.6375)	Accu 0.609 (0.640)	Precision 0.655 (0.640)	Recall 0.537 (0.700)	F1 0.590 (0.663)	AUC 0.661 (0.697)
Test: [0/2]	Time 0.031 (0.031)	Loss 0.6980 (0.6980)	Accu 0.598 (0.598)	Precision 0.563 (0.563)	Recall 0.724 (0.724)	F1 0.633 (0.633)	AUC 0.641 (0.641)
 * AUC 0.622
Epoch: [20][0/12]	Time 0.070 (0.070)	Data 0.013 (0.013)	Loss 0.6216 (0.6216)	Accu 0.652 (0.652)	Precision 0.638 (0.638)	Recall 0.664 (0.664)	F1 0.651 (0.651)	AUC 0.707 (0.707)
Epoch: [20][10/12]	Time 0.073 (0.073)	Data 0.013 (0.014)	Loss 0.6403 (0.6196)	Accu 0.645 (0.664)	Precision 0.699 (0.661)	Recall 0.581 (0.708)	F1 0.635 (0.682)	AUC 0.707 (0.718)
Test: [0/2]	Time 0.031 (0.031)	Loss 0.6925 (0.6925)	Accu 0.641 (0.641)	Precision 0.643 (0.643)	Recall 0.643 (0.643)	F1 0.643 (0.643)	AUC 0.636 (0.636)
 * AUC 0.642
Epoch: [21][0/12]	Time 0.073 (0.073)	Data 0.013 (0.013)	Loss 0.6062 (0.6062)	Accu 0.680 (0.680)	Precision 0.695 (0.695)	Recall 0.684 (0.684)	F1 0.689 (0.689)	AUC 0.733 (0.733)
Epoch: [21][10/12]	Time 0.073 (0.073)	Data 0.013 (0.013)	Loss 0.5807 (0.6001)	Accu 0.695 (0.675)	Precision 0.722 (0.670)	Recall 0.732 (0.722)	F1 0.727 (0.694)	AUC 0.748 (0.741)
Test: [0/2]	Time 0.030 (0.030)	Loss 0.6962 (0.6962)	Accu 0.609 (0.609)	Precision 0.550 (0.550)	Recall 0.713 (0.713)	F1 0.621 (0.621)	AUC 0.654 (0.654)
 * AUC 0.652
Epoch: [22][0/12]	Time 0.071 (0.071)	Data 0.013 (0.013)	Loss 0.5514 (0.5514)	Accu 0.727 (0.727)	Precision 0.754 (0.754)	Recall 0.721 (0.721)	F1 0.737 (0.737)	AUC 0.802 (0.802)
Epoch: [22][10/12]	Time 0.075 (0.074)	Data 0.013 (0.013)	Loss 0.6151 (0.5938)	Accu 0.680 (0.678)	Precision 0.651 (0.680)	Recall 0.773 (0.702)	F1 0.707 (0.689)	AUC 0.732 (0.748)
Test: [0/2]	Time 0.031 (0.031)	Loss 0.6729 (0.6729)	Accu 0.613 (0.613)	Precision 0.581 (0.581)	Recall 0.812 (0.812)	F1 0.678 (0.678)	AUC 0.689 (0.689)
 * AUC 0.680
Epoch: [23][0/12]	Time 0.070 (0.070)	Data 0.013 (0.013)	Loss 0.5499 (0.5499)	Accu 0.723 (0.723)	Precision 0.683 (0.683)	Recall 0.846 (0.846)	F1 0.756 (0.756)	AUC 0.806 (0.806)
Epoch: [23][10/12]	Time 0.076 (0.074)	Data 0.015 (0.013)	Loss 0.5972 (0.5878)	Accu 0.660 (0.680)	Precision 0.646 (0.691)	Recall 0.767 (0.695)	F1 0.701 (0.687)	AUC 0.735 (0.763)
Test: [0/2]	Time 0.032 (0.032)	Loss 0.7417 (0.7417)	Accu 0.609 (0.609)	Precision 0.579 (0.579)	Recall 0.805 (0.805)	F1 0.673 (0.673)	AUC 0.654 (0.654)
 * AUC 0.681
Epoch: [24][0/12]	Time 0.072 (0.072)	Data 0.013 (0.013)	Loss 0.5691 (0.5691)	Accu 0.703 (0.703)	Precision 0.673 (0.673)	Recall 0.852 (0.852)	F1 0.752 (0.752)	AUC 0.778 (0.778)
Epoch: [24][10/12]	Time 0.073 (0.073)	Data 0.014 (0.013)	Loss 0.5423 (0.5647)	Accu 0.727 (0.713)	Precision 0.725 (0.718)	Recall 0.736 (0.729)	F1 0.731 (0.719)	AUC 0.803 (0.785)
Test: [0/2]	Time 0.032 (0.032)	Loss 0.6999 (0.6999)	Accu 0.660 (0.660)	Precision 0.644 (0.644)	Recall 0.738 (0.738)	F1 0.688 (0.688)	AUC 0.699 (0.699)
 * AUC 0.683
Epoch: [25][0/12]	Time 0.072 (0.072)	Data 0.013 (0.013)	Loss 0.5555 (0.5555)	Accu 0.703 (0.703)	Precision 0.656 (0.656)	Recall 0.843 (0.843)	F1 0.738 (0.738)	AUC 0.795 (0.795)
Epoch: [25][10/12]	Time 0.075 (0.076)	Data 0.016 (0.016)	Loss 0.6030 (0.5611)	Accu 0.688 (0.712)	Precision 0.679 (0.708)	Recall 0.711 (0.748)	F1 0.695 (0.724)	AUC 0.747 (0.787)
Test: [0/2]	Time 0.034 (0.034)	Loss 0.7164 (0.7164)	Accu 0.605 (0.605)	Precision 0.546 (0.546)	Recall 0.767 (0.767)	F1 0.638 (0.638)	AUC 0.691 (0.691)
 * AUC 0.705
Epoch: [26][0/12]	Time 0.072 (0.072)	Data 0.013 (0.013)	Loss 0.5022 (0.5022)	Accu 0.777 (0.777)	Precision 0.737 (0.737)	Recall 0.828 (0.828)	F1 0.780 (0.780)	AUC 0.843 (0.843)
Epoch: [26][10/12]	Time 0.074 (0.074)	Data 0.014 (0.014)	Loss 0.5751 (0.5554)	Accu 0.676 (0.703)	Precision 0.688 (0.697)	Recall 0.704 (0.740)	F1 0.696 (0.716)	AUC 0.765 (0.787)
Test: [0/2]	Time 0.031 (0.031)	Loss 0.6901 (0.6901)	Accu 0.645 (0.645)	Precision 0.591 (0.591)	Recall 0.746 (0.746)	F1 0.659 (0.659)	AUC 0.710 (0.710)
 * AUC 0.726
Epoch: [27][0/12]	Time 0.074 (0.074)	Data 0.013 (0.013)	Loss 0.5169 (0.5169)	Accu 0.754 (0.754)	Precision 0.710 (0.710)	Recall 0.810 (0.810)	F1 0.757 (0.757)	AUC 0.827 (0.827)
Epoch: [27][10/12]	Time 0.074 (0.074)	Data 0.013 (0.014)	Loss 0.5497 (0.5329)	Accu 0.723 (0.733)	Precision 0.722 (0.727)	Recall 0.680 (0.757)	F1 0.700 (0.740)	AUC 0.789 (0.811)
Test: [0/2]	Time 0.030 (0.030)	Loss 0.6806 (0.6806)	Accu 0.676 (0.676)	Precision 0.644 (0.644)	Recall 0.752 (0.752)	F1 0.694 (0.694)	AUC 0.744 (0.744)
 * AUC 0.779
Epoch: [28][0/12]	Time 0.072 (0.072)	Data 0.013 (0.013)	Loss 0.4794 (0.4794)	Accu 0.824 (0.824)	Precision 0.762 (0.762)	Recall 0.876 (0.876)	F1 0.815 (0.815)	AUC 0.871 (0.871)
Epoch: [28][10/12]	Time 0.073 (0.073)	Data 0.013 (0.013)	Loss 0.5112 (0.5010)	Accu 0.727 (0.761)	Precision 0.765 (0.744)	Recall 0.672 (0.814)	F1 0.715 (0.775)	AUC 0.829 (0.847)
Test: [0/2]	Time 0.030 (0.030)	Loss 0.5868 (0.5868)	Accu 0.742 (0.742)	Precision 0.725 (0.725)	Recall 0.781 (0.781)	F1 0.752 (0.752)	AUC 0.796 (0.796)
 * AUC 0.781
Epoch: [29][0/12]	Time 0.071 (0.071)	Data 0.013 (0.013)	Loss 0.4299 (0.4299)	Accu 0.816 (0.816)	Precision 0.870 (0.870)	Recall 0.740 (0.740)	F1 0.800 (0.800)	AUC 0.897 (0.897)
Epoch: [29][10/12]	Time 0.073 (0.073)	Data 0.013 (0.014)	Loss 0.4786 (0.4806)	Accu 0.750 (0.767)	Precision 0.750 (0.768)	Recall 0.750 (0.787)	F1 0.750 (0.775)	AUC 0.845 (0.856)
Test: [0/2]	Time 0.030 (0.030)	Loss 0.6235 (0.6235)	Accu 0.715 (0.715)	Precision 0.700 (0.700)	Recall 0.760 (0.760)	F1 0.729 (0.729)	AUC 0.782 (0.782)
 * AUC 0.786
---------Evaluate Model on Test Set---------------
/home/qimin/anaconda3/envs/defect_cgcnn/lib/python3.8/site-packages/pymatgen/io/cif.py:1155: UserWarning: Issues encountered while parsing CIF: Some fractional coordinates rounded to ideal values to avoid issues with finite precision.
  warnings.warn("Issues encountered while parsing CIF: " + "\n".join(self.warnings))
Test: [0/2]	Time 2.623 (2.623)	Loss 0.6738 (0.6738)	Accu 0.688 (0.688)	Precision 0.610 (0.610)	Recall 0.775 (0.775)	F1 0.683 (0.683)	AUC 0.757 (0.757)
/home/qimin/anaconda3/envs/defect_cgcnn/lib/python3.8/site-packages/pymatgen/io/cif.py:1155: UserWarning: Issues encountered while parsing CIF: Some fractional coordinates rounded to ideal values to avoid issues with finite precision.
  warnings.warn("Issues encountered while parsing CIF: " + "\n".join(self.warnings))
 ** AUC 0.773
