/home/qimin/anaconda3/envs/defect_cgcnn/lib/python3.8/site-packages/pymatgen/io/cif.py:1155: UserWarning: Issues encountered while parsing CIF: Some fractional coordinates rounded to ideal values to avoid issues with finite precision.
  warnings.warn("Issues encountered while parsing CIF: " + "\n".join(self.warnings))
Epoch: [0][0/12]	Time 25.183 (25.183)	Data 25.078 (25.078)	Loss 1.2172 (1.2172)	Accu 0.480 (0.480)	Precision 0.484 (0.484)	Recall 0.976 (0.976)	F1 0.647 (0.647)	AUC 0.458 (0.458)
/home/qimin/anaconda3/envs/defect_cgcnn/lib/python3.8/site-packages/pymatgen/io/cif.py:1155: UserWarning: Issues encountered while parsing CIF: Some fractional coordinates rounded to ideal values to avoid issues with finite precision.
  warnings.warn("Issues encountered while parsing CIF: " + "\n".join(self.warnings))
/home/qimin/anaconda3/envs/defect_cgcnn/lib/python3.8/site-packages/pymatgen/io/cif.py:1155: UserWarning: Issues encountered while parsing CIF: Some fractional coordinates rounded to ideal values to avoid issues with finite precision.
  warnings.warn("Issues encountered while parsing CIF: " + "\n".join(self.warnings))
/home/qimin/anaconda3/envs/defect_cgcnn/lib/python3.8/site-packages/pymatgen/io/cif.py:1155: UserWarning: Issues encountered while parsing CIF: Some fractional coordinates rounded to ideal values to avoid issues with finite precision.
  warnings.warn("Issues encountered while parsing CIF: " + "\n".join(self.warnings))
/home/qimin/anaconda3/envs/defect_cgcnn/lib/python3.8/site-packages/pymatgen/io/cif.py:1155: UserWarning: Issues encountered while parsing CIF: Some fractional coordinates rounded to ideal values to avoid issues with finite precision.
  warnings.warn("Issues encountered while parsing CIF: " + "\n".join(self.warnings))
/home/qimin/anaconda3/envs/defect_cgcnn/lib/python3.8/site-packages/pymatgen/io/cif.py:1155: UserWarning: Issues encountered while parsing CIF: Some fractional coordinates rounded to ideal values to avoid issues with finite precision.
  warnings.warn("Issues encountered while parsing CIF: " + "\n".join(self.warnings))
/home/qimin/anaconda3/envs/defect_cgcnn/lib/python3.8/site-packages/pymatgen/io/cif.py:1155: UserWarning: Issues encountered while parsing CIF: Some fractional coordinates rounded to ideal values to avoid issues with finite precision.
  warnings.warn("Issues encountered while parsing CIF: " + "\n".join(self.warnings))
/home/qimin/anaconda3/envs/defect_cgcnn/lib/python3.8/site-packages/pymatgen/io/cif.py:1155: UserWarning: Issues encountered while parsing CIF: Some fractional coordinates rounded to ideal values to avoid issues with finite precision.
  warnings.warn("Issues encountered while parsing CIF: " + "\n".join(self.warnings))
/home/qimin/anaconda3/envs/defect_cgcnn/lib/python3.8/site-packages/pymatgen/io/cif.py:1155: UserWarning: Issues encountered while parsing CIF: Some fractional coordinates rounded to ideal values to avoid issues with finite precision.
  warnings.warn("Issues encountered while parsing CIF: " + "\n".join(self.warnings))
/home/qimin/anaconda3/envs/defect_cgcnn/lib/python3.8/site-packages/pymatgen/io/cif.py:1155: UserWarning: Issues encountered while parsing CIF: Some fractional coordinates rounded to ideal values to avoid issues with finite precision.
  warnings.warn("Issues encountered while parsing CIF: " + "\n".join(self.warnings))
/home/qimin/anaconda3/envs/defect_cgcnn/lib/python3.8/site-packages/pymatgen/io/cif.py:1155: UserWarning: Issues encountered while parsing CIF: Some fractional coordinates rounded to ideal values to avoid issues with finite precision.
  warnings.warn("Issues encountered while parsing CIF: " + "\n".join(self.warnings))
Epoch: [0][10/12]	Time 25.876 (26.853)	Data 25.772 (26.746)	Loss 0.7533 (0.9196)	Accu 0.512 (0.494)	Precision 0.633 (0.465)	Recall 0.143 (0.529)	F1 0.233 (0.415)	AUC 0.551 (0.488)
/home/qimin/anaconda3/envs/defect_cgcnn/lib/python3.8/site-packages/pymatgen/io/cif.py:1155: UserWarning: Issues encountered while parsing CIF: Some fractional coordinates rounded to ideal values to avoid issues with finite precision.
  warnings.warn("Issues encountered while parsing CIF: " + "\n".join(self.warnings))
/home/qimin/anaconda3/envs/defect_cgcnn/lib/python3.8/site-packages/sklearn/metrics/_classification.py:1327: UndefinedMetricWarning: Precision and F-score are ill-defined and being set to 0.0 due to no predicted samples. Use `zero_division` parameter to control this behavior.
  _warn_prf(average, modifier, msg_start, len(result))
/home/qimin/anaconda3/envs/defect_cgcnn/lib/python3.8/site-packages/pymatgen/io/cif.py:1155: UserWarning: Issues encountered while parsing CIF: Some fractional coordinates rounded to ideal values to avoid issues with finite precision.
  warnings.warn("Issues encountered while parsing CIF: " + "\n".join(self.warnings))
/home/qimin/anaconda3/envs/defect_cgcnn/lib/python3.8/site-packages/sklearn/metrics/_classification.py:1327: UndefinedMetricWarning: Precision and F-score are ill-defined and being set to 0.0 due to no predicted samples. Use `zero_division` parameter to control this behavior.
  _warn_prf(average, modifier, msg_start, len(result))
Test: [0/2]	Time 27.057 (27.057)	Loss 0.7815 (0.7815)	Accu 0.477 (0.477)	Precision 0.000 (0.000)	Recall 0.000 (0.000)	F1 0.000 (0.000)	AUC 0.489 (0.489)
/home/qimin/anaconda3/envs/defect_cgcnn/lib/python3.8/site-packages/pymatgen/io/cif.py:1155: UserWarning: Issues encountered while parsing CIF: Some fractional coordinates rounded to ideal values to avoid issues with finite precision.
  warnings.warn("Issues encountered while parsing CIF: " + "\n".join(self.warnings))
/home/qimin/anaconda3/envs/defect_cgcnn/lib/python3.8/site-packages/sklearn/metrics/_classification.py:1327: UndefinedMetricWarning: Precision and F-score are ill-defined and being set to 0.0 due to no predicted samples. Use `zero_division` parameter to control this behavior.
  _warn_prf(average, modifier, msg_start, len(result))
 * AUC 0.488
Epoch: [1][0/12]	Time 0.178 (0.178)	Data 0.087 (0.087)	Loss 0.8083 (0.8083)	Accu 0.469 (0.469)	Precision 0.667 (0.667)	Recall 0.043 (0.043)	F1 0.081 (0.081)	AUC 0.472 (0.472)
Epoch: [1][10/12]	Time 0.166 (0.169)	Data 0.082 (0.084)	Loss 0.7284 (0.7408)	Accu 0.496 (0.498)	Precision 0.491 (0.469)	Recall 0.219 (0.416)	F1 0.303 (0.359)	AUC 0.471 (0.511)
Test: [0/2]	Time 0.108 (0.108)	Loss 0.6989 (0.6989)	Accu 0.477 (0.477)	Precision 0.477 (0.477)	Recall 1.000 (1.000)	F1 0.646 (0.646)	AUC 0.492 (0.492)
 * AUC 0.505
Epoch: [2][0/12]	Time 0.149 (0.149)	Data 0.063 (0.063)	Loss 0.6928 (0.6928)	Accu 0.555 (0.555)	Precision 0.556 (0.556)	Recall 0.682 (0.682)	F1 0.612 (0.612)	AUC 0.538 (0.538)
Epoch: [2][10/12]	Time 0.153 (0.152)	Data 0.065 (0.064)	Loss 0.7073 (0.7005)	Accu 0.480 (0.520)	Precision 0.457 (0.518)	Recall 0.521 (0.462)	F1 0.486 (0.455)	AUC 0.485 (0.526)
Test: [0/2]	Time 0.114 (0.114)	Loss 0.6898 (0.6898)	Accu 0.539 (0.539)	Precision 0.539 (0.539)	Recall 1.000 (1.000)	F1 0.701 (0.701)	AUC 0.558 (0.558)
 * AUC 0.547
Epoch: [3][0/12]	Time 0.151 (0.151)	Data 0.064 (0.064)	Loss 0.7028 (0.7028)	Accu 0.512 (0.512)	Precision 0.500 (0.500)	Recall 0.800 (0.800)	F1 0.615 (0.615)	AUC 0.520 (0.520)
Epoch: [3][10/12]	Time 0.159 (0.156)	Data 0.070 (0.068)	Loss 0.6748 (0.6916)	Accu 0.551 (0.528)	Precision 0.557 (0.520)	Recall 0.355 (0.499)	F1 0.433 (0.489)	AUC 0.610 (0.548)
Test: [0/2]	Time 0.115 (0.115)	Loss 0.6897 (0.6897)	Accu 0.551 (0.551)	Precision 0.565 (0.565)	Recall 0.669 (0.669)	F1 0.613 (0.613)	AUC 0.559 (0.559)
 * AUC 0.547
Epoch: [4][0/12]	Time 0.159 (0.159)	Data 0.072 (0.072)	Loss 0.6735 (0.6735)	Accu 0.570 (0.570)	Precision 0.542 (0.542)	Recall 0.533 (0.533)	F1 0.538 (0.538)	AUC 0.613 (0.613)
Epoch: [4][10/12]	Time 0.165 (0.165)	Data 0.076 (0.077)	Loss 0.6872 (0.6886)	Accu 0.512 (0.535)	Precision 0.531 (0.531)	Recall 0.389 (0.457)	F1 0.449 (0.483)	AUC 0.569 (0.559)
Test: [0/2]	Time 0.129 (0.129)	Loss 0.6945 (0.6945)	Accu 0.508 (0.508)	Precision 0.510 (0.510)	Recall 0.785 (0.785)	F1 0.618 (0.618)	AUC 0.526 (0.526)
 * AUC 0.550
Epoch: [5][0/12]	Time 0.159 (0.159)	Data 0.068 (0.068)	Loss 0.6911 (0.6911)	Accu 0.469 (0.469)	Precision 0.463 (0.463)	Recall 0.605 (0.605)	F1 0.524 (0.524)	AUC 0.538 (0.538)
Epoch: [5][10/12]	Time 0.152 (0.156)	Data 0.065 (0.067)	Loss 0.7025 (0.6889)	Accu 0.488 (0.526)	Precision 0.475 (0.530)	Recall 0.610 (0.531)	F1 0.534 (0.511)	AUC 0.514 (0.569)
Test: [0/2]	Time 0.118 (0.118)	Loss 0.6875 (0.6875)	Accu 0.531 (0.531)	Precision 0.551 (0.551)	Recall 0.710 (0.710)	F1 0.620 (0.620)	AUC 0.548 (0.548)
 * AUC 0.550
Epoch: [6][0/12]	Time 0.154 (0.154)	Data 0.066 (0.066)	Loss 0.6931 (0.6931)	Accu 0.559 (0.559)	Precision 0.570 (0.570)	Recall 0.667 (0.667)	F1 0.614 (0.614)	AUC 0.553 (0.553)
Epoch: [6][10/12]	Time 0.148 (0.156)	Data 0.063 (0.067)	Loss 0.6904 (0.6823)	Accu 0.535 (0.557)	Precision 0.570 (0.553)	Recall 0.374 (0.471)	F1 0.452 (0.498)	AUC 0.579 (0.584)
Test: [0/2]	Time 0.110 (0.110)	Loss 0.6935 (0.6935)	Accu 0.527 (0.527)	Precision 0.535 (0.535)	Recall 0.692 (0.692)	F1 0.603 (0.603)	AUC 0.539 (0.539)
 * AUC 0.555
Epoch: [7][0/12]	Time 0.151 (0.151)	Data 0.066 (0.066)	Loss 0.6916 (0.6916)	Accu 0.535 (0.535)	Precision 0.483 (0.483)	Recall 0.735 (0.735)	F1 0.582 (0.582)	AUC 0.567 (0.567)
Epoch: [7][10/12]	Time 0.196 (0.175)	Data 0.106 (0.087)	Loss 0.6831 (0.6835)	Accu 0.543 (0.571)	Precision 0.574 (0.566)	Recall 0.493 (0.593)	F1 0.530 (0.569)	AUC 0.574 (0.593)
Test: [0/2]	Time 0.140 (0.140)	Loss 0.6872 (0.6872)	Accu 0.562 (0.562)	Precision 0.585 (0.585)	Recall 0.764 (0.764)	F1 0.663 (0.663)	AUC 0.557 (0.557)
 * AUC 0.555
Epoch: [8][0/12]	Time 0.169 (0.169)	Data 0.080 (0.080)	Loss 0.6778 (0.6778)	Accu 0.582 (0.582)	Precision 0.552 (0.552)	Recall 0.768 (0.768)	F1 0.642 (0.642)	AUC 0.623 (0.623)
Epoch: [8][10/12]	Time 0.174 (0.172)	Data 0.084 (0.083)	Loss 0.6933 (0.6860)	Accu 0.535 (0.556)	Precision 0.596 (0.564)	Recall 0.428 (0.525)	F1 0.498 (0.510)	AUC 0.581 (0.594)
Test: [0/2]	Time 0.114 (0.114)	Loss 0.6844 (0.6844)	Accu 0.582 (0.582)	Precision 0.572 (0.572)	Recall 0.846 (0.846)	F1 0.682 (0.682)	AUC 0.576 (0.576)
 * AUC 0.550
Epoch: [9][0/12]	Time 0.158 (0.158)	Data 0.068 (0.068)	Loss 0.6932 (0.6932)	Accu 0.539 (0.539)	Precision 0.497 (0.497)	Recall 0.846 (0.846)	F1 0.627 (0.627)	AUC 0.601 (0.601)
Epoch: [9][10/12]	Time 0.155 (0.157)	Data 0.067 (0.067)	Loss 0.6909 (0.6772)	Accu 0.535 (0.568)	Precision 0.554 (0.565)	Recall 0.359 (0.594)	F1 0.436 (0.556)	AUC 0.588 (0.612)
Test: [0/2]	Time 0.116 (0.116)	Loss 0.7067 (0.7067)	Accu 0.555 (0.555)	Precision 0.639 (0.639)	Recall 0.387 (0.387)	F1 0.482 (0.482)	AUC 0.550 (0.550)
 * AUC 0.555
Epoch: [10][0/12]	Time 0.155 (0.155)	Data 0.066 (0.066)	Loss 0.6640 (0.6640)	Accu 0.594 (0.594)	Precision 0.529 (0.529)	Recall 0.500 (0.500)	F1 0.514 (0.514)	AUC 0.620 (0.620)
Epoch: [10][10/12]	Time 0.152 (0.162)	Data 0.065 (0.072)	Loss 0.6760 (0.6697)	Accu 0.562 (0.586)	Precision 0.490 (0.581)	Recall 0.697 (0.594)	F1 0.576 (0.580)	AUC 0.629 (0.623)
Test: [0/2]	Time 0.117 (0.117)	Loss 0.6899 (0.6899)	Accu 0.543 (0.543)	Precision 0.556 (0.556)	Recall 0.568 (0.568)	F1 0.562 (0.562)	AUC 0.571 (0.571)
 * AUC 0.563
Epoch: [11][0/12]	Time 0.159 (0.159)	Data 0.068 (0.068)	Loss 0.6423 (0.6423)	Accu 0.629 (0.629)	Precision 0.644 (0.644)	Recall 0.589 (0.589)	F1 0.615 (0.615)	AUC 0.683 (0.683)
Epoch: [11][10/12]	Time 0.157 (0.156)	Data 0.068 (0.067)	Loss 0.6660 (0.6666)	Accu 0.598 (0.586)	Precision 0.552 (0.577)	Recall 0.557 (0.589)	F1 0.554 (0.582)	AUC 0.628 (0.629)
Test: [0/2]	Time 0.115 (0.115)	Loss 0.7184 (0.7184)	Accu 0.527 (0.527)	Precision 0.597 (0.597)	Recall 0.338 (0.338)	F1 0.432 (0.432)	AUC 0.559 (0.559)
 * AUC 0.561
Epoch: [12][0/12]	Time 0.155 (0.155)	Data 0.066 (0.066)	Loss 0.6489 (0.6489)	Accu 0.598 (0.598)	Precision 0.578 (0.578)	Recall 0.444 (0.444)	F1 0.502 (0.502)	AUC 0.650 (0.650)
Epoch: [12][10/12]	Time 0.154 (0.157)	Data 0.067 (0.068)	Loss 0.6569 (0.6705)	Accu 0.594 (0.585)	Precision 0.533 (0.580)	Recall 0.637 (0.603)	F1 0.581 (0.580)	AUC 0.642 (0.624)
Test: [0/2]	Time 0.114 (0.114)	Loss 0.7222 (0.7222)	Accu 0.535 (0.535)	Precision 0.584 (0.584)	Recall 0.388 (0.388)	F1 0.466 (0.466)	AUC 0.533 (0.533)
 * AUC 0.549
Epoch: [13][0/12]	Time 0.152 (0.152)	Data 0.065 (0.065)	Loss 0.6709 (0.6709)	Accu 0.574 (0.574)	Precision 0.566 (0.566)	Recall 0.459 (0.459)	F1 0.507 (0.507)	AUC 0.618 (0.618)
Epoch: [13][10/12]	Time 0.153 (0.156)	Data 0.065 (0.067)	Loss 0.6570 (0.6660)	Accu 0.609 (0.581)	Precision 0.555 (0.581)	Recall 0.807 (0.576)	F1 0.658 (0.567)	AUC 0.676 (0.634)
Test: [0/2]	Time 0.114 (0.114)	Loss 0.6959 (0.6959)	Accu 0.574 (0.574)	Precision 0.614 (0.614)	Recall 0.470 (0.470)	F1 0.532 (0.532)	AUC 0.582 (0.582)
 * AUC 0.553
Epoch: [14][0/12]	Time 0.154 (0.154)	Data 0.066 (0.066)	Loss 0.6430 (0.6430)	Accu 0.625 (0.625)	Precision 0.590 (0.590)	Recall 0.590 (0.590)	F1 0.590 (0.590)	AUC 0.683 (0.683)
Epoch: [14][10/12]	Time 0.160 (0.160)	Data 0.072 (0.071)	Loss 0.6645 (0.6650)	Accu 0.648 (0.602)	Precision 0.597 (0.617)	Recall 0.785 (0.551)	F1 0.679 (0.567)	AUC 0.655 (0.645)
Test: [0/2]	Time 0.114 (0.114)	Loss 0.7061 (0.7061)	Accu 0.516 (0.516)	Precision 0.523 (0.523)	Recall 0.523 (0.523)	F1 0.523 (0.523)	AUC 0.552 (0.552)
 * AUC 0.559
Epoch: [15][0/12]	Time 0.157 (0.157)	Data 0.067 (0.067)	Loss 0.6821 (0.6821)	Accu 0.566 (0.566)	Precision 0.559 (0.559)	Recall 0.633 (0.633)	F1 0.593 (0.593)	AUC 0.597 (0.597)
Epoch: [15][10/12]	Time 0.162 (0.159)	Data 0.073 (0.070)	Loss 0.6551 (0.6624)	Accu 0.594 (0.595)	Precision 0.584 (0.601)	Recall 0.692 (0.532)	F1 0.634 (0.556)	AUC 0.641 (0.643)
Test: [0/2]	Time 0.116 (0.116)	Loss 0.6990 (0.6990)	Accu 0.543 (0.543)	Precision 0.560 (0.560)	Recall 0.654 (0.654)	F1 0.603 (0.603)	AUC 0.575 (0.575)
 * AUC 0.559
Epoch: [16][0/12]	Time 0.163 (0.163)	Data 0.074 (0.074)	Loss 0.6646 (0.6646)	Accu 0.613 (0.613)	Precision 0.521 (0.521)	Recall 0.811 (0.811)	F1 0.635 (0.635)	AUC 0.673 (0.673)
Epoch: [16][10/12]	Time 0.162 (0.162)	Data 0.075 (0.075)	Loss 0.6635 (0.6559)	Accu 0.566 (0.606)	Precision 0.594 (0.607)	Recall 0.563 (0.593)	F1 0.578 (0.592)	AUC 0.637 (0.655)
Test: [0/2]	Time 0.124 (0.124)	Loss 0.7062 (0.7062)	Accu 0.555 (0.555)	Precision 0.569 (0.569)	Recall 0.534 (0.534)	F1 0.551 (0.551)	AUC 0.559 (0.559)
 * AUC 0.568
Epoch: [17][0/12]	Time 0.158 (0.158)	Data 0.068 (0.068)	Loss 0.6394 (0.6394)	Accu 0.617 (0.617)	Precision 0.604 (0.604)	Recall 0.643 (0.643)	F1 0.623 (0.623)	AUC 0.670 (0.670)
Epoch: [17][10/12]	Time 0.154 (0.157)	Data 0.069 (0.068)	Loss 0.6763 (0.6527)	Accu 0.578 (0.609)	Precision 0.566 (0.600)	Recall 0.492 (0.618)	F1 0.526 (0.606)	AUC 0.601 (0.655)
Test: [0/2]	Time 0.116 (0.116)	Loss 0.7067 (0.7067)	Accu 0.547 (0.547)	Precision 0.564 (0.564)	Recall 0.442 (0.442)	F1 0.496 (0.496)	AUC 0.563 (0.563)
 * AUC 0.552
Epoch: [18][0/12]	Time 0.151 (0.151)	Data 0.069 (0.069)	Loss 0.6284 (0.6284)	Accu 0.625 (0.625)	Precision 0.618 (0.618)	Recall 0.557 (0.557)	F1 0.586 (0.586)	AUC 0.693 (0.693)
Epoch: [18][10/12]	Time 0.151 (0.148)	Data 0.070 (0.065)	Loss 0.6943 (0.6503)	Accu 0.535 (0.613)	Precision 0.541 (0.608)	Recall 0.562 (0.603)	F1 0.551 (0.604)	AUC 0.584 (0.661)
Test: [0/2]	Time 0.108 (0.108)	Loss 0.7304 (0.7304)	Accu 0.559 (0.559)	Precision 0.581 (0.581)	Recall 0.560 (0.560)	F1 0.570 (0.570)	AUC 0.549 (0.549)
 * AUC 0.551
Epoch: [19][0/12]	Time 0.160 (0.160)	Data 0.078 (0.078)	Loss 0.6388 (0.6388)	Accu 0.609 (0.609)	Precision 0.626 (0.626)	Recall 0.617 (0.617)	F1 0.621 (0.621)	AUC 0.679 (0.679)
Epoch: [19][10/12]	Time 0.160 (0.162)	Data 0.077 (0.078)	Loss 0.6643 (0.6539)	Accu 0.625 (0.620)	Precision 0.588 (0.614)	Recall 0.667 (0.611)	F1 0.625 (0.610)	AUC 0.648 (0.658)
Test: [0/2]	Time 0.141 (0.141)	Loss 0.7388 (0.7388)	Accu 0.531 (0.531)	Precision 0.567 (0.567)	Recall 0.526 (0.526)	F1 0.545 (0.545)	AUC 0.535 (0.535)
 * AUC 0.556
Epoch: [20][0/12]	Time 0.146 (0.146)	Data 0.061 (0.061)	Loss 0.6396 (0.6396)	Accu 0.617 (0.617)	Precision 0.586 (0.586)	Recall 0.672 (0.672)	F1 0.626 (0.626)	AUC 0.679 (0.679)
Epoch: [20][10/12]	Time 0.151 (0.147)	Data 0.066 (0.062)	Loss 0.6717 (0.6483)	Accu 0.586 (0.619)	Precision 0.649 (0.608)	Recall 0.529 (0.628)	F1 0.583 (0.616)	AUC 0.633 (0.666)
Test: [0/2]	Time 0.111 (0.111)	Loss 0.7484 (0.7484)	Accu 0.508 (0.508)	Precision 0.539 (0.539)	Recall 0.459 (0.459)	F1 0.496 (0.496)	AUC 0.519 (0.519)
 * AUC 0.543
Epoch: [21][0/12]	Time 0.150 (0.150)	Data 0.064 (0.064)	Loss 0.6255 (0.6255)	Accu 0.656 (0.656)	Precision 0.632 (0.632)	Recall 0.694 (0.694)	F1 0.662 (0.662)	AUC 0.718 (0.718)
Epoch: [21][10/12]	Time 0.157 (0.151)	Data 0.075 (0.067)	Loss 0.6426 (0.6468)	Accu 0.641 (0.618)	Precision 0.654 (0.608)	Recall 0.634 (0.625)	F1 0.643 (0.616)	AUC 0.690 (0.669)
Test: [0/2]	Time 0.105 (0.105)	Loss 0.7472 (0.7472)	Accu 0.527 (0.527)	Precision 0.560 (0.560)	Recall 0.547 (0.547)	F1 0.554 (0.554)	AUC 0.511 (0.511)
 * AUC 0.541
Epoch: [22][0/12]	Time 0.156 (0.156)	Data 0.069 (0.069)	Loss 0.5997 (0.5997)	Accu 0.664 (0.664)	Precision 0.662 (0.662)	Recall 0.672 (0.672)	F1 0.667 (0.667)	AUC 0.749 (0.749)
Epoch: [22][10/12]	Time 0.163 (0.158)	Data 0.076 (0.072)	Loss 0.6534 (0.6486)	Accu 0.609 (0.609)	Precision 0.678 (0.600)	Recall 0.462 (0.627)	F1 0.550 (0.608)	AUC 0.687 (0.665)
Test: [0/2]	Time 0.116 (0.116)	Loss 0.7465 (0.7465)	Accu 0.543 (0.543)	Precision 0.591 (0.591)	Recall 0.474 (0.474)	F1 0.526 (0.526)	AUC 0.554 (0.554)
 * AUC 0.546
Epoch: [23][0/12]	Time 0.155 (0.155)	Data 0.069 (0.069)	Loss 0.6379 (0.6379)	Accu 0.637 (0.637)	Precision 0.647 (0.647)	Recall 0.537 (0.537)	F1 0.587 (0.587)	AUC 0.687 (0.687)
Epoch: [23][10/12]	Time 0.217 (0.208)	Data 0.134 (0.122)	Loss 0.6350 (0.6441)	Accu 0.672 (0.631)	Precision 0.647 (0.623)	Recall 0.647 (0.649)	F1 0.647 (0.631)	AUC 0.689 (0.679)
Test: [0/2]	Time 0.195 (0.195)	Loss 0.7504 (0.7504)	Accu 0.520 (0.520)	Precision 0.589 (0.589)	Recall 0.400 (0.400)	F1 0.477 (0.477)	AUC 0.537 (0.537)
 * AUC 0.538
Epoch: [24][0/12]	Time 0.163 (0.163)	Data 0.080 (0.080)	Loss 0.6474 (0.6474)	Accu 0.633 (0.633)	Precision 0.724 (0.724)	Recall 0.539 (0.539)	F1 0.618 (0.618)	AUC 0.694 (0.694)
Epoch: [24][10/12]	Time 0.157 (0.164)	Data 0.071 (0.077)	Loss 0.6297 (0.6462)	Accu 0.656 (0.619)	Precision 0.664 (0.616)	Recall 0.622 (0.616)	F1 0.642 (0.612)	AUC 0.695 (0.672)
Test: [0/2]	Time 0.107 (0.107)	Loss 0.7584 (0.7584)	Accu 0.520 (0.520)	Precision 0.586 (0.586)	Recall 0.458 (0.458)	F1 0.514 (0.514)	AUC 0.530 (0.530)
 * AUC 0.539
Epoch: [25][0/12]	Time 0.142 (0.142)	Data 0.060 (0.060)	Loss 0.6132 (0.6132)	Accu 0.594 (0.594)	Precision 0.538 (0.538)	Recall 0.558 (0.558)	F1 0.548 (0.548)	AUC 0.705 (0.705)
Epoch: [25][10/12]	Time 0.148 (0.147)	Data 0.062 (0.062)	Loss 0.6703 (0.6446)	Accu 0.582 (0.615)	Precision 0.603 (0.608)	Recall 0.553 (0.610)	F1 0.577 (0.607)	AUC 0.628 (0.670)
Test: [0/2]	Time 0.107 (0.107)	Loss 0.7230 (0.7230)	Accu 0.527 (0.527)	Precision 0.541 (0.541)	Recall 0.545 (0.545)	F1 0.543 (0.543)	AUC 0.549 (0.549)
 * AUC 0.540
Epoch: [26][0/12]	Time 0.146 (0.146)	Data 0.060 (0.060)	Loss 0.6513 (0.6513)	Accu 0.621 (0.621)	Precision 0.615 (0.615)	Recall 0.630 (0.630)	F1 0.623 (0.623)	AUC 0.652 (0.652)
Epoch: [26][10/12]	Time 0.152 (0.148)	Data 0.065 (0.062)	Loss 0.6708 (0.6421)	Accu 0.586 (0.624)	Precision 0.660 (0.609)	Recall 0.478 (0.646)	F1 0.555 (0.624)	AUC 0.655 (0.677)
Test: [0/2]	Time 0.106 (0.106)	Loss 0.7740 (0.7740)	Accu 0.520 (0.520)	Precision 0.557 (0.557)	Recall 0.437 (0.437)	F1 0.490 (0.490)	AUC 0.517 (0.517)
 * AUC 0.539
Epoch: [27][0/12]	Time 0.143 (0.143)	Data 0.060 (0.060)	Loss 0.6175 (0.6175)	Accu 0.641 (0.641)	Precision 0.657 (0.657)	Recall 0.540 (0.540)	F1 0.593 (0.593)	AUC 0.716 (0.716)
Epoch: [27][10/12]	Time 0.171 (0.158)	Data 0.084 (0.071)	Loss 0.6504 (0.6329)	Accu 0.605 (0.638)	Precision 0.572 (0.633)	Recall 0.680 (0.636)	F1 0.622 (0.633)	AUC 0.661 (0.690)
Test: [0/2]	Time 0.144 (0.144)	Loss 0.7897 (0.7897)	Accu 0.504 (0.504)	Precision 0.555 (0.555)	Recall 0.504 (0.504)	F1 0.528 (0.528)	AUC 0.498 (0.498)
 * AUC 0.532
Epoch: [28][0/12]	Time 0.165 (0.165)	Data 0.076 (0.076)	Loss 0.6244 (0.6244)	Accu 0.672 (0.672)	Precision 0.652 (0.652)	Recall 0.714 (0.714)	F1 0.682 (0.682)	AUC 0.705 (0.705)
Epoch: [28][10/12]	Time 0.162 (0.163)	Data 0.073 (0.074)	Loss 0.6102 (0.6346)	Accu 0.668 (0.631)	Precision 0.640 (0.620)	Recall 0.667 (0.639)	F1 0.653 (0.628)	AUC 0.715 (0.682)
Test: [0/2]	Time 0.112 (0.112)	Loss 0.7681 (0.7681)	Accu 0.496 (0.496)	Precision 0.508 (0.508)	Recall 0.458 (0.458)	F1 0.482 (0.482)	AUC 0.492 (0.492)
 * AUC 0.517
Epoch: [29][0/12]	Time 0.158 (0.158)	Data 0.067 (0.067)	Loss 0.6565 (0.6565)	Accu 0.574 (0.574)	Precision 0.545 (0.545)	Recall 0.603 (0.603)	F1 0.573 (0.573)	AUC 0.643 (0.643)
Epoch: [29][10/12]	Time 0.152 (0.155)	Data 0.063 (0.066)	Loss 0.6569 (0.6362)	Accu 0.621 (0.630)	Precision 0.629 (0.620)	Recall 0.634 (0.642)	F1 0.631 (0.628)	AUC 0.635 (0.685)
Test: [0/2]	Time 0.110 (0.110)	Loss 0.7837 (0.7837)	Accu 0.473 (0.473)	Precision 0.528 (0.528)	Recall 0.472 (0.472)	F1 0.498 (0.498)	AUC 0.481 (0.481)
 * AUC 0.500
---------Evaluate Model on Test Set---------------
/home/qimin/anaconda3/envs/defect_cgcnn/lib/python3.8/site-packages/pymatgen/io/cif.py:1155: UserWarning: Issues encountered while parsing CIF: Some fractional coordinates rounded to ideal values to avoid issues with finite precision.
  warnings.warn("Issues encountered while parsing CIF: " + "\n".join(self.warnings))
Test: [0/2]	Time 28.140 (28.140)	Loss 0.6994 (0.6994)	Accu 0.598 (0.598)	Precision 0.595 (0.595)	Recall 0.672 (0.672)	F1 0.631 (0.631)	AUC 0.605 (0.605)
/home/qimin/anaconda3/envs/defect_cgcnn/lib/python3.8/site-packages/pymatgen/io/cif.py:1155: UserWarning: Issues encountered while parsing CIF: Some fractional coordinates rounded to ideal values to avoid issues with finite precision.
  warnings.warn("Issues encountered while parsing CIF: " + "\n".join(self.warnings))
 ** AUC 0.582
