/home/qimin/anaconda3/envs/defect_cgcnn/lib/python3.8/site-packages/pymatgen/io/cif.py:1155: UserWarning: Issues encountered while parsing CIF: Some fractional coordinates rounded to ideal values to avoid issues with finite precision.
  warnings.warn("Issues encountered while parsing CIF: " + "\n".join(self.warnings))
Epoch: [0][0/12]	Time 27.454 (27.454)	Data 27.331 (27.331)	Loss 0.9242 (0.9242)	Accu 0.477 (0.477)	Precision 0.490 (0.490)	Recall 0.180 (0.180)	F1 0.264 (0.264)	AUC 0.511 (0.511)
/home/qimin/anaconda3/envs/defect_cgcnn/lib/python3.8/site-packages/pymatgen/io/cif.py:1155: UserWarning: Issues encountered while parsing CIF: Some fractional coordinates rounded to ideal values to avoid issues with finite precision.
  warnings.warn("Issues encountered while parsing CIF: " + "\n".join(self.warnings))
/home/qimin/anaconda3/envs/defect_cgcnn/lib/python3.8/site-packages/pymatgen/io/cif.py:1155: UserWarning: Issues encountered while parsing CIF: Some fractional coordinates rounded to ideal values to avoid issues with finite precision.
  warnings.warn("Issues encountered while parsing CIF: " + "\n".join(self.warnings))
/home/qimin/anaconda3/envs/defect_cgcnn/lib/python3.8/site-packages/pymatgen/io/cif.py:1155: UserWarning: Issues encountered while parsing CIF: Some fractional coordinates rounded to ideal values to avoid issues with finite precision.
  warnings.warn("Issues encountered while parsing CIF: " + "\n".join(self.warnings))
/home/qimin/anaconda3/envs/defect_cgcnn/lib/python3.8/site-packages/pymatgen/io/cif.py:1155: UserWarning: Issues encountered while parsing CIF: Some fractional coordinates rounded to ideal values to avoid issues with finite precision.
  warnings.warn("Issues encountered while parsing CIF: " + "\n".join(self.warnings))
/home/qimin/anaconda3/envs/defect_cgcnn/lib/python3.8/site-packages/pymatgen/io/cif.py:1155: UserWarning: Issues encountered while parsing CIF: Some fractional coordinates rounded to ideal values to avoid issues with finite precision.
  warnings.warn("Issues encountered while parsing CIF: " + "\n".join(self.warnings))
/home/qimin/anaconda3/envs/defect_cgcnn/lib/python3.8/site-packages/pymatgen/io/cif.py:1155: UserWarning: Issues encountered while parsing CIF: Some fractional coordinates rounded to ideal values to avoid issues with finite precision.
  warnings.warn("Issues encountered while parsing CIF: " + "\n".join(self.warnings))
/home/qimin/anaconda3/envs/defect_cgcnn/lib/python3.8/site-packages/pymatgen/io/cif.py:1155: UserWarning: Issues encountered while parsing CIF: Some fractional coordinates rounded to ideal values to avoid issues with finite precision.
  warnings.warn("Issues encountered while parsing CIF: " + "\n".join(self.warnings))
/home/qimin/anaconda3/envs/defect_cgcnn/lib/python3.8/site-packages/pymatgen/io/cif.py:1155: UserWarning: Issues encountered while parsing CIF: Some fractional coordinates rounded to ideal values to avoid issues with finite precision.
  warnings.warn("Issues encountered while parsing CIF: " + "\n".join(self.warnings))
/home/qimin/anaconda3/envs/defect_cgcnn/lib/python3.8/site-packages/pymatgen/io/cif.py:1155: UserWarning: Issues encountered while parsing CIF: Some fractional coordinates rounded to ideal values to avoid issues with finite precision.
  warnings.warn("Issues encountered while parsing CIF: " + "\n".join(self.warnings))
/home/qimin/anaconda3/envs/defect_cgcnn/lib/python3.8/site-packages/pymatgen/io/cif.py:1155: UserWarning: Issues encountered while parsing CIF: Some fractional coordinates rounded to ideal values to avoid issues with finite precision.
  warnings.warn("Issues encountered while parsing CIF: " + "\n".join(self.warnings))
Epoch: [0][10/12]	Time 28.185 (26.353)	Data 28.047 (26.221)	Loss 0.7208 (0.8234)	Accu 0.488 (0.487)	Precision 0.485 (0.485)	Recall 0.496 (0.529)	F1 0.490 (0.463)	AUC 0.500 (0.509)
/home/qimin/anaconda3/envs/defect_cgcnn/lib/python3.8/site-packages/pymatgen/io/cif.py:1155: UserWarning: Issues encountered while parsing CIF: Some fractional coordinates rounded to ideal values to avoid issues with finite precision.
  warnings.warn("Issues encountered while parsing CIF: " + "\n".join(self.warnings))
/home/qimin/anaconda3/envs/defect_cgcnn/lib/python3.8/site-packages/pymatgen/io/cif.py:1155: UserWarning: Issues encountered while parsing CIF: Some fractional coordinates rounded to ideal values to avoid issues with finite precision.
  warnings.warn("Issues encountered while parsing CIF: " + "\n".join(self.warnings))
/home/qimin/anaconda3/envs/defect_cgcnn/lib/python3.8/site-packages/sklearn/metrics/_classification.py:1327: UndefinedMetricWarning: Precision and F-score are ill-defined and being set to 0.0 due to no predicted samples. Use `zero_division` parameter to control this behavior.
  _warn_prf(average, modifier, msg_start, len(result))
Test: [0/2]	Time 27.712 (27.712)	Loss 0.7132 (0.7132)	Accu 0.488 (0.488)	Precision 0.000 (0.000)	Recall 0.000 (0.000)	F1 0.000 (0.000)	AUC 0.543 (0.543)
/home/qimin/anaconda3/envs/defect_cgcnn/lib/python3.8/site-packages/pymatgen/io/cif.py:1155: UserWarning: Issues encountered while parsing CIF: Some fractional coordinates rounded to ideal values to avoid issues with finite precision.
  warnings.warn("Issues encountered while parsing CIF: " + "\n".join(self.warnings))
/home/qimin/anaconda3/envs/defect_cgcnn/lib/python3.8/site-packages/sklearn/metrics/_classification.py:1327: UndefinedMetricWarning: Precision and F-score are ill-defined and being set to 0.0 due to no predicted samples. Use `zero_division` parameter to control this behavior.
  _warn_prf(average, modifier, msg_start, len(result))
 * AUC 0.487
Epoch: [1][0/12]	Time 0.231 (0.231)	Data 0.115 (0.115)	Loss 0.6679 (0.6679)	Accu 0.621 (0.621)	Precision 0.645 (0.645)	Recall 0.348 (0.348)	F1 0.452 (0.452)	AUC 0.619 (0.619)
Epoch: [1][10/12]	Time 0.202 (0.205)	Data 0.093 (0.096)	Loss 0.6774 (0.6994)	Accu 0.590 (0.548)	Precision 0.576 (0.552)	Recall 0.635 (0.491)	F1 0.604 (0.500)	AUC 0.610 (0.573)
Test: [0/2]	Time 0.151 (0.151)	Loss 0.6888 (0.6888)	Accu 0.598 (0.598)	Precision 0.586 (0.586)	Recall 0.847 (0.847)	F1 0.693 (0.693)	AUC 0.663 (0.663)
 * AUC 0.656
Epoch: [2][0/12]	Time 0.169 (0.169)	Data 0.062 (0.062)	Loss 0.7033 (0.7033)	Accu 0.531 (0.531)	Precision 0.503 (0.503)	Recall 0.793 (0.793)	F1 0.615 (0.615)	AUC 0.594 (0.594)
Epoch: [2][10/12]	Time 0.173 (0.173)	Data 0.064 (0.064)	Loss 0.6599 (0.6822)	Accu 0.613 (0.570)	Precision 0.604 (0.565)	Recall 0.549 (0.561)	F1 0.575 (0.555)	AUC 0.641 (0.601)
/home/qimin/anaconda3/envs/defect_cgcnn/lib/python3.8/site-packages/sklearn/metrics/_classification.py:1327: UndefinedMetricWarning: Precision and F-score are ill-defined and being set to 0.0 due to no predicted samples. Use `zero_division` parameter to control this behavior.
  _warn_prf(average, modifier, msg_start, len(result))
Test: [0/2]	Time 0.113 (0.113)	Loss 0.7096 (0.7096)	Accu 0.465 (0.465)	Precision 0.000 (0.000)	Recall 0.000 (0.000)	F1 0.000 (0.000)	AUC 0.702 (0.702)
/home/qimin/anaconda3/envs/defect_cgcnn/lib/python3.8/site-packages/sklearn/metrics/_classification.py:1327: UndefinedMetricWarning: Precision and F-score are ill-defined and being set to 0.0 due to no predicted samples. Use `zero_division` parameter to control this behavior.
  _warn_prf(average, modifier, msg_start, len(result))
 * AUC 0.677
Epoch: [3][0/12]	Time 0.182 (0.182)	Data 0.072 (0.072)	Loss 0.6511 (0.6511)	Accu 0.609 (0.609)	Precision 0.632 (0.632)	Recall 0.523 (0.523)	F1 0.573 (0.573)	AUC 0.663 (0.663)
Epoch: [3][10/12]	Time 0.206 (0.195)	Data 0.099 (0.086)	Loss 0.6996 (0.6608)	Accu 0.543 (0.606)	Precision 0.568 (0.617)	Recall 0.477 (0.561)	F1 0.519 (0.578)	AUC 0.568 (0.649)
Test: [0/2]	Time 0.109 (0.109)	Loss 0.6636 (0.6636)	Accu 0.633 (0.633)	Precision 0.705 (0.705)	Recall 0.504 (0.504)	F1 0.588 (0.588)	AUC 0.705 (0.705)
 * AUC 0.689
Epoch: [4][0/12]	Time 0.190 (0.190)	Data 0.083 (0.083)	Loss 0.6522 (0.6522)	Accu 0.605 (0.605)	Precision 0.578 (0.578)	Recall 0.685 (0.685)	F1 0.627 (0.627)	AUC 0.664 (0.664)
Epoch: [4][10/12]	Time 0.189 (0.195)	Data 0.080 (0.085)	Loss 0.6107 (0.6259)	Accu 0.680 (0.651)	Precision 0.630 (0.645)	Recall 0.737 (0.655)	F1 0.680 (0.646)	AUC 0.735 (0.709)
Test: [0/2]	Time 0.133 (0.133)	Loss 0.6384 (0.6384)	Accu 0.645 (0.645)	Precision 0.761 (0.761)	Recall 0.489 (0.489)	F1 0.596 (0.596)	AUC 0.733 (0.733)
 * AUC 0.730
Epoch: [5][0/12]	Time 0.170 (0.170)	Data 0.063 (0.063)	Loss 0.5609 (0.5609)	Accu 0.746 (0.746)	Precision 0.785 (0.785)	Recall 0.667 (0.667)	F1 0.721 (0.721)	AUC 0.815 (0.815)
Epoch: [5][10/12]	Time 0.172 (0.171)	Data 0.063 (0.063)	Loss 0.5722 (0.5815)	Accu 0.699 (0.695)	Precision 0.712 (0.712)	Recall 0.612 (0.641)	F1 0.658 (0.671)	AUC 0.769 (0.766)
Test: [0/2]	Time 0.107 (0.107)	Loss 0.5788 (0.5788)	Accu 0.695 (0.695)	Precision 0.692 (0.692)	Recall 0.744 (0.744)	F1 0.717 (0.717)	AUC 0.776 (0.776)
 * AUC 0.790
Epoch: [6][0/12]	Time 0.170 (0.170)	Data 0.060 (0.060)	Loss 0.5252 (0.5252)	Accu 0.754 (0.754)	Precision 0.769 (0.769)	Recall 0.727 (0.727)	F1 0.747 (0.747)	AUC 0.823 (0.823)
Epoch: [6][10/12]	Time 0.168 (0.170)	Data 0.061 (0.062)	Loss 0.4640 (0.5066)	Accu 0.785 (0.748)	Precision 0.715 (0.752)	Recall 0.900 (0.740)	F1 0.797 (0.739)	AUC 0.894 (0.841)
Test: [0/2]	Time 0.109 (0.109)	Loss 0.4611 (0.4611)	Accu 0.777 (0.777)	Precision 0.808 (0.808)	Recall 0.766 (0.766)	F1 0.787 (0.787)	AUC 0.865 (0.865)
 * AUC 0.868
Epoch: [7][0/12]	Time 0.167 (0.167)	Data 0.058 (0.058)	Loss 0.4523 (0.4523)	Accu 0.777 (0.777)	Precision 0.793 (0.793)	Recall 0.750 (0.750)	F1 0.771 (0.771)	AUC 0.871 (0.871)
Epoch: [7][10/12]	Time 0.175 (0.170)	Data 0.063 (0.062)	Loss 0.3441 (0.3859)	Accu 0.852 (0.832)	Precision 0.901 (0.861)	Recall 0.765 (0.789)	F1 0.827 (0.819)	AUC 0.929 (0.913)
Test: [0/2]	Time 0.105 (0.105)	Loss 0.3619 (0.3619)	Accu 0.820 (0.820)	Precision 0.847 (0.847)	Recall 0.810 (0.810)	F1 0.828 (0.828)	AUC 0.914 (0.914)
 * AUC 0.924
Epoch: [8][0/12]	Time 0.167 (0.167)	Data 0.057 (0.057)	Loss 0.3267 (0.3267)	Accu 0.852 (0.852)	Precision 0.920 (0.920)	Recall 0.754 (0.754)	F1 0.829 (0.829)	AUC 0.939 (0.939)
Epoch: [8][10/12]	Time 0.171 (0.171)	Data 0.063 (0.062)	Loss 0.2720 (0.2729)	Accu 0.898 (0.895)	Precision 0.943 (0.914)	Recall 0.832 (0.868)	F1 0.884 (0.889)	AUC 0.958 (0.956)
Test: [0/2]	Time 0.107 (0.107)	Loss 0.2605 (0.2605)	Accu 0.879 (0.879)	Precision 0.954 (0.954)	Recall 0.798 (0.798)	F1 0.869 (0.869)	AUC 0.959 (0.959)
 * AUC 0.950
Epoch: [9][0/12]	Time 0.168 (0.168)	Data 0.061 (0.061)	Loss 0.2882 (0.2882)	Accu 0.863 (0.863)	Precision 0.943 (0.943)	Recall 0.773 (0.773)	F1 0.850 (0.850)	AUC 0.955 (0.955)
Epoch: [9][10/12]	Time 0.176 (0.171)	Data 0.068 (0.063)	Loss 0.1310 (0.1999)	Accu 0.961 (0.920)	Precision 0.982 (0.940)	Recall 0.932 (0.894)	F1 0.957 (0.915)	AUC 0.990 (0.976)
Test: [0/2]	Time 0.110 (0.110)	Loss 0.1894 (0.1894)	Accu 0.934 (0.934)	Precision 0.947 (0.947)	Recall 0.926 (0.926)	F1 0.936 (0.936)	AUC 0.975 (0.975)
 * AUC 0.976
Epoch: [10][0/12]	Time 0.168 (0.168)	Data 0.063 (0.063)	Loss 0.1334 (0.1334)	Accu 0.953 (0.953)	Precision 0.966 (0.966)	Recall 0.935 (0.935)	F1 0.950 (0.950)	AUC 0.990 (0.990)
Epoch: [10][10/12]	Time 0.184 (0.179)	Data 0.077 (0.071)	Loss 0.1791 (0.1434)	Accu 0.941 (0.952)	Precision 0.961 (0.963)	Recall 0.924 (0.938)	F1 0.942 (0.950)	AUC 0.977 (0.986)
Test: [0/2]	Time 0.141 (0.141)	Loss 0.1387 (0.1387)	Accu 0.945 (0.945)	Precision 0.977 (0.977)	Recall 0.919 (0.919)	F1 0.947 (0.947)	AUC 0.988 (0.988)
 * AUC 0.986
Epoch: [11][0/12]	Time 0.184 (0.184)	Data 0.074 (0.074)	Loss 0.1226 (0.1226)	Accu 0.949 (0.949)	Precision 0.977 (0.977)	Recall 0.926 (0.926)	F1 0.951 (0.951)	AUC 0.990 (0.990)
Epoch: [11][10/12]	Time 0.185 (0.181)	Data 0.073 (0.072)	Loss 0.1195 (0.1291)	Accu 0.949 (0.953)	Precision 0.930 (0.962)	Recall 0.968 (0.943)	F1 0.949 (0.952)	AUC 0.993 (0.990)
Test: [0/2]	Time 0.110 (0.110)	Loss 0.2059 (0.2059)	Accu 0.930 (0.930)	Precision 0.955 (0.955)	Recall 0.914 (0.914)	F1 0.934 (0.934)	AUC 0.972 (0.972)
 * AUC 0.975
Epoch: [12][0/12]	Time 0.172 (0.172)	Data 0.063 (0.063)	Loss 0.0944 (0.0944)	Accu 0.969 (0.969)	Precision 0.983 (0.983)	Recall 0.950 (0.950)	F1 0.966 (0.966)	AUC 0.997 (0.997)
Epoch: [12][10/12]	Time 0.170 (0.172)	Data 0.062 (0.063)	Loss 0.1430 (0.1144)	Accu 0.930 (0.958)	Precision 0.983 (0.974)	Recall 0.876 (0.941)	F1 0.926 (0.957)	AUC 0.989 (0.993)
Test: [0/2]	Time 0.110 (0.110)	Loss 0.1123 (0.1123)	Accu 0.949 (0.949)	Precision 0.992 (0.992)	Recall 0.914 (0.914)	F1 0.951 (0.951)	AUC 0.995 (0.995)
 * AUC 0.991
Epoch: [13][0/12]	Time 0.181 (0.181)	Data 0.072 (0.072)	Loss 0.1184 (0.1184)	Accu 0.953 (0.953)	Precision 0.982 (0.982)	Recall 0.917 (0.917)	F1 0.948 (0.948)	AUC 0.991 (0.991)
Epoch: [13][10/12]	Time 0.201 (0.186)	Data 0.092 (0.077)	Loss 0.0975 (0.0832)	Accu 0.957 (0.969)	Precision 0.967 (0.977)	Recall 0.944 (0.961)	F1 0.955 (0.969)	AUC 0.991 (0.996)
Test: [0/2]	Time 0.155 (0.155)	Loss 0.1192 (0.1192)	Accu 0.957 (0.957)	Precision 0.985 (0.985)	Recall 0.935 (0.935)	F1 0.959 (0.959)	AUC 0.992 (0.992)
 * AUC 0.992
Epoch: [14][0/12]	Time 0.184 (0.184)	Data 0.076 (0.076)	Loss 0.0504 (0.0504)	Accu 0.992 (0.992)	Precision 0.983 (0.983)	Recall 1.000 (1.000)	F1 0.991 (0.991)	AUC 0.999 (0.999)
Epoch: [14][10/12]	Time 0.188 (0.188)	Data 0.079 (0.079)	Loss 0.0566 (0.0629)	Accu 0.980 (0.976)	Precision 0.969 (0.978)	Recall 0.992 (0.974)	F1 0.980 (0.976)	AUC 0.999 (0.998)
Test: [0/2]	Time 0.114 (0.114)	Loss 0.1720 (0.1720)	Accu 0.934 (0.934)	Precision 0.971 (0.971)	Recall 0.910 (0.910)	F1 0.940 (0.940)	AUC 0.983 (0.983)
 * AUC 0.987
Epoch: [15][0/12]	Time 0.171 (0.171)	Data 0.063 (0.063)	Loss 0.0814 (0.0814)	Accu 0.973 (0.973)	Precision 0.984 (0.984)	Recall 0.962 (0.962)	F1 0.973 (0.973)	AUC 0.997 (0.997)
Epoch: [15][10/12]	Time 0.169 (0.173)	Data 0.061 (0.064)	Loss 0.0408 (0.0586)	Accu 0.988 (0.980)	Precision 1.000 (0.989)	Recall 0.976 (0.971)	F1 0.988 (0.980)	AUC 0.999 (0.998)
Test: [0/2]	Time 0.107 (0.107)	Loss 0.1119 (0.1119)	Accu 0.953 (0.953)	Precision 0.957 (0.957)	Recall 0.957 (0.957)	F1 0.957 (0.957)	AUC 0.990 (0.990)
 * AUC 0.989
Epoch: [16][0/12]	Time 0.174 (0.174)	Data 0.068 (0.068)	Loss 0.0708 (0.0708)	Accu 0.980 (0.980)	Precision 0.984 (0.984)	Recall 0.976 (0.976)	F1 0.980 (0.980)	AUC 0.997 (0.997)
Epoch: [16][10/12]	Time 0.205 (0.197)	Data 0.094 (0.088)	Loss 0.0474 (0.0446)	Accu 0.980 (0.983)	Precision 0.990 (0.982)	Recall 0.963 (0.983)	F1 0.977 (0.983)	AUC 0.999 (0.999)
Test: [0/2]	Time 0.119 (0.119)	Loss 0.1493 (0.1493)	Accu 0.953 (0.953)	Precision 1.000 (1.000)	Recall 0.912 (0.912)	F1 0.954 (0.954)	AUC 0.990 (0.990)
 * AUC 0.992
Epoch: [17][0/12]	Time 0.170 (0.170)	Data 0.064 (0.064)	Loss 0.0464 (0.0464)	Accu 0.980 (0.980)	Precision 0.983 (0.983)	Recall 0.974 (0.974)	F1 0.978 (0.978)	AUC 0.999 (0.999)
Epoch: [17][10/12]	Time 0.177 (0.176)	Data 0.068 (0.068)	Loss 0.0408 (0.0421)	Accu 0.984 (0.984)	Precision 0.972 (0.986)	Recall 0.991 (0.980)	F1 0.981 (0.983)	AUC 0.999 (0.999)
Test: [0/2]	Time 0.106 (0.106)	Loss 0.1111 (0.1111)	Accu 0.961 (0.961)	Precision 0.970 (0.970)	Recall 0.955 (0.955)	F1 0.962 (0.962)	AUC 0.993 (0.993)
 * AUC 0.994
Epoch: [18][0/12]	Time 0.167 (0.167)	Data 0.060 (0.060)	Loss 0.0530 (0.0530)	Accu 0.973 (0.973)	Precision 0.977 (0.977)	Recall 0.969 (0.969)	F1 0.973 (0.973)	AUC 0.998 (0.998)
Epoch: [18][10/12]	Time 0.191 (0.178)	Data 0.082 (0.069)	Loss 0.0276 (0.0347)	Accu 0.992 (0.987)	Precision 1.000 (0.992)	Recall 0.985 (0.980)	F1 0.992 (0.986)	AUC 1.000 (0.999)
Test: [0/2]	Time 0.119 (0.119)	Loss 0.2008 (0.2008)	Accu 0.934 (0.934)	Precision 0.915 (0.915)	Recall 0.963 (0.963)	F1 0.939 (0.939)	AUC 0.983 (0.983)
 * AUC 0.986
Epoch: [19][0/12]	Time 0.176 (0.176)	Data 0.068 (0.068)	Loss 0.0462 (0.0462)	Accu 0.977 (0.977)	Precision 0.991 (0.991)	Recall 0.959 (0.959)	F1 0.975 (0.975)	AUC 0.999 (0.999)
Epoch: [19][10/12]	Time 0.178 (0.179)	Data 0.070 (0.071)	Loss 0.0196 (0.0351)	Accu 0.996 (0.988)	Precision 0.991 (0.988)	Recall 1.000 (0.987)	F1 0.995 (0.988)	AUC 1.000 (0.999)
Test: [0/2]	Time 0.108 (0.108)	Loss 0.0970 (0.0970)	Accu 0.980 (0.980)	Precision 1.000 (1.000)	Recall 0.964 (0.964)	F1 0.982 (0.982)	AUC 0.994 (0.994)
 * AUC 0.991
Epoch: [20][0/12]	Time 0.171 (0.171)	Data 0.061 (0.061)	Loss 0.0261 (0.0261)	Accu 0.992 (0.992)	Precision 0.992 (0.992)	Recall 0.992 (0.992)	F1 0.992 (0.992)	AUC 1.000 (1.000)
Epoch: [20][10/12]	Time 0.170 (0.170)	Data 0.062 (0.061)	Loss 0.0109 (0.0304)	Accu 0.996 (0.989)	Precision 1.000 (0.996)	Recall 0.993 (0.982)	F1 0.996 (0.989)	AUC 1.000 (0.999)
Test: [0/2]	Time 0.111 (0.111)	Loss 0.1356 (0.1356)	Accu 0.965 (0.965)	Precision 0.979 (0.979)	Recall 0.958 (0.958)	F1 0.968 (0.968)	AUC 0.990 (0.990)
 * AUC 0.991
Epoch: [21][0/12]	Time 0.165 (0.165)	Data 0.058 (0.058)	Loss 0.0204 (0.0204)	Accu 0.996 (0.996)	Precision 1.000 (1.000)	Recall 0.992 (0.992)	F1 0.996 (0.996)	AUC 1.000 (1.000)
Epoch: [21][10/12]	Time 0.175 (0.171)	Data 0.066 (0.062)	Loss 0.0299 (0.0321)	Accu 0.984 (0.988)	Precision 0.983 (0.989)	Recall 0.983 (0.987)	F1 0.983 (0.988)	AUC 1.000 (0.999)
Test: [0/2]	Time 0.107 (0.107)	Loss 0.1199 (0.1199)	Accu 0.961 (0.961)	Precision 0.969 (0.969)	Recall 0.955 (0.955)	F1 0.962 (0.962)	AUC 0.989 (0.989)
 * AUC 0.990
Epoch: [22][0/12]	Time 0.166 (0.166)	Data 0.060 (0.060)	Loss 0.0174 (0.0174)	Accu 0.992 (0.992)	Precision 0.985 (0.985)	Recall 1.000 (1.000)	F1 0.993 (0.993)	AUC 1.000 (1.000)
Epoch: [22][10/12]	Time 0.182 (0.181)	Data 0.072 (0.072)	Loss 0.0168 (0.0250)	Accu 0.992 (0.991)	Precision 0.992 (0.993)	Recall 0.992 (0.988)	F1 0.992 (0.991)	AUC 1.000 (1.000)
Test: [0/2]	Time 0.121 (0.121)	Loss 0.1292 (0.1292)	Accu 0.957 (0.957)	Precision 0.955 (0.955)	Recall 0.962 (0.962)	F1 0.958 (0.958)	AUC 0.993 (0.993)
 * AUC 0.992
Epoch: [23][0/12]	Time 0.173 (0.173)	Data 0.063 (0.063)	Loss 0.0315 (0.0315)	Accu 0.992 (0.992)	Precision 0.992 (0.992)	Recall 0.992 (0.992)	F1 0.992 (0.992)	AUC 0.999 (0.999)
Epoch: [23][10/12]	Time 0.175 (0.174)	Data 0.066 (0.064)	Loss 0.0234 (0.0266)	Accu 0.988 (0.991)	Precision 1.000 (0.993)	Recall 0.972 (0.988)	F1 0.986 (0.990)	AUC 1.000 (1.000)
Test: [0/2]	Time 0.109 (0.109)	Loss 0.1627 (0.1627)	Accu 0.941 (0.941)	Precision 0.932 (0.932)	Recall 0.954 (0.954)	F1 0.943 (0.943)	AUC 0.988 (0.988)
 * AUC 0.989
Epoch: [24][0/12]	Time 0.168 (0.168)	Data 0.059 (0.059)	Loss 0.0182 (0.0182)	Accu 0.988 (0.988)	Precision 0.992 (0.992)	Recall 0.984 (0.984)	F1 0.988 (0.988)	AUC 1.000 (1.000)
Epoch: [24][10/12]	Time 0.172 (0.172)	Data 0.062 (0.061)	Loss 0.0512 (0.0606)	Accu 0.980 (0.977)	Precision 0.970 (0.977)	Recall 0.992 (0.976)	F1 0.981 (0.976)	AUC 0.999 (0.997)
Test: [0/2]	Time 0.108 (0.108)	Loss 0.2371 (0.2371)	Accu 0.949 (0.949)	Precision 0.984 (0.984)	Recall 0.919 (0.919)	F1 0.950 (0.950)	AUC 0.984 (0.984)
 * AUC 0.988
Epoch: [25][0/12]	Time 0.166 (0.166)	Data 0.058 (0.058)	Loss 0.0212 (0.0212)	Accu 0.992 (0.992)	Precision 0.992 (0.992)	Recall 0.992 (0.992)	F1 0.992 (0.992)	AUC 1.000 (1.000)
Epoch: [25][10/12]	Time 0.170 (0.171)	Data 0.059 (0.061)	Loss 0.0176 (0.0429)	Accu 0.992 (0.982)	Precision 1.000 (0.988)	Recall 0.984 (0.974)	F1 0.992 (0.981)	AUC 1.000 (0.999)
Test: [0/2]	Time 0.106 (0.106)	Loss 0.1354 (0.1354)	Accu 0.949 (0.949)	Precision 0.962 (0.962)	Recall 0.940 (0.940)	F1 0.951 (0.951)	AUC 0.991 (0.991)
 * AUC 0.991
Epoch: [26][0/12]	Time 0.172 (0.172)	Data 0.060 (0.060)	Loss 0.0318 (0.0318)	Accu 0.992 (0.992)	Precision 1.000 (1.000)	Recall 0.984 (0.984)	F1 0.992 (0.992)	AUC 0.999 (0.999)
Epoch: [26][10/12]	Time 0.164 (0.161)	Data 0.071 (0.066)	Loss 0.0173 (0.0323)	Accu 0.996 (0.991)	Precision 1.000 (0.991)	Recall 0.991 (0.991)	F1 0.996 (0.991)	AUC 1.000 (0.999)
Test: [0/2]	Time 0.120 (0.120)	Loss 0.1004 (0.1004)	Accu 0.965 (0.965)	Precision 0.963 (0.963)	Recall 0.970 (0.970)	F1 0.967 (0.967)	AUC 0.996 (0.996)
 * AUC 0.992
Epoch: [27][0/12]	Time 0.164 (0.164)	Data 0.070 (0.070)	Loss 0.0166 (0.0166)	Accu 0.996 (0.996)	Precision 0.992 (0.992)	Recall 1.000 (1.000)	F1 0.996 (0.996)	AUC 1.000 (1.000)
Epoch: [27][10/12]	Time 0.166 (0.166)	Data 0.072 (0.072)	Loss 0.0382 (0.0229)	Accu 0.977 (0.989)	Precision 0.991 (0.990)	Recall 0.957 (0.986)	F1 0.973 (0.988)	AUC 0.999 (1.000)
Test: [0/2]	Time 0.111 (0.111)	Loss 0.1716 (0.1716)	Accu 0.945 (0.945)	Precision 0.976 (0.976)	Recall 0.919 (0.919)	F1 0.947 (0.947)	AUC 0.987 (0.987)
 * AUC 0.990
Epoch: [28][0/12]	Time 0.159 (0.159)	Data 0.063 (0.063)	Loss 0.0081 (0.0081)	Accu 1.000 (1.000)	Precision 1.000 (1.000)	Recall 1.000 (1.000)	F1 1.000 (1.000)	AUC 1.000 (1.000)
Epoch: [28][10/12]	Time 0.158 (0.161)	Data 0.065 (0.065)	Loss 0.0353 (0.0238)	Accu 0.988 (0.991)	Precision 0.985 (0.990)	Recall 0.992 (0.992)	F1 0.989 (0.991)	AUC 0.999 (1.000)
Test: [0/2]	Time 0.110 (0.110)	Loss 0.1351 (0.1351)	Accu 0.957 (0.957)	Precision 0.977 (0.977)	Recall 0.942 (0.942)	F1 0.959 (0.959)	AUC 0.989 (0.989)
 * AUC 0.991
Epoch: [29][0/12]	Time 0.168 (0.168)	Data 0.070 (0.070)	Loss 0.0136 (0.0136)	Accu 0.996 (0.996)	Precision 0.991 (0.991)	Recall 1.000 (1.000)	F1 0.996 (0.996)	AUC 1.000 (1.000)
Epoch: [29][10/12]	Time 0.168 (0.165)	Data 0.075 (0.070)	Loss 0.0181 (0.0208)	Accu 0.988 (0.994)	Precision 1.000 (0.998)	Recall 0.976 (0.989)	F1 0.988 (0.994)	AUC 1.000 (1.000)
Test: [0/2]	Time 0.119 (0.119)	Loss 0.1017 (0.1017)	Accu 0.965 (0.965)	Precision 0.984 (0.984)	Recall 0.947 (0.947)	F1 0.965 (0.965)	AUC 0.997 (0.997)
 * AUC 0.991
---------Evaluate Model on Test Set---------------
/home/qimin/anaconda3/envs/defect_cgcnn/lib/python3.8/site-packages/pymatgen/io/cif.py:1155: UserWarning: Issues encountered while parsing CIF: Some fractional coordinates rounded to ideal values to avoid issues with finite precision.
  warnings.warn("Issues encountered while parsing CIF: " + "\n".join(self.warnings))
Test: [0/2]	Time 29.173 (29.173)	Loss 0.1890 (0.1890)	Accu 0.945 (0.945)	Precision 0.955 (0.955)	Recall 0.941 (0.941)	F1 0.948 (0.948)	AUC 0.986 (0.986)
/home/qimin/anaconda3/envs/defect_cgcnn/lib/python3.8/site-packages/pymatgen/io/cif.py:1155: UserWarning: Issues encountered while parsing CIF: Some fractional coordinates rounded to ideal values to avoid issues with finite precision.
  warnings.warn("Issues encountered while parsing CIF: " + "\n".join(self.warnings))
 ** AUC 0.987
