/home/qimin/anaconda3/envs/defect_cgcnn/lib/python3.8/site-packages/pymatgen/io/cif.py:1155: UserWarning: Issues encountered while parsing CIF: Some fractional coordinates rounded to ideal values to avoid issues with finite precision.
  warnings.warn("Issues encountered while parsing CIF: " + "\n".join(self.warnings))
Epoch: [0][0/12]	Time 26.113 (26.113)	Data 25.996 (25.996)	Loss 0.7932 (0.7932)	Accu 0.535 (0.535)	Precision 0.533 (0.533)	Recall 0.685 (0.685)	F1 0.599 (0.599)	AUC 0.515 (0.515)
/home/qimin/anaconda3/envs/defect_cgcnn/lib/python3.8/site-packages/pymatgen/io/cif.py:1155: UserWarning: Issues encountered while parsing CIF: Some fractional coordinates rounded to ideal values to avoid issues with finite precision.
  warnings.warn("Issues encountered while parsing CIF: " + "\n".join(self.warnings))
/home/qimin/anaconda3/envs/defect_cgcnn/lib/python3.8/site-packages/pymatgen/io/cif.py:1155: UserWarning: Issues encountered while parsing CIF: Some fractional coordinates rounded to ideal values to avoid issues with finite precision.
  warnings.warn("Issues encountered while parsing CIF: " + "\n".join(self.warnings))
/home/qimin/anaconda3/envs/defect_cgcnn/lib/python3.8/site-packages/pymatgen/io/cif.py:1155: UserWarning: Issues encountered while parsing CIF: Some fractional coordinates rounded to ideal values to avoid issues with finite precision.
  warnings.warn("Issues encountered while parsing CIF: " + "\n".join(self.warnings))
/home/qimin/anaconda3/envs/defect_cgcnn/lib/python3.8/site-packages/pymatgen/io/cif.py:1155: UserWarning: Issues encountered while parsing CIF: Some fractional coordinates rounded to ideal values to avoid issues with finite precision.
  warnings.warn("Issues encountered while parsing CIF: " + "\n".join(self.warnings))
/home/qimin/anaconda3/envs/defect_cgcnn/lib/python3.8/site-packages/pymatgen/io/cif.py:1155: UserWarning: Issues encountered while parsing CIF: Some fractional coordinates rounded to ideal values to avoid issues with finite precision.
  warnings.warn("Issues encountered while parsing CIF: " + "\n".join(self.warnings))
/home/qimin/anaconda3/envs/defect_cgcnn/lib/python3.8/site-packages/pymatgen/io/cif.py:1155: UserWarning: Issues encountered while parsing CIF: Some fractional coordinates rounded to ideal values to avoid issues with finite precision.
  warnings.warn("Issues encountered while parsing CIF: " + "\n".join(self.warnings))
/home/qimin/anaconda3/envs/defect_cgcnn/lib/python3.8/site-packages/pymatgen/io/cif.py:1155: UserWarning: Issues encountered while parsing CIF: Some fractional coordinates rounded to ideal values to avoid issues with finite precision.
  warnings.warn("Issues encountered while parsing CIF: " + "\n".join(self.warnings))
/home/qimin/anaconda3/envs/defect_cgcnn/lib/python3.8/site-packages/pymatgen/io/cif.py:1155: UserWarning: Issues encountered while parsing CIF: Some fractional coordinates rounded to ideal values to avoid issues with finite precision.
  warnings.warn("Issues encountered while parsing CIF: " + "\n".join(self.warnings))
/home/qimin/anaconda3/envs/defect_cgcnn/lib/python3.8/site-packages/pymatgen/io/cif.py:1155: UserWarning: Issues encountered while parsing CIF: Some fractional coordinates rounded to ideal values to avoid issues with finite precision.
  warnings.warn("Issues encountered while parsing CIF: " + "\n".join(self.warnings))
/home/qimin/anaconda3/envs/defect_cgcnn/lib/python3.8/site-packages/pymatgen/io/cif.py:1155: UserWarning: Issues encountered while parsing CIF: Some fractional coordinates rounded to ideal values to avoid issues with finite precision.
  warnings.warn("Issues encountered while parsing CIF: " + "\n".join(self.warnings))
Epoch: [0][10/12]	Time 26.299 (25.363)	Data 26.186 (25.249)	Loss 0.6405 (0.7534)	Accu 0.586 (0.526)	Precision 0.558 (0.526)	Recall 0.892 (0.592)	F1 0.686 (0.546)	AUC 0.743 (0.557)
/home/qimin/anaconda3/envs/defect_cgcnn/lib/python3.8/site-packages/pymatgen/io/cif.py:1155: UserWarning: Issues encountered while parsing CIF: Some fractional coordinates rounded to ideal values to avoid issues with finite precision.
  warnings.warn("Issues encountered while parsing CIF: " + "\n".join(self.warnings))
/home/qimin/anaconda3/envs/defect_cgcnn/lib/python3.8/site-packages/pymatgen/io/cif.py:1155: UserWarning: Issues encountered while parsing CIF: Some fractional coordinates rounded to ideal values to avoid issues with finite precision.
  warnings.warn("Issues encountered while parsing CIF: " + "\n".join(self.warnings))
/home/qimin/anaconda3/envs/defect_cgcnn/lib/python3.8/site-packages/sklearn/metrics/_classification.py:1327: UndefinedMetricWarning: Precision and F-score are ill-defined and being set to 0.0 due to no predicted samples. Use `zero_division` parameter to control this behavior.
  _warn_prf(average, modifier, msg_start, len(result))
Test: [0/2]	Time 26.379 (26.379)	Loss 0.7549 (0.7549)	Accu 0.500 (0.500)	Precision 0.000 (0.000)	Recall 0.000 (0.000)	F1 0.000 (0.000)	AUC 0.788 (0.788)
/home/qimin/anaconda3/envs/defect_cgcnn/lib/python3.8/site-packages/pymatgen/io/cif.py:1155: UserWarning: Issues encountered while parsing CIF: Some fractional coordinates rounded to ideal values to avoid issues with finite precision.
  warnings.warn("Issues encountered while parsing CIF: " + "\n".join(self.warnings))
/home/qimin/anaconda3/envs/defect_cgcnn/lib/python3.8/site-packages/sklearn/metrics/_classification.py:1327: UndefinedMetricWarning: Precision and F-score are ill-defined and being set to 0.0 due to no predicted samples. Use `zero_division` parameter to control this behavior.
  _warn_prf(average, modifier, msg_start, len(result))
 * AUC 0.777
Epoch: [1][0/12]	Time 0.222 (0.222)	Data 0.129 (0.129)	Loss 0.5700 (0.5700)	Accu 0.742 (0.742)	Precision 0.914 (0.914)	Recall 0.516 (0.516)	F1 0.660 (0.660)	AUC 0.735 (0.735)
Epoch: [1][10/12]	Time 0.184 (0.207)	Data 0.093 (0.116)	Loss 0.5072 (0.4991)	Accu 0.781 (0.764)	Precision 0.905 (0.884)	Recall 0.578 (0.613)	F1 0.705 (0.721)	AUC 0.761 (0.787)
/home/qimin/anaconda3/envs/defect_cgcnn/lib/python3.8/site-packages/sklearn/metrics/_classification.py:1327: UndefinedMetricWarning: Precision and F-score are ill-defined and being set to 0.0 due to no predicted samples. Use `zero_division` parameter to control this behavior.
  _warn_prf(average, modifier, msg_start, len(result))
Test: [0/2]	Time 0.106 (0.106)	Loss 0.7339 (0.7339)	Accu 0.492 (0.492)	Precision 0.000 (0.000)	Recall 0.000 (0.000)	F1 0.000 (0.000)	AUC 0.813 (0.813)
/home/qimin/anaconda3/envs/defect_cgcnn/lib/python3.8/site-packages/sklearn/metrics/_classification.py:1327: UndefinedMetricWarning: Precision and F-score are ill-defined and being set to 0.0 due to no predicted samples. Use `zero_division` parameter to control this behavior.
  _warn_prf(average, modifier, msg_start, len(result))
 * AUC 0.806
Epoch: [2][0/12]	Time 0.152 (0.152)	Data 0.062 (0.062)	Loss 0.4927 (0.4927)	Accu 0.766 (0.766)	Precision 0.908 (0.908)	Recall 0.566 (0.566)	F1 0.697 (0.697)	AUC 0.774 (0.774)
Epoch: [2][10/12]	Time 0.151 (0.153)	Data 0.061 (0.062)	Loss 0.4258 (0.4426)	Accu 0.801 (0.784)	Precision 0.988 (0.910)	Recall 0.618 (0.634)	F1 0.761 (0.744)	AUC 0.838 (0.825)
Test: [0/2]	Time 0.107 (0.107)	Loss 0.4796 (0.4796)	Accu 0.785 (0.785)	Precision 1.000 (1.000)	Recall 0.577 (0.577)	F1 0.732 (0.732)	AUC 0.865 (0.865)
 * AUC 0.857
Epoch: [3][0/12]	Time 0.155 (0.155)	Data 0.066 (0.066)	Loss 0.4141 (0.4141)	Accu 0.770 (0.770)	Precision 0.912 (0.912)	Recall 0.619 (0.619)	F1 0.738 (0.738)	AUC 0.845 (0.845)
Epoch: [3][10/12]	Time 0.179 (0.171)	Data 0.088 (0.080)	Loss 0.4282 (0.4210)	Accu 0.781 (0.789)	Precision 0.963 (0.920)	Recall 0.592 (0.634)	F1 0.733 (0.749)	AUC 0.847 (0.839)
Test: [0/2]	Time 0.154 (0.154)	Loss 0.4109 (0.4109)	Accu 0.785 (0.785)	Precision 0.987 (0.987)	Recall 0.581 (0.581)	F1 0.732 (0.732)	AUC 0.876 (0.876)
 * AUC 0.870
Epoch: [4][0/12]	Time 0.157 (0.157)	Data 0.066 (0.066)	Loss 0.4038 (0.4038)	Accu 0.797 (0.797)	Precision 0.888 (0.888)	Recall 0.680 (0.680)	F1 0.770 (0.770)	AUC 0.856 (0.856)
Epoch: [4][10/12]	Time 0.165 (0.161)	Data 0.074 (0.071)	Loss 0.4293 (0.4013)	Accu 0.777 (0.801)	Precision 0.835 (0.920)	Recall 0.664 (0.665)	F1 0.740 (0.770)	AUC 0.837 (0.865)
Test: [0/2]	Time 0.108 (0.108)	Loss 0.3955 (0.3955)	Accu 0.797 (0.797)	Precision 0.976 (0.976)	Recall 0.615 (0.615)	F1 0.755 (0.755)	AUC 0.905 (0.905)
 * AUC 0.889
Epoch: [5][0/12]	Time 0.153 (0.153)	Data 0.063 (0.063)	Loss 0.3802 (0.3802)	Accu 0.805 (0.805)	Precision 0.912 (0.912)	Recall 0.694 (0.694)	F1 0.788 (0.788)	AUC 0.884 (0.884)
Epoch: [5][10/12]	Time 0.154 (0.154)	Data 0.063 (0.063)	Loss 0.3552 (0.3620)	Accu 0.828 (0.830)	Precision 0.944 (0.947)	Recall 0.727 (0.699)	F1 0.821 (0.804)	AUC 0.916 (0.904)
Test: [0/2]	Time 0.106 (0.106)	Loss 0.3520 (0.3520)	Accu 0.820 (0.820)	Precision 0.929 (0.929)	Recall 0.702 (0.702)	F1 0.800 (0.800)	AUC 0.920 (0.920)
 * AUC 0.916
Epoch: [6][0/12]	Time 0.153 (0.153)	Data 0.062 (0.062)	Loss 0.3307 (0.3307)	Accu 0.871 (0.871)	Precision 0.920 (0.920)	Recall 0.812 (0.812)	F1 0.863 (0.863)	AUC 0.918 (0.918)
Epoch: [6][10/12]	Time 0.183 (0.183)	Data 0.093 (0.092)	Loss 0.3640 (0.3208)	Accu 0.836 (0.851)	Precision 0.928 (0.926)	Recall 0.720 (0.764)	F1 0.811 (0.836)	AUC 0.899 (0.926)
Test: [0/2]	Time 0.143 (0.143)	Loss 0.3117 (0.3117)	Accu 0.852 (0.852)	Precision 0.934 (0.934)	Recall 0.762 (0.762)	F1 0.839 (0.839)	AUC 0.926 (0.926)
 * AUC 0.925
Epoch: [7][0/12]	Time 0.181 (0.181)	Data 0.085 (0.085)	Loss 0.2638 (0.2638)	Accu 0.887 (0.887)	Precision 0.973 (0.973)	Recall 0.809 (0.809)	F1 0.884 (0.884)	AUC 0.957 (0.957)
Epoch: [7][10/12]	Time 0.187 (0.179)	Data 0.090 (0.084)	Loss 0.2422 (0.2759)	Accu 0.887 (0.881)	Precision 0.906 (0.933)	Recall 0.855 (0.822)	F1 0.880 (0.873)	AUC 0.958 (0.947)
Test: [0/2]	Time 0.116 (0.116)	Loss 0.2854 (0.2854)	Accu 0.867 (0.867)	Precision 0.953 (0.953)	Recall 0.777 (0.777)	F1 0.856 (0.856)	AUC 0.953 (0.953)
 * AUC 0.944
Epoch: [8][0/12]	Time 0.167 (0.167)	Data 0.075 (0.075)	Loss 0.2511 (0.2511)	Accu 0.883 (0.883)	Precision 0.971 (0.971)	Recall 0.787 (0.787)	F1 0.870 (0.870)	AUC 0.962 (0.962)
Epoch: [8][10/12]	Time 0.179 (0.182)	Data 0.086 (0.089)	Loss 0.2049 (0.2260)	Accu 0.930 (0.907)	Precision 0.984 (0.957)	Recall 0.882 (0.851)	F1 0.930 (0.900)	AUC 0.967 (0.965)
Test: [0/2]	Time 0.151 (0.151)	Loss 0.3022 (0.3022)	Accu 0.875 (0.875)	Precision 0.980 (0.980)	Recall 0.767 (0.767)	F1 0.861 (0.861)	AUC 0.950 (0.950)
 * AUC 0.951
Epoch: [9][0/12]	Time 0.155 (0.155)	Data 0.063 (0.063)	Loss 0.1635 (0.1635)	Accu 0.949 (0.949)	Precision 0.991 (0.991)	Recall 0.899 (0.899)	F1 0.943 (0.943)	AUC 0.982 (0.982)
Epoch: [9][10/12]	Time 0.156 (0.157)	Data 0.067 (0.066)	Loss 0.1832 (0.1774)	Accu 0.926 (0.935)	Precision 0.943 (0.966)	Recall 0.906 (0.902)	F1 0.924 (0.932)	AUC 0.975 (0.978)
Test: [0/2]	Time 0.109 (0.109)	Loss 0.3066 (0.3066)	Accu 0.891 (0.891)	Precision 0.924 (0.924)	Recall 0.853 (0.853)	F1 0.887 (0.887)	AUC 0.956 (0.956)
 * AUC 0.965
Epoch: [10][0/12]	Time 0.151 (0.151)	Data 0.061 (0.061)	Loss 0.1275 (0.1275)	Accu 0.957 (0.957)	Precision 0.959 (0.959)	Recall 0.951 (0.951)	F1 0.955 (0.955)	AUC 0.991 (0.991)
Epoch: [10][10/12]	Time 0.157 (0.156)	Data 0.065 (0.064)	Loss 0.1379 (0.1390)	Accu 0.953 (0.948)	Precision 0.991 (0.971)	Recall 0.910 (0.924)	F1 0.949 (0.947)	AUC 0.986 (0.986)
Test: [0/2]	Time 0.112 (0.112)	Loss 0.2561 (0.2561)	Accu 0.930 (0.930)	Precision 0.967 (0.967)	Recall 0.892 (0.892)	F1 0.928 (0.928)	AUC 0.963 (0.963)
 * AUC 0.963
Epoch: [11][0/12]	Time 0.151 (0.151)	Data 0.061 (0.061)	Loss 0.1238 (0.1238)	Accu 0.938 (0.938)	Precision 0.936 (0.936)	Recall 0.949 (0.949)	F1 0.942 (0.942)	AUC 0.992 (0.992)
Epoch: [11][10/12]	Time 0.170 (0.168)	Data 0.078 (0.075)	Loss 0.0839 (0.1093)	Accu 0.969 (0.960)	Precision 0.982 (0.973)	Recall 0.948 (0.945)	F1 0.965 (0.959)	AUC 0.995 (0.991)
Test: [0/2]	Time 0.124 (0.124)	Loss 0.2646 (0.2646)	Accu 0.922 (0.922)	Precision 0.943 (0.943)	Recall 0.899 (0.899)	F1 0.921 (0.921)	AUC 0.971 (0.971)
 * AUC 0.977
Epoch: [12][0/12]	Time 0.150 (0.150)	Data 0.060 (0.060)	Loss 0.0639 (0.0639)	Accu 0.980 (0.980)	Precision 0.992 (0.992)	Recall 0.970 (0.970)	F1 0.981 (0.981)	AUC 0.998 (0.998)
Epoch: [12][10/12]	Time 0.155 (0.154)	Data 0.064 (0.064)	Loss 0.1152 (0.0883)	Accu 0.961 (0.969)	Precision 0.983 (0.981)	Recall 0.934 (0.956)	F1 0.958 (0.968)	AUC 0.991 (0.995)
Test: [0/2]	Time 0.101 (0.101)	Loss 0.2423 (0.2423)	Accu 0.918 (0.918)	Precision 0.933 (0.933)	Recall 0.895 (0.895)	F1 0.914 (0.914)	AUC 0.975 (0.975)
 * AUC 0.977
Epoch: [13][0/12]	Time 0.151 (0.151)	Data 0.061 (0.061)	Loss 0.1114 (0.1114)	Accu 0.961 (0.961)	Precision 0.992 (0.992)	Recall 0.932 (0.932)	F1 0.961 (0.961)	AUC 0.991 (0.991)
Epoch: [13][10/12]	Time 0.148 (0.152)	Data 0.059 (0.061)	Loss 0.0488 (0.0748)	Accu 0.977 (0.972)	Precision 0.978 (0.980)	Recall 0.978 (0.962)	F1 0.978 (0.971)	AUC 0.999 (0.996)
Test: [0/2]	Time 0.104 (0.104)	Loss 0.1753 (0.1753)	Accu 0.941 (0.941)	Precision 0.975 (0.975)	Recall 0.908 (0.908)	F1 0.941 (0.941)	AUC 0.983 (0.983)
 * AUC 0.980
Epoch: [14][0/12]	Time 0.151 (0.151)	Data 0.060 (0.060)	Loss 0.0997 (0.0997)	Accu 0.965 (0.965)	Precision 0.992 (0.992)	Recall 0.939 (0.939)	F1 0.965 (0.965)	AUC 0.994 (0.994)
Epoch: [14][10/12]	Time 0.156 (0.151)	Data 0.063 (0.060)	Loss 0.0939 (0.0626)	Accu 0.969 (0.978)	Precision 0.972 (0.992)	Recall 0.972 (0.965)	F1 0.972 (0.978)	AUC 0.995 (0.998)
Test: [0/2]	Time 0.107 (0.107)	Loss 0.2510 (0.2510)	Accu 0.922 (0.922)	Precision 0.930 (0.930)	Recall 0.916 (0.916)	F1 0.923 (0.923)	AUC 0.977 (0.977)
 * AUC 0.982
Epoch: [15][0/12]	Time 0.159 (0.159)	Data 0.068 (0.068)	Loss 0.0443 (0.0443)	Accu 0.984 (0.984)	Precision 0.992 (0.992)	Recall 0.978 (0.978)	F1 0.985 (0.985)	AUC 0.998 (0.998)
Epoch: [15][10/12]	Time 0.164 (0.165)	Data 0.075 (0.075)	Loss 0.0573 (0.0571)	Accu 0.973 (0.979)	Precision 1.000 (0.989)	Recall 0.951 (0.969)	F1 0.975 (0.979)	AUC 0.999 (0.998)
Test: [0/2]	Time 0.128 (0.128)	Loss 0.3351 (0.3351)	Accu 0.895 (0.895)	Precision 0.948 (0.948)	Recall 0.838 (0.838)	F1 0.890 (0.890)	AUC 0.972 (0.972)
 * AUC 0.977
Epoch: [16][0/12]	Time 0.157 (0.157)	Data 0.067 (0.067)	Loss 0.0399 (0.0399)	Accu 0.992 (0.992)	Precision 1.000 (1.000)	Recall 0.983 (0.983)	F1 0.991 (0.991)	AUC 0.998 (0.998)
Epoch: [16][10/12]	Time 0.158 (0.160)	Data 0.068 (0.069)	Loss 0.0718 (0.0499)	Accu 0.980 (0.984)	Precision 0.977 (0.991)	Recall 0.985 (0.976)	F1 0.981 (0.984)	AUC 0.995 (0.998)
Test: [0/2]	Time 0.113 (0.113)	Loss 0.2152 (0.2152)	Accu 0.941 (0.941)	Precision 0.957 (0.957)	Recall 0.917 (0.917)	F1 0.936 (0.936)	AUC 0.983 (0.983)
 * AUC 0.985
Epoch: [17][0/12]	Time 0.145 (0.145)	Data 0.066 (0.066)	Loss 0.0264 (0.0264)	Accu 0.996 (0.996)	Precision 1.000 (1.000)	Recall 0.993 (0.993)	F1 0.996 (0.996)	AUC 1.000 (1.000)
Epoch: [17][10/12]	Time 0.204 (0.172)	Data 0.115 (0.093)	Loss 0.0576 (0.0392)	Accu 0.980 (0.987)	Precision 0.992 (0.996)	Recall 0.968 (0.978)	F1 0.980 (0.986)	AUC 0.997 (0.999)
Test: [0/2]	Time 0.165 (0.165)	Loss 0.2044 (0.2044)	Accu 0.934 (0.934)	Precision 0.938 (0.938)	Recall 0.931 (0.931)	F1 0.934 (0.934)	AUC 0.986 (0.986)
 * AUC 0.985
Epoch: [18][0/12]	Time 0.166 (0.166)	Data 0.082 (0.082)	Loss 0.0205 (0.0205)	Accu 0.992 (0.992)	Precision 0.991 (0.991)	Recall 0.991 (0.991)	F1 0.991 (0.991)	AUC 1.000 (1.000)
Epoch: [18][10/12]	Time 0.178 (0.173)	Data 0.088 (0.086)	Loss 0.0650 (0.0389)	Accu 0.977 (0.987)	Precision 0.983 (0.989)	Recall 0.966 (0.984)	F1 0.974 (0.986)	AUC 0.997 (0.999)
Test: [0/2]	Time 0.112 (0.112)	Loss 0.2423 (0.2423)	Accu 0.941 (0.941)	Precision 0.958 (0.958)	Recall 0.919 (0.919)	F1 0.938 (0.938)	AUC 0.981 (0.981)
 * AUC 0.984
Epoch: [19][0/12]	Time 0.160 (0.160)	Data 0.067 (0.067)	Loss 0.0342 (0.0342)	Accu 0.977 (0.977)	Precision 0.993 (0.993)	Recall 0.965 (0.965)	F1 0.979 (0.979)	AUC 1.000 (1.000)
Epoch: [19][10/12]	Time 0.162 (0.161)	Data 0.065 (0.067)	Loss 0.0426 (0.0366)	Accu 0.988 (0.987)	Precision 1.000 (0.990)	Recall 0.978 (0.984)	F1 0.989 (0.987)	AUC 0.999 (0.999)
Test: [0/2]	Time 0.112 (0.112)	Loss 0.2061 (0.2061)	Accu 0.945 (0.945)	Precision 0.966 (0.966)	Recall 0.919 (0.919)	F1 0.942 (0.942)	AUC 0.984 (0.984)
 * AUC 0.985
Epoch: [20][0/12]	Time 0.158 (0.158)	Data 0.065 (0.065)	Loss 0.0203 (0.0203)	Accu 0.996 (0.996)	Precision 1.000 (1.000)	Recall 0.992 (0.992)	F1 0.996 (0.996)	AUC 1.000 (1.000)
Epoch: [20][10/12]	Time 0.173 (0.169)	Data 0.079 (0.075)	Loss 0.0232 (0.0331)	Accu 0.996 (0.989)	Precision 1.000 (0.997)	Recall 0.992 (0.982)	F1 0.996 (0.989)	AUC 1.000 (0.999)
Test: [0/2]	Time 0.126 (0.126)	Loss 0.1247 (0.1247)	Accu 0.957 (0.957)	Precision 0.968 (0.968)	Recall 0.946 (0.946)	F1 0.957 (0.957)	AUC 0.992 (0.992)
 * AUC 0.988
Epoch: [21][0/12]	Time 0.168 (0.168)	Data 0.074 (0.074)	Loss 0.0292 (0.0292)	Accu 0.992 (0.992)	Precision 1.000 (1.000)	Recall 0.984 (0.984)	F1 0.992 (0.992)	AUC 0.999 (0.999)
Epoch: [21][10/12]	Time 0.167 (0.169)	Data 0.072 (0.074)	Loss 0.0126 (0.0274)	Accu 0.996 (0.992)	Precision 1.000 (0.991)	Recall 0.993 (0.992)	F1 0.996 (0.992)	AUC 1.000 (0.999)
Test: [0/2]	Time 0.117 (0.117)	Loss 0.1456 (0.1456)	Accu 0.941 (0.941)	Precision 0.958 (0.958)	Recall 0.920 (0.920)	F1 0.939 (0.939)	AUC 0.992 (0.992)
 * AUC 0.989
Epoch: [22][0/12]	Time 0.159 (0.159)	Data 0.066 (0.066)	Loss 0.0105 (0.0105)	Accu 0.996 (0.996)	Precision 1.000 (1.000)	Recall 0.992 (0.992)	F1 0.996 (0.996)	AUC 1.000 (1.000)
Epoch: [22][10/12]	Time 0.161 (0.162)	Data 0.068 (0.068)	Loss 0.0532 (0.0258)	Accu 0.980 (0.989)	Precision 0.984 (0.994)	Recall 0.977 (0.983)	F1 0.981 (0.988)	AUC 0.999 (1.000)
Test: [0/2]	Time 0.117 (0.117)	Loss 0.2134 (0.2134)	Accu 0.938 (0.938)	Precision 0.944 (0.944)	Recall 0.930 (0.930)	F1 0.937 (0.937)	AUC 0.987 (0.987)
 * AUC 0.990
Epoch: [23][0/12]	Time 0.164 (0.164)	Data 0.067 (0.067)	Loss 0.0280 (0.0280)	Accu 0.992 (0.992)	Precision 0.992 (0.992)	Recall 0.992 (0.992)	F1 0.992 (0.992)	AUC 0.999 (0.999)
Epoch: [23][10/12]	Time 0.192 (0.175)	Data 0.096 (0.080)	Loss 0.0181 (0.0256)	Accu 0.992 (0.991)	Precision 0.992 (0.992)	Recall 0.992 (0.989)	F1 0.992 (0.991)	AUC 1.000 (1.000)
Test: [0/2]	Time 0.113 (0.113)	Loss 0.2206 (0.2206)	Accu 0.938 (0.938)	Precision 0.949 (0.949)	Recall 0.918 (0.918)	F1 0.933 (0.933)	AUC 0.990 (0.990)
 * AUC 0.992
Epoch: [24][0/12]	Time 0.176 (0.176)	Data 0.081 (0.081)	Loss 0.0095 (0.0095)	Accu 1.000 (1.000)	Precision 1.000 (1.000)	Recall 1.000 (1.000)	F1 1.000 (1.000)	AUC 1.000 (1.000)
Epoch: [24][10/12]	Time 0.180 (0.183)	Data 0.088 (0.088)	Loss 0.0161 (0.0211)	Accu 0.992 (0.993)	Precision 1.000 (0.995)	Recall 0.985 (0.990)	F1 0.993 (0.993)	AUC 1.000 (1.000)
Test: [0/2]	Time 0.169 (0.169)	Loss 0.2115 (0.2115)	Accu 0.941 (0.941)	Precision 0.976 (0.976)	Recall 0.910 (0.910)	F1 0.942 (0.942)	AUC 0.987 (0.987)
 * AUC 0.990
Epoch: [25][0/12]	Time 0.160 (0.160)	Data 0.068 (0.068)	Loss 0.0155 (0.0155)	Accu 0.992 (0.992)	Precision 0.992 (0.992)	Recall 0.992 (0.992)	F1 0.992 (0.992)	AUC 1.000 (1.000)
Epoch: [25][10/12]	Time 0.160 (0.157)	Data 0.066 (0.065)	Loss 0.0101 (0.0151)	Accu 0.996 (0.995)	Precision 1.000 (0.998)	Recall 0.993 (0.993)	F1 0.996 (0.995)	AUC 1.000 (1.000)
Test: [0/2]	Time 0.111 (0.111)	Loss 0.2004 (0.2004)	Accu 0.938 (0.938)	Precision 0.952 (0.952)	Recall 0.922 (0.922)	F1 0.937 (0.937)	AUC 0.990 (0.990)
 * AUC 0.991
Epoch: [26][0/12]	Time 0.205 (0.205)	Data 0.067 (0.067)	Loss 0.0046 (0.0046)	Accu 1.000 (1.000)	Precision 1.000 (1.000)	Recall 1.000 (1.000)	F1 1.000 (1.000)	AUC 1.000 (1.000)
Epoch: [26][10/12]	Time 0.166 (0.161)	Data 0.076 (0.066)	Loss 0.0072 (0.0187)	Accu 0.996 (0.995)	Precision 0.992 (0.995)	Recall 1.000 (0.994)	F1 0.996 (0.995)	AUC 1.000 (1.000)
Test: [0/2]	Time 0.105 (0.105)	Loss 0.1364 (0.1364)	Accu 0.957 (0.957)	Precision 0.969 (0.969)	Recall 0.946 (0.946)	F1 0.957 (0.957)	AUC 0.994 (0.994)
 * AUC 0.990
Epoch: [27][0/12]	Time 0.174 (0.174)	Data 0.084 (0.084)	Loss 0.0065 (0.0065)	Accu 1.000 (1.000)	Precision 1.000 (1.000)	Recall 1.000 (1.000)	F1 1.000 (1.000)	AUC 1.000 (1.000)
Epoch: [27][10/12]	Time 0.168 (0.176)	Data 0.076 (0.085)	Loss 0.0047 (0.0148)	Accu 1.000 (0.995)	Precision 1.000 (0.998)	Recall 1.000 (0.992)	F1 1.000 (0.995)	AUC 1.000 (1.000)
Test: [0/2]	Time 0.118 (0.118)	Loss 0.1857 (0.1857)	Accu 0.930 (0.930)	Precision 0.942 (0.942)	Recall 0.911 (0.911)	F1 0.926 (0.926)	AUC 0.990 (0.990)
 * AUC 0.991
Epoch: [28][0/12]	Time 0.154 (0.154)	Data 0.060 (0.060)	Loss 0.0187 (0.0187)	Accu 0.992 (0.992)	Precision 0.993 (0.993)	Recall 0.993 (0.993)	F1 0.993 (0.993)	AUC 1.000 (1.000)
Epoch: [28][10/12]	Time 0.215 (0.170)	Data 0.122 (0.077)	Loss 0.0094 (0.0197)	Accu 1.000 (0.992)	Precision 1.000 (0.993)	Recall 1.000 (0.991)	F1 1.000 (0.992)	AUC 1.000 (1.000)
Test: [0/2]	Time 0.112 (0.112)	Loss 0.2141 (0.2141)	Accu 0.953 (0.953)	Precision 0.976 (0.976)	Recall 0.932 (0.932)	F1 0.953 (0.953)	AUC 0.989 (0.989)
 * AUC 0.990
Epoch: [29][0/12]	Time 0.194 (0.194)	Data 0.102 (0.102)	Loss 0.0047 (0.0047)	Accu 1.000 (1.000)	Precision 1.000 (1.000)	Recall 1.000 (1.000)	F1 1.000 (1.000)	AUC 1.000 (1.000)
Epoch: [29][10/12]	Time 0.220 (0.224)	Data 0.129 (0.133)	Loss 0.0111 (0.0183)	Accu 0.996 (0.994)	Precision 0.993 (0.995)	Recall 1.000 (0.993)	F1 0.996 (0.994)	AUC 1.000 (1.000)
Test: [0/2]	Time 0.204 (0.204)	Loss 0.2306 (0.2306)	Accu 0.938 (0.938)	Precision 0.968 (0.968)	Recall 0.910 (0.910)	F1 0.938 (0.938)	AUC 0.989 (0.989)
 * AUC 0.991
---------Evaluate Model on Test Set---------------
/home/qimin/anaconda3/envs/defect_cgcnn/lib/python3.8/site-packages/pymatgen/io/cif.py:1155: UserWarning: Issues encountered while parsing CIF: Some fractional coordinates rounded to ideal values to avoid issues with finite precision.
  warnings.warn("Issues encountered while parsing CIF: " + "\n".join(self.warnings))
Test: [0/2]	Time 25.383 (25.383)	Loss 0.1212 (0.1212)	Accu 0.965 (0.965)	Precision 0.978 (0.978)	Recall 0.957 (0.957)	F1 0.968 (0.968)	AUC 0.996 (0.996)
/home/qimin/anaconda3/envs/defect_cgcnn/lib/python3.8/site-packages/pymatgen/io/cif.py:1155: UserWarning: Issues encountered while parsing CIF: Some fractional coordinates rounded to ideal values to avoid issues with finite precision.
  warnings.warn("Issues encountered while parsing CIF: " + "\n".join(self.warnings))
 ** AUC 0.996
