/home/qimin/anaconda3/envs/defect_cgcnn/lib/python3.8/site-packages/pymatgen/io/cif.py:1155: UserWarning: Issues encountered while parsing CIF: Some fractional coordinates rounded to ideal values to avoid issues with finite precision.
  warnings.warn("Issues encountered while parsing CIF: " + "\n".join(self.warnings))
Epoch: [0][0/12]	Time 2.626 (2.626)	Data 2.554 (2.554)	Loss 0.8563 (0.8563)	Accu 0.516 (0.516)	Precision 0.515 (0.515)	Recall 0.539 (0.539)	F1 0.527 (0.527)	AUC 0.512 (0.512)
/home/qimin/anaconda3/envs/defect_cgcnn/lib/python3.8/site-packages/pymatgen/io/cif.py:1155: UserWarning: Issues encountered while parsing CIF: Some fractional coordinates rounded to ideal values to avoid issues with finite precision.
  warnings.warn("Issues encountered while parsing CIF: " + "\n".join(self.warnings))
/home/qimin/anaconda3/envs/defect_cgcnn/lib/python3.8/site-packages/pymatgen/io/cif.py:1155: UserWarning: Issues encountered while parsing CIF: Some fractional coordinates rounded to ideal values to avoid issues with finite precision.
  warnings.warn("Issues encountered while parsing CIF: " + "\n".join(self.warnings))
/home/qimin/anaconda3/envs/defect_cgcnn/lib/python3.8/site-packages/pymatgen/io/cif.py:1155: UserWarning: Issues encountered while parsing CIF: Some fractional coordinates rounded to ideal values to avoid issues with finite precision.
  warnings.warn("Issues encountered while parsing CIF: " + "\n".join(self.warnings))
/home/qimin/anaconda3/envs/defect_cgcnn/lib/python3.8/site-packages/pymatgen/io/cif.py:1155: UserWarning: Issues encountered while parsing CIF: Some fractional coordinates rounded to ideal values to avoid issues with finite precision.
  warnings.warn("Issues encountered while parsing CIF: " + "\n".join(self.warnings))
/home/qimin/anaconda3/envs/defect_cgcnn/lib/python3.8/site-packages/pymatgen/io/cif.py:1155: UserWarning: Issues encountered while parsing CIF: Some fractional coordinates rounded to ideal values to avoid issues with finite precision.
  warnings.warn("Issues encountered while parsing CIF: " + "\n".join(self.warnings))
/home/qimin/anaconda3/envs/defect_cgcnn/lib/python3.8/site-packages/pymatgen/io/cif.py:1155: UserWarning: Issues encountered while parsing CIF: Some fractional coordinates rounded to ideal values to avoid issues with finite precision.
  warnings.warn("Issues encountered while parsing CIF: " + "\n".join(self.warnings))
/home/qimin/anaconda3/envs/defect_cgcnn/lib/python3.8/site-packages/pymatgen/io/cif.py:1155: UserWarning: Issues encountered while parsing CIF: Some fractional coordinates rounded to ideal values to avoid issues with finite precision.
  warnings.warn("Issues encountered while parsing CIF: " + "\n".join(self.warnings))
/home/qimin/anaconda3/envs/defect_cgcnn/lib/python3.8/site-packages/pymatgen/io/cif.py:1155: UserWarning: Issues encountered while parsing CIF: Some fractional coordinates rounded to ideal values to avoid issues with finite precision.
  warnings.warn("Issues encountered while parsing CIF: " + "\n".join(self.warnings))
/home/qimin/anaconda3/envs/defect_cgcnn/lib/python3.8/site-packages/pymatgen/io/cif.py:1155: UserWarning: Issues encountered while parsing CIF: Some fractional coordinates rounded to ideal values to avoid issues with finite precision.
  warnings.warn("Issues encountered while parsing CIF: " + "\n".join(self.warnings))
/home/qimin/anaconda3/envs/defect_cgcnn/lib/python3.8/site-packages/pymatgen/io/cif.py:1155: UserWarning: Issues encountered while parsing CIF: Some fractional coordinates rounded to ideal values to avoid issues with finite precision.
  warnings.warn("Issues encountered while parsing CIF: " + "\n".join(self.warnings))
Epoch: [0][10/12]	Time 2.590 (2.518)	Data 2.526 (2.454)	Loss 0.3035 (0.6299)	Accu 0.883 (0.660)	Precision 0.917 (0.666)	Recall 0.865 (0.700)	F1 0.891 (0.681)	AUC 0.959 (0.701)
/home/qimin/anaconda3/envs/defect_cgcnn/lib/python3.8/site-packages/pymatgen/io/cif.py:1155: UserWarning: Issues encountered while parsing CIF: Some fractional coordinates rounded to ideal values to avoid issues with finite precision.
  warnings.warn("Issues encountered while parsing CIF: " + "\n".join(self.warnings))
/home/qimin/anaconda3/envs/defect_cgcnn/lib/python3.8/site-packages/pymatgen/io/cif.py:1155: UserWarning: Issues encountered while parsing CIF: Some fractional coordinates rounded to ideal values to avoid issues with finite precision.
  warnings.warn("Issues encountered while parsing CIF: " + "\n".join(self.warnings))
/home/qimin/anaconda3/envs/defect_cgcnn/lib/python3.8/site-packages/sklearn/metrics/_classification.py:1327: UndefinedMetricWarning: Precision and F-score are ill-defined and being set to 0.0 due to no predicted samples. Use `zero_division` parameter to control this behavior.
  _warn_prf(average, modifier, msg_start, len(result))
Test: [0/2]	Time 2.407 (2.407)	Loss 0.7990 (0.7990)	Accu 0.535 (0.535)	Precision 0.000 (0.000)	Recall 0.000 (0.000)	F1 0.000 (0.000)	AUC 0.975 (0.975)
/home/qimin/anaconda3/envs/defect_cgcnn/lib/python3.8/site-packages/pymatgen/io/cif.py:1155: UserWarning: Issues encountered while parsing CIF: Some fractional coordinates rounded to ideal values to avoid issues with finite precision.
  warnings.warn("Issues encountered while parsing CIF: " + "\n".join(self.warnings))
/home/qimin/anaconda3/envs/defect_cgcnn/lib/python3.8/site-packages/sklearn/metrics/_classification.py:1327: UndefinedMetricWarning: Precision and F-score are ill-defined and being set to 0.0 due to no predicted samples. Use `zero_division` parameter to control this behavior.
  _warn_prf(average, modifier, msg_start, len(result))
 * AUC 0.980
Epoch: [1][0/12]	Time 0.081 (0.081)	Data 0.017 (0.017)	Loss 0.2034 (0.2034)	Accu 0.945 (0.945)	Precision 0.917 (0.917)	Recall 0.985 (0.985)	F1 0.950 (0.950)	AUC 0.989 (0.989)
Epoch: [1][10/12]	Time 0.078 (0.080)	Data 0.016 (0.017)	Loss 0.0233 (0.0871)	Accu 0.992 (0.980)	Precision 1.000 (0.978)	Recall 0.983 (0.982)	F1 0.992 (0.980)	AUC 1.000 (0.997)
/home/qimin/anaconda3/envs/defect_cgcnn/lib/python3.8/site-packages/sklearn/metrics/_classification.py:1327: UndefinedMetricWarning: Precision and F-score are ill-defined and being set to 0.0 due to no predicted samples. Use `zero_division` parameter to control this behavior.
  _warn_prf(average, modifier, msg_start, len(result))
Test: [0/2]	Time 0.031 (0.031)	Loss 0.6450 (0.6450)	Accu 0.512 (0.512)	Precision 0.000 (0.000)	Recall 0.000 (0.000)	F1 0.000 (0.000)	AUC 1.000 (1.000)
/home/qimin/anaconda3/envs/defect_cgcnn/lib/python3.8/site-packages/sklearn/metrics/_classification.py:1327: UndefinedMetricWarning: Precision and F-score are ill-defined and being set to 0.0 due to no predicted samples. Use `zero_division` parameter to control this behavior.
  _warn_prf(average, modifier, msg_start, len(result))
 * AUC 1.000
Epoch: [2][0/12]	Time 0.075 (0.075)	Data 0.014 (0.014)	Loss 0.0090 (0.0090)	Accu 1.000 (1.000)	Precision 1.000 (1.000)	Recall 1.000 (1.000)	F1 1.000 (1.000)	AUC 1.000 (1.000)
Epoch: [2][10/12]	Time 0.076 (0.076)	Data 0.014 (0.014)	Loss 0.0236 (0.0304)	Accu 0.988 (0.992)	Precision 0.984 (0.996)	Recall 0.992 (0.989)	F1 0.988 (0.992)	AUC 1.000 (0.999)
Test: [0/2]	Time 0.031 (0.031)	Loss 0.0140 (0.0140)	Accu 0.996 (0.996)	Precision 0.992 (0.992)	Recall 1.000 (1.000)	F1 0.996 (0.996)	AUC 1.000 (1.000)
 * AUC 1.000
Epoch: [3][0/12]	Time 0.074 (0.074)	Data 0.014 (0.014)	Loss 0.0061 (0.0061)	Accu 1.000 (1.000)	Precision 1.000 (1.000)	Recall 1.000 (1.000)	F1 1.000 (1.000)	AUC 1.000 (1.000)
Epoch: [3][10/12]	Time 0.076 (0.077)	Data 0.014 (0.014)	Loss 0.0183 (0.0154)	Accu 0.992 (0.995)	Precision 0.992 (0.994)	Recall 0.992 (0.997)	F1 0.992 (0.996)	AUC 1.000 (1.000)
Test: [0/2]	Time 0.032 (0.032)	Loss 0.0056 (0.0056)	Accu 0.996 (0.996)	Precision 1.000 (1.000)	Recall 0.991 (0.991)	F1 0.996 (0.996)	AUC 1.000 (1.000)
 * AUC 1.000
Epoch: [4][0/12]	Time 0.076 (0.076)	Data 0.014 (0.014)	Loss 0.0208 (0.0208)	Accu 0.996 (0.996)	Precision 1.000 (1.000)	Recall 0.992 (0.992)	F1 0.996 (0.996)	AUC 0.999 (0.999)
Epoch: [4][10/12]	Time 0.077 (0.076)	Data 0.014 (0.014)	Loss 0.0161 (0.0128)	Accu 0.992 (0.996)	Precision 1.000 (0.999)	Recall 0.985 (0.992)	F1 0.993 (0.996)	AUC 1.000 (1.000)
Test: [0/2]	Time 0.031 (0.031)	Loss 0.0044 (0.0044)	Accu 1.000 (1.000)	Precision 1.000 (1.000)	Recall 1.000 (1.000)	F1 1.000 (1.000)	AUC 1.000 (1.000)
 * AUC 1.000
Epoch: [5][0/12]	Time 0.073 (0.073)	Data 0.013 (0.013)	Loss 0.0035 (0.0035)	Accu 1.000 (1.000)	Precision 1.000 (1.000)	Recall 1.000 (1.000)	F1 1.000 (1.000)	AUC 1.000 (1.000)
Epoch: [5][10/12]	Time 0.079 (0.079)	Data 0.017 (0.016)	Loss 0.0028 (0.0060)	Accu 1.000 (0.999)	Precision 1.000 (0.999)	Recall 1.000 (0.999)	F1 1.000 (0.999)	AUC 1.000 (1.000)
Test: [0/2]	Time 0.034 (0.034)	Loss 0.0010 (0.0010)	Accu 1.000 (1.000)	Precision 1.000 (1.000)	Recall 1.000 (1.000)	F1 1.000 (1.000)	AUC 1.000 (1.000)
 * AUC 1.000
Epoch: [6][0/12]	Time 0.074 (0.074)	Data 0.014 (0.014)	Loss 0.0034 (0.0034)	Accu 1.000 (1.000)	Precision 1.000 (1.000)	Recall 1.000 (1.000)	F1 1.000 (1.000)	AUC 1.000 (1.000)
Epoch: [6][10/12]	Time 0.077 (0.077)	Data 0.015 (0.015)	Loss 0.0036 (0.0043)	Accu 1.000 (0.999)	Precision 1.000 (0.999)	Recall 1.000 (0.999)	F1 1.000 (0.999)	AUC 1.000 (1.000)
Test: [0/2]	Time 0.031 (0.031)	Loss 0.0018 (0.0018)	Accu 1.000 (1.000)	Precision 1.000 (1.000)	Recall 1.000 (1.000)	F1 1.000 (1.000)	AUC 1.000 (1.000)
 * AUC 1.000
Epoch: [7][0/12]	Time 0.074 (0.074)	Data 0.014 (0.014)	Loss 0.0033 (0.0033)	Accu 1.000 (1.000)	Precision 1.000 (1.000)	Recall 1.000 (1.000)	F1 1.000 (1.000)	AUC 1.000 (1.000)
Epoch: [7][10/12]	Time 0.076 (0.076)	Data 0.013 (0.014)	Loss 0.0045 (0.0033)	Accu 1.000 (1.000)	Precision 1.000 (1.000)	Recall 1.000 (0.999)	F1 1.000 (1.000)	AUC 1.000 (1.000)
Test: [0/2]	Time 0.032 (0.032)	Loss 0.0008 (0.0008)	Accu 1.000 (1.000)	Precision 1.000 (1.000)	Recall 1.000 (1.000)	F1 1.000 (1.000)	AUC 1.000 (1.000)
 * AUC 1.000
Epoch: [8][0/12]	Time 0.074 (0.074)	Data 0.014 (0.014)	Loss 0.0052 (0.0052)	Accu 0.996 (0.996)	Precision 0.992 (0.992)	Recall 1.000 (1.000)	F1 0.996 (0.996)	AUC 1.000 (1.000)
Epoch: [8][10/12]	Time 0.076 (0.076)	Data 0.015 (0.014)	Loss 0.0009 (0.0058)	Accu 1.000 (0.998)	Precision 1.000 (0.998)	Recall 1.000 (0.998)	F1 1.000 (0.998)	AUC 1.000 (1.000)
Test: [0/2]	Time 0.032 (0.032)	Loss 0.0031 (0.0031)	Accu 0.996 (0.996)	Precision 1.000 (1.000)	Recall 0.992 (0.992)	F1 0.996 (0.996)	AUC 1.000 (1.000)
 * AUC 1.000
Epoch: [9][0/12]	Time 0.076 (0.076)	Data 0.014 (0.014)	Loss 0.0020 (0.0020)	Accu 1.000 (1.000)	Precision 1.000 (1.000)	Recall 1.000 (1.000)	F1 1.000 (1.000)	AUC 1.000 (1.000)
Epoch: [9][10/12]	Time 0.076 (0.076)	Data 0.013 (0.014)	Loss 0.0040 (0.0049)	Accu 1.000 (0.999)	Precision 1.000 (1.000)	Recall 1.000 (0.998)	F1 1.000 (0.999)	AUC 1.000 (1.000)
Test: [0/2]	Time 0.032 (0.032)	Loss 0.0007 (0.0007)	Accu 1.000 (1.000)	Precision 1.000 (1.000)	Recall 1.000 (1.000)	F1 1.000 (1.000)	AUC 1.000 (1.000)
 * AUC 1.000
Epoch: [10][0/12]	Time 0.074 (0.074)	Data 0.014 (0.014)	Loss 0.0017 (0.0017)	Accu 1.000 (1.000)	Precision 1.000 (1.000)	Recall 1.000 (1.000)	F1 1.000 (1.000)	AUC 1.000 (1.000)
Epoch: [10][10/12]	Time 0.078 (0.077)	Data 0.014 (0.014)	Loss 0.0004 (0.0032)	Accu 1.000 (0.999)	Precision 1.000 (0.999)	Recall 1.000 (1.000)	F1 1.000 (0.999)	AUC 1.000 (1.000)
Test: [0/2]	Time 0.032 (0.032)	Loss 0.0017 (0.0017)	Accu 1.000 (1.000)	Precision 1.000 (1.000)	Recall 1.000 (1.000)	F1 1.000 (1.000)	AUC 1.000 (1.000)
 * AUC 1.000
Epoch: [11][0/12]	Time 0.073 (0.073)	Data 0.014 (0.014)	Loss 0.0023 (0.0023)	Accu 1.000 (1.000)	Precision 1.000 (1.000)	Recall 1.000 (1.000)	F1 1.000 (1.000)	AUC 1.000 (1.000)
Epoch: [11][10/12]	Time 0.077 (0.076)	Data 0.015 (0.014)	Loss 0.0068 (0.0031)	Accu 0.996 (0.999)	Precision 1.000 (0.999)	Recall 0.992 (0.998)	F1 0.996 (0.999)	AUC 1.000 (1.000)
Test: [0/2]	Time 0.033 (0.033)	Loss 0.0025 (0.0025)	Accu 1.000 (1.000)	Precision 1.000 (1.000)	Recall 1.000 (1.000)	F1 1.000 (1.000)	AUC 1.000 (1.000)
 * AUC 1.000
Epoch: [12][0/12]	Time 0.076 (0.076)	Data 0.014 (0.014)	Loss 0.0006 (0.0006)	Accu 1.000 (1.000)	Precision 1.000 (1.000)	Recall 1.000 (1.000)	F1 1.000 (1.000)	AUC 1.000 (1.000)
Epoch: [12][10/12]	Time 0.076 (0.076)	Data 0.014 (0.014)	Loss 0.0003 (0.0018)	Accu 1.000 (1.000)	Precision 1.000 (1.000)	Recall 1.000 (0.999)	F1 1.000 (1.000)	AUC 1.000 (1.000)
Test: [0/2]	Time 0.032 (0.032)	Loss 0.0011 (0.0011)	Accu 1.000 (1.000)	Precision 1.000 (1.000)	Recall 1.000 (1.000)	F1 1.000 (1.000)	AUC 1.000 (1.000)
 * AUC 1.000
Epoch: [13][0/12]	Time 0.073 (0.073)	Data 0.014 (0.014)	Loss 0.0025 (0.0025)	Accu 1.000 (1.000)	Precision 1.000 (1.000)	Recall 1.000 (1.000)	F1 1.000 (1.000)	AUC 1.000 (1.000)
Epoch: [13][10/12]	Time 0.080 (0.077)	Data 0.015 (0.014)	Loss 0.0008 (0.0020)	Accu 1.000 (1.000)	Precision 1.000 (1.000)	Recall 1.000 (1.000)	F1 1.000 (1.000)	AUC 1.000 (1.000)
Test: [0/2]	Time 0.035 (0.035)	Loss 0.0008 (0.0008)	Accu 1.000 (1.000)	Precision 1.000 (1.000)	Recall 1.000 (1.000)	F1 1.000 (1.000)	AUC 1.000 (1.000)
 * AUC 1.000
Epoch: [14][0/12]	Time 0.076 (0.076)	Data 0.015 (0.015)	Loss 0.0005 (0.0005)	Accu 1.000 (1.000)	Precision 1.000 (1.000)	Recall 1.000 (1.000)	F1 1.000 (1.000)	AUC 1.000 (1.000)
Epoch: [14][10/12]	Time 0.078 (0.079)	Data 0.016 (0.016)	Loss 0.0009 (0.0012)	Accu 1.000 (1.000)	Precision 1.000 (1.000)	Recall 1.000 (1.000)	F1 1.000 (1.000)	AUC 1.000 (1.000)
Test: [0/2]	Time 0.031 (0.031)	Loss 0.0003 (0.0003)	Accu 1.000 (1.000)	Precision 1.000 (1.000)	Recall 1.000 (1.000)	F1 1.000 (1.000)	AUC 1.000 (1.000)
 * AUC 1.000
Epoch: [15][0/12]	Time 0.076 (0.076)	Data 0.014 (0.014)	Loss 0.0007 (0.0007)	Accu 1.000 (1.000)	Precision 1.000 (1.000)	Recall 1.000 (1.000)	F1 1.000 (1.000)	AUC 1.000 (1.000)
Epoch: [15][10/12]	Time 0.076 (0.076)	Data 0.015 (0.014)	Loss 0.0011 (0.0015)	Accu 1.000 (1.000)	Precision 1.000 (1.000)	Recall 1.000 (1.000)	F1 1.000 (1.000)	AUC 1.000 (1.000)
Test: [0/2]	Time 0.032 (0.032)	Loss 0.0007 (0.0007)	Accu 1.000 (1.000)	Precision 1.000 (1.000)	Recall 1.000 (1.000)	F1 1.000 (1.000)	AUC 1.000 (1.000)
 * AUC 1.000
Epoch: [16][0/12]	Time 0.073 (0.073)	Data 0.014 (0.014)	Loss 0.0007 (0.0007)	Accu 1.000 (1.000)	Precision 1.000 (1.000)	Recall 1.000 (1.000)	F1 1.000 (1.000)	AUC 1.000 (1.000)
Epoch: [16][10/12]	Time 0.077 (0.076)	Data 0.015 (0.014)	Loss 0.0011 (0.0013)	Accu 1.000 (1.000)	Precision 1.000 (0.999)	Recall 1.000 (1.000)	F1 1.000 (1.000)	AUC 1.000 (1.000)
Test: [0/2]	Time 0.032 (0.032)	Loss 0.0010 (0.0010)	Accu 1.000 (1.000)	Precision 1.000 (1.000)	Recall 1.000 (1.000)	F1 1.000 (1.000)	AUC 1.000 (1.000)
 * AUC 1.000
Epoch: [17][0/12]	Time 0.075 (0.075)	Data 0.013 (0.013)	Loss 0.0011 (0.0011)	Accu 1.000 (1.000)	Precision 1.000 (1.000)	Recall 1.000 (1.000)	F1 1.000 (1.000)	AUC 1.000 (1.000)
Epoch: [17][10/12]	Time 0.076 (0.076)	Data 0.014 (0.014)	Loss 0.0003 (0.0012)	Accu 1.000 (1.000)	Precision 1.000 (1.000)	Recall 1.000 (0.999)	F1 1.000 (1.000)	AUC 1.000 (1.000)
Test: [0/2]	Time 0.031 (0.031)	Loss 0.0006 (0.0006)	Accu 1.000 (1.000)	Precision 1.000 (1.000)	Recall 1.000 (1.000)	F1 1.000 (1.000)	AUC 1.000 (1.000)
 * AUC 1.000
Epoch: [18][0/12]	Time 0.074 (0.074)	Data 0.013 (0.013)	Loss 0.0005 (0.0005)	Accu 1.000 (1.000)	Precision 1.000 (1.000)	Recall 1.000 (1.000)	F1 1.000 (1.000)	AUC 1.000 (1.000)
Epoch: [18][10/12]	Time 0.077 (0.076)	Data 0.015 (0.014)	Loss 0.0006 (0.0009)	Accu 1.000 (1.000)	Precision 1.000 (1.000)	Recall 1.000 (1.000)	F1 1.000 (1.000)	AUC 1.000 (1.000)
Test: [0/2]	Time 0.032 (0.032)	Loss 0.0003 (0.0003)	Accu 1.000 (1.000)	Precision 1.000 (1.000)	Recall 1.000 (1.000)	F1 1.000 (1.000)	AUC 1.000 (1.000)
 * AUC 1.000
Epoch: [19][0/12]	Time 0.073 (0.073)	Data 0.013 (0.013)	Loss 0.0009 (0.0009)	Accu 1.000 (1.000)	Precision 1.000 (1.000)	Recall 1.000 (1.000)	F1 1.000 (1.000)	AUC 1.000 (1.000)
Epoch: [19][10/12]	Time 0.077 (0.076)	Data 0.015 (0.014)	Loss 0.0007 (0.0011)	Accu 1.000 (1.000)	Precision 1.000 (1.000)	Recall 1.000 (1.000)	F1 1.000 (1.000)	AUC 1.000 (1.000)
Test: [0/2]	Time 0.031 (0.031)	Loss 0.0001 (0.0001)	Accu 1.000 (1.000)	Precision 1.000 (1.000)	Recall 1.000 (1.000)	F1 1.000 (1.000)	AUC 1.000 (1.000)
 * AUC 1.000
Epoch: [20][0/12]	Time 0.075 (0.075)	Data 0.013 (0.013)	Loss 0.0006 (0.0006)	Accu 1.000 (1.000)	Precision 1.000 (1.000)	Recall 1.000 (1.000)	F1 1.000 (1.000)	AUC 1.000 (1.000)
Epoch: [20][10/12]	Time 0.076 (0.076)	Data 0.014 (0.014)	Loss 0.0005 (0.0007)	Accu 1.000 (1.000)	Precision 1.000 (1.000)	Recall 1.000 (1.000)	F1 1.000 (1.000)	AUC 1.000 (1.000)
Test: [0/2]	Time 0.031 (0.031)	Loss 0.0001 (0.0001)	Accu 1.000 (1.000)	Precision 1.000 (1.000)	Recall 1.000 (1.000)	F1 1.000 (1.000)	AUC 1.000 (1.000)
 * AUC 1.000
Epoch: [21][0/12]	Time 0.077 (0.077)	Data 0.014 (0.014)	Loss 0.0005 (0.0005)	Accu 1.000 (1.000)	Precision 1.000 (1.000)	Recall 1.000 (1.000)	F1 1.000 (1.000)	AUC 1.000 (1.000)
Epoch: [21][10/12]	Time 0.076 (0.076)	Data 0.014 (0.014)	Loss 0.0025 (0.0011)	Accu 1.000 (1.000)	Precision 1.000 (1.000)	Recall 1.000 (1.000)	F1 1.000 (1.000)	AUC 1.000 (1.000)
Test: [0/2]	Time 0.031 (0.031)	Loss 0.0003 (0.0003)	Accu 1.000 (1.000)	Precision 1.000 (1.000)	Recall 1.000 (1.000)	F1 1.000 (1.000)	AUC 1.000 (1.000)
 * AUC 1.000
Epoch: [22][0/12]	Time 0.075 (0.075)	Data 0.013 (0.013)	Loss 0.0015 (0.0015)	Accu 1.000 (1.000)	Precision 1.000 (1.000)	Recall 1.000 (1.000)	F1 1.000 (1.000)	AUC 1.000 (1.000)
Epoch: [22][10/12]	Time 0.077 (0.076)	Data 0.014 (0.014)	Loss 0.0005 (0.0011)	Accu 1.000 (1.000)	Precision 1.000 (0.999)	Recall 1.000 (1.000)	F1 1.000 (1.000)	AUC 1.000 (1.000)
Test: [0/2]	Time 0.032 (0.032)	Loss 0.0004 (0.0004)	Accu 1.000 (1.000)	Precision 1.000 (1.000)	Recall 1.000 (1.000)	F1 1.000 (1.000)	AUC 1.000 (1.000)
 * AUC 1.000
Epoch: [23][0/12]	Time 0.074 (0.074)	Data 0.014 (0.014)	Loss 0.0010 (0.0010)	Accu 1.000 (1.000)	Precision 1.000 (1.000)	Recall 1.000 (1.000)	F1 1.000 (1.000)	AUC 1.000 (1.000)
Epoch: [23][10/12]	Time 0.076 (0.076)	Data 0.015 (0.015)	Loss 0.0001 (0.0010)	Accu 1.000 (1.000)	Precision 1.000 (1.000)	Recall 1.000 (0.999)	F1 1.000 (1.000)	AUC 1.000 (1.000)
Test: [0/2]	Time 0.031 (0.031)	Loss 0.0003 (0.0003)	Accu 1.000 (1.000)	Precision 1.000 (1.000)	Recall 1.000 (1.000)	F1 1.000 (1.000)	AUC 1.000 (1.000)
 * AUC 1.000
Epoch: [24][0/12]	Time 0.076 (0.076)	Data 0.014 (0.014)	Loss 0.0013 (0.0013)	Accu 1.000 (1.000)	Precision 1.000 (1.000)	Recall 1.000 (1.000)	F1 1.000 (1.000)	AUC 1.000 (1.000)
Epoch: [24][10/12]	Time 0.077 (0.076)	Data 0.014 (0.014)	Loss 0.0003 (0.0008)	Accu 1.000 (1.000)	Precision 1.000 (1.000)	Recall 1.000 (1.000)	F1 1.000 (1.000)	AUC 1.000 (1.000)
Test: [0/2]	Time 0.031 (0.031)	Loss 0.0003 (0.0003)	Accu 1.000 (1.000)	Precision 1.000 (1.000)	Recall 1.000 (1.000)	F1 1.000 (1.000)	AUC 1.000 (1.000)
 * AUC 1.000
Epoch: [25][0/12]	Time 0.075 (0.075)	Data 0.013 (0.013)	Loss 0.0003 (0.0003)	Accu 1.000 (1.000)	Precision 1.000 (1.000)	Recall 1.000 (1.000)	F1 1.000 (1.000)	AUC 1.000 (1.000)
Epoch: [25][10/12]	Time 0.079 (0.079)	Data 0.017 (0.016)	Loss 0.0004 (0.0008)	Accu 1.000 (1.000)	Precision 1.000 (0.999)	Recall 1.000 (1.000)	F1 1.000 (1.000)	AUC 1.000 (1.000)
Test: [0/2]	Time 0.033 (0.033)	Loss 0.0012 (0.0012)	Accu 1.000 (1.000)	Precision 1.000 (1.000)	Recall 1.000 (1.000)	F1 1.000 (1.000)	AUC 1.000 (1.000)
 * AUC 1.000
Epoch: [26][0/12]	Time 0.076 (0.076)	Data 0.014 (0.014)	Loss 0.0002 (0.0002)	Accu 1.000 (1.000)	Precision 1.000 (1.000)	Recall 1.000 (1.000)	F1 1.000 (1.000)	AUC 1.000 (1.000)
Epoch: [26][10/12]	Time 0.078 (0.077)	Data 0.015 (0.015)	Loss 0.0005 (0.0012)	Accu 1.000 (1.000)	Precision 1.000 (0.999)	Recall 1.000 (1.000)	F1 1.000 (1.000)	AUC 1.000 (1.000)
Test: [0/2]	Time 0.032 (0.032)	Loss 0.0006 (0.0006)	Accu 1.000 (1.000)	Precision 1.000 (1.000)	Recall 1.000 (1.000)	F1 1.000 (1.000)	AUC 1.000 (1.000)
 * AUC 1.000
Epoch: [27][0/12]	Time 0.073 (0.073)	Data 0.014 (0.014)	Loss 0.0004 (0.0004)	Accu 1.000 (1.000)	Precision 1.000 (1.000)	Recall 1.000 (1.000)	F1 1.000 (1.000)	AUC 1.000 (1.000)
Epoch: [27][10/12]	Time 0.076 (0.076)	Data 0.014 (0.014)	Loss 0.0007 (0.0008)	Accu 1.000 (1.000)	Precision 1.000 (1.000)	Recall 1.000 (1.000)	F1 1.000 (1.000)	AUC 1.000 (1.000)
Test: [0/2]	Time 0.032 (0.032)	Loss 0.0004 (0.0004)	Accu 1.000 (1.000)	Precision 1.000 (1.000)	Recall 1.000 (1.000)	F1 1.000 (1.000)	AUC 1.000 (1.000)
 * AUC 1.000
Epoch: [28][0/12]	Time 0.144 (0.144)	Data 0.014 (0.014)	Loss 0.0003 (0.0003)	Accu 1.000 (1.000)	Precision 1.000 (1.000)	Recall 1.000 (1.000)	F1 1.000 (1.000)	AUC 1.000 (1.000)
Epoch: [28][10/12]	Time 0.079 (0.083)	Data 0.016 (0.014)	Loss 0.0003 (0.0006)	Accu 1.000 (1.000)	Precision 1.000 (1.000)	Recall 1.000 (1.000)	F1 1.000 (1.000)	AUC 1.000 (1.000)
Test: [0/2]	Time 0.032 (0.032)	Loss 0.0001 (0.0001)	Accu 1.000 (1.000)	Precision 1.000 (1.000)	Recall 1.000 (1.000)	F1 1.000 (1.000)	AUC 1.000 (1.000)
 * AUC 1.000
Epoch: [29][0/12]	Time 0.074 (0.074)	Data 0.014 (0.014)	Loss 0.0005 (0.0005)	Accu 1.000 (1.000)	Precision 1.000 (1.000)	Recall 1.000 (1.000)	F1 1.000 (1.000)	AUC 1.000 (1.000)
Epoch: [29][10/12]	Time 0.075 (0.076)	Data 0.014 (0.014)	Loss 0.0004 (0.0005)	Accu 1.000 (1.000)	Precision 1.000 (1.000)	Recall 1.000 (1.000)	F1 1.000 (1.000)	AUC 1.000 (1.000)
Test: [0/2]	Time 0.032 (0.032)	Loss 0.0003 (0.0003)	Accu 1.000 (1.000)	Precision 1.000 (1.000)	Recall 1.000 (1.000)	F1 1.000 (1.000)	AUC 1.000 (1.000)
 * AUC 1.000
---------Evaluate Model on Test Set---------------
/home/qimin/anaconda3/envs/defect_cgcnn/lib/python3.8/site-packages/pymatgen/io/cif.py:1155: UserWarning: Issues encountered while parsing CIF: Some fractional coordinates rounded to ideal values to avoid issues with finite precision.
  warnings.warn("Issues encountered while parsing CIF: " + "\n".join(self.warnings))
Test: [0/2]	Time 2.525 (2.525)	Loss 0.0187 (0.0187)	Accu 0.996 (0.996)	Precision 0.992 (0.992)	Recall 1.000 (1.000)	F1 0.996 (0.996)	AUC 1.000 (1.000)
/home/qimin/anaconda3/envs/defect_cgcnn/lib/python3.8/site-packages/pymatgen/io/cif.py:1155: UserWarning: Issues encountered while parsing CIF: Some fractional coordinates rounded to ideal values to avoid issues with finite precision.
  warnings.warn("Issues encountered while parsing CIF: " + "\n".join(self.warnings))
 ** AUC 1.000
