/home/qimin/anaconda3/envs/defect_cgcnn/lib/python3.8/site-packages/pymatgen/io/cif.py:1155: UserWarning: Issues encountered while parsing CIF: Some fractional coordinates rounded to ideal values to avoid issues with finite precision.
  warnings.warn("Issues encountered while parsing CIF: " + "\n".join(self.warnings))
Epoch: [0][0/12]	Time 24.128 (24.128)	Data 24.015 (24.015)	Loss 1.0889 (1.0889)	Accu 0.473 (0.473)	Precision 0.500 (0.500)	Recall 0.007 (0.007)	F1 0.015 (0.015)	AUC 0.557 (0.557)
/home/qimin/anaconda3/envs/defect_cgcnn/lib/python3.8/site-packages/pymatgen/io/cif.py:1155: UserWarning: Issues encountered while parsing CIF: Some fractional coordinates rounded to ideal values to avoid issues with finite precision.
  warnings.warn("Issues encountered while parsing CIF: " + "\n".join(self.warnings))
/home/qimin/anaconda3/envs/defect_cgcnn/lib/python3.8/site-packages/pymatgen/io/cif.py:1155: UserWarning: Issues encountered while parsing CIF: Some fractional coordinates rounded to ideal values to avoid issues with finite precision.
  warnings.warn("Issues encountered while parsing CIF: " + "\n".join(self.warnings))
/home/qimin/anaconda3/envs/defect_cgcnn/lib/python3.8/site-packages/pymatgen/io/cif.py:1155: UserWarning: Issues encountered while parsing CIF: Some fractional coordinates rounded to ideal values to avoid issues with finite precision.
  warnings.warn("Issues encountered while parsing CIF: " + "\n".join(self.warnings))
/home/qimin/anaconda3/envs/defect_cgcnn/lib/python3.8/site-packages/pymatgen/io/cif.py:1155: UserWarning: Issues encountered while parsing CIF: Some fractional coordinates rounded to ideal values to avoid issues with finite precision.
  warnings.warn("Issues encountered while parsing CIF: " + "\n".join(self.warnings))
/home/qimin/anaconda3/envs/defect_cgcnn/lib/python3.8/site-packages/pymatgen/io/cif.py:1155: UserWarning: Issues encountered while parsing CIF: Some fractional coordinates rounded to ideal values to avoid issues with finite precision.
  warnings.warn("Issues encountered while parsing CIF: " + "\n".join(self.warnings))
/home/qimin/anaconda3/envs/defect_cgcnn/lib/python3.8/site-packages/pymatgen/io/cif.py:1155: UserWarning: Issues encountered while parsing CIF: Some fractional coordinates rounded to ideal values to avoid issues with finite precision.
  warnings.warn("Issues encountered while parsing CIF: " + "\n".join(self.warnings))
/home/qimin/anaconda3/envs/defect_cgcnn/lib/python3.8/site-packages/pymatgen/io/cif.py:1155: UserWarning: Issues encountered while parsing CIF: Some fractional coordinates rounded to ideal values to avoid issues with finite precision.
  warnings.warn("Issues encountered while parsing CIF: " + "\n".join(self.warnings))
/home/qimin/anaconda3/envs/defect_cgcnn/lib/python3.8/site-packages/pymatgen/io/cif.py:1155: UserWarning: Issues encountered while parsing CIF: Some fractional coordinates rounded to ideal values to avoid issues with finite precision.
  warnings.warn("Issues encountered while parsing CIF: " + "\n".join(self.warnings))
/home/qimin/anaconda3/envs/defect_cgcnn/lib/python3.8/site-packages/pymatgen/io/cif.py:1155: UserWarning: Issues encountered while parsing CIF: Some fractional coordinates rounded to ideal values to avoid issues with finite precision.
  warnings.warn("Issues encountered while parsing CIF: " + "\n".join(self.warnings))
/home/qimin/anaconda3/envs/defect_cgcnn/lib/python3.8/site-packages/pymatgen/io/cif.py:1155: UserWarning: Issues encountered while parsing CIF: Some fractional coordinates rounded to ideal values to avoid issues with finite precision.
  warnings.warn("Issues encountered while parsing CIF: " + "\n".join(self.warnings))
Epoch: [0][10/12]	Time 25.750 (25.041)	Data 25.643 (24.931)	Loss 0.7727 (0.8700)	Accu 0.535 (0.490)	Precision 0.520 (0.478)	Recall 0.930 (0.459)	F1 0.667 (0.376)	AUC 0.482 (0.483)
/home/qimin/anaconda3/envs/defect_cgcnn/lib/python3.8/site-packages/pymatgen/io/cif.py:1155: UserWarning: Issues encountered while parsing CIF: Some fractional coordinates rounded to ideal values to avoid issues with finite precision.
  warnings.warn("Issues encountered while parsing CIF: " + "\n".join(self.warnings))
/home/qimin/anaconda3/envs/defect_cgcnn/lib/python3.8/site-packages/pymatgen/io/cif.py:1155: UserWarning: Issues encountered while parsing CIF: Some fractional coordinates rounded to ideal values to avoid issues with finite precision.
  warnings.warn("Issues encountered while parsing CIF: " + "\n".join(self.warnings))
Test: [0/2]	Time 24.619 (24.619)	Loss 0.7682 (0.7682)	Accu 0.492 (0.492)	Precision 0.492 (0.492)	Recall 1.000 (1.000)	F1 0.660 (0.660)	AUC 0.513 (0.513)
/home/qimin/anaconda3/envs/defect_cgcnn/lib/python3.8/site-packages/pymatgen/io/cif.py:1155: UserWarning: Issues encountered while parsing CIF: Some fractional coordinates rounded to ideal values to avoid issues with finite precision.
  warnings.warn("Issues encountered while parsing CIF: " + "\n".join(self.warnings))
 * AUC 0.534
Epoch: [1][0/12]	Time 0.229 (0.229)	Data 0.138 (0.138)	Loss 0.7556 (0.7556)	Accu 0.504 (0.504)	Precision 0.512 (0.512)	Recall 0.962 (0.962)	F1 0.668 (0.668)	AUC 0.542 (0.542)
Epoch: [1][10/12]	Time 0.212 (0.209)	Data 0.125 (0.122)	Loss 0.7062 (0.7276)	Accu 0.504 (0.502)	Precision 0.500 (0.509)	Recall 0.693 (0.540)	F1 0.581 (0.452)	AUC 0.522 (0.516)
/home/qimin/anaconda3/envs/defect_cgcnn/lib/python3.8/site-packages/sklearn/metrics/_classification.py:1327: UndefinedMetricWarning: Precision and F-score are ill-defined and being set to 0.0 due to no predicted samples. Use `zero_division` parameter to control this behavior.
  _warn_prf(average, modifier, msg_start, len(result))
Test: [0/2]	Time 0.194 (0.194)	Loss 0.7059 (0.7059)	Accu 0.500 (0.500)	Precision 0.000 (0.000)	Recall 0.000 (0.000)	F1 0.000 (0.000)	AUC 0.543 (0.543)
/home/qimin/anaconda3/envs/defect_cgcnn/lib/python3.8/site-packages/sklearn/metrics/_classification.py:1327: UndefinedMetricWarning: Precision and F-score are ill-defined and being set to 0.0 due to no predicted samples. Use `zero_division` parameter to control this behavior.
  _warn_prf(average, modifier, msg_start, len(result))
 * AUC 0.524
Epoch: [2][0/12]	Time 0.147 (0.147)	Data 0.060 (0.060)	Loss 0.7148 (0.7148)	Accu 0.516 (0.516)	Precision 0.583 (0.583)	Recall 0.162 (0.162)	F1 0.253 (0.253)	AUC 0.532 (0.532)
Epoch: [2][10/12]	Time 0.147 (0.152)	Data 0.062 (0.065)	Loss 0.7050 (0.7061)	Accu 0.504 (0.505)	Precision 0.507 (0.512)	Recall 0.266 (0.481)	F1 0.349 (0.454)	AUC 0.514 (0.522)
/home/qimin/anaconda3/envs/defect_cgcnn/lib/python3.8/site-packages/sklearn/metrics/_classification.py:1327: UndefinedMetricWarning: Precision and F-score are ill-defined and being set to 0.0 due to no predicted samples. Use `zero_division` parameter to control this behavior.
  _warn_prf(average, modifier, msg_start, len(result))
Test: [0/2]	Time 0.102 (0.102)	Loss 0.7021 (0.7021)	Accu 0.488 (0.488)	Precision 0.000 (0.000)	Recall 0.000 (0.000)	F1 0.000 (0.000)	AUC 0.546 (0.546)
/home/qimin/anaconda3/envs/defect_cgcnn/lib/python3.8/site-packages/sklearn/metrics/_classification.py:1327: UndefinedMetricWarning: Precision and F-score are ill-defined and being set to 0.0 due to no predicted samples. Use `zero_division` parameter to control this behavior.
  _warn_prf(average, modifier, msg_start, len(result))
 * AUC 0.509
Epoch: [3][0/12]	Time 0.149 (0.149)	Data 0.061 (0.061)	Loss 0.7096 (0.7096)	Accu 0.516 (0.516)	Precision 0.622 (0.622)	Recall 0.207 (0.207)	F1 0.311 (0.311)	AUC 0.554 (0.554)
Epoch: [3][10/12]	Time 0.153 (0.151)	Data 0.065 (0.063)	Loss 0.6843 (0.6954)	Accu 0.570 (0.535)	Precision 0.583 (0.543)	Recall 0.344 (0.535)	F1 0.433 (0.511)	AUC 0.573 (0.545)
/home/qimin/anaconda3/envs/defect_cgcnn/lib/python3.8/site-packages/sklearn/metrics/_classification.py:1327: UndefinedMetricWarning: Precision and F-score are ill-defined and being set to 0.0 due to no predicted samples. Use `zero_division` parameter to control this behavior.
  _warn_prf(average, modifier, msg_start, len(result))
Test: [0/2]	Time 0.106 (0.106)	Loss 0.6952 (0.6952)	Accu 0.516 (0.516)	Precision 0.000 (0.000)	Recall 0.000 (0.000)	F1 0.000 (0.000)	AUC 0.473 (0.473)
 * AUC 0.512
Epoch: [4][0/12]	Time 0.145 (0.145)	Data 0.059 (0.059)	Loss 0.6966 (0.6966)	Accu 0.520 (0.520)	Precision 0.536 (0.536)	Recall 0.289 (0.289)	F1 0.376 (0.376)	AUC 0.535 (0.535)
Epoch: [4][10/12]	Time 0.158 (0.152)	Data 0.069 (0.064)	Loss 0.6831 (0.6996)	Accu 0.535 (0.522)	Precision 0.560 (0.527)	Recall 0.427 (0.498)	F1 0.485 (0.494)	AUC 0.568 (0.532)
Test: [0/2]	Time 0.108 (0.108)	Loss 0.6961 (0.6961)	Accu 0.477 (0.477)	Precision 0.486 (0.486)	Recall 0.659 (0.659)	F1 0.559 (0.559)	AUC 0.471 (0.471)
 * AUC 0.503
Epoch: [5][0/12]	Time 0.150 (0.150)	Data 0.060 (0.060)	Loss 0.6932 (0.6932)	Accu 0.496 (0.496)	Precision 0.500 (0.500)	Recall 0.465 (0.465)	F1 0.482 (0.482)	AUC 0.527 (0.527)
Epoch: [5][10/12]	Time 0.150 (0.151)	Data 0.063 (0.064)	Loss 0.6851 (0.6946)	Accu 0.559 (0.525)	Precision 0.625 (0.527)	Recall 0.240 (0.566)	F1 0.347 (0.531)	AUC 0.578 (0.539)
Test: [0/2]	Time 0.105 (0.105)	Loss 0.6956 (0.6956)	Accu 0.520 (0.520)	Precision 0.524 (0.524)	Recall 0.176 (0.176)	F1 0.263 (0.263)	AUC 0.498 (0.498)
 * AUC 0.505
Epoch: [6][0/12]	Time 0.148 (0.148)	Data 0.062 (0.062)	Loss 0.6959 (0.6959)	Accu 0.520 (0.520)	Precision 0.562 (0.562)	Recall 0.338 (0.338)	F1 0.423 (0.423)	AUC 0.557 (0.557)
Epoch: [6][10/12]	Time 0.169 (0.164)	Data 0.082 (0.077)	Loss 0.6983 (0.6956)	Accu 0.535 (0.518)	Precision 0.564 (0.524)	Recall 0.577 (0.577)	F1 0.570 (0.536)	AUC 0.530 (0.546)
Test: [0/2]	Time 0.107 (0.107)	Loss 0.6967 (0.6967)	Accu 0.527 (0.527)	Precision 0.510 (0.510)	Recall 0.840 (0.840)	F1 0.634 (0.634)	AUC 0.505 (0.505)
 * AUC 0.505
Epoch: [7][0/12]	Time 0.157 (0.157)	Data 0.070 (0.070)	Loss 0.6955 (0.6955)	Accu 0.520 (0.520)	Precision 0.478 (0.478)	Recall 0.739 (0.739)	F1 0.580 (0.580)	AUC 0.564 (0.564)
Epoch: [7][10/12]	Time 0.165 (0.163)	Data 0.075 (0.076)	Loss 0.7120 (0.6915)	Accu 0.465 (0.534)	Precision 0.449 (0.538)	Recall 0.672 (0.592)	F1 0.539 (0.555)	AUC 0.477 (0.551)
Test: [0/2]	Time 0.140 (0.140)	Loss 0.6968 (0.6968)	Accu 0.488 (0.488)	Precision 0.530 (0.530)	Recall 0.617 (0.617)	F1 0.570 (0.570)	AUC 0.489 (0.489)
 * AUC 0.495
Epoch: [8][0/12]	Time 0.158 (0.158)	Data 0.067 (0.067)	Loss 0.6825 (0.6825)	Accu 0.559 (0.559)	Precision 0.564 (0.564)	Recall 0.603 (0.603)	F1 0.583 (0.583)	AUC 0.577 (0.577)
Epoch: [8][10/12]	Time 0.157 (0.160)	Data 0.067 (0.069)	Loss 0.7184 (0.6930)	Accu 0.457 (0.534)	Precision 0.465 (0.537)	Recall 0.562 (0.530)	F1 0.509 (0.529)	AUC 0.435 (0.541)
Test: [0/2]	Time 0.108 (0.108)	Loss 0.6945 (0.6945)	Accu 0.516 (0.516)	Precision 0.531 (0.531)	Recall 0.135 (0.135)	F1 0.215 (0.215)	AUC 0.522 (0.522)
 * AUC 0.521
Epoch: [9][0/12]	Time 0.155 (0.155)	Data 0.064 (0.064)	Loss 0.7159 (0.7159)	Accu 0.492 (0.492)	Precision 0.571 (0.571)	Recall 0.286 (0.286)	F1 0.381 (0.381)	AUC 0.490 (0.490)
Epoch: [9][10/12]	Time 0.161 (0.160)	Data 0.068 (0.067)	Loss 0.6830 (0.7014)	Accu 0.535 (0.509)	Precision 0.538 (0.532)	Recall 0.389 (0.491)	F1 0.452 (0.452)	AUC 0.582 (0.545)
Test: [0/2]	Time 0.110 (0.110)	Loss 0.6901 (0.6901)	Accu 0.531 (0.531)	Precision 0.550 (0.550)	Recall 0.090 (0.090)	F1 0.155 (0.155)	AUC 0.552 (0.552)
 * AUC 0.524
Epoch: [10][0/12]	Time 0.155 (0.155)	Data 0.065 (0.065)	Loss 0.6950 (0.6950)	Accu 0.531 (0.531)	Precision 0.607 (0.607)	Recall 0.278 (0.278)	F1 0.381 (0.381)	AUC 0.565 (0.565)
Epoch: [10][10/12]	Time 0.153 (0.152)	Data 0.064 (0.063)	Loss 0.6885 (0.6888)	Accu 0.520 (0.530)	Precision 0.496 (0.537)	Recall 0.541 (0.558)	F1 0.518 (0.532)	AUC 0.559 (0.555)
Test: [0/2]	Time 0.108 (0.108)	Loss 0.6917 (0.6917)	Accu 0.508 (0.508)	Precision 0.593 (0.593)	Recall 0.122 (0.122)	F1 0.203 (0.203)	AUC 0.583 (0.583)
 * AUC 0.532
Epoch: [11][0/12]	Time 0.150 (0.150)	Data 0.061 (0.061)	Loss 0.6831 (0.6831)	Accu 0.535 (0.535)	Precision 0.551 (0.551)	Recall 0.218 (0.218)	F1 0.312 (0.312)	AUC 0.587 (0.587)
Epoch: [11][10/12]	Time 0.154 (0.153)	Data 0.064 (0.063)	Loss 0.6819 (0.6917)	Accu 0.551 (0.527)	Precision 0.573 (0.548)	Recall 0.746 (0.480)	F1 0.648 (0.450)	AUC 0.559 (0.573)
Test: [0/2]	Time 0.109 (0.109)	Loss 0.6968 (0.6968)	Accu 0.508 (0.508)	Precision 0.531 (0.531)	Recall 0.507 (0.507)	F1 0.519 (0.519)	AUC 0.506 (0.506)
 * AUC 0.516
Epoch: [12][0/12]	Time 0.156 (0.156)	Data 0.061 (0.061)	Loss 0.6960 (0.6960)	Accu 0.527 (0.527)	Precision 0.526 (0.526)	Recall 0.472 (0.472)	F1 0.498 (0.498)	AUC 0.532 (0.532)
Epoch: [12][10/12]	Time 0.194 (0.194)	Data 0.106 (0.103)	Loss 0.6798 (0.6904)	Accu 0.570 (0.545)	Precision 0.553 (0.572)	Recall 0.693 (0.562)	F1 0.615 (0.531)	AUC 0.597 (0.585)
Test: [0/2]	Time 0.119 (0.119)	Loss 0.6910 (0.6910)	Accu 0.516 (0.516)	Precision 0.463 (0.463)	Recall 0.208 (0.208)	F1 0.287 (0.287)	AUC 0.510 (0.510)
 * AUC 0.507
Epoch: [13][0/12]	Time 0.162 (0.162)	Data 0.071 (0.071)	Loss 0.6999 (0.6999)	Accu 0.488 (0.488)	Precision 0.581 (0.581)	Recall 0.255 (0.255)	F1 0.355 (0.355)	AUC 0.572 (0.572)
Epoch: [13][10/12]	Time 0.168 (0.167)	Data 0.079 (0.077)	Loss 0.6705 (0.6907)	Accu 0.602 (0.538)	Precision 0.569 (0.551)	Recall 0.530 (0.529)	F1 0.549 (0.514)	AUC 0.623 (0.571)
Test: [0/2]	Time 0.103 (0.103)	Loss 0.6970 (0.6970)	Accu 0.523 (0.523)	Precision 0.576 (0.576)	Recall 0.150 (0.150)	F1 0.237 (0.237)	AUC 0.531 (0.531)
 * AUC 0.516
Epoch: [14][0/12]	Time 0.156 (0.156)	Data 0.063 (0.063)	Loss 0.7073 (0.7073)	Accu 0.523 (0.523)	Precision 0.517 (0.517)	Recall 0.250 (0.250)	F1 0.337 (0.337)	AUC 0.509 (0.509)
Epoch: [14][10/12]	Time 0.146 (0.149)	Data 0.060 (0.061)	Loss 0.6802 (0.6852)	Accu 0.594 (0.558)	Precision 0.580 (0.580)	Recall 0.853 (0.459)	F1 0.690 (0.474)	AUC 0.594 (0.580)
Test: [0/2]	Time 0.104 (0.104)	Loss 0.7119 (0.7119)	Accu 0.473 (0.473)	Precision 0.474 (0.474)	Recall 0.815 (0.815)	F1 0.599 (0.599)	AUC 0.489 (0.489)
 * AUC 0.514
Epoch: [15][0/12]	Time 0.146 (0.146)	Data 0.059 (0.059)	Loss 0.6859 (0.6859)	Accu 0.559 (0.559)	Precision 0.541 (0.541)	Recall 0.814 (0.814)	F1 0.650 (0.650)	AUC 0.586 (0.586)
Epoch: [15][10/12]	Time 0.149 (0.148)	Data 0.062 (0.060)	Loss 0.6705 (0.6887)	Accu 0.586 (0.551)	Precision 0.538 (0.567)	Recall 0.833 (0.471)	F1 0.654 (0.474)	AUC 0.660 (0.583)
Test: [0/2]	Time 0.102 (0.102)	Loss 0.7118 (0.7118)	Accu 0.555 (0.555)	Precision 0.546 (0.546)	Recall 0.919 (0.919)	F1 0.685 (0.685)	AUC 0.459 (0.459)
 * AUC 0.486
Epoch: [16][0/12]	Time 0.146 (0.146)	Data 0.059 (0.059)	Loss 0.6838 (0.6838)	Accu 0.551 (0.551)	Precision 0.518 (0.518)	Recall 0.935 (0.935)	F1 0.667 (0.667)	AUC 0.647 (0.647)
Epoch: [16][10/12]	Time 0.144 (0.148)	Data 0.059 (0.060)	Loss 0.6837 (0.6845)	Accu 0.547 (0.561)	Precision 0.552 (0.571)	Recall 0.500 (0.584)	F1 0.525 (0.550)	AUC 0.566 (0.595)
Test: [0/2]	Time 0.101 (0.101)	Loss 0.7134 (0.7134)	Accu 0.418 (0.418)	Precision 0.395 (0.395)	Recall 0.398 (0.398)	F1 0.397 (0.397)	AUC 0.432 (0.432)
 * AUC 0.486
Epoch: [17][0/12]	Time 0.150 (0.150)	Data 0.060 (0.060)	Loss 0.6739 (0.6739)	Accu 0.574 (0.574)	Precision 0.591 (0.591)	Recall 0.568 (0.568)	F1 0.579 (0.579)	AUC 0.602 (0.602)
Epoch: [17][10/12]	Time 0.149 (0.147)	Data 0.061 (0.059)	Loss 0.6962 (0.6834)	Accu 0.531 (0.547)	Precision 0.569 (0.548)	Recall 0.485 (0.513)	F1 0.524 (0.529)	AUC 0.546 (0.574)
Test: [0/2]	Time 0.104 (0.104)	Loss 0.7067 (0.7067)	Accu 0.484 (0.484)	Precision 0.500 (0.500)	Recall 0.629 (0.629)	F1 0.557 (0.557)	AUC 0.488 (0.488)
 * AUC 0.512
Epoch: [18][0/12]	Time 0.148 (0.148)	Data 0.061 (0.061)	Loss 0.6781 (0.6781)	Accu 0.559 (0.559)	Precision 0.518 (0.518)	Recall 0.723 (0.723)	F1 0.604 (0.604)	AUC 0.592 (0.592)
Epoch: [18][10/12]	Time 0.155 (0.151)	Data 0.066 (0.063)	Loss 0.6738 (0.6737)	Accu 0.574 (0.575)	Precision 0.630 (0.570)	Recall 0.467 (0.627)	F1 0.536 (0.593)	AUC 0.634 (0.612)
Test: [0/2]	Time 0.102 (0.102)	Loss 0.7015 (0.7015)	Accu 0.512 (0.512)	Precision 0.520 (0.520)	Recall 0.508 (0.508)	F1 0.514 (0.514)	AUC 0.508 (0.508)
 * AUC 0.516
Epoch: [19][0/12]	Time 0.153 (0.153)	Data 0.063 (0.063)	Loss 0.6565 (0.6565)	Accu 0.617 (0.617)	Precision 0.659 (0.659)	Recall 0.601 (0.601)	F1 0.629 (0.629)	AUC 0.675 (0.675)
Epoch: [19][10/12]	Time 0.188 (0.179)	Data 0.098 (0.090)	Loss 0.6835 (0.6758)	Accu 0.535 (0.571)	Precision 0.477 (0.559)	Recall 0.549 (0.661)	F1 0.510 (0.604)	AUC 0.555 (0.602)
Test: [0/2]	Time 0.181 (0.181)	Loss 0.7150 (0.7150)	Accu 0.477 (0.477)	Precision 0.471 (0.471)	Recall 0.254 (0.254)	F1 0.330 (0.330)	AUC 0.503 (0.503)
 * AUC 0.521
Epoch: [20][0/12]	Time 0.162 (0.162)	Data 0.079 (0.079)	Loss 0.6722 (0.6722)	Accu 0.590 (0.590)	Precision 0.590 (0.590)	Recall 0.387 (0.387)	F1 0.467 (0.467)	AUC 0.609 (0.609)
Epoch: [20][10/12]	Time 0.162 (0.157)	Data 0.081 (0.076)	Loss 0.6749 (0.6821)	Accu 0.598 (0.563)	Precision 0.578 (0.573)	Recall 0.701 (0.578)	F1 0.633 (0.549)	AUC 0.606 (0.605)
Test: [0/2]	Time 0.110 (0.110)	Loss 0.7104 (0.7104)	Accu 0.500 (0.500)	Precision 0.488 (0.488)	Recall 0.325 (0.325)	F1 0.390 (0.390)	AUC 0.505 (0.505)
 * AUC 0.510
Epoch: [21][0/12]	Time 0.146 (0.146)	Data 0.066 (0.066)	Loss 0.6686 (0.6686)	Accu 0.586 (0.586)	Precision 0.658 (0.658)	Recall 0.518 (0.518)	F1 0.579 (0.579)	AUC 0.644 (0.644)
Epoch: [21][10/12]	Time 0.144 (0.145)	Data 0.064 (0.065)	Loss 0.6675 (0.6783)	Accu 0.570 (0.565)	Precision 0.568 (0.574)	Recall 0.646 (0.500)	F1 0.604 (0.530)	AUC 0.613 (0.595)
Test: [0/2]	Time 0.116 (0.116)	Loss 0.7218 (0.7218)	Accu 0.480 (0.480)	Precision 0.486 (0.486)	Recall 0.688 (0.688)	F1 0.570 (0.570)	AUC 0.473 (0.473)
 * AUC 0.488
Epoch: [22][0/12]	Time 0.164 (0.164)	Data 0.083 (0.083)	Loss 0.6581 (0.6581)	Accu 0.605 (0.605)	Precision 0.551 (0.551)	Recall 0.735 (0.735)	F1 0.630 (0.630)	AUC 0.677 (0.677)
Epoch: [22][10/12]	Time 0.166 (0.168)	Data 0.090 (0.092)	Loss 0.6773 (0.6734)	Accu 0.559 (0.574)	Precision 0.556 (0.573)	Recall 0.620 (0.595)	F1 0.586 (0.580)	AUC 0.594 (0.610)
Test: [0/2]	Time 0.115 (0.115)	Loss 0.7149 (0.7149)	Accu 0.473 (0.473)	Precision 0.473 (0.473)	Recall 0.551 (0.551)	F1 0.509 (0.509)	AUC 0.488 (0.488)
 * AUC 0.498
Epoch: [23][0/12]	Time 0.144 (0.144)	Data 0.062 (0.062)	Loss 0.6772 (0.6772)	Accu 0.570 (0.570)	Precision 0.524 (0.524)	Recall 0.650 (0.650)	F1 0.580 (0.580)	AUC 0.593 (0.593)
Epoch: [23][10/12]	Time 0.159 (0.159)	Data 0.069 (0.072)	Loss 0.6814 (0.6740)	Accu 0.578 (0.574)	Precision 0.539 (0.580)	Recall 0.795 (0.565)	F1 0.642 (0.563)	AUC 0.602 (0.610)
Test: [0/2]	Time 0.108 (0.108)	Loss 0.7122 (0.7122)	Accu 0.484 (0.484)	Precision 0.480 (0.480)	Recall 0.672 (0.672)	F1 0.560 (0.560)	AUC 0.515 (0.515)
 * AUC 0.497
Epoch: [24][0/12]	Time 0.157 (0.157)	Data 0.068 (0.068)	Loss 0.6898 (0.6898)	Accu 0.539 (0.539)	Precision 0.521 (0.521)	Recall 0.696 (0.696)	F1 0.596 (0.596)	AUC 0.565 (0.565)
Epoch: [24][10/12]	Time 0.153 (0.154)	Data 0.065 (0.066)	Loss 0.6650 (0.6701)	Accu 0.590 (0.568)	Precision 0.588 (0.569)	Recall 0.602 (0.549)	F1 0.595 (0.554)	AUC 0.624 (0.615)
Test: [0/2]	Time 0.114 (0.114)	Loss 0.7142 (0.7142)	Accu 0.477 (0.477)	Precision 0.468 (0.468)	Recall 0.468 (0.468)	F1 0.468 (0.468)	AUC 0.484 (0.484)
 * AUC 0.483
Epoch: [25][0/12]	Time 0.167 (0.167)	Data 0.075 (0.075)	Loss 0.6656 (0.6656)	Accu 0.598 (0.598)	Precision 0.568 (0.568)	Recall 0.648 (0.648)	F1 0.605 (0.605)	AUC 0.626 (0.626)
Epoch: [25][10/12]	Time 0.150 (0.159)	Data 0.066 (0.070)	Loss 0.6722 (0.6704)	Accu 0.527 (0.575)	Precision 0.494 (0.570)	Recall 0.697 (0.633)	F1 0.578 (0.598)	AUC 0.610 (0.615)
Test: [0/2]	Time 0.116 (0.116)	Loss 0.7155 (0.7155)	Accu 0.523 (0.523)	Precision 0.500 (0.500)	Recall 0.500 (0.500)	F1 0.500 (0.500)	AUC 0.515 (0.515)
 * AUC 0.512
Epoch: [26][0/12]	Time 0.164 (0.164)	Data 0.071 (0.071)	Loss 0.6568 (0.6568)	Accu 0.609 (0.609)	Precision 0.613 (0.613)	Recall 0.594 (0.594)	F1 0.603 (0.603)	AUC 0.658 (0.658)
Epoch: [26][10/12]	Time 0.171 (0.166)	Data 0.078 (0.073)	Loss 0.6842 (0.6713)	Accu 0.566 (0.575)	Precision 0.533 (0.585)	Recall 0.721 (0.562)	F1 0.613 (0.564)	AUC 0.596 (0.621)
Test: [0/2]	Time 0.123 (0.123)	Loss 0.7285 (0.7285)	Accu 0.492 (0.492)	Precision 0.497 (0.497)	Recall 0.643 (0.643)	F1 0.561 (0.561)	AUC 0.482 (0.482)
 * AUC 0.500
Epoch: [27][0/12]	Time 0.177 (0.177)	Data 0.084 (0.084)	Loss 0.6434 (0.6434)	Accu 0.613 (0.613)	Precision 0.556 (0.556)	Recall 0.761 (0.761)	F1 0.643 (0.643)	AUC 0.695 (0.695)
Epoch: [27][10/12]	Time 0.176 (0.178)	Data 0.083 (0.085)	Loss 0.6765 (0.6635)	Accu 0.559 (0.586)	Precision 0.553 (0.579)	Recall 0.540 (0.623)	F1 0.546 (0.598)	AUC 0.600 (0.630)
Test: [0/2]	Time 0.131 (0.131)	Loss 0.7310 (0.7310)	Accu 0.465 (0.465)	Precision 0.448 (0.448)	Recall 0.533 (0.533)	F1 0.487 (0.487)	AUC 0.467 (0.467)
 * AUC 0.489
Epoch: [28][0/12]	Time 0.161 (0.161)	Data 0.070 (0.070)	Loss 0.6534 (0.6534)	Accu 0.582 (0.582)	Precision 0.563 (0.563)	Recall 0.549 (0.549)	F1 0.556 (0.556)	AUC 0.643 (0.643)
Epoch: [28][10/12]	Time 0.160 (0.158)	Data 0.070 (0.069)	Loss 0.6666 (0.6657)	Accu 0.613 (0.582)	Precision 0.647 (0.578)	Recall 0.633 (0.613)	F1 0.640 (0.594)	AUC 0.633 (0.623)
Test: [0/2]	Time 0.111 (0.111)	Loss 0.7487 (0.7487)	Accu 0.438 (0.438)	Precision 0.459 (0.459)	Recall 0.459 (0.459)	F1 0.459 (0.459)	AUC 0.440 (0.440)
 * AUC 0.476
Epoch: [29][0/12]	Time 0.150 (0.150)	Data 0.063 (0.063)	Loss 0.6682 (0.6682)	Accu 0.602 (0.602)	Precision 0.627 (0.627)	Recall 0.645 (0.645)	F1 0.636 (0.636)	AUC 0.619 (0.619)
Epoch: [29][10/12]	Time 0.166 (0.158)	Data 0.078 (0.070)	Loss 0.6828 (0.6645)	Accu 0.551 (0.591)	Precision 0.618 (0.590)	Recall 0.453 (0.633)	F1 0.523 (0.606)	AUC 0.612 (0.633)
Test: [0/2]	Time 0.109 (0.109)	Loss 0.7411 (0.7411)	Accu 0.480 (0.480)	Precision 0.473 (0.473)	Recall 0.336 (0.336)	F1 0.393 (0.393)	AUC 0.516 (0.516)
 * AUC 0.497
---------Evaluate Model on Test Set---------------
/home/qimin/anaconda3/envs/defect_cgcnn/lib/python3.8/site-packages/pymatgen/io/cif.py:1155: UserWarning: Issues encountered while parsing CIF: Some fractional coordinates rounded to ideal values to avoid issues with finite precision.
  warnings.warn("Issues encountered while parsing CIF: " + "\n".join(self.warnings))
Test: [0/2]	Time 25.881 (25.881)	Loss 0.7359 (0.7359)	Accu 0.535 (0.535)	Precision 0.535 (0.535)	Recall 1.000 (1.000)	F1 0.697 (0.697)	AUC 0.549 (0.549)
/home/qimin/anaconda3/envs/defect_cgcnn/lib/python3.8/site-packages/pymatgen/io/cif.py:1155: UserWarning: Issues encountered while parsing CIF: Some fractional coordinates rounded to ideal values to avoid issues with finite precision.
  warnings.warn("Issues encountered while parsing CIF: " + "\n".join(self.warnings))
 ** AUC 0.522
