/home/qimin/anaconda3/envs/defect_cgcnn/lib/python3.8/site-packages/pymatgen/io/cif.py:1155: UserWarning: Issues encountered while parsing CIF: Some fractional coordinates rounded to ideal values to avoid issues with finite precision.
  warnings.warn("Issues encountered while parsing CIF: " + "\n".join(self.warnings))
Epoch: [0][0/12]	Time 2.525 (2.525)	Data 2.449 (2.449)	Loss 0.9996 (0.9996)	Accu 0.477 (0.477)	Precision 0.462 (0.462)	Recall 0.045 (0.045)	F1 0.082 (0.082)	AUC 0.477 (0.477)
/home/qimin/anaconda3/envs/defect_cgcnn/lib/python3.8/site-packages/pymatgen/io/cif.py:1155: UserWarning: Issues encountered while parsing CIF: Some fractional coordinates rounded to ideal values to avoid issues with finite precision.
  warnings.warn("Issues encountered while parsing CIF: " + "\n".join(self.warnings))
/home/qimin/anaconda3/envs/defect_cgcnn/lib/python3.8/site-packages/pymatgen/io/cif.py:1155: UserWarning: Issues encountered while parsing CIF: Some fractional coordinates rounded to ideal values to avoid issues with finite precision.
  warnings.warn("Issues encountered while parsing CIF: " + "\n".join(self.warnings))
/home/qimin/anaconda3/envs/defect_cgcnn/lib/python3.8/site-packages/pymatgen/io/cif.py:1155: UserWarning: Issues encountered while parsing CIF: Some fractional coordinates rounded to ideal values to avoid issues with finite precision.
  warnings.warn("Issues encountered while parsing CIF: " + "\n".join(self.warnings))
/home/qimin/anaconda3/envs/defect_cgcnn/lib/python3.8/site-packages/pymatgen/io/cif.py:1155: UserWarning: Issues encountered while parsing CIF: Some fractional coordinates rounded to ideal values to avoid issues with finite precision.
  warnings.warn("Issues encountered while parsing CIF: " + "\n".join(self.warnings))
/home/qimin/anaconda3/envs/defect_cgcnn/lib/python3.8/site-packages/pymatgen/io/cif.py:1155: UserWarning: Issues encountered while parsing CIF: Some fractional coordinates rounded to ideal values to avoid issues with finite precision.
  warnings.warn("Issues encountered while parsing CIF: " + "\n".join(self.warnings))
/home/qimin/anaconda3/envs/defect_cgcnn/lib/python3.8/site-packages/pymatgen/io/cif.py:1155: UserWarning: Issues encountered while parsing CIF: Some fractional coordinates rounded to ideal values to avoid issues with finite precision.
  warnings.warn("Issues encountered while parsing CIF: " + "\n".join(self.warnings))
/home/qimin/anaconda3/envs/defect_cgcnn/lib/python3.8/site-packages/pymatgen/io/cif.py:1155: UserWarning: Issues encountered while parsing CIF: Some fractional coordinates rounded to ideal values to avoid issues with finite precision.
  warnings.warn("Issues encountered while parsing CIF: " + "\n".join(self.warnings))
/home/qimin/anaconda3/envs/defect_cgcnn/lib/python3.8/site-packages/pymatgen/io/cif.py:1155: UserWarning: Issues encountered while parsing CIF: Some fractional coordinates rounded to ideal values to avoid issues with finite precision.
  warnings.warn("Issues encountered while parsing CIF: " + "\n".join(self.warnings))
/home/qimin/anaconda3/envs/defect_cgcnn/lib/python3.8/site-packages/pymatgen/io/cif.py:1155: UserWarning: Issues encountered while parsing CIF: Some fractional coordinates rounded to ideal values to avoid issues with finite precision.
  warnings.warn("Issues encountered while parsing CIF: " + "\n".join(self.warnings))
/home/qimin/anaconda3/envs/defect_cgcnn/lib/python3.8/site-packages/pymatgen/io/cif.py:1155: UserWarning: Issues encountered while parsing CIF: Some fractional coordinates rounded to ideal values to avoid issues with finite precision.
  warnings.warn("Issues encountered while parsing CIF: " + "\n".join(self.warnings))
Epoch: [0][10/12]	Time 2.585 (2.467)	Data 2.516 (2.399)	Loss 0.7173 (0.8179)	Accu 0.488 (0.501)	Precision 0.543 (0.498)	Recall 0.644 (0.453)	F1 0.589 (0.402)	AUC 0.467 (0.502)
/home/qimin/anaconda3/envs/defect_cgcnn/lib/python3.8/site-packages/pymatgen/io/cif.py:1155: UserWarning: Issues encountered while parsing CIF: Some fractional coordinates rounded to ideal values to avoid issues with finite precision.
  warnings.warn("Issues encountered while parsing CIF: " + "\n".join(self.warnings))
/home/qimin/anaconda3/envs/defect_cgcnn/lib/python3.8/site-packages/pymatgen/io/cif.py:1155: UserWarning: Issues encountered while parsing CIF: Some fractional coordinates rounded to ideal values to avoid issues with finite precision.
  warnings.warn("Issues encountered while parsing CIF: " + "\n".join(self.warnings))
Test: [0/2]	Time 2.519 (2.519)	Loss 0.8029 (0.8029)	Accu 0.477 (0.477)	Precision 0.477 (0.477)	Recall 1.000 (1.000)	F1 0.646 (0.646)	AUC 0.519 (0.519)
/home/qimin/anaconda3/envs/defect_cgcnn/lib/python3.8/site-packages/pymatgen/io/cif.py:1155: UserWarning: Issues encountered while parsing CIF: Some fractional coordinates rounded to ideal values to avoid issues with finite precision.
  warnings.warn("Issues encountered while parsing CIF: " + "\n".join(self.warnings))
 * AUC 0.516
Epoch: [1][0/12]	Time 0.087 (0.087)	Data 0.020 (0.020)	Loss 0.7772 (0.7772)	Accu 0.527 (0.527)	Precision 0.521 (0.521)	Recall 0.947 (0.947)	F1 0.672 (0.672)	AUC 0.526 (0.526)
Epoch: [1][10/12]	Time 0.085 (0.085)	Data 0.019 (0.020)	Loss 0.7040 (0.7317)	Accu 0.531 (0.511)	Precision 0.538 (0.520)	Recall 0.838 (0.548)	F1 0.655 (0.468)	AUC 0.525 (0.516)
Test: [0/2]	Time 0.039 (0.039)	Loss 0.6928 (0.6928)	Accu 0.520 (0.520)	Precision 0.493 (0.493)	Recall 0.545 (0.545)	F1 0.518 (0.518)	AUC 0.534 (0.534)
 * AUC 0.534
Epoch: [2][0/12]	Time 0.081 (0.081)	Data 0.016 (0.016)	Loss 0.6974 (0.6974)	Accu 0.527 (0.527)	Precision 0.538 (0.538)	Recall 0.591 (0.591)	F1 0.563 (0.563)	AUC 0.526 (0.526)
Epoch: [2][10/12]	Time 0.084 (0.083)	Data 0.020 (0.018)	Loss 0.7040 (0.7034)	Accu 0.531 (0.524)	Precision 0.503 (0.543)	Recall 0.760 (0.552)	F1 0.605 (0.500)	AUC 0.532 (0.530)
/home/qimin/anaconda3/envs/defect_cgcnn/lib/python3.8/site-packages/sklearn/metrics/_classification.py:1327: UndefinedMetricWarning: Precision and F-score are ill-defined and being set to 0.0 due to no predicted samples. Use `zero_division` parameter to control this behavior.
  _warn_prf(average, modifier, msg_start, len(result))
Test: [0/2]	Time 0.039 (0.039)	Loss 0.6937 (0.6937)	Accu 0.523 (0.523)	Precision 0.000 (0.000)	Recall 0.000 (0.000)	F1 0.000 (0.000)	AUC 0.490 (0.490)
/home/qimin/anaconda3/envs/defect_cgcnn/lib/python3.8/site-packages/sklearn/metrics/_classification.py:1327: UndefinedMetricWarning: Precision and F-score are ill-defined and being set to 0.0 due to no predicted samples. Use `zero_division` parameter to control this behavior.
  _warn_prf(average, modifier, msg_start, len(result))
 * AUC 0.500
Epoch: [3][0/12]	Time 0.082 (0.082)	Data 0.016 (0.016)	Loss 0.7161 (0.7161)	Accu 0.492 (0.492)	Precision 0.500 (0.500)	Recall 0.231 (0.231)	F1 0.316 (0.316)	AUC 0.472 (0.472)
Epoch: [3][10/12]	Time 0.086 (0.083)	Data 0.021 (0.018)	Loss 0.6980 (0.7036)	Accu 0.484 (0.511)	Precision 0.503 (0.528)	Recall 0.594 (0.506)	F1 0.545 (0.471)	AUC 0.493 (0.518)
/home/qimin/anaconda3/envs/defect_cgcnn/lib/python3.8/site-packages/sklearn/metrics/_classification.py:1327: UndefinedMetricWarning: Precision and F-score are ill-defined and being set to 0.0 due to no predicted samples. Use `zero_division` parameter to control this behavior.
  _warn_prf(average, modifier, msg_start, len(result))
Test: [0/2]	Time 0.039 (0.039)	Loss 0.6924 (0.6924)	Accu 0.531 (0.531)	Precision 0.000 (0.000)	Recall 0.000 (0.000)	F1 0.000 (0.000)	AUC 0.508 (0.508)
/home/qimin/anaconda3/envs/defect_cgcnn/lib/python3.8/site-packages/sklearn/metrics/_classification.py:1327: UndefinedMetricWarning: Precision and F-score are ill-defined and being set to 0.0 due to no predicted samples. Use `zero_division` parameter to control this behavior.
  _warn_prf(average, modifier, msg_start, len(result))
 * AUC 0.473
Epoch: [4][0/12]	Time 0.084 (0.084)	Data 0.016 (0.016)	Loss 0.7003 (0.7003)	Accu 0.555 (0.555)	Precision 0.690 (0.690)	Recall 0.294 (0.294)	F1 0.412 (0.412)	AUC 0.562 (0.562)
Epoch: [4][10/12]	Time 0.083 (0.084)	Data 0.017 (0.018)	Loss 0.7094 (0.6957)	Accu 0.508 (0.528)	Precision 0.498 (0.530)	Recall 0.824 (0.463)	F1 0.620 (0.448)	AUC 0.502 (0.536)
Test: [0/2]	Time 0.040 (0.040)	Loss 0.7045 (0.7045)	Accu 0.461 (0.461)	Precision 0.456 (0.456)	Recall 0.923 (0.923)	F1 0.610 (0.610)	AUC 0.516 (0.516)
 * AUC 0.477
Epoch: [5][0/12]	Time 0.083 (0.083)	Data 0.017 (0.017)	Loss 0.7014 (0.7014)	Accu 0.500 (0.500)	Precision 0.484 (0.484)	Recall 0.754 (0.754)	F1 0.590 (0.590)	AUC 0.532 (0.532)
Epoch: [5][10/12]	Time 0.084 (0.084)	Data 0.018 (0.018)	Loss 0.6874 (0.6924)	Accu 0.516 (0.522)	Precision 0.573 (0.529)	Recall 0.372 (0.577)	F1 0.451 (0.544)	AUC 0.576 (0.544)
Test: [0/2]	Time 0.040 (0.040)	Loss 0.6952 (0.6952)	Accu 0.500 (0.500)	Precision 0.463 (0.463)	Recall 0.252 (0.252)	F1 0.326 (0.326)	AUC 0.521 (0.521)
 * AUC 0.491
Epoch: [6][0/12]	Time 0.083 (0.083)	Data 0.018 (0.018)	Loss 0.6916 (0.6916)	Accu 0.543 (0.543)	Precision 0.538 (0.538)	Recall 0.448 (0.448)	F1 0.489 (0.489)	AUC 0.553 (0.553)
Epoch: [6][10/12]	Time 0.087 (0.087)	Data 0.021 (0.020)	Loss 0.6857 (0.6916)	Accu 0.594 (0.536)	Precision 0.560 (0.537)	Recall 0.899 (0.554)	F1 0.690 (0.535)	AUC 0.601 (0.551)
Test: [0/2]	Time 0.041 (0.041)	Loss 0.7042 (0.7042)	Accu 0.484 (0.484)	Precision 0.482 (0.482)	Recall 0.768 (0.768)	F1 0.593 (0.593)	AUC 0.484 (0.484)
 * AUC 0.494
Epoch: [7][0/12]	Time 0.082 (0.082)	Data 0.017 (0.017)	Loss 0.6720 (0.6720)	Accu 0.594 (0.594)	Precision 0.595 (0.595)	Recall 0.752 (0.752)	F1 0.665 (0.665)	AUC 0.611 (0.611)
Epoch: [7][10/12]	Time 0.083 (0.084)	Data 0.018 (0.019)	Loss 0.6985 (0.6893)	Accu 0.539 (0.534)	Precision 0.500 (0.541)	Recall 0.695 (0.537)	F1 0.582 (0.529)	AUC 0.566 (0.560)
Test: [0/2]	Time 0.039 (0.039)	Loss 0.7042 (0.7042)	Accu 0.516 (0.516)	Precision 0.503 (0.503)	Recall 0.736 (0.736)	F1 0.597 (0.597)	AUC 0.483 (0.483)
 * AUC 0.483
Epoch: [8][0/12]	Time 0.084 (0.084)	Data 0.016 (0.016)	Loss 0.6767 (0.6767)	Accu 0.562 (0.562)	Precision 0.563 (0.563)	Recall 0.649 (0.649)	F1 0.603 (0.603)	AUC 0.601 (0.601)
Epoch: [8][10/12]	Time 0.082 (0.084)	Data 0.017 (0.018)	Loss 0.6938 (0.6851)	Accu 0.527 (0.544)	Precision 0.528 (0.546)	Recall 0.508 (0.559)	F1 0.518 (0.550)	AUC 0.546 (0.573)
Test: [0/2]	Time 0.039 (0.039)	Loss 0.6979 (0.6979)	Accu 0.504 (0.504)	Precision 0.468 (0.468)	Recall 0.624 (0.624)	F1 0.535 (0.535)	AUC 0.527 (0.527)
 * AUC 0.510
Epoch: [9][0/12]	Time 0.084 (0.084)	Data 0.016 (0.016)	Loss 0.6886 (0.6886)	Accu 0.559 (0.559)	Precision 0.540 (0.540)	Recall 0.597 (0.597)	F1 0.567 (0.567)	AUC 0.568 (0.568)
Epoch: [9][10/12]	Time 0.083 (0.083)	Data 0.017 (0.018)	Loss 0.7096 (0.6867)	Accu 0.500 (0.562)	Precision 0.500 (0.574)	Recall 0.734 (0.590)	F1 0.595 (0.571)	AUC 0.492 (0.577)
Test: [0/2]	Time 0.039 (0.039)	Loss 0.7051 (0.7051)	Accu 0.496 (0.496)	Precision 0.463 (0.463)	Recall 0.632 (0.632)	F1 0.534 (0.534)	AUC 0.515 (0.515)
 * AUC 0.505
Epoch: [10][0/12]	Time 0.082 (0.082)	Data 0.016 (0.016)	Loss 0.6732 (0.6732)	Accu 0.582 (0.582)	Precision 0.579 (0.579)	Recall 0.646 (0.646)	F1 0.611 (0.611)	AUC 0.608 (0.608)
Epoch: [10][10/12]	Time 0.083 (0.084)	Data 0.017 (0.018)	Loss 0.6849 (0.6776)	Accu 0.543 (0.566)	Precision 0.525 (0.572)	Recall 0.589 (0.565)	F1 0.555 (0.566)	AUC 0.576 (0.599)
Test: [0/2]	Time 0.039 (0.039)	Loss 0.7054 (0.7054)	Accu 0.520 (0.520)	Precision 0.514 (0.514)	Recall 0.559 (0.559)	F1 0.536 (0.536)	AUC 0.520 (0.520)
 * AUC 0.494
Epoch: [11][0/12]	Time 0.084 (0.084)	Data 0.016 (0.016)	Loss 0.6785 (0.6785)	Accu 0.543 (0.543)	Precision 0.579 (0.579)	Recall 0.583 (0.583)	F1 0.581 (0.581)	AUC 0.578 (0.578)
Epoch: [11][10/12]	Time 0.089 (0.084)	Data 0.019 (0.018)	Loss 0.7121 (0.6774)	Accu 0.480 (0.566)	Precision 0.582 (0.572)	Recall 0.315 (0.545)	F1 0.409 (0.545)	AUC 0.555 (0.608)
Test: [0/2]	Time 0.043 (0.043)	Loss 0.7287 (0.7287)	Accu 0.488 (0.488)	Precision 0.460 (0.460)	Recall 0.860 (0.860)	F1 0.599 (0.599)	AUC 0.539 (0.539)
 * AUC 0.510
Epoch: [12][0/12]	Time 0.087 (0.087)	Data 0.019 (0.019)	Loss 0.6838 (0.6838)	Accu 0.523 (0.523)	Precision 0.495 (0.495)	Recall 0.792 (0.792)	F1 0.609 (0.609)	AUC 0.620 (0.620)
Epoch: [12][10/12]	Time 0.087 (0.087)	Data 0.019 (0.020)	Loss 0.7030 (0.6896)	Accu 0.551 (0.549)	Precision 0.611 (0.572)	Recall 0.336 (0.622)	F1 0.433 (0.552)	AUC 0.580 (0.609)
Test: [0/2]	Time 0.038 (0.038)	Loss 0.7081 (0.7081)	Accu 0.492 (0.492)	Precision 0.474 (0.474)	Recall 0.512 (0.512)	F1 0.492 (0.492)	AUC 0.509 (0.509)
 * AUC 0.498
Epoch: [13][0/12]	Time 0.089 (0.089)	Data 0.017 (0.017)	Loss 0.6679 (0.6679)	Accu 0.555 (0.555)	Precision 0.581 (0.581)	Recall 0.556 (0.556)	F1 0.568 (0.568)	AUC 0.614 (0.614)
Epoch: [13][10/12]	Time 0.084 (0.085)	Data 0.017 (0.018)	Loss 0.6965 (0.6734)	Accu 0.570 (0.579)	Precision 0.676 (0.573)	Recall 0.368 (0.676)	F1 0.476 (0.609)	AUC 0.591 (0.615)
Test: [0/2]	Time 0.039 (0.039)	Loss 0.7395 (0.7395)	Accu 0.465 (0.465)	Precision 0.439 (0.439)	Recall 0.192 (0.192)	F1 0.267 (0.267)	AUC 0.486 (0.486)
 * AUC 0.515
Epoch: [14][0/12]	Time 0.084 (0.084)	Data 0.016 (0.016)	Loss 0.6381 (0.6381)	Accu 0.590 (0.590)	Precision 0.617 (0.617)	Recall 0.403 (0.403)	F1 0.488 (0.488)	AUC 0.688 (0.688)
Epoch: [14][10/12]	Time 0.086 (0.085)	Data 0.018 (0.018)	Loss 0.6661 (0.6639)	Accu 0.570 (0.587)	Precision 0.633 (0.589)	Recall 0.535 (0.641)	F1 0.580 (0.605)	AUC 0.639 (0.644)
Test: [0/2]	Time 0.039 (0.039)	Loss 0.7094 (0.7094)	Accu 0.504 (0.504)	Precision 0.473 (0.473)	Recall 0.438 (0.438)	F1 0.455 (0.455)	AUC 0.519 (0.519)
 * AUC 0.498
Epoch: [15][0/12]	Time 0.084 (0.084)	Data 0.016 (0.016)	Loss 0.6474 (0.6474)	Accu 0.633 (0.633)	Precision 0.713 (0.713)	Recall 0.526 (0.526)	F1 0.605 (0.605)	AUC 0.702 (0.702)
Epoch: [15][10/12]	Time 0.084 (0.084)	Data 0.018 (0.017)	Loss 0.6837 (0.6589)	Accu 0.520 (0.597)	Precision 0.544 (0.598)	Recall 0.507 (0.622)	F1 0.525 (0.603)	AUC 0.569 (0.646)
Test: [0/2]	Time 0.039 (0.039)	Loss 0.7141 (0.7141)	Accu 0.531 (0.531)	Precision 0.496 (0.496)	Recall 0.513 (0.513)	F1 0.504 (0.504)	AUC 0.528 (0.528)
 * AUC 0.531
Epoch: [16][0/12]	Time 0.084 (0.084)	Data 0.016 (0.016)	Loss 0.6631 (0.6631)	Accu 0.582 (0.582)	Precision 0.585 (0.585)	Recall 0.608 (0.608)	F1 0.596 (0.596)	AUC 0.626 (0.626)
Epoch: [16][10/12]	Time 0.085 (0.084)	Data 0.019 (0.018)	Loss 0.6395 (0.6520)	Accu 0.645 (0.613)	Precision 0.647 (0.607)	Recall 0.672 (0.663)	F1 0.659 (0.633)	AUC 0.685 (0.659)
Test: [0/2]	Time 0.039 (0.039)	Loss 0.6870 (0.6870)	Accu 0.602 (0.602)	Precision 0.592 (0.592)	Recall 0.592 (0.592)	F1 0.592 (0.592)	AUC 0.601 (0.601)
 * AUC 0.550
Epoch: [17][0/12]	Time 0.085 (0.085)	Data 0.016 (0.016)	Loss 0.6540 (0.6540)	Accu 0.594 (0.594)	Precision 0.575 (0.575)	Recall 0.667 (0.667)	F1 0.618 (0.618)	AUC 0.649 (0.649)
Epoch: [17][10/12]	Time 0.087 (0.085)	Data 0.018 (0.017)	Loss 0.6441 (0.6534)	Accu 0.602 (0.612)	Precision 0.621 (0.613)	Recall 0.554 (0.636)	F1 0.585 (0.622)	AUC 0.666 (0.659)
Test: [0/2]	Time 0.038 (0.038)	Loss 0.7140 (0.7140)	Accu 0.555 (0.555)	Precision 0.521 (0.521)	Recall 0.521 (0.521)	F1 0.521 (0.521)	AUC 0.545 (0.545)
 * AUC 0.533
Epoch: [18][0/12]	Time 0.086 (0.086)	Data 0.016 (0.016)	Loss 0.6230 (0.6230)	Accu 0.629 (0.629)	Precision 0.643 (0.643)	Recall 0.629 (0.629)	F1 0.636 (0.636)	AUC 0.699 (0.699)
Epoch: [18][10/12]	Time 0.085 (0.085)	Data 0.017 (0.018)	Loss 0.6280 (0.6481)	Accu 0.613 (0.614)	Precision 0.633 (0.615)	Recall 0.609 (0.626)	F1 0.621 (0.619)	AUC 0.695 (0.667)
Test: [0/2]	Time 0.039 (0.039)	Loss 0.7094 (0.7094)	Accu 0.535 (0.535)	Precision 0.500 (0.500)	Recall 0.748 (0.748)	F1 0.599 (0.599)	AUC 0.576 (0.576)
 * AUC 0.566
Epoch: [19][0/12]	Time 0.084 (0.084)	Data 0.016 (0.016)	Loss 0.6265 (0.6265)	Accu 0.629 (0.629)	Precision 0.648 (0.648)	Recall 0.725 (0.725)	F1 0.684 (0.684)	AUC 0.689 (0.689)
Epoch: [19][10/12]	Time 0.087 (0.084)	Data 0.020 (0.018)	Loss 0.6613 (0.6409)	Accu 0.574 (0.620)	Precision 0.631 (0.618)	Recall 0.405 (0.658)	F1 0.493 (0.627)	AUC 0.650 (0.685)
Test: [0/2]	Time 0.038 (0.038)	Loss 0.7048 (0.7048)	Accu 0.562 (0.562)	Precision 0.551 (0.551)	Recall 0.405 (0.405)	F1 0.467 (0.467)	AUC 0.574 (0.574)
 * AUC 0.558
Epoch: [20][0/12]	Time 0.084 (0.084)	Data 0.016 (0.016)	Loss 0.5954 (0.5954)	Accu 0.688 (0.688)	Precision 0.629 (0.629)	Recall 0.664 (0.664)	F1 0.646 (0.646)	AUC 0.739 (0.739)
Epoch: [20][10/12]	Time 0.094 (0.085)	Data 0.025 (0.018)	Loss 0.6369 (0.6325)	Accu 0.637 (0.643)	Precision 0.667 (0.637)	Recall 0.612 (0.679)	F1 0.638 (0.655)	AUC 0.689 (0.693)
Test: [0/2]	Time 0.041 (0.041)	Loss 0.7215 (0.7215)	Accu 0.516 (0.516)	Precision 0.475 (0.475)	Recall 0.655 (0.655)	F1 0.551 (0.551)	AUC 0.549 (0.549)
 * AUC 0.575
Epoch: [21][0/12]	Time 0.086 (0.086)	Data 0.020 (0.020)	Loss 0.5737 (0.5737)	Accu 0.691 (0.691)	Precision 0.725 (0.725)	Recall 0.709 (0.709)	F1 0.717 (0.717)	AUC 0.770 (0.770)
Epoch: [21][10/12]	Time 0.087 (0.087)	Data 0.019 (0.020)	Loss 0.6337 (0.6291)	Accu 0.656 (0.631)	Precision 0.685 (0.626)	Recall 0.634 (0.673)	F1 0.659 (0.647)	AUC 0.715 (0.695)
Test: [0/2]	Time 0.037 (0.037)	Loss 0.6854 (0.6854)	Accu 0.578 (0.578)	Precision 0.544 (0.544)	Recall 0.571 (0.571)	F1 0.557 (0.557)	AUC 0.606 (0.606)
 * AUC 0.602
Epoch: [22][0/12]	Time 0.083 (0.083)	Data 0.016 (0.016)	Loss 0.6284 (0.6284)	Accu 0.660 (0.660)	Precision 0.712 (0.712)	Recall 0.590 (0.590)	F1 0.645 (0.645)	AUC 0.703 (0.703)
Epoch: [22][10/12]	Time 0.083 (0.084)	Data 0.017 (0.018)	Loss 0.6307 (0.6283)	Accu 0.609 (0.632)	Precision 0.573 (0.637)	Recall 0.732 (0.648)	F1 0.643 (0.638)	AUC 0.692 (0.695)
Test: [0/2]	Time 0.038 (0.038)	Loss 0.6720 (0.6720)	Accu 0.574 (0.574)	Precision 0.545 (0.545)	Recall 0.648 (0.648)	F1 0.592 (0.592)	AUC 0.626 (0.626)
 * AUC 0.606
Epoch: [23][0/12]	Time 0.084 (0.084)	Data 0.016 (0.016)	Loss 0.5930 (0.5930)	Accu 0.691 (0.691)	Precision 0.658 (0.658)	Recall 0.778 (0.778)	F1 0.713 (0.713)	AUC 0.766 (0.766)
Epoch: [23][10/12]	Time 0.085 (0.084)	Data 0.018 (0.017)	Loss 0.6292 (0.6211)	Accu 0.621 (0.645)	Precision 0.653 (0.645)	Recall 0.600 (0.655)	F1 0.625 (0.648)	AUC 0.691 (0.708)
Test: [0/2]	Time 0.039 (0.039)	Loss 0.6882 (0.6882)	Accu 0.594 (0.594)	Precision 0.559 (0.559)	Recall 0.661 (0.661)	F1 0.606 (0.606)	AUC 0.604 (0.604)
 * AUC 0.618
Epoch: [24][0/12]	Time 0.084 (0.084)	Data 0.016 (0.016)	Loss 0.5758 (0.5758)	Accu 0.711 (0.711)	Precision 0.752 (0.752)	Recall 0.741 (0.741)	F1 0.747 (0.747)	AUC 0.779 (0.779)
Epoch: [24][10/12]	Time 0.084 (0.084)	Data 0.017 (0.017)	Loss 0.6471 (0.6073)	Accu 0.617 (0.659)	Precision 0.667 (0.659)	Recall 0.481 (0.708)	F1 0.559 (0.670)	AUC 0.665 (0.734)
Test: [0/2]	Time 0.039 (0.039)	Loss 0.6967 (0.6967)	Accu 0.594 (0.594)	Precision 0.555 (0.555)	Recall 0.711 (0.711)	F1 0.623 (0.623)	AUC 0.598 (0.598)
 * AUC 0.608
Epoch: [25][0/12]	Time 0.084 (0.084)	Data 0.016 (0.016)	Loss 0.5865 (0.5865)	Accu 0.680 (0.680)	Precision 0.718 (0.718)	Recall 0.632 (0.632)	F1 0.672 (0.672)	AUC 0.751 (0.751)
Epoch: [25][10/12]	Time 0.087 (0.084)	Data 0.020 (0.017)	Loss 0.5951 (0.5992)	Accu 0.660 (0.666)	Precision 0.736 (0.656)	Recall 0.583 (0.733)	F1 0.651 (0.686)	AUC 0.747 (0.744)
Test: [0/2]	Time 0.040 (0.040)	Loss 0.6971 (0.6971)	Accu 0.605 (0.605)	Precision 0.630 (0.630)	Recall 0.496 (0.496)	F1 0.555 (0.555)	AUC 0.639 (0.639)
 * AUC 0.624
Epoch: [26][0/12]	Time 0.084 (0.084)	Data 0.017 (0.017)	Loss 0.5645 (0.5645)	Accu 0.688 (0.688)	Precision 0.664 (0.664)	Recall 0.686 (0.686)	F1 0.675 (0.675)	AUC 0.765 (0.765)
Epoch: [26][10/12]	Time 0.084 (0.085)	Data 0.018 (0.018)	Loss 0.6582 (0.5811)	Accu 0.633 (0.679)	Precision 0.585 (0.672)	Recall 0.655 (0.724)	F1 0.618 (0.693)	AUC 0.676 (0.754)
Test: [0/2]	Time 0.039 (0.039)	Loss 0.7032 (0.7032)	Accu 0.586 (0.586)	Precision 0.551 (0.551)	Recall 0.504 (0.504)	F1 0.527 (0.527)	AUC 0.630 (0.630)
 * AUC 0.628
Epoch: [27][0/12]	Time 0.083 (0.083)	Data 0.016 (0.016)	Loss 0.5798 (0.5798)	Accu 0.703 (0.703)	Precision 0.683 (0.683)	Recall 0.705 (0.705)	F1 0.694 (0.694)	AUC 0.763 (0.763)
Epoch: [27][10/12]	Time 0.083 (0.086)	Data 0.017 (0.018)	Loss 0.6095 (0.5823)	Accu 0.680 (0.674)	Precision 0.622 (0.676)	Recall 0.808 (0.691)	F1 0.703 (0.681)	AUC 0.746 (0.756)
Test: [0/2]	Time 0.039 (0.039)	Loss 0.7390 (0.7390)	Accu 0.523 (0.523)	Precision 0.487 (0.487)	Recall 0.627 (0.627)	F1 0.548 (0.548)	AUC 0.599 (0.599)
 * AUC 0.605
Epoch: [28][0/12]	Time 0.084 (0.084)	Data 0.016 (0.016)	Loss 0.5543 (0.5543)	Accu 0.719 (0.719)	Precision 0.728 (0.728)	Recall 0.799 (0.799)	F1 0.762 (0.762)	AUC 0.768 (0.768)
Epoch: [28][10/12]	Time 0.082 (0.084)	Data 0.017 (0.017)	Loss 0.5641 (0.5799)	Accu 0.684 (0.675)	Precision 0.671 (0.681)	Recall 0.729 (0.671)	F1 0.699 (0.673)	AUC 0.771 (0.755)
Test: [0/2]	Time 0.038 (0.038)	Loss 0.7209 (0.7209)	Accu 0.602 (0.602)	Precision 0.559 (0.559)	Recall 0.813 (0.813)	F1 0.662 (0.662)	AUC 0.622 (0.622)
 * AUC 0.615
Epoch: [29][0/12]	Time 0.086 (0.086)	Data 0.017 (0.017)	Loss 0.5709 (0.5709)	Accu 0.660 (0.660)	Precision 0.620 (0.620)	Recall 0.756 (0.756)	F1 0.681 (0.681)	AUC 0.764 (0.764)
Epoch: [29][10/12]	Time 0.084 (0.086)	Data 0.018 (0.018)	Loss 0.6004 (0.5664)	Accu 0.652 (0.686)	Precision 0.625 (0.671)	Recall 0.630 (0.737)	F1 0.628 (0.701)	AUC 0.718 (0.770)
Test: [0/2]	Time 0.039 (0.039)	Loss 0.7219 (0.7219)	Accu 0.547 (0.547)	Precision 0.506 (0.506)	Recall 0.712 (0.712)	F1 0.592 (0.592)	AUC 0.620 (0.620)
 * AUC 0.630
---------Evaluate Model on Test Set---------------
/home/qimin/anaconda3/envs/defect_cgcnn/lib/python3.8/site-packages/pymatgen/io/cif.py:1155: UserWarning: Issues encountered while parsing CIF: Some fractional coordinates rounded to ideal values to avoid issues with finite precision.
  warnings.warn("Issues encountered while parsing CIF: " + "\n".join(self.warnings))
Test: [0/2]	Time 2.535 (2.535)	Loss 0.7067 (0.7067)	Accu 0.625 (0.625)	Precision 0.592 (0.592)	Recall 0.805 (0.805)	F1 0.682 (0.682)	AUC 0.650 (0.650)
/home/qimin/anaconda3/envs/defect_cgcnn/lib/python3.8/site-packages/pymatgen/io/cif.py:1155: UserWarning: Issues encountered while parsing CIF: Some fractional coordinates rounded to ideal values to avoid issues with finite precision.
  warnings.warn("Issues encountered while parsing CIF: " + "\n".join(self.warnings))
 ** AUC 0.642
