/home/qimin/anaconda3/envs/defect_cgcnn/lib/python3.8/site-packages/pymatgen/io/cif.py:1155: UserWarning: Issues encountered while parsing CIF: Some fractional coordinates rounded to ideal values to avoid issues with finite precision.
  warnings.warn("Issues encountered while parsing CIF: " + "\n".join(self.warnings))
Epoch: [0][0/12]	Time 2.320 (2.320)	Data 2.248 (2.248)	Loss 0.9822 (0.9822)	Accu 0.480 (0.480)	Precision 0.486 (0.486)	Recall 0.843 (0.843)	F1 0.617 (0.617)	AUC 0.554 (0.554)
/home/qimin/anaconda3/envs/defect_cgcnn/lib/python3.8/site-packages/pymatgen/io/cif.py:1155: UserWarning: Issues encountered while parsing CIF: Some fractional coordinates rounded to ideal values to avoid issues with finite precision.
  warnings.warn("Issues encountered while parsing CIF: " + "\n".join(self.warnings))
/home/qimin/anaconda3/envs/defect_cgcnn/lib/python3.8/site-packages/pymatgen/io/cif.py:1155: UserWarning: Issues encountered while parsing CIF: Some fractional coordinates rounded to ideal values to avoid issues with finite precision.
  warnings.warn("Issues encountered while parsing CIF: " + "\n".join(self.warnings))
/home/qimin/anaconda3/envs/defect_cgcnn/lib/python3.8/site-packages/pymatgen/io/cif.py:1155: UserWarning: Issues encountered while parsing CIF: Some fractional coordinates rounded to ideal values to avoid issues with finite precision.
  warnings.warn("Issues encountered while parsing CIF: " + "\n".join(self.warnings))
/home/qimin/anaconda3/envs/defect_cgcnn/lib/python3.8/site-packages/pymatgen/io/cif.py:1155: UserWarning: Issues encountered while parsing CIF: Some fractional coordinates rounded to ideal values to avoid issues with finite precision.
  warnings.warn("Issues encountered while parsing CIF: " + "\n".join(self.warnings))
/home/qimin/anaconda3/envs/defect_cgcnn/lib/python3.8/site-packages/pymatgen/io/cif.py:1155: UserWarning: Issues encountered while parsing CIF: Some fractional coordinates rounded to ideal values to avoid issues with finite precision.
  warnings.warn("Issues encountered while parsing CIF: " + "\n".join(self.warnings))
/home/qimin/anaconda3/envs/defect_cgcnn/lib/python3.8/site-packages/pymatgen/io/cif.py:1155: UserWarning: Issues encountered while parsing CIF: Some fractional coordinates rounded to ideal values to avoid issues with finite precision.
  warnings.warn("Issues encountered while parsing CIF: " + "\n".join(self.warnings))
/home/qimin/anaconda3/envs/defect_cgcnn/lib/python3.8/site-packages/pymatgen/io/cif.py:1155: UserWarning: Issues encountered while parsing CIF: Some fractional coordinates rounded to ideal values to avoid issues with finite precision.
  warnings.warn("Issues encountered while parsing CIF: " + "\n".join(self.warnings))
/home/qimin/anaconda3/envs/defect_cgcnn/lib/python3.8/site-packages/pymatgen/io/cif.py:1155: UserWarning: Issues encountered while parsing CIF: Some fractional coordinates rounded to ideal values to avoid issues with finite precision.
  warnings.warn("Issues encountered while parsing CIF: " + "\n".join(self.warnings))
/home/qimin/anaconda3/envs/defect_cgcnn/lib/python3.8/site-packages/pymatgen/io/cif.py:1155: UserWarning: Issues encountered while parsing CIF: Some fractional coordinates rounded to ideal values to avoid issues with finite precision.
  warnings.warn("Issues encountered while parsing CIF: " + "\n".join(self.warnings))
/home/qimin/anaconda3/envs/defect_cgcnn/lib/python3.8/site-packages/pymatgen/io/cif.py:1155: UserWarning: Issues encountered while parsing CIF: Some fractional coordinates rounded to ideal values to avoid issues with finite precision.
  warnings.warn("Issues encountered while parsing CIF: " + "\n".join(self.warnings))
Epoch: [0][10/12]	Time 2.204 (2.299)	Data 2.137 (2.233)	Loss 0.8086 (0.8642)	Accu 0.520 (0.521)	Precision 0.417 (0.538)	Recall 0.041 (0.487)	F1 0.075 (0.433)	AUC 0.491 (0.529)
/home/qimin/anaconda3/envs/defect_cgcnn/lib/python3.8/site-packages/pymatgen/io/cif.py:1155: UserWarning: Issues encountered while parsing CIF: Some fractional coordinates rounded to ideal values to avoid issues with finite precision.
  warnings.warn("Issues encountered while parsing CIF: " + "\n".join(self.warnings))
/home/qimin/anaconda3/envs/defect_cgcnn/lib/python3.8/site-packages/pymatgen/io/cif.py:1155: UserWarning: Issues encountered while parsing CIF: Some fractional coordinates rounded to ideal values to avoid issues with finite precision.
  warnings.warn("Issues encountered while parsing CIF: " + "\n".join(self.warnings))
Test: [0/2]	Time 2.262 (2.262)	Loss 0.7752 (0.7752)	Accu 0.492 (0.492)	Precision 0.492 (0.492)	Recall 1.000 (1.000)	F1 0.660 (0.660)	AUC 0.556 (0.556)
/home/qimin/anaconda3/envs/defect_cgcnn/lib/python3.8/site-packages/pymatgen/io/cif.py:1155: UserWarning: Issues encountered while parsing CIF: Some fractional coordinates rounded to ideal values to avoid issues with finite precision.
  warnings.warn("Issues encountered while parsing CIF: " + "\n".join(self.warnings))
 * AUC 0.577
Epoch: [1][0/12]	Time 0.081 (0.081)	Data 0.016 (0.016)	Loss 0.7712 (0.7712)	Accu 0.523 (0.523)	Precision 0.527 (0.527)	Recall 0.941 (0.941)	F1 0.676 (0.676)	AUC 0.579 (0.579)
Epoch: [1][10/12]	Time 0.079 (0.080)	Data 0.015 (0.016)	Loss 0.6959 (0.7517)	Accu 0.547 (0.510)	Precision 0.508 (0.516)	Recall 0.773 (0.622)	F1 0.613 (0.507)	AUC 0.571 (0.528)
/home/qimin/anaconda3/envs/defect_cgcnn/lib/python3.8/site-packages/sklearn/metrics/_classification.py:1327: UndefinedMetricWarning: Precision and F-score are ill-defined and being set to 0.0 due to no predicted samples. Use `zero_division` parameter to control this behavior.
  _warn_prf(average, modifier, msg_start, len(result))
Test: [0/2]	Time 0.032 (0.032)	Loss 0.6943 (0.6943)	Accu 0.547 (0.547)	Precision 0.000 (0.000)	Recall 0.000 (0.000)	F1 0.000 (0.000)	AUC 0.576 (0.576)
/home/qimin/anaconda3/envs/defect_cgcnn/lib/python3.8/site-packages/sklearn/metrics/_classification.py:1327: UndefinedMetricWarning: Precision and F-score are ill-defined and being set to 0.0 due to no predicted samples. Use `zero_division` parameter to control this behavior.
  _warn_prf(average, modifier, msg_start, len(result))
 * AUC 0.565
Epoch: [2][0/12]	Time 0.075 (0.075)	Data 0.012 (0.012)	Loss 0.7278 (0.7278)	Accu 0.484 (0.484)	Precision 0.379 (0.379)	Recall 0.088 (0.088)	F1 0.143 (0.143)	AUC 0.474 (0.474)
Epoch: [2][10/12]	Time 0.078 (0.077)	Data 0.014 (0.013)	Loss 0.7399 (0.7151)	Accu 0.473 (0.509)	Precision 0.556 (0.540)	Recall 0.037 (0.469)	F1 0.069 (0.410)	AUC 0.565 (0.540)
/home/qimin/anaconda3/envs/defect_cgcnn/lib/python3.8/site-packages/sklearn/metrics/_classification.py:1327: UndefinedMetricWarning: Precision and F-score are ill-defined and being set to 0.0 due to no predicted samples. Use `zero_division` parameter to control this behavior.
  _warn_prf(average, modifier, msg_start, len(result))
Test: [0/2]	Time 0.032 (0.032)	Loss 0.6923 (0.6923)	Accu 0.539 (0.539)	Precision 0.000 (0.000)	Recall 0.000 (0.000)	F1 0.000 (0.000)	AUC 0.586 (0.586)
/home/qimin/anaconda3/envs/defect_cgcnn/lib/python3.8/site-packages/sklearn/metrics/_classification.py:1327: UndefinedMetricWarning: Precision and F-score are ill-defined and being set to 0.0 due to no predicted samples. Use `zero_division` parameter to control this behavior.
  _warn_prf(average, modifier, msg_start, len(result))
 * AUC 0.578
Epoch: [3][0/12]	Time 0.075 (0.075)	Data 0.013 (0.013)	Loss 0.6860 (0.6860)	Accu 0.559 (0.559)	Precision 0.535 (0.535)	Recall 0.198 (0.198)	F1 0.289 (0.289)	AUC 0.552 (0.552)
Epoch: [3][10/12]	Time 0.078 (0.077)	Data 0.014 (0.013)	Loss 0.6966 (0.6905)	Accu 0.527 (0.537)	Precision 0.500 (0.528)	Recall 0.355 (0.621)	F1 0.415 (0.551)	AUC 0.503 (0.546)
/home/qimin/anaconda3/envs/defect_cgcnn/lib/python3.8/site-packages/sklearn/metrics/_classification.py:1327: UndefinedMetricWarning: Precision and F-score are ill-defined and being set to 0.0 due to no predicted samples. Use `zero_division` parameter to control this behavior.
  _warn_prf(average, modifier, msg_start, len(result))
Test: [0/2]	Time 0.033 (0.033)	Loss 0.7005 (0.7005)	Accu 0.516 (0.516)	Precision 0.000 (0.000)	Recall 0.000 (0.000)	F1 0.000 (0.000)	AUC 0.590 (0.590)
/home/qimin/anaconda3/envs/defect_cgcnn/lib/python3.8/site-packages/sklearn/metrics/_classification.py:1327: UndefinedMetricWarning: Precision and F-score are ill-defined and being set to 0.0 due to no predicted samples. Use `zero_division` parameter to control this behavior.
  _warn_prf(average, modifier, msg_start, len(result))
 * AUC 0.568
Epoch: [4][0/12]	Time 0.074 (0.074)	Data 0.012 (0.012)	Loss 0.7171 (0.7171)	Accu 0.480 (0.480)	Precision 1.000 (1.000)	Recall 0.142 (0.142)	F1 0.249 (0.249)	AUC 0.657 (0.657)
Epoch: [4][10/12]	Time 0.078 (0.078)	Data 0.013 (0.013)	Loss 0.6940 (0.6935)	Accu 0.527 (0.532)	Precision 0.732 (0.612)	Recall 0.214 (0.498)	F1 0.331 (0.472)	AUC 0.642 (0.605)
Test: [0/2]	Time 0.032 (0.032)	Loss 0.6837 (0.6837)	Accu 0.570 (0.570)	Precision 0.573 (0.573)	Recall 0.355 (0.355)	F1 0.439 (0.439)	AUC 0.582 (0.582)
 * AUC 0.591
Epoch: [5][0/12]	Time 0.077 (0.077)	Data 0.013 (0.013)	Loss 0.6724 (0.6724)	Accu 0.539 (0.539)	Precision 0.562 (0.562)	Recall 0.477 (0.477)	F1 0.516 (0.516)	AUC 0.607 (0.607)
Epoch: [5][10/12]	Time 0.079 (0.079)	Data 0.013 (0.014)	Loss 0.6677 (0.6828)	Accu 0.609 (0.556)	Precision 0.607 (0.570)	Recall 0.454 (0.605)	F1 0.519 (0.563)	AUC 0.617 (0.598)
Test: [0/2]	Time 0.033 (0.033)	Loss 0.6842 (0.6842)	Accu 0.562 (0.562)	Precision 0.550 (0.550)	Recall 0.488 (0.488)	F1 0.517 (0.517)	AUC 0.577 (0.577)
 * AUC 0.594
Epoch: [6][0/12]	Time 0.076 (0.076)	Data 0.013 (0.013)	Loss 0.6725 (0.6725)	Accu 0.562 (0.562)	Precision 0.576 (0.576)	Recall 0.619 (0.619)	F1 0.597 (0.597)	AUC 0.604 (0.604)
Epoch: [6][10/12]	Time 0.081 (0.080)	Data 0.016 (0.015)	Loss 0.6816 (0.6733)	Accu 0.590 (0.577)	Precision 0.745 (0.589)	Recall 0.273 (0.601)	F1 0.400 (0.578)	AUC 0.619 (0.613)
Test: [0/2]	Time 0.035 (0.035)	Loss 0.6816 (0.6816)	Accu 0.555 (0.555)	Precision 0.593 (0.593)	Recall 0.280 (0.280)	F1 0.380 (0.380)	AUC 0.601 (0.601)
 * AUC 0.605
Epoch: [7][0/12]	Time 0.076 (0.076)	Data 0.014 (0.014)	Loss 0.6641 (0.6641)	Accu 0.582 (0.582)	Precision 0.615 (0.615)	Recall 0.384 (0.384)	F1 0.473 (0.473)	AUC 0.625 (0.625)
Epoch: [7][10/12]	Time 0.080 (0.079)	Data 0.015 (0.015)	Loss 0.6990 (0.6645)	Accu 0.551 (0.598)	Precision 0.691 (0.618)	Recall 0.430 (0.568)	F1 0.531 (0.581)	AUC 0.593 (0.643)
Test: [0/2]	Time 0.033 (0.033)	Loss 0.6908 (0.6908)	Accu 0.590 (0.590)	Precision 0.536 (0.536)	Recall 0.761 (0.761)	F1 0.629 (0.629)	AUC 0.606 (0.606)
 * AUC 0.622
Epoch: [8][0/12]	Time 0.075 (0.075)	Data 0.013 (0.013)	Loss 0.6567 (0.6567)	Accu 0.629 (0.629)	Precision 0.594 (0.594)	Recall 0.778 (0.778)	F1 0.674 (0.674)	AUC 0.673 (0.673)
Epoch: [8][10/12]	Time 0.077 (0.077)	Data 0.013 (0.013)	Loss 0.6203 (0.6605)	Accu 0.629 (0.605)	Precision 0.754 (0.634)	Recall 0.365 (0.621)	F1 0.492 (0.596)	AUC 0.748 (0.664)
Test: [0/2]	Time 0.032 (0.032)	Loss 0.6774 (0.6774)	Accu 0.586 (0.586)	Precision 0.573 (0.573)	Recall 0.429 (0.429)	F1 0.490 (0.490)	AUC 0.611 (0.611)
 * AUC 0.623
Epoch: [9][0/12]	Time 0.075 (0.075)	Data 0.013 (0.013)	Loss 0.6227 (0.6227)	Accu 0.668 (0.668)	Precision 0.703 (0.703)	Recall 0.563 (0.563)	F1 0.626 (0.626)	AUC 0.729 (0.729)
Epoch: [9][10/12]	Time 0.078 (0.078)	Data 0.013 (0.013)	Loss 0.6398 (0.6414)	Accu 0.617 (0.624)	Precision 0.615 (0.629)	Recall 0.492 (0.642)	F1 0.546 (0.630)	AUC 0.676 (0.686)
Test: [0/2]	Time 0.033 (0.033)	Loss 0.6715 (0.6715)	Accu 0.582 (0.582)	Precision 0.636 (0.636)	Recall 0.287 (0.287)	F1 0.395 (0.395)	AUC 0.662 (0.662)
 * AUC 0.634
Epoch: [10][0/12]	Time 0.074 (0.074)	Data 0.012 (0.012)	Loss 0.6271 (0.6271)	Accu 0.648 (0.648)	Precision 0.695 (0.695)	Recall 0.467 (0.467)	F1 0.559 (0.559)	AUC 0.705 (0.705)
Epoch: [10][10/12]	Time 0.078 (0.077)	Data 0.013 (0.013)	Loss 0.6061 (0.6243)	Accu 0.660 (0.647)	Precision 0.705 (0.666)	Recall 0.628 (0.628)	F1 0.664 (0.638)	AUC 0.732 (0.715)
Test: [0/2]	Time 0.031 (0.031)	Loss 0.6467 (0.6467)	Accu 0.637 (0.637)	Precision 0.611 (0.611)	Recall 0.564 (0.564)	F1 0.587 (0.587)	AUC 0.670 (0.670)
 * AUC 0.652
Epoch: [11][0/12]	Time 0.075 (0.075)	Data 0.013 (0.013)	Loss 0.5830 (0.5830)	Accu 0.691 (0.691)	Precision 0.739 (0.739)	Recall 0.621 (0.621)	F1 0.675 (0.675)	AUC 0.776 (0.776)
Epoch: [11][10/12]	Time 0.078 (0.078)	Data 0.014 (0.013)	Loss 0.6086 (0.5937)	Accu 0.676 (0.683)	Precision 0.667 (0.700)	Recall 0.683 (0.649)	F1 0.675 (0.673)	AUC 0.732 (0.753)
Test: [0/2]	Time 0.033 (0.033)	Loss 0.6767 (0.6767)	Accu 0.605 (0.605)	Precision 0.598 (0.598)	Recall 0.525 (0.525)	F1 0.559 (0.559)	AUC 0.642 (0.642)
 * AUC 0.653
Epoch: [12][0/12]	Time 0.075 (0.075)	Data 0.013 (0.013)	Loss 0.5615 (0.5615)	Accu 0.719 (0.719)	Precision 0.759 (0.759)	Recall 0.716 (0.716)	F1 0.737 (0.737)	AUC 0.790 (0.790)
Epoch: [12][10/12]	Time 0.078 (0.078)	Data 0.013 (0.013)	Loss 0.5788 (0.5708)	Accu 0.707 (0.706)	Precision 0.676 (0.721)	Recall 0.748 (0.684)	F1 0.710 (0.700)	AUC 0.769 (0.777)
Test: [0/2]	Time 0.032 (0.032)	Loss 0.6558 (0.6558)	Accu 0.605 (0.605)	Precision 0.620 (0.620)	Recall 0.373 (0.373)	F1 0.466 (0.466)	AUC 0.697 (0.697)
 * AUC 0.694
Epoch: [13][0/12]	Time 0.074 (0.074)	Data 0.013 (0.013)	Loss 0.5445 (0.5445)	Accu 0.730 (0.730)	Precision 0.744 (0.744)	Recall 0.690 (0.690)	F1 0.716 (0.716)	AUC 0.803 (0.803)
Epoch: [13][10/12]	Time 0.078 (0.077)	Data 0.013 (0.013)	Loss 0.5322 (0.5431)	Accu 0.703 (0.716)	Precision 0.692 (0.746)	Recall 0.794 (0.668)	F1 0.740 (0.700)	AUC 0.812 (0.804)
Test: [0/2]	Time 0.033 (0.033)	Loss 0.6250 (0.6250)	Accu 0.684 (0.684)	Precision 0.670 (0.670)	Recall 0.642 (0.642)	F1 0.655 (0.655)	AUC 0.737 (0.737)
 * AUC 0.733
Epoch: [14][0/12]	Time 0.075 (0.075)	Data 0.013 (0.013)	Loss 0.4726 (0.4726)	Accu 0.785 (0.785)	Precision 0.811 (0.811)	Recall 0.781 (0.781)	F1 0.796 (0.796)	AUC 0.871 (0.871)
Epoch: [14][10/12]	Time 0.078 (0.077)	Data 0.013 (0.013)	Loss 0.5493 (0.5010)	Accu 0.738 (0.758)	Precision 0.657 (0.769)	Recall 0.839 (0.750)	F1 0.737 (0.755)	AUC 0.834 (0.847)
Test: [0/2]	Time 0.032 (0.032)	Loss 0.6590 (0.6590)	Accu 0.680 (0.680)	Precision 0.701 (0.701)	Recall 0.636 (0.636)	F1 0.667 (0.667)	AUC 0.721 (0.721)
 * AUC 0.750
Epoch: [15][0/12]	Time 0.074 (0.074)	Data 0.013 (0.013)	Loss 0.4733 (0.4733)	Accu 0.770 (0.770)	Precision 0.748 (0.748)	Recall 0.714 (0.714)	F1 0.731 (0.731)	AUC 0.858 (0.858)
Epoch: [15][10/12]	Time 0.078 (0.077)	Data 0.013 (0.013)	Loss 0.5238 (0.4747)	Accu 0.766 (0.775)	Precision 0.739 (0.801)	Recall 0.820 (0.749)	F1 0.778 (0.768)	AUC 0.846 (0.865)
Test: [0/2]	Time 0.033 (0.033)	Loss 0.6262 (0.6262)	Accu 0.703 (0.703)	Precision 0.770 (0.770)	Recall 0.545 (0.545)	F1 0.638 (0.638)	AUC 0.780 (0.780)
 * AUC 0.774
Epoch: [16][0/12]	Time 0.077 (0.077)	Data 0.013 (0.013)	Loss 0.4234 (0.4234)	Accu 0.785 (0.785)	Precision 0.870 (0.870)	Recall 0.674 (0.674)	F1 0.760 (0.760)	AUC 0.897 (0.897)
Epoch: [16][10/12]	Time 0.078 (0.078)	Data 0.013 (0.013)	Loss 0.4628 (0.4328)	Accu 0.773 (0.800)	Precision 0.831 (0.837)	Recall 0.721 (0.768)	F1 0.772 (0.792)	AUC 0.864 (0.898)
Test: [0/2]	Time 0.032 (0.032)	Loss 0.6370 (0.6370)	Accu 0.680 (0.680)	Precision 0.733 (0.733)	Recall 0.470 (0.470)	F1 0.573 (0.573)	AUC 0.776 (0.776)
 * AUC 0.793
Epoch: [17][0/12]	Time 0.076 (0.076)	Data 0.013 (0.013)	Loss 0.3839 (0.3839)	Accu 0.816 (0.816)	Precision 0.913 (0.913)	Recall 0.739 (0.739)	F1 0.817 (0.817)	AUC 0.928 (0.928)
Epoch: [17][10/12]	Time 0.078 (0.078)	Data 0.014 (0.013)	Loss 0.3688 (0.3980)	Accu 0.828 (0.823)	Precision 0.804 (0.842)	Recall 0.888 (0.802)	F1 0.844 (0.818)	AUC 0.928 (0.908)
Test: [0/2]	Time 0.032 (0.032)	Loss 0.5377 (0.5377)	Accu 0.758 (0.758)	Precision 0.771 (0.771)	Recall 0.649 (0.649)	F1 0.705 (0.705)	AUC 0.822 (0.822)
 * AUC 0.800
Epoch: [18][0/12]	Time 0.075 (0.075)	Data 0.012 (0.012)	Loss 0.3372 (0.3372)	Accu 0.855 (0.855)	Precision 0.878 (0.878)	Recall 0.815 (0.815)	F1 0.845 (0.845)	AUC 0.935 (0.935)
Epoch: [18][10/12]	Time 0.079 (0.080)	Data 0.015 (0.015)	Loss 0.3429 (0.3728)	Accu 0.840 (0.836)	Precision 0.801 (0.862)	Recall 0.907 (0.812)	F1 0.851 (0.832)	AUC 0.938 (0.925)
Test: [0/2]	Time 0.034 (0.034)	Loss 0.5422 (0.5422)	Accu 0.758 (0.758)	Precision 0.857 (0.857)	Recall 0.564 (0.564)	F1 0.680 (0.680)	AUC 0.849 (0.849)
 * AUC 0.823
Epoch: [19][0/12]	Time 0.076 (0.076)	Data 0.013 (0.013)	Loss 0.3102 (0.3102)	Accu 0.875 (0.875)	Precision 0.900 (0.900)	Recall 0.844 (0.844)	F1 0.871 (0.871)	AUC 0.946 (0.946)
Epoch: [19][10/12]	Time 0.078 (0.078)	Data 0.014 (0.014)	Loss 0.2982 (0.3207)	Accu 0.871 (0.853)	Precision 0.875 (0.872)	Recall 0.894 (0.841)	F1 0.884 (0.852)	AUC 0.946 (0.946)
Test: [0/2]	Time 0.033 (0.033)	Loss 0.5936 (0.5936)	Accu 0.723 (0.723)	Precision 0.823 (0.823)	Recall 0.533 (0.533)	F1 0.647 (0.647)	AUC 0.826 (0.826)
 * AUC 0.825
Epoch: [20][0/12]	Time 0.075 (0.075)	Data 0.013 (0.013)	Loss 0.2666 (0.2666)	Accu 0.895 (0.895)	Precision 0.946 (0.946)	Recall 0.833 (0.833)	F1 0.886 (0.886)	AUC 0.969 (0.969)
Epoch: [20][10/12]	Time 0.078 (0.077)	Data 0.014 (0.013)	Loss 0.2645 (0.2778)	Accu 0.898 (0.888)	Precision 0.896 (0.908)	Recall 0.896 (0.868)	F1 0.896 (0.886)	AUC 0.963 (0.959)
Test: [0/2]	Time 0.032 (0.032)	Loss 0.4226 (0.4226)	Accu 0.805 (0.805)	Precision 0.814 (0.814)	Recall 0.760 (0.760)	F1 0.786 (0.786)	AUC 0.901 (0.901)
 * AUC 0.881
Epoch: [21][0/12]	Time 0.074 (0.074)	Data 0.013 (0.013)	Loss 0.2441 (0.2441)	Accu 0.906 (0.906)	Precision 0.891 (0.891)	Recall 0.919 (0.919)	F1 0.905 (0.905)	AUC 0.967 (0.967)
Epoch: [21][10/12]	Time 0.078 (0.077)	Data 0.013 (0.013)	Loss 0.2714 (0.2577)	Accu 0.902 (0.899)	Precision 0.954 (0.911)	Recall 0.868 (0.887)	F1 0.909 (0.898)	AUC 0.954 (0.962)
Test: [0/2]	Time 0.033 (0.033)	Loss 0.4581 (0.4581)	Accu 0.816 (0.816)	Precision 0.816 (0.816)	Recall 0.782 (0.782)	F1 0.798 (0.798)	AUC 0.885 (0.885)
 * AUC 0.882
Epoch: [22][0/12]	Time 0.075 (0.075)	Data 0.013 (0.013)	Loss 0.1794 (0.1794)	Accu 0.930 (0.930)	Precision 0.916 (0.916)	Recall 0.956 (0.956)	F1 0.936 (0.936)	AUC 0.986 (0.986)
Epoch: [22][10/12]	Time 0.079 (0.078)	Data 0.014 (0.013)	Loss 0.2072 (0.2279)	Accu 0.926 (0.915)	Precision 0.904 (0.916)	Recall 0.942 (0.916)	F1 0.922 (0.915)	AUC 0.976 (0.970)
Test: [0/2]	Time 0.032 (0.032)	Loss 0.5257 (0.5257)	Accu 0.793 (0.793)	Precision 0.747 (0.747)	Recall 0.882 (0.882)	F1 0.809 (0.809)	AUC 0.879 (0.879)
 * AUC 0.886
Epoch: [23][0/12]	Time 0.076 (0.076)	Data 0.013 (0.013)	Loss 0.2224 (0.2224)	Accu 0.898 (0.898)	Precision 0.887 (0.887)	Recall 0.902 (0.902)	F1 0.894 (0.894)	AUC 0.971 (0.971)
Epoch: [23][10/12]	Time 0.079 (0.078)	Data 0.014 (0.014)	Loss 0.2782 (0.2393)	Accu 0.895 (0.901)	Precision 0.896 (0.910)	Recall 0.902 (0.894)	F1 0.899 (0.901)	AUC 0.955 (0.967)
Test: [0/2]	Time 0.032 (0.032)	Loss 0.4168 (0.4168)	Accu 0.832 (0.832)	Precision 0.835 (0.835)	Recall 0.815 (0.815)	F1 0.824 (0.824)	AUC 0.905 (0.905)
 * AUC 0.906
Epoch: [24][0/12]	Time 0.075 (0.075)	Data 0.013 (0.013)	Loss 0.2055 (0.2055)	Accu 0.910 (0.910)	Precision 0.899 (0.899)	Recall 0.907 (0.907)	F1 0.903 (0.903)	AUC 0.975 (0.975)
Epoch: [24][10/12]	Time 0.078 (0.077)	Data 0.014 (0.013)	Loss 0.2118 (0.2179)	Accu 0.926 (0.912)	Precision 0.882 (0.917)	Recall 0.976 (0.909)	F1 0.927 (0.912)	AUC 0.977 (0.974)
Test: [0/2]	Time 0.032 (0.032)	Loss 0.3626 (0.3626)	Accu 0.848 (0.848)	Precision 0.843 (0.843)	Recall 0.836 (0.836)	F1 0.840 (0.840)	AUC 0.929 (0.929)
 * AUC 0.921
Epoch: [25][0/12]	Time 0.074 (0.074)	Data 0.013 (0.013)	Loss 0.1823 (0.1823)	Accu 0.930 (0.930)	Precision 0.924 (0.924)	Recall 0.938 (0.938)	F1 0.931 (0.931)	AUC 0.982 (0.982)
Epoch: [25][10/12]	Time 0.078 (0.077)	Data 0.013 (0.013)	Loss 0.1528 (0.1880)	Accu 0.949 (0.928)	Precision 0.954 (0.936)	Recall 0.947 (0.922)	F1 0.950 (0.928)	AUC 0.989 (0.981)
Test: [0/2]	Time 0.032 (0.032)	Loss 0.3610 (0.3610)	Accu 0.852 (0.852)	Precision 0.851 (0.851)	Recall 0.822 (0.822)	F1 0.836 (0.836)	AUC 0.935 (0.935)
 * AUC 0.924
Epoch: [26][0/12]	Time 0.075 (0.075)	Data 0.013 (0.013)	Loss 0.1641 (0.1641)	Accu 0.938 (0.938)	Precision 0.931 (0.931)	Recall 0.945 (0.945)	F1 0.938 (0.938)	AUC 0.984 (0.984)
Epoch: [26][10/12]	Time 0.078 (0.078)	Data 0.014 (0.013)	Loss 0.1708 (0.1722)	Accu 0.926 (0.936)	Precision 0.949 (0.941)	Recall 0.896 (0.931)	F1 0.922 (0.936)	AUC 0.985 (0.982)
Test: [0/2]	Time 0.034 (0.034)	Loss 0.4260 (0.4260)	Accu 0.844 (0.844)	Precision 0.815 (0.815)	Recall 0.856 (0.856)	F1 0.835 (0.835)	AUC 0.915 (0.915)
 * AUC 0.931
Epoch: [27][0/12]	Time 0.075 (0.075)	Data 0.013 (0.013)	Loss 0.1587 (0.1587)	Accu 0.938 (0.938)	Precision 0.911 (0.911)	Recall 0.958 (0.958)	F1 0.934 (0.934)	AUC 0.989 (0.989)
Epoch: [27][10/12]	Time 0.077 (0.078)	Data 0.013 (0.013)	Loss 0.2210 (0.1822)	Accu 0.902 (0.930)	Precision 0.959 (0.934)	Recall 0.854 (0.931)	F1 0.903 (0.930)	AUC 0.978 (0.985)
Test: [0/2]	Time 0.033 (0.033)	Loss 0.3224 (0.3224)	Accu 0.867 (0.867)	Precision 0.912 (0.912)	Recall 0.811 (0.811)	F1 0.858 (0.858)	AUC 0.945 (0.945)
 * AUC 0.948
Epoch: [28][0/12]	Time 0.075 (0.075)	Data 0.013 (0.013)	Loss 0.1183 (0.1183)	Accu 0.961 (0.961)	Precision 0.946 (0.946)	Recall 0.976 (0.976)	F1 0.961 (0.961)	AUC 0.994 (0.994)
Epoch: [28][10/12]	Time 0.078 (0.078)	Data 0.013 (0.013)	Loss 0.1600 (0.1295)	Accu 0.930 (0.949)	Precision 0.992 (0.947)	Recall 0.874 (0.953)	F1 0.929 (0.949)	AUC 0.990 (0.992)
Test: [0/2]	Time 0.033 (0.033)	Loss 0.3034 (0.3034)	Accu 0.895 (0.895)	Precision 0.912 (0.912)	Recall 0.858 (0.858)	F1 0.884 (0.884)	AUC 0.953 (0.953)
 * AUC 0.943
Epoch: [29][0/12]	Time 0.075 (0.075)	Data 0.013 (0.013)	Loss 0.1364 (0.1364)	Accu 0.953 (0.953)	Precision 0.968 (0.968)	Recall 0.938 (0.938)	F1 0.953 (0.953)	AUC 0.990 (0.990)
Epoch: [29][10/12]	Time 0.077 (0.078)	Data 0.013 (0.013)	Loss 0.1041 (0.1157)	Accu 0.965 (0.958)	Precision 0.935 (0.961)	Recall 0.991 (0.956)	F1 0.962 (0.958)	AUC 0.995 (0.993)
Test: [0/2]	Time 0.032 (0.032)	Loss 0.4054 (0.4054)	Accu 0.863 (0.863)	Precision 0.887 (0.887)	Recall 0.823 (0.823)	F1 0.854 (0.854)	AUC 0.936 (0.936)
 * AUC 0.944
---------Evaluate Model on Test Set---------------
/home/qimin/anaconda3/envs/defect_cgcnn/lib/python3.8/site-packages/pymatgen/io/cif.py:1155: UserWarning: Issues encountered while parsing CIF: Some fractional coordinates rounded to ideal values to avoid issues with finite precision.
  warnings.warn("Issues encountered while parsing CIF: " + "\n".join(self.warnings))
Test: [0/2]	Time 2.478 (2.478)	Loss 0.4078 (0.4078)	Accu 0.840 (0.840)	Precision 0.870 (0.870)	Recall 0.777 (0.777)	F1 0.821 (0.821)	AUC 0.922 (0.922)
/home/qimin/anaconda3/envs/defect_cgcnn/lib/python3.8/site-packages/pymatgen/io/cif.py:1155: UserWarning: Issues encountered while parsing CIF: Some fractional coordinates rounded to ideal values to avoid issues with finite precision.
  warnings.warn("Issues encountered while parsing CIF: " + "\n".join(self.warnings))
 ** AUC 0.928
